[35m[Appium][39m Welcome to Appium v1.22.0
[35m[Appium][39m Non-default server args:
[35m[Appium][39m   port: 63836
[35m[Appium][39m   loglevel: info
[35m[Appium][39m   tmpDir: /var/folders/wv/rdwfrh89255gqff9kdgxs_t40000gp/T//Katalon/Appium/Temp1636133672647
[35m[Appium][39m   chromedriverPort: 63837
[35m[Appium][39m Deprecated server args:
[35m[Appium][39m   [31m--chromedriver-port[39m => --default-capabilities
[35m[Appium][39m Default capabilities, which will be added to each request unless overridden by desired capabilities:
[35m[Appium][39m   chromedriverPort: 63837
[35m[Appium][39m Appium REST http interface listener started on 0.0.0.0:63836
[35m[HTTP][39m [37m-->[39m [37mGET[39m [37m/wd/hub/status[39m
[35m[HTTP][39m [90m{}[39m
[35m[HTTP][39m [37m<-- GET /wd/hub/status [39m[32m200[39m [90m6 ms - 68[39m
[35m[HTTP][39m [90m[39m
[35m[HTTP][39m [37m-->[39m [37mPOST[39m [37m/wd/hub/session[39m
[35m[HTTP][39m [90m{"desiredCapabilities":{"appActivity":".Settings","appPackage":"com.android.settings","newCommandTimeout":1800,"platformVersion":"11","automationName":"uiautomator2","autoGrantPermissions":true,"platformName":"Android","udid":"db3027ce","deviceName":"vivo V2022 (Android 11)","platform":"ANDROID","systemPort":8287},"capabilities":{"firstMatch":[{"appium:appActivity":".Settings","appium:appPackage":"com.android.settings","appium:autoGrantPermissions":true,"appium:automationName":"uiautomator2","appium:deviceName":"vivo V2022 (Android 11)","appium:newCommandTimeout":1800,"platform":"ANDROID","platformName":"android","appium:platformVersion":"11","appium:systemPort":8287,"appium:udid":"db3027ce"}]}}[39m
[35m[BaseDriver][39m The following capabilities are not standard capabilities and should have an extension prefix:
[35m[BaseDriver][39m   platform
[35m[BaseDriver][39m   chromedriverPort
[35m[Appium][39m Appium v1.22.0 creating new AndroidUiautomator2Driver (v1.69.0) session
[35m[BaseDriver][39m The following capabilities were provided, but are not recognized by Appium:
[35m[BaseDriver][39m   platform
[35m[BaseDriver][39m Session created with session id: 7725ed31-0321-4126-9e02-03a5de491347
[35m[UiAutomator2][39m Starting 'com.android.settings' directly on the device
[35m[ADB][39m Found 1 'build-tools' folders under '/Users/muhammadyaasin/.katalon/tools/android_sdk' (newest first):
[35m[ADB][39m     /Users/muhammadyaasin/.katalon/tools/android_sdk/build-tools/29.0.3
[35m[ADB][39m Using 'adb' from '/Users/muhammadyaasin/.katalon/tools/android_sdk/platform-tools/adb'
[35m[AndroidDriver][39m Retrieving device list
[35m[AndroidDriver][39m Using device: db3027ce
[35m[ADB][39m Using 'adb' from '/Users/muhammadyaasin/.katalon/tools/android_sdk/platform-tools/adb'
[35m[ADB][39m Getting device platform version
[35m[UiAutomator2][39m Relaxing hidden api policy
[35m[AndroidDriver][39m No app sent in, not parsing package/activity
[35m[ADB][39m Using 'apksigner.jar' from '/Users/muhammadyaasin/.katalon/tools/android_sdk/build-tools/29.0.3/lib/apksigner.jar'
[35m[ADB][39m '/usr/local/lib/node_modules/appium/node_modules/appium-uiautomator2-server/apks/appium-uiautomator2-server-v4.24.0.apk' is signed with the default certificate
[35m[ADB][39m '/usr/local/lib/node_modules/appium/node_modules/appium-uiautomator2-server/apks/appium-uiautomator2-server-debug-androidTest.apk' is signed with the default certificate
[35m[UiAutomator2][39m Server packages are not going to be (re)installed
[35m[ADB][39m Adding packages ["io.appium.settings","io.appium.uiautomator2.server","io.appium.uiautomator2.server.test"] to Doze whitelist
[35m[UiAutomator2][39m Starting UIAutomator2 server 4.24.0
[35m[UiAutomator2][39m Using UIAutomator2 server from '/usr/local/lib/node_modules/appium/node_modules/appium-uiautomator2-server/apks/appium-uiautomator2-server-v4.24.0.apk' and test from '/usr/local/lib/node_modules/appium/node_modules/appium-uiautomator2-server/apks/appium-uiautomator2-server-debug-androidTest.apk'
[35m[UiAutomator2][39m Waiting up to 30000ms for UiAutomator2 to be online...
[35m[WD Proxy][39m socket hang up
[35m[WD Proxy][39m socket hang up
[35m[WD Proxy][39m socket hang up
[35m[WD Proxy][39m Determined the downstream protocol as 'W3C'
[35m[AndroidDriver][39m Screen already unlocked, doing nothing
[35m[UiAutomator2][39m Starting 'com.android.settings/.Settings and waiting for 'com.android.settings/.Settings'
[35m[Appium][39m New AndroidUiautomator2Driver session created successfully, session 7725ed31-0321-4126-9e02-03a5de491347 added to master session list
[35m[HTTP][39m [37m<-- POST /wd/hub/session [39m[32m200[39m [90m9166 ms - 1133[39m
[35m[HTTP][39m [90m[39m
[35m[HTTP][39m [37m-->[39m [37mGET[39m [37m/wd/hub/session/7725ed31-0321-4126-9e02-03a5de491347[39m
[35m[HTTP][39m [90m{}[39m
[35m[HTTP][39m [37m<-- GET /wd/hub/session/7725ed31-0321-4126-9e02-03a5de491347 [39m[32m200[39m [90m19 ms - 1087[39m
[35m[HTTP][39m [90m[39m
[35m[HTTP][39m [37m-->[39m [37mGET[39m [37m/wd/hub/session/7725ed31-0321-4126-9e02-03a5de491347[39m
[35m[HTTP][39m [90m{}[39m
[35m[HTTP][39m [37m<-- GET /wd/hub/session/7725ed31-0321-4126-9e02-03a5de491347 [39m[32m200[39m [90m21 ms - 1087[39m
[35m[HTTP][39m [90m[39m
[35m[HTTP][39m [37m-->[39m [37mGET[39m [37m/wd/hub/status[39m
[35m[HTTP][39m [90m{}[39m
[35m[HTTP][39m [37m<-- GET /wd/hub/status [39m[32m200[39m [90m1 ms - 68[39m
[35m[HTTP][39m [90m[39m
[35m[HTTP][39m [37m-->[39m [37mPOST[39m [37m/wd/hub/session/7725ed31-0321-4126-9e02-03a5de491347/timeouts[39m
[35m[HTTP][39m [90m{"implicit":30000}[39m
[35m[HTTP][39m [37m<-- POST /wd/hub/session/7725ed31-0321-4126-9e02-03a5de491347/timeouts [39m[32m200[39m [90m2 ms - 14[39m
[35m[HTTP][39m [90m[39m
[35m[HTTP][39m [37m-->[39m [37mGET[39m [37m/wd/hub/session/7725ed31-0321-4126-9e02-03a5de491347/screenshot[39m
[35m[HTTP][39m [90m{}[39m
[35m[HTTP][39m [37m<-- GET /wd/hub/session/7725ed31-0321-4126-9e02-03a5de491347/screenshot [39m[32m200[39m [90m781 ms - 254756[39m
[35m[HTTP][39m [90m[39m
[35m[HTTP][39m [37m-->[39m [37mGET[39m [37m/wd/hub/session/7725ed31-0321-4126-9e02-03a5de491347/window/rect[39m
[35m[HTTP][39m [90m{}[39m
[35m[HTTP][39m [37m<-- GET /wd/hub/session/7725ed31-0321-4126-9e02-03a5de491347/window/rect [39m[32m200[39m [90m33 ms - 50[39m
[35m[HTTP][39m [90m[39m
[35m[HTTP][39m [37m-->[39m [37mGET[39m [37m/wd/hub/session/7725ed31-0321-4126-9e02-03a5de491347/appium/device/system_bars[39m
[35m[HTTP][39m [90m{}[39m
[35m[HTTP][39m [37m<-- GET /wd/hub/session/7725ed31-0321-4126-9e02-03a5de491347/appium/device/system_bars [39m[32m200[39m [90m208 ms - 148[39m
[35m[HTTP][39m [90m[39m
[35m[HTTP][39m [37m-->[39m [37mPOST[39m [37m/wd/hub/session/7725ed31-0321-4126-9e02-03a5de491347/appium/device/activate_app[39m
[35m[HTTP][39m [90m{"bundleId":"com.she.sehatq"}[39m
[35m[HTTP][39m [37m<-- POST /wd/hub/session/7725ed31-0321-4126-9e02-03a5de491347/appium/device/activate_app [39m[32m200[39m [90m622 ms - 14[39m
[35m[HTTP][39m [90m[39m
[35m[HTTP][39m [37m-->[39m [37mPOST[39m [37m/wd/hub/session/7725ed31-0321-4126-9e02-03a5de491347/timeouts[39m
[35m[HTTP][39m [90m{"implicit":50}[39m
[35m[HTTP][39m [37m<-- POST /wd/hub/session/7725ed31-0321-4126-9e02-03a5de491347/timeouts [39m[32m200[39m [90m2 ms - 14[39m
[35m[HTTP][39m [90m[39m
[35m[HTTP][39m [37m-->[39m [37mGET[39m [37m/wd/hub/session/7725ed31-0321-4126-9e02-03a5de491347/window/rect[39m
[35m[HTTP][39m [90m{}[39m
[35m[HTTP][39m [37m<-- GET /wd/hub/session/7725ed31-0321-4126-9e02-03a5de491347/window/rect [39m[32m200[39m [90m21 ms - 50[39m
[35m[HTTP][39m [90m[39m
[35m[HTTP][39m [37m-->[39m [37mPOST[39m [37m/wd/hub/session/7725ed31-0321-4126-9e02-03a5de491347/elements[39m
[35m[HTTP][39m [90m{"using":"xpath","value":"//*[@class = 'android.widget.TextView' and (@text = 'Tidak' or . = 'Tidak') and @resource-id = 'com.she.sehatq:id/tv_dismiss']"}[39m
[35m[HTTP][39m [37m<-- POST /wd/hub/session/7725ed31-0321-4126-9e02-03a5de491347/elements [39m[32m200[39m [90m738 ms - 12[39m
[35m[HTTP][39m [90m[39m
[35m[HTTP][39m [37m-->[39m [37mPOST[39m [37m/wd/hub/session/7725ed31-0321-4126-9e02-03a5de491347/elements[39m
[35m[HTTP][39m [90m{"using":"xpath","value":"//*[@class = 'android.widget.TextView' and (@text = 'Tidak' or . = 'Tidak') and @resource-id = 'com.she.sehatq:id/tv_dismiss']"}[39m
[35m[HTTP][39m [37m<-- POST /wd/hub/session/7725ed31-0321-4126-9e02-03a5de491347/elements [39m[32m200[39m [90m829 ms - 12[39m
[35m[HTTP][39m [90m[39m
[35m[HTTP][39m [37m-->[39m [37mPOST[39m [37m/wd/hub/session/7725ed31-0321-4126-9e02-03a5de491347/elements[39m
[35m[HTTP][39m [90m{"using":"xpath","value":"//*[@class = 'android.widget.TextView' and (@text = 'Tidak' or . = 'Tidak') and @resource-id = 'com.she.sehatq:id/tv_dismiss']"}[39m
[35m[HTTP][39m [37m<-- POST /wd/hub/session/7725ed31-0321-4126-9e02-03a5de491347/elements [39m[32m200[39m [90m590 ms - 12[39m
[35m[HTTP][39m [90m[39m
[35m[HTTP][39m [37m-->[39m [37mPOST[39m [37m/wd/hub/session/7725ed31-0321-4126-9e02-03a5de491347/elements[39m
[35m[HTTP][39m [90m{"using":"xpath","value":"//*[@class = 'android.widget.TextView' and (@text = 'Tidak' or . = 'Tidak') and @resource-id = 'com.she.sehatq:id/tv_dismiss']"}[39m
[35m[HTTP][39m [37m<-- POST /wd/hub/session/7725ed31-0321-4126-9e02-03a5de491347/elements [39m[32m200[39m [90m61 ms - 12[39m
[35m[HTTP][39m [90m[39m
[35m[HTTP][39m [37m-->[39m [37mPOST[39m [37m/wd/hub/session/7725ed31-0321-4126-9e02-03a5de491347/elements[39m
[35m[HTTP][39m [90m{"using":"xpath","value":"//*[@class = 'android.widget.TextView' and (@text = 'Tidak' or . = 'Tidak') and @resource-id = 'com.she.sehatq:id/tv_dismiss']"}[39m
[35m[HTTP][39m [37m<-- POST /wd/hub/session/7725ed31-0321-4126-9e02-03a5de491347/elements [39m[32m200[39m [90m447 ms - 12[39m
[35m[HTTP][39m [90m[39m
[35m[HTTP][39m [37m-->[39m [37mPOST[39m [37m/wd/hub/session/7725ed31-0321-4126-9e02-03a5de491347/elements[39m
[35m[HTTP][39m [90m{"using":"xpath","value":"//*[@class = 'android.widget.TextView' and (@text = 'Tidak' or . = 'Tidak') and @resource-id = 'com.she.sehatq:id/tv_dismiss']"}[39m
[35m[HTTP][39m [37m<-- POST /wd/hub/session/7725ed31-0321-4126-9e02-03a5de491347/elements [39m[32m200[39m [90m722 ms - 139[39m
[35m[HTTP][39m [90m[39m
[35m[HTTP][39m [37m-->[39m [37mGET[39m [37m/wd/hub/session/7725ed31-0321-4126-9e02-03a5de491347/element/00000000-0000-03cb-ffff-ffff0000001b/location[39m
[35m[HTTP][39m [90m{}[39m
[35m[W3C (7725ed31)][39m Driver proxy active, passing request on via HTTP proxy
[35m[WD Proxy][39m Replacing sessionId ebf157a6-c306-4508-b138-66dbcec50c16 with 7725ed31-0321-4126-9e02-03a5de491347
[35m[HTTP][39m [37m<-- GET /wd/hub/session/7725ed31-0321-4126-9e02-03a5de491347/element/00000000-0000-03cb-ffff-ffff0000001b/location [39m[32m200[39m [90m1075 ms - 78[39m
[35m[HTTP][39m [90m[39m
[35m[HTTP][39m [37m-->[39m [37mPOST[39m [37m/wd/hub/session/7725ed31-0321-4126-9e02-03a5de491347/timeouts[39m
[35m[HTTP][39m [90m{"implicit":30000}[39m
[35m[HTTP][39m [37m<-- POST /wd/hub/session/7725ed31-0321-4126-9e02-03a5de491347/timeouts [39m[32m200[39m [90m2 ms - 14[39m
[35m[HTTP][39m [90m[39m
[35m[HTTP][39m [37m-->[39m [37mPOST[39m [37m/wd/hub/session/7725ed31-0321-4126-9e02-03a5de491347/touch/perform[39m
[35m[HTTP][39m [90m{"actions":[{"action":"tap","options":{"x":1,"y":1,"element":"00000000-0000-03cb-ffff-ffff0000001b"}},{"action":"release","options":{}}]}[39m
[35m[UiAutomator2][39m calling get location: 00000000-0000-03cb-ffff-ffff0000001b
[35m[HTTP][39m [37m<-- POST /wd/hub/session/7725ed31-0321-4126-9e02-03a5de491347/touch/perform [39m[32m200[39m [90m289 ms - 14[39m
[35m[HTTP][39m [90m[39m
[35m[HTTP][39m [37m-->[39m [37mPOST[39m [37m/wd/hub/session/7725ed31-0321-4126-9e02-03a5de491347/timeouts[39m
[35m[HTTP][39m [90m{"implicit":50}[39m
[35m[HTTP][39m [37m<-- POST /wd/hub/session/7725ed31-0321-4126-9e02-03a5de491347/timeouts [39m[32m200[39m [90m2 ms - 14[39m
[35m[HTTP][39m [90m[39m
[35m[HTTP][39m [37m-->[39m [37mGET[39m [37m/wd/hub/session/7725ed31-0321-4126-9e02-03a5de491347/window/rect[39m
[35m[HTTP][39m [90m{}[39m
[35m[HTTP][39m [37m<-- GET /wd/hub/session/7725ed31-0321-4126-9e02-03a5de491347/window/rect [39m[32m200[39m [90m14 ms - 50[39m
[35m[HTTP][39m [90m[39m
[35m[HTTP][39m [37m-->[39m [37mPOST[39m [37m/wd/hub/session/7725ed31-0321-4126-9e02-03a5de491347/elements[39m
[35m[HTTP][39m [90m{"using":"xpath","value":"//*[@class = 'android.widget.ImageView' and @resource-id = 'com.she.sehatq:id/iv_profile_nav' and (@text = '' or . = '')]"}[39m
[35m[HTTP][39m [37m<-- POST /wd/hub/session/7725ed31-0321-4126-9e02-03a5de491347/elements [39m[32m200[39m [90m699 ms - 139[39m
[35m[HTTP][39m [90m[39m
[35m[HTTP][39m [37m-->[39m [37mGET[39m [37m/wd/hub/session/7725ed31-0321-4126-9e02-03a5de491347/element/00000000-0000-03cc-ffff-ffff0000002b/location[39m
[35m[HTTP][39m [90m{}[39m
[35m[W3C (7725ed31)][39m Driver proxy active, passing request on via HTTP proxy
[35m[WD Proxy][39m Replacing sessionId ebf157a6-c306-4508-b138-66dbcec50c16 with 7725ed31-0321-4126-9e02-03a5de491347
[35m[HTTP][39m [37m<-- GET /wd/hub/session/7725ed31-0321-4126-9e02-03a5de491347/element/00000000-0000-03cc-ffff-ffff0000002b/location [39m[32m200[39m [90m33 ms - 78[39m
[35m[HTTP][39m [90m[39m
[35m[HTTP][39m [37m-->[39m [37mPOST[39m [37m/wd/hub/session/7725ed31-0321-4126-9e02-03a5de491347/timeouts[39m
[35m[HTTP][39m [90m{"implicit":30000}[39m
[35m[HTTP][39m [37m<-- POST /wd/hub/session/7725ed31-0321-4126-9e02-03a5de491347/timeouts [39m[32m200[39m [90m1 ms - 14[39m
[35m[HTTP][39m [90m[39m
[35m[HTTP][39m [37m-->[39m [37mPOST[39m [37m/wd/hub/session/7725ed31-0321-4126-9e02-03a5de491347/touch/perform[39m
[35m[HTTP][39m [90m{"actions":[{"action":"tap","options":{"x":1,"y":1,"element":"00000000-0000-03cc-ffff-ffff0000002b"}},{"action":"release","options":{}}]}[39m
[35m[UiAutomator2][39m calling get location: 00000000-0000-03cc-ffff-ffff0000002b
[35m[HTTP][39m [37m<-- POST /wd/hub/session/7725ed31-0321-4126-9e02-03a5de491347/touch/perform [39m[32m200[39m [90m239 ms - 14[39m
[35m[HTTP][39m [90m[39m
[35m[HTTP][39m [37m-->[39m [37mPOST[39m [37m/wd/hub/session/7725ed31-0321-4126-9e02-03a5de491347/timeouts[39m
[35m[HTTP][39m [90m{"implicit":50}[39m
[35m[HTTP][39m [37m<-- POST /wd/hub/session/7725ed31-0321-4126-9e02-03a5de491347/timeouts [39m[32m200[39m [90m1 ms - 14[39m
[35m[HTTP][39m [90m[39m
[35m[HTTP][39m [37m-->[39m [37mGET[39m [37m/wd/hub/session/7725ed31-0321-4126-9e02-03a5de491347/window/rect[39m
[35m[HTTP][39m [90m{}[39m
[35m[HTTP][39m [37m<-- GET /wd/hub/session/7725ed31-0321-4126-9e02-03a5de491347/window/rect [39m[32m200[39m [90m27 ms - 50[39m
[35m[HTTP][39m [90m[39m
[35m[HTTP][39m [37m-->[39m [37mPOST[39m [37m/wd/hub/session/7725ed31-0321-4126-9e02-03a5de491347/elements[39m
[35m[HTTP][39m [90m{"using":"xpath","value":"//*[@class = 'android.widget.EditText' and (@text = 'Email' or . = 'Email') and @resource-id = 'com.she.sehatq:id/et_input']"}[39m
[35m[HTTP][39m [37m<-- POST /wd/hub/session/7725ed31-0321-4126-9e02-03a5de491347/elements [39m[32m200[39m [90m435 ms - 12[39m
[35m[HTTP][39m [90m[39m
[35m[HTTP][39m [37m-->[39m [37mPOST[39m [37m/wd/hub/session/7725ed31-0321-4126-9e02-03a5de491347/elements[39m
[35m[HTTP][39m [90m{"using":"xpath","value":"//*[@class = 'android.widget.EditText' and (@text = 'Email' or . = 'Email') and @resource-id = 'com.she.sehatq:id/et_input']"}[39m
[35m[HTTP][39m [37m<-- POST /wd/hub/session/7725ed31-0321-4126-9e02-03a5de491347/elements [39m[32m200[39m [90m993 ms - 139[39m
[35m[HTTP][39m [90m[39m
[35m[HTTP][39m [37m-->[39m [37mGET[39m [37m/wd/hub/session/7725ed31-0321-4126-9e02-03a5de491347/element/00000000-0000-03cd-ffff-ffff00000299/location[39m
[35m[HTTP][39m [90m{}[39m
[35m[W3C (7725ed31)][39m Driver proxy active, passing request on via HTTP proxy
[35m[WD Proxy][39m Replacing sessionId ebf157a6-c306-4508-b138-66dbcec50c16 with 7725ed31-0321-4126-9e02-03a5de491347
[35m[HTTP][39m [37m<-- GET /wd/hub/session/7725ed31-0321-4126-9e02-03a5de491347/element/00000000-0000-03cd-ffff-ffff00000299/location [39m[32m200[39m [90m550 ms - 77[39m
[35m[HTTP][39m [90m[39m
[35m[HTTP][39m [37m-->[39m [37mPOST[39m [37m/wd/hub/session/7725ed31-0321-4126-9e02-03a5de491347/timeouts[39m
[35m[HTTP][39m [90m{"implicit":30000}[39m
[35m[HTTP][39m [37m<-- POST /wd/hub/session/7725ed31-0321-4126-9e02-03a5de491347/timeouts [39m[32m200[39m [90m2 ms - 14[39m
[35m[HTTP][39m [90m[39m
[35m[HTTP][39m [37m-->[39m [37mPOST[39m [37m/wd/hub/session/7725ed31-0321-4126-9e02-03a5de491347/element/00000000-0000-03cd-ffff-ffff00000299/clear[39m
[35m[HTTP][39m [90m{"id":"00000000-0000-03cd-ffff-ffff00000299"}[39m
[35m[HTTP][39m [37m<-- POST /wd/hub/session/7725ed31-0321-4126-9e02-03a5de491347/element/00000000-0000-03cd-ffff-ffff00000299/clear [39m[32m200[39m [90m64 ms - 14[39m
[35m[HTTP][39m [90m[39m
[35m[HTTP][39m [37m-->[39m [37mPOST[39m [37m/wd/hub/session/7725ed31-0321-4126-9e02-03a5de491347/element/00000000-0000-03cd-ffff-ffff00000299/value[39m
[35m[HTTP][39m [90m{"id":"00000000-0000-03cd-ffff-ffff00000299","text":"a2@mail.com","value":["a","2","@","m","a","i","l",".","c","o","m"]}[39m
[35m[HTTP][39m [37m<-- POST /wd/hub/session/7725ed31-0321-4126-9e02-03a5de491347/element/00000000-0000-03cd-ffff-ffff00000299/value [39m[32m200[39m [90m595 ms - 14[39m
[35m[HTTP][39m [90m[39m
[35m[HTTP][39m [37m-->[39m [37mPOST[39m [37m/wd/hub/session/7725ed31-0321-4126-9e02-03a5de491347/timeouts[39m
[35m[HTTP][39m [90m{"implicit":50}[39m
[35m[HTTP][39m [37m<-- POST /wd/hub/session/7725ed31-0321-4126-9e02-03a5de491347/timeouts [39m[32m200[39m [90m1 ms - 14[39m
[35m[HTTP][39m [90m[39m
[35m[HTTP][39m [37m-->[39m [37mGET[39m [37m/wd/hub/session/7725ed31-0321-4126-9e02-03a5de491347/window/rect[39m
[35m[HTTP][39m [90m{}[39m
[35m[HTTP][39m [37m<-- GET /wd/hub/session/7725ed31-0321-4126-9e02-03a5de491347/window/rect [39m[32m200[39m [90m40 ms - 50[39m
[35m[HTTP][39m [90m[39m
[35m[HTTP][39m [37m-->[39m [37mPOST[39m [37m/wd/hub/session/7725ed31-0321-4126-9e02-03a5de491347/elements[39m
[35m[HTTP][39m [90m{"using":"xpath","value":"//*[@class = 'android.widget.EditText' and (@text = 'Password' or . = 'Password') and @resource-id = 'com.she.sehatq:id/et_input']"}[39m
[35m[HTTP][39m [37m<-- POST /wd/hub/session/7725ed31-0321-4126-9e02-03a5de491347/elements [39m[32m200[39m [90m533 ms - 139[39m
[35m[HTTP][39m [90m[39m
[35m[HTTP][39m [37m-->[39m [37mGET[39m [37m/wd/hub/session/7725ed31-0321-4126-9e02-03a5de491347/element/00000000-0000-03cd-ffff-ffff000002b9/location[39m
[35m[HTTP][39m [90m{}[39m
[35m[W3C (7725ed31)][39m Driver proxy active, passing request on via HTTP proxy
[35m[WD Proxy][39m Replacing sessionId ebf157a6-c306-4508-b138-66dbcec50c16 with 7725ed31-0321-4126-9e02-03a5de491347
[35m[HTTP][39m [37m<-- GET /wd/hub/session/7725ed31-0321-4126-9e02-03a5de491347/element/00000000-0000-03cd-ffff-ffff000002b9/location [39m[32m200[39m [90m25 ms - 78[39m
[35m[HTTP][39m [90m[39m
[35m[HTTP][39m [37m-->[39m [37mPOST[39m [37m/wd/hub/session/7725ed31-0321-4126-9e02-03a5de491347/timeouts[39m
[35m[HTTP][39m [90m{"implicit":30000}[39m
[35m[HTTP][39m [37m<-- POST /wd/hub/session/7725ed31-0321-4126-9e02-03a5de491347/timeouts [39m[32m200[39m [90m2 ms - 14[39m
[35m[HTTP][39m [90m[39m
[35m[HTTP][39m [37m-->[39m [37mPOST[39m [37m/wd/hub/session/7725ed31-0321-4126-9e02-03a5de491347/element/00000000-0000-03cd-ffff-ffff000002b9/clear[39m
[35m[HTTP][39m [90m{"id":"00000000-0000-03cd-ffff-ffff000002b9"}[39m
[35m[HTTP][39m [37m<-- POST /wd/hub/session/7725ed31-0321-4126-9e02-03a5de491347/element/00000000-0000-03cd-ffff-ffff000002b9/clear [39m[32m200[39m [90m33 ms - 14[39m
[35m[HTTP][39m [90m[39m
[35m[HTTP][39m [37m-->[39m [37mPOST[39m [37m/wd/hub/session/7725ed31-0321-4126-9e02-03a5de491347/element/00000000-0000-03cd-ffff-ffff000002b9/value[39m
[35m[HTTP][39m [90m{"id":"00000000-0000-03cd-ffff-ffff000002b9","text":"123456","value":["1","2","3","4","5","6"]}[39m
[35m[HTTP][39m [37m<-- POST /wd/hub/session/7725ed31-0321-4126-9e02-03a5de491347/element/00000000-0000-03cd-ffff-ffff000002b9/value [39m[32m200[39m [90m1075 ms - 14[39m
[35m[HTTP][39m [90m[39m
[35m[HTTP][39m [37m-->[39m [37mPOST[39m [37m/wd/hub/session/7725ed31-0321-4126-9e02-03a5de491347/timeouts[39m
[35m[HTTP][39m [90m{"implicit":50}[39m
[35m[HTTP][39m [37m<-- POST /wd/hub/session/7725ed31-0321-4126-9e02-03a5de491347/timeouts [39m[32m200[39m [90m1 ms - 14[39m
[35m[HTTP][39m [90m[39m
[35m[HTTP][39m [37m-->[39m [37mGET[39m [37m/wd/hub/session/7725ed31-0321-4126-9e02-03a5de491347/window/rect[39m
[35m[HTTP][39m [90m{}[39m
[35m[HTTP][39m [37m<-- GET /wd/hub/session/7725ed31-0321-4126-9e02-03a5de491347/window/rect [39m[32m200[39m [90m36 ms - 50[39m
[35m[HTTP][39m [90m[39m
[35m[HTTP][39m [37m-->[39m [37mPOST[39m [37m/wd/hub/session/7725ed31-0321-4126-9e02-03a5de491347/elements[39m
[35m[HTTP][39m [90m{"using":"xpath","value":"//*[@class = 'android.widget.Button' and (@text = 'Log in' or . = 'Log in') and @resource-id = 'com.she.sehatq:id/btn_login']"}[39m
[35m[HTTP][39m [37m<-- POST /wd/hub/session/7725ed31-0321-4126-9e02-03a5de491347/elements [39m[32m200[39m [90m551 ms - 139[39m
[35m[HTTP][39m [90m[39m
[35m[HTTP][39m [37m-->[39m [37mGET[39m [37m/wd/hub/session/7725ed31-0321-4126-9e02-03a5de491347/element/00000000-0000-03cd-ffff-ffff000002d2/location[39m
[35m[HTTP][39m [90m{}[39m
[35m[W3C (7725ed31)][39m Driver proxy active, passing request on via HTTP proxy
[35m[WD Proxy][39m Replacing sessionId ebf157a6-c306-4508-b138-66dbcec50c16 with 7725ed31-0321-4126-9e02-03a5de491347
[35m[HTTP][39m [37m<-- GET /wd/hub/session/7725ed31-0321-4126-9e02-03a5de491347/element/00000000-0000-03cd-ffff-ffff000002d2/location [39m[32m200[39m [90m34 ms - 78[39m
[35m[HTTP][39m [90m[39m
[35m[HTTP][39m [37m-->[39m [37mPOST[39m [37m/wd/hub/session/7725ed31-0321-4126-9e02-03a5de491347/timeouts[39m
[35m[HTTP][39m [90m{"implicit":30000}[39m
[35m[HTTP][39m [37m<-- POST /wd/hub/session/7725ed31-0321-4126-9e02-03a5de491347/timeouts [39m[32m200[39m [90m2 ms - 14[39m
[35m[HTTP][39m [90m[39m
[35m[HTTP][39m [37m-->[39m [37mPOST[39m [37m/wd/hub/session/7725ed31-0321-4126-9e02-03a5de491347/touch/perform[39m
[35m[HTTP][39m [90m{"actions":[{"action":"tap","options":{"x":1,"y":1,"element":"00000000-0000-03cd-ffff-ffff000002d2"}},{"action":"release","options":{}}]}[39m
[35m[UiAutomator2][39m calling get location: 00000000-0000-03cd-ffff-ffff000002d2
[35m[HTTP][39m [37m<-- POST /wd/hub/session/7725ed31-0321-4126-9e02-03a5de491347/touch/perform [39m[32m200[39m [90m236 ms - 14[39m
[35m[HTTP][39m [90m[39m
[35m[HTTP][39m [37m-->[39m [37mPOST[39m [37m/wd/hub/session/7725ed31-0321-4126-9e02-03a5de491347/timeouts[39m
[35m[HTTP][39m [90m{"implicit":50}[39m
[35m[HTTP][39m [37m<-- POST /wd/hub/session/7725ed31-0321-4126-9e02-03a5de491347/timeouts [39m[32m200[39m [90m1 ms - 14[39m
[35m[HTTP][39m [90m[39m
[35m[HTTP][39m [37m-->[39m [37mGET[39m [37m/wd/hub/session/7725ed31-0321-4126-9e02-03a5de491347/window/rect[39m
[35m[HTTP][39m [90m{}[39m
[35m[HTTP][39m [37m<-- GET /wd/hub/session/7725ed31-0321-4126-9e02-03a5de491347/window/rect [39m[32m200[39m [90m54 ms - 50[39m
[35m[HTTP][39m [90m[39m
[35m[HTTP][39m [37m-->[39m [37mPOST[39m [37m/wd/hub/session/7725ed31-0321-4126-9e02-03a5de491347/elements[39m
[35m[HTTP][39m [90m{"using":"xpath","value":"//*[@class = 'android.widget.TextView' and (@text = 'Lewati' or . = 'Lewati') and @resource-id = 'com.she.sehatq:id/tvSkip']"}[39m
[35m[HTTP][39m [37m<-- POST /wd/hub/session/7725ed31-0321-4126-9e02-03a5de491347/elements [39m[32m200[39m [90m470 ms - 12[39m
[35m[HTTP][39m [90m[39m
[35m[HTTP][39m [37m-->[39m [37mPOST[39m [37m/wd/hub/session/7725ed31-0321-4126-9e02-03a5de491347/elements[39m
[35m[HTTP][39m [90m{"using":"xpath","value":"//*[@class = 'android.widget.TextView' and (@text = 'Lewati' or . = 'Lewati') and @resource-id = 'com.she.sehatq:id/tvSkip']"}[39m
[35m[HTTP][39m [37m<-- POST /wd/hub/session/7725ed31-0321-4126-9e02-03a5de491347/elements [39m[32m200[39m [90m89 ms - 12[39m
[35m[HTTP][39m [90m[39m
[35m[HTTP][39m [37m-->[39m [37mPOST[39m [37m/wd/hub/session/7725ed31-0321-4126-9e02-03a5de491347/elements[39m
[35m[HTTP][39m [90m{"using":"xpath","value":"//*[@class = 'android.widget.TextView' and (@text = 'Lewati' or . = 'Lewati') and @resource-id = 'com.she.sehatq:id/tvSkip']"}[39m
[35m[HTTP][39m [37m<-- POST /wd/hub/session/7725ed31-0321-4126-9e02-03a5de491347/elements [39m[32m200[39m [90m100 ms - 12[39m
[35m[HTTP][39m [90m[39m
[35m[HTTP][39m [37m-->[39m [37mPOST[39m [37m/wd/hub/session/7725ed31-0321-4126-9e02-03a5de491347/elements[39m
[35m[HTTP][39m [90m{"using":"xpath","value":"//*[@class = 'android.widget.TextView' and (@text = 'Lewati' or . = 'Lewati') and @resource-id = 'com.she.sehatq:id/tvSkip']"}[39m
[35m[HTTP][39m [37m<-- POST /wd/hub/session/7725ed31-0321-4126-9e02-03a5de491347/elements [39m[32m200[39m [90m86 ms - 12[39m
[35m[HTTP][39m [90m[39m
[35m[HTTP][39m [37m-->[39m [37mPOST[39m [37m/wd/hub/session/7725ed31-0321-4126-9e02-03a5de491347/elements[39m
[35m[HTTP][39m [90m{"using":"xpath","value":"//*[@class = 'android.widget.TextView' and (@text = 'Lewati' or . = 'Lewati') and @resource-id = 'com.she.sehatq:id/tvSkip']"}[39m
[35m[HTTP][39m [37m<-- POST /wd/hub/session/7725ed31-0321-4126-9e02-03a5de491347/elements [39m[32m200[39m [90m94 ms - 12[39m
[35m[HTTP][39m [90m[39m
[35m[HTTP][39m [37m-->[39m [37mPOST[39m [37m/wd/hub/session/7725ed31-0321-4126-9e02-03a5de491347/elements[39m
[35m[HTTP][39m [90m{"using":"xpath","value":"//*[@class = 'android.widget.TextView' and (@text = 'Lewati' or . = 'Lewati') and @resource-id = 'com.she.sehatq:id/tvSkip']"}[39m
[35m[HTTP][39m [37m<-- POST /wd/hub/session/7725ed31-0321-4126-9e02-03a5de491347/elements [39m[32m200[39m [90m86 ms - 12[39m
[35m[HTTP][39m [90m[39m
[35m[HTTP][39m [37m-->[39m [37mPOST[39m [37m/wd/hub/session/7725ed31-0321-4126-9e02-03a5de491347/elements[39m
[35m[HTTP][39m [90m{"using":"xpath","value":"//*[@class = 'android.widget.TextView' and (@text = 'Lewati' or . = 'Lewati') and @resource-id = 'com.she.sehatq:id/tvSkip']"}[39m
[35m[HTTP][39m [37m<-- POST /wd/hub/session/7725ed31-0321-4126-9e02-03a5de491347/elements [39m[32m200[39m [90m78 ms - 12[39m
[35m[HTTP][39m [90m[39m
[35m[HTTP][39m [37m-->[39m [37mPOST[39m [37m/wd/hub/session/7725ed31-0321-4126-9e02-03a5de491347/elements[39m
[35m[HTTP][39m [90m{"using":"xpath","value":"//*[@class = 'android.widget.TextView' and (@text = 'Lewati' or . = 'Lewati') and @resource-id = 'com.she.sehatq:id/tvSkip']"}[39m
[35m[HTTP][39m [37m<-- POST /wd/hub/session/7725ed31-0321-4126-9e02-03a5de491347/elements [39m[32m200[39m [90m114 ms - 12[39m
[35m[HTTP][39m [90m[39m
[35m[HTTP][39m [37m-->[39m [37mPOST[39m [37m/wd/hub/session/7725ed31-0321-4126-9e02-03a5de491347/elements[39m
[35m[HTTP][39m [90m{"using":"xpath","value":"//*[@class = 'android.widget.TextView' and (@text = 'Lewati' or . = 'Lewati') and @resource-id = 'com.she.sehatq:id/tvSkip']"}[39m
[35m[HTTP][39m [37m<-- POST /wd/hub/session/7725ed31-0321-4126-9e02-03a5de491347/elements [39m[32m200[39m [90m413 ms - 12[39m
[35m[HTTP][39m [90m[39m
[35m[HTTP][39m [37m-->[39m [37mPOST[39m [37m/wd/hub/session/7725ed31-0321-4126-9e02-03a5de491347/elements[39m
[35m[HTTP][39m [90m{"using":"xpath","value":"//*[@class = 'android.widget.TextView' and (@text = 'Lewati' or . = 'Lewati') and @resource-id = 'com.she.sehatq:id/tvSkip']"}[39m
[35m[HTTP][39m [37m<-- POST /wd/hub/session/7725ed31-0321-4126-9e02-03a5de491347/elements [39m[32m200[39m [90m818 ms - 139[39m
[35m[HTTP][39m [90m[39m
[35m[HTTP][39m [37m-->[39m [37mGET[39m [37m/wd/hub/session/7725ed31-0321-4126-9e02-03a5de491347/element/00000000-0000-03cd-ffff-ffff00000395/location[39m
[35m[HTTP][39m [90m{}[39m
[35m[W3C (7725ed31)][39m Driver proxy active, passing request on via HTTP proxy
[35m[WD Proxy][39m Replacing sessionId ebf157a6-c306-4508-b138-66dbcec50c16 with 7725ed31-0321-4126-9e02-03a5de491347
[35m[HTTP][39m [37m<-- GET /wd/hub/session/7725ed31-0321-4126-9e02-03a5de491347/element/00000000-0000-03cd-ffff-ffff00000395/location [39m[32m200[39m [90m543 ms - 79[39m
[35m[HTTP][39m [90m[39m
[35m[HTTP][39m [37m-->[39m [37mPOST[39m [37m/wd/hub/session/7725ed31-0321-4126-9e02-03a5de491347/timeouts[39m
[35m[HTTP][39m [90m{"implicit":30000}[39m
[35m[HTTP][39m [37m<-- POST /wd/hub/session/7725ed31-0321-4126-9e02-03a5de491347/timeouts [39m[32m200[39m [90m1 ms - 14[39m
[35m[HTTP][39m [90m[39m
[35m[HTTP][39m [37m-->[39m [37mPOST[39m [37m/wd/hub/session/7725ed31-0321-4126-9e02-03a5de491347/touch/perform[39m
[35m[HTTP][39m [90m{"actions":[{"action":"tap","options":{"x":1,"y":1,"element":"00000000-0000-03cd-ffff-ffff00000395"}},{"action":"release","options":{}}]}[39m
[35m[UiAutomator2][39m calling get location: 00000000-0000-03cd-ffff-ffff00000395
[35m[HTTP][39m [37m<-- POST /wd/hub/session/7725ed31-0321-4126-9e02-03a5de491347/touch/perform [39m[32m200[39m [90m266 ms - 14[39m
[35m[HTTP][39m [90m[39m
[35m[HTTP][39m [37m-->[39m [37mPOST[39m [37m/wd/hub/session/7725ed31-0321-4126-9e02-03a5de491347/timeouts[39m
[35m[HTTP][39m [90m{"implicit":50}[39m
[35m[HTTP][39m [37m<-- POST /wd/hub/session/7725ed31-0321-4126-9e02-03a5de491347/timeouts [39m[32m200[39m [90m1 ms - 14[39m
[35m[HTTP][39m [90m[39m
[35m[HTTP][39m [37m-->[39m [37mGET[39m [37m/wd/hub/session/7725ed31-0321-4126-9e02-03a5de491347/window/rect[39m
[35m[HTTP][39m [90m{}[39m
[35m[HTTP][39m [37m<-- GET /wd/hub/session/7725ed31-0321-4126-9e02-03a5de491347/window/rect [39m[32m200[39m [90m11 ms - 50[39m
[35m[HTTP][39m [90m[39m
[35m[HTTP][39m [37m-->[39m [37mPOST[39m [37m/wd/hub/session/7725ed31-0321-4126-9e02-03a5de491347/elements[39m
[35m[HTTP][39m [90m{"using":"xpath","value":"//*[@class = 'android.widget.TextView' and (@text = 'Ya' or . = 'Ya') and @resource-id = 'com.she.sehatq:id/btn_yes']"}[39m
[35m[HTTP][39m [37m<-- POST /wd/hub/session/7725ed31-0321-4126-9e02-03a5de491347/elements [39m[32m200[39m [90m992 ms - 139[39m
[35m[HTTP][39m [90m[39m
[35m[HTTP][39m [37m-->[39m [37mGET[39m [37m/wd/hub/session/7725ed31-0321-4126-9e02-03a5de491347/element/00000000-0000-03ce-ffff-ffff000003b0/location[39m
[35m[HTTP][39m [90m{}[39m
[35m[W3C (7725ed31)][39m Driver proxy active, passing request on via HTTP proxy
[35m[WD Proxy][39m Replacing sessionId ebf157a6-c306-4508-b138-66dbcec50c16 with 7725ed31-0321-4126-9e02-03a5de491347
[35m[HTTP][39m [37m<-- GET /wd/hub/session/7725ed31-0321-4126-9e02-03a5de491347/element/00000000-0000-03ce-ffff-ffff000003b0/location [39m[32m200[39m [90m32 ms - 78[39m
[35m[HTTP][39m [90m[39m
[35m[HTTP][39m [37m-->[39m [37mPOST[39m [37m/wd/hub/session/7725ed31-0321-4126-9e02-03a5de491347/timeouts[39m
[35m[HTTP][39m [90m{"implicit":30000}[39m
[35m[HTTP][39m [37m<-- POST /wd/hub/session/7725ed31-0321-4126-9e02-03a5de491347/timeouts [39m[32m200[39m [90m2 ms - 14[39m
[35m[HTTP][39m [90m[39m
[35m[HTTP][39m [37m-->[39m [37mPOST[39m [37m/wd/hub/session/7725ed31-0321-4126-9e02-03a5de491347/touch/perform[39m
[35m[HTTP][39m [90m{"actions":[{"action":"tap","options":{"x":1,"y":1,"element":"00000000-0000-03ce-ffff-ffff000003b0"}},{"action":"release","options":{}}]}[39m
[35m[UiAutomator2][39m calling get location: 00000000-0000-03ce-ffff-ffff000003b0
[35m[HTTP][39m [37m<-- POST /wd/hub/session/7725ed31-0321-4126-9e02-03a5de491347/touch/perform [39m[32m200[39m [90m230 ms - 14[39m
[35m[HTTP][39m [90m[39m
[35m[HTTP][39m [37m-->[39m [37mPOST[39m [37m/wd/hub/session/7725ed31-0321-4126-9e02-03a5de491347/timeouts[39m
[35m[HTTP][39m [90m{"implicit":50}[39m
[35m[HTTP][39m [37m<-- POST /wd/hub/session/7725ed31-0321-4126-9e02-03a5de491347/timeouts [39m[32m200[39m [90m1 ms - 14[39m
[35m[HTTP][39m [90m[39m
[35m[HTTP][39m [37m-->[39m [37mGET[39m [37m/wd/hub/session/7725ed31-0321-4126-9e02-03a5de491347/window/rect[39m
[35m[HTTP][39m [90m{}[39m
[35m[HTTP][39m [37m<-- GET /wd/hub/session/7725ed31-0321-4126-9e02-03a5de491347/window/rect [39m[32m200[39m [90m45 ms - 50[39m
[35m[HTTP][39m [90m[39m
[35m[HTTP][39m [37m-->[39m [37mPOST[39m [37m/wd/hub/session/7725ed31-0321-4126-9e02-03a5de491347/elements[39m
[35m[HTTP][39m [90m{"using":"xpath","value":"//*[@class = 'android.widget.ImageView' and @resource-id = 'com.she.sehatq:id/ivBack' and (@text = '' or . = '')]"}[39m
[35m[HTTP][39m [37m<-- POST /wd/hub/session/7725ed31-0321-4126-9e02-03a5de491347/elements [39m[32m200[39m [90m1632 ms - 139[39m
[35m[HTTP][39m [90m[39m
[35m[HTTP][39m [37m-->[39m [37mGET[39m [37m/wd/hub/session/7725ed31-0321-4126-9e02-03a5de491347/element/00000000-0000-03cf-ffff-ffff000003be/location[39m
[35m[HTTP][39m [90m{}[39m
[35m[W3C (7725ed31)][39m Driver proxy active, passing request on via HTTP proxy
[35m[WD Proxy][39m Replacing sessionId ebf157a6-c306-4508-b138-66dbcec50c16 with 7725ed31-0321-4126-9e02-03a5de491347
[35m[HTTP][39m [37m<-- GET /wd/hub/session/7725ed31-0321-4126-9e02-03a5de491347/element/00000000-0000-03cf-ffff-ffff000003be/location [39m[32m200[39m [90m35 ms - 77[39m
[35m[HTTP][39m [90m[39m
[35m[HTTP][39m [37m-->[39m [37mPOST[39m [37m/wd/hub/session/7725ed31-0321-4126-9e02-03a5de491347/timeouts[39m
[35m[HTTP][39m [90m{"implicit":30000}[39m
[35m[HTTP][39m [37m<-- POST /wd/hub/session/7725ed31-0321-4126-9e02-03a5de491347/timeouts [39m[32m200[39m [90m1 ms - 14[39m
[35m[HTTP][39m [90m[39m
[35m[HTTP][39m [37m-->[39m [37mPOST[39m [37m/wd/hub/session/7725ed31-0321-4126-9e02-03a5de491347/touch/perform[39m
[35m[HTTP][39m [90m{"actions":[{"action":"tap","options":{"x":1,"y":1,"element":"00000000-0000-03cf-ffff-ffff000003be"}},{"action":"release","options":{}}]}[39m
[35m[UiAutomator2][39m calling get location: 00000000-0000-03cf-ffff-ffff000003be
[35m[HTTP][39m [37m<-- POST /wd/hub/session/7725ed31-0321-4126-9e02-03a5de491347/touch/perform [39m[32m200[39m [90m242 ms - 14[39m
[35m[HTTP][39m [90m[39m
[35m[HTTP][39m [37m-->[39m [37mPOST[39m [37m/wd/hub/session/7725ed31-0321-4126-9e02-03a5de491347/timeouts[39m
[35m[HTTP][39m [90m{"implicit":50}[39m
[35m[HTTP][39m [37m<-- POST /wd/hub/session/7725ed31-0321-4126-9e02-03a5de491347/timeouts [39m[32m200[39m [90m1 ms - 14[39m
[35m[HTTP][39m [90m[39m
[35m[HTTP][39m [37m-->[39m [37mGET[39m [37m/wd/hub/session/7725ed31-0321-4126-9e02-03a5de491347/window/rect[39m
[35m[HTTP][39m [90m{}[39m
[35m[HTTP][39m [37m<-- GET /wd/hub/session/7725ed31-0321-4126-9e02-03a5de491347/window/rect [39m[32m200[39m [90m25 ms - 50[39m
[35m[HTTP][39m [90m[39m
[35m[HTTP][39m [37m-->[39m [37mPOST[39m [37m/wd/hub/session/7725ed31-0321-4126-9e02-03a5de491347/elements[39m
[35m[HTTP][39m [90m{"using":"xpath","value":"//*[@class = 'android.widget.ImageView' and @resource-id = 'com.she.sehatq:id/iv_cart_top_nav' and (@text = '' or . = '')]"}[39m
[35m[HTTP][39m [37m<-- POST /wd/hub/session/7725ed31-0321-4126-9e02-03a5de491347/elements [39m[32m200[39m [90m2054 ms - 139[39m
[35m[HTTP][39m [90m[39m
[35m[HTTP][39m [37m-->[39m [37mGET[39m [37m/wd/hub/session/7725ed31-0321-4126-9e02-03a5de491347/element/00000000-0000-03cc-ffff-ffff0000002e/location[39m
[35m[HTTP][39m [90m{}[39m
[35m[W3C (7725ed31)][39m Driver proxy active, passing request on via HTTP proxy
[35m[WD Proxy][39m Replacing sessionId ebf157a6-c306-4508-b138-66dbcec50c16 with 7725ed31-0321-4126-9e02-03a5de491347
[35m[HTTP][39m [37m<-- GET /wd/hub/session/7725ed31-0321-4126-9e02-03a5de491347/element/00000000-0000-03cc-ffff-ffff0000002e/location [39m[32m200[39m [90m26 ms - 78[39m
[35m[HTTP][39m [90m[39m
[35m[HTTP][39m [37m-->[39m [37mPOST[39m [37m/wd/hub/session/7725ed31-0321-4126-9e02-03a5de491347/timeouts[39m
[35m[HTTP][39m [90m{"implicit":30000}[39m
[35m[HTTP][39m [37m<-- POST /wd/hub/session/7725ed31-0321-4126-9e02-03a5de491347/timeouts [39m[32m200[39m [90m1 ms - 14[39m
[35m[HTTP][39m [90m[39m
[35m[HTTP][39m [37m-->[39m [37mPOST[39m [37m/wd/hub/session/7725ed31-0321-4126-9e02-03a5de491347/touch/perform[39m
[35m[HTTP][39m [90m{"actions":[{"action":"tap","options":{"x":1,"y":1,"element":"00000000-0000-03cc-ffff-ffff0000002e"}},{"action":"release","options":{}}]}[39m
[35m[UiAutomator2][39m calling get location: 00000000-0000-03cc-ffff-ffff0000002e
[35m[HTTP][39m [37m<-- POST /wd/hub/session/7725ed31-0321-4126-9e02-03a5de491347/touch/perform [39m[32m200[39m [90m221 ms - 14[39m
[35m[HTTP][39m [90m[39m
[35m[HTTP][39m [37m-->[39m [37mPOST[39m [37m/wd/hub/session/7725ed31-0321-4126-9e02-03a5de491347/timeouts[39m
[35m[HTTP][39m [90m{"implicit":50}[39m
[35m[HTTP][39m [37m<-- POST /wd/hub/session/7725ed31-0321-4126-9e02-03a5de491347/timeouts [39m[32m200[39m [90m1 ms - 14[39m
[35m[HTTP][39m [90m[39m
[35m[HTTP][39m [37m-->[39m [37mGET[39m [37m/wd/hub/session/7725ed31-0321-4126-9e02-03a5de491347/window/rect[39m
[35m[HTTP][39m [90m{}[39m
[35m[HTTP][39m [37m<-- GET /wd/hub/session/7725ed31-0321-4126-9e02-03a5de491347/window/rect [39m[32m200[39m [90m12 ms - 50[39m
[35m[HTTP][39m [90m[39m
[35m[HTTP][39m [37m-->[39m [37mPOST[39m [37m/wd/hub/session/7725ed31-0321-4126-9e02-03a5de491347/elements[39m
[35m[HTTP][39m [90m{"using":"xpath","value":"//*[@class = 'android.widget.Button' and (@text = 'Belanja Sekarang' or . = 'Belanja Sekarang') and @resource-id = 'com.she.sehatq:id/btnShopping']"}[39m
[35m[HTTP][39m [37m<-- POST /wd/hub/session/7725ed31-0321-4126-9e02-03a5de491347/elements [39m[32m200[39m [90m1086 ms - 12[39m
[35m[HTTP][39m [90m[39m
[35m[HTTP][39m [37m-->[39m [37mPOST[39m [37m/wd/hub/session/7725ed31-0321-4126-9e02-03a5de491347/elements[39m
[35m[HTTP][39m [90m{"using":"xpath","value":"//*[@class = 'android.widget.Button' and (@text = 'Belanja Sekarang' or . = 'Belanja Sekarang') and @resource-id = 'com.she.sehatq:id/btnShopping']"}[39m
[35m[HTTP][39m [37m<-- POST /wd/hub/session/7725ed31-0321-4126-9e02-03a5de491347/elements [39m[32m200[39m [90m91 ms - 139[39m
[35m[HTTP][39m [90m[39m
[35m[HTTP][39m [37m-->[39m [37mGET[39m [37m/wd/hub/session/7725ed31-0321-4126-9e02-03a5de491347/element/00000000-0000-03d0-ffff-ffff0000043a/location[39m
[35m[HTTP][39m [90m{}[39m
[35m[W3C (7725ed31)][39m Driver proxy active, passing request on via HTTP proxy
[35m[WD Proxy][39m Replacing sessionId ebf157a6-c306-4508-b138-66dbcec50c16 with 7725ed31-0321-4126-9e02-03a5de491347
[35m[HTTP][39m [37m<-- GET /wd/hub/session/7725ed31-0321-4126-9e02-03a5de491347/element/00000000-0000-03d0-ffff-ffff0000043a/location [39m[32m200[39m [90m600 ms - 79[39m
[35m[HTTP][39m [90m[39m
[35m[HTTP][39m [37m-->[39m [37mPOST[39m [37m/wd/hub/session/7725ed31-0321-4126-9e02-03a5de491347/timeouts[39m
[35m[HTTP][39m [90m{"implicit":30000}[39m
[35m[HTTP][39m [37m<-- POST /wd/hub/session/7725ed31-0321-4126-9e02-03a5de491347/timeouts [39m[32m200[39m [90m2 ms - 14[39m
[35m[HTTP][39m [90m[39m
[35m[HTTP][39m [37m-->[39m [37mPOST[39m [37m/wd/hub/session/7725ed31-0321-4126-9e02-03a5de491347/touch/perform[39m
[35m[HTTP][39m [90m{"actions":[{"action":"tap","options":{"x":1,"y":1,"element":"00000000-0000-03d0-ffff-ffff0000043a"}},{"action":"release","options":{}}]}[39m
[35m[UiAutomator2][39m calling get location: 00000000-0000-03d0-ffff-ffff0000043a
[35m[HTTP][39m [37m<-- POST /wd/hub/session/7725ed31-0321-4126-9e02-03a5de491347/touch/perform [39m[32m200[39m [90m247 ms - 14[39m
[35m[HTTP][39m [90m[39m
[35m[HTTP][39m [37m-->[39m [37mPOST[39m [37m/wd/hub/session/7725ed31-0321-4126-9e02-03a5de491347/timeouts[39m
[35m[HTTP][39m [90m{"implicit":50}[39m
[35m[HTTP][39m [37m<-- POST /wd/hub/session/7725ed31-0321-4126-9e02-03a5de491347/timeouts [39m[32m200[39m [90m1 ms - 14[39m
[35m[HTTP][39m [90m[39m
[35m[HTTP][39m [37m-->[39m [37mGET[39m [37m/wd/hub/session/7725ed31-0321-4126-9e02-03a5de491347/window/rect[39m
[35m[HTTP][39m [90m{}[39m
[35m[HTTP][39m [37m<-- GET /wd/hub/session/7725ed31-0321-4126-9e02-03a5de491347/window/rect [39m[32m200[39m [90m21 ms - 50[39m
[35m[HTTP][39m [90m[39m
[35m[HTTP][39m [37m-->[39m [37mPOST[39m [37m/wd/hub/session/7725ed31-0321-4126-9e02-03a5de491347/elements[39m
[35m[HTTP][39m [90m{"using":"xpath","value":"//*[@class = 'android.widget.TextView' and (@text = 'US Baby Straw Training Cup 200 ml - Kuning' or . = 'US Baby Straw Training Cup 200 ml - Kuning') and @resource-id = 'com.she.sehatq:id/tv_product_name']"}[39m
[35m[HTTP][39m [37m<-- POST /wd/hub/session/7725ed31-0321-4126-9e02-03a5de491347/elements [39m[32m200[39m [90m1398 ms - 12[39m
[35m[HTTP][39m [90m[39m
[35m[HTTP][39m [37m-->[39m [37mPOST[39m [37m/wd/hub/session/7725ed31-0321-4126-9e02-03a5de491347/elements[39m
[35m[HTTP][39m [90m{"using":"xpath","value":"//*[@class = 'android.widget.TextView' and (@text = 'US Baby Straw Training Cup 200 ml - Kuning' or . = 'US Baby Straw Training Cup 200 ml - Kuning') and @resource-id = 'com.she.sehatq:id/tv_product_name']"}[39m
[35m[HTTP][39m [37m<-- POST /wd/hub/session/7725ed31-0321-4126-9e02-03a5de491347/elements [39m[32m200[39m [90m236 ms - 12[39m
[35m[HTTP][39m [90m[39m
[35m[HTTP][39m [37m-->[39m [37mPOST[39m [37m/wd/hub/session/7725ed31-0321-4126-9e02-03a5de491347/elements[39m
[35m[HTTP][39m [90m{"using":"xpath","value":"//*[@class = 'android.widget.TextView' and (@text = 'US Baby Straw Training Cup 200 ml - Kuning' or . = 'US Baby Straw Training Cup 200 ml - Kuning') and @resource-id = 'com.she.sehatq:id/tv_product_name']"}[39m
[35m[HTTP][39m [37m<-- POST /wd/hub/session/7725ed31-0321-4126-9e02-03a5de491347/elements [39m[32m200[39m [90m886 ms - 12[39m
[35m[HTTP][39m [90m[39m
[35m[HTTP][39m [37m-->[39m [37mPOST[39m [37m/wd/hub/session/7725ed31-0321-4126-9e02-03a5de491347/elements[39m
[35m[HTTP][39m [90m{"using":"xpath","value":"//*[@class = 'android.widget.TextView' and (@text = 'US Baby Straw Training Cup 200 ml - Kuning' or . = 'US Baby Straw Training Cup 200 ml - Kuning') and @resource-id = 'com.she.sehatq:id/tv_product_name']"}[39m
[35m[HTTP][39m [37m<-- POST /wd/hub/session/7725ed31-0321-4126-9e02-03a5de491347/elements [39m[32m200[39m [90m259 ms - 12[39m
[35m[HTTP][39m [90m[39m
[35m[HTTP][39m [37m-->[39m [37mPOST[39m [37m/wd/hub/session/7725ed31-0321-4126-9e02-03a5de491347/elements[39m
[35m[HTTP][39m [90m{"using":"xpath","value":"//*[@class = 'android.widget.TextView' and (@text = 'US Baby Straw Training Cup 200 ml - Kuning' or . = 'US Baby Straw Training Cup 200 ml - Kuning') and @resource-id = 'com.she.sehatq:id/tv_product_name']"}[39m
[35m[HTTP][39m [37m<-- POST /wd/hub/session/7725ed31-0321-4126-9e02-03a5de491347/elements [39m[32m200[39m [90m242 ms - 12[39m
[35m[HTTP][39m [90m[39m
[35m[HTTP][39m [37m-->[39m [37mPOST[39m [37m/wd/hub/session/7725ed31-0321-4126-9e02-03a5de491347/elements[39m
[35m[HTTP][39m [90m{"using":"xpath","value":"//*[@class = 'android.widget.TextView' and (@text = 'US Baby Straw Training Cup 200 ml - Kuning' or . = 'US Baby Straw Training Cup 200 ml - Kuning') and @resource-id = 'com.she.sehatq:id/tv_product_name']"}[39m
[35m[HTTP][39m [37m<-- POST /wd/hub/session/7725ed31-0321-4126-9e02-03a5de491347/elements [39m[32m200[39m [90m153 ms - 12[39m
[35m[HTTP][39m [90m[39m
[35m[HTTP][39m [37m-->[39m [37mPOST[39m [37m/wd/hub/session/7725ed31-0321-4126-9e02-03a5de491347/elements[39m
[35m[HTTP][39m [90m{"using":"xpath","value":"//*[@class = 'android.widget.TextView' and (@text = 'US Baby Straw Training Cup 200 ml - Kuning' or . = 'US Baby Straw Training Cup 200 ml - Kuning') and @resource-id = 'com.she.sehatq:id/tv_product_name']"}[39m
[35m[HTTP][39m [37m<-- POST /wd/hub/session/7725ed31-0321-4126-9e02-03a5de491347/elements [39m[32m200[39m [90m263 ms - 12[39m
[35m[HTTP][39m [90m[39m
[35m[HTTP][39m [37m-->[39m [37mPOST[39m [37m/wd/hub/session/7725ed31-0321-4126-9e02-03a5de491347/elements[39m
[35m[HTTP][39m [90m{"using":"xpath","value":"//*[@class = 'android.widget.TextView' and (@text = 'US Baby Straw Training Cup 200 ml - Kuning' or . = 'US Baby Straw Training Cup 200 ml - Kuning') and @resource-id = 'com.she.sehatq:id/tv_product_name']"}[39m
[35m[HTTP][39m [37m<-- POST /wd/hub/session/7725ed31-0321-4126-9e02-03a5de491347/elements [39m[32m200[39m [90m271 ms - 12[39m
[35m[HTTP][39m [90m[39m
[35m[HTTP][39m [37m-->[39m [37mPOST[39m [37m/wd/hub/session/7725ed31-0321-4126-9e02-03a5de491347/elements[39m
[35m[HTTP][39m [90m{"using":"xpath","value":"//*[@class = 'android.widget.TextView' and (@text = 'US Baby Straw Training Cup 200 ml - Kuning' or . = 'US Baby Straw Training Cup 200 ml - Kuning') and @resource-id = 'com.she.sehatq:id/tv_product_name']"}[39m
[35m[HTTP][39m [37m<-- POST /wd/hub/session/7725ed31-0321-4126-9e02-03a5de491347/elements [39m[32m200[39m [90m316 ms - 12[39m
[35m[HTTP][39m [90m[39m
[35m[HTTP][39m [37m-->[39m [37mPOST[39m [37m/wd/hub/session/7725ed31-0321-4126-9e02-03a5de491347/elements[39m
[35m[HTTP][39m [90m{"using":"xpath","value":"//*[@class = 'android.widget.TextView' and (@text = 'US Baby Straw Training Cup 200 ml - Kuning' or . = 'US Baby Straw Training Cup 200 ml - Kuning') and @resource-id = 'com.she.sehatq:id/tv_product_name']"}[39m
[35m[HTTP][39m [37m<-- POST /wd/hub/session/7725ed31-0321-4126-9e02-03a5de491347/elements [39m[32m200[39m [90m164 ms - 12[39m
[35m[HTTP][39m [90m[39m
[35m[HTTP][39m [37m-->[39m [37mPOST[39m [37m/wd/hub/session/7725ed31-0321-4126-9e02-03a5de491347/elements[39m
[35m[HTTP][39m [90m{"using":"xpath","value":"//*[@class = 'android.widget.TextView' and (@text = 'US Baby Straw Training Cup 200 ml - Kuning' or . = 'US Baby Straw Training Cup 200 ml - Kuning') and @resource-id = 'com.she.sehatq:id/tv_product_name']"}[39m
[35m[HTTP][39m [37m<-- POST /wd/hub/session/7725ed31-0321-4126-9e02-03a5de491347/elements [39m[32m200[39m [90m185 ms - 12[39m
[35m[HTTP][39m [90m[39m
[35m[HTTP][39m [37m-->[39m [37mPOST[39m [37m/wd/hub/session/7725ed31-0321-4126-9e02-03a5de491347/elements[39m
[35m[HTTP][39m [90m{"using":"xpath","value":"//*[@class = 'android.widget.TextView' and (@text = 'US Baby Straw Training Cup 200 ml - Kuning' or . = 'US Baby Straw Training Cup 200 ml - Kuning') and @resource-id = 'com.she.sehatq:id/tv_product_name']"}[39m
[35m[HTTP][39m [37m<-- POST /wd/hub/session/7725ed31-0321-4126-9e02-03a5de491347/elements [39m[32m200[39m [90m277 ms - 12[39m
[35m[HTTP][39m [90m[39m
[35m[HTTP][39m [37m-->[39m [37mPOST[39m [37m/wd/hub/session/7725ed31-0321-4126-9e02-03a5de491347/elements[39m
[35m[HTTP][39m [90m{"using":"xpath","value":"//*[@class = 'android.widget.TextView' and (@text = 'US Baby Straw Training Cup 200 ml - Kuning' or . = 'US Baby Straw Training Cup 200 ml - Kuning') and @resource-id = 'com.she.sehatq:id/tv_product_name']"}[39m
[35m[HTTP][39m [37m<-- POST /wd/hub/session/7725ed31-0321-4126-9e02-03a5de491347/elements [39m[32m200[39m [90m271 ms - 12[39m
[35m[HTTP][39m [90m[39m
[35m[HTTP][39m [37m-->[39m [37mPOST[39m [37m/wd/hub/session/7725ed31-0321-4126-9e02-03a5de491347/elements[39m
[35m[HTTP][39m [90m{"using":"xpath","value":"//*[@class = 'android.widget.TextView' and (@text = 'US Baby Straw Training Cup 200 ml - Kuning' or . = 'US Baby Straw Training Cup 200 ml - Kuning') and @resource-id = 'com.she.sehatq:id/tv_product_name']"}[39m
[35m[HTTP][39m [37m<-- POST /wd/hub/session/7725ed31-0321-4126-9e02-03a5de491347/elements [39m[32m200[39m [90m237 ms - 12[39m
[35m[HTTP][39m [90m[39m
[35m[HTTP][39m [37m-->[39m [37mPOST[39m [37m/wd/hub/session/7725ed31-0321-4126-9e02-03a5de491347/elements[39m
[35m[HTTP][39m [90m{"using":"xpath","value":"//*[@class = 'android.widget.TextView' and (@text = 'US Baby Straw Training Cup 200 ml - Kuning' or . = 'US Baby Straw Training Cup 200 ml - Kuning') and @resource-id = 'com.she.sehatq:id/tv_product_name']"}[39m
[35m[HTTP][39m [37m<-- POST /wd/hub/session/7725ed31-0321-4126-9e02-03a5de491347/elements [39m[32m200[39m [90m255 ms - 12[39m
[35m[HTTP][39m [90m[39m
[35m[HTTP][39m [37m-->[39m [37mPOST[39m [37m/wd/hub/session/7725ed31-0321-4126-9e02-03a5de491347/elements[39m
[35m[HTTP][39m [90m{"using":"xpath","value":"//*[@class = 'android.widget.TextView' and (@text = 'US Baby Straw Training Cup 200 ml - Kuning' or . = 'US Baby Straw Training Cup 200 ml - Kuning') and @resource-id = 'com.she.sehatq:id/tv_product_name']"}[39m
[35m[HTTP][39m [37m<-- POST /wd/hub/session/7725ed31-0321-4126-9e02-03a5de491347/elements [39m[32m200[39m [90m271 ms - 12[39m
[35m[HTTP][39m [90m[39m
[35m[HTTP][39m [37m-->[39m [37mPOST[39m [37m/wd/hub/session/7725ed31-0321-4126-9e02-03a5de491347/elements[39m
[35m[HTTP][39m [90m{"using":"xpath","value":"//*[@class = 'android.widget.TextView' and (@text = 'US Baby Straw Training Cup 200 ml - Kuning' or . = 'US Baby Straw Training Cup 200 ml - Kuning') and @resource-id = 'com.she.sehatq:id/tv_product_name']"}[39m
[35m[HTTP][39m [37m<-- POST /wd/hub/session/7725ed31-0321-4126-9e02-03a5de491347/elements [39m[32m200[39m [90m255 ms - 12[39m
[35m[HTTP][39m [90m[39m
[35m[HTTP][39m [37m-->[39m [37mPOST[39m [37m/wd/hub/session/7725ed31-0321-4126-9e02-03a5de491347/elements[39m
[35m[HTTP][39m [90m{"using":"xpath","value":"//*[@class = 'android.widget.TextView' and (@text = 'US Baby Straw Training Cup 200 ml - Kuning' or . = 'US Baby Straw Training Cup 200 ml - Kuning') and @resource-id = 'com.she.sehatq:id/tv_product_name']"}[39m
[35m[HTTP][39m [37m<-- POST /wd/hub/session/7725ed31-0321-4126-9e02-03a5de491347/elements [39m[32m200[39m [90m228 ms - 12[39m
[35m[HTTP][39m [90m[39m
[35m[HTTP][39m [37m-->[39m [37mPOST[39m [37m/wd/hub/session/7725ed31-0321-4126-9e02-03a5de491347/elements[39m
[35m[HTTP][39m [90m{"using":"xpath","value":"//*[@class = 'android.widget.TextView' and (@text = 'US Baby Straw Training Cup 200 ml - Kuning' or . = 'US Baby Straw Training Cup 200 ml - Kuning') and @resource-id = 'com.she.sehatq:id/tv_product_name']"}[39m
[35m[HTTP][39m [37m<-- POST /wd/hub/session/7725ed31-0321-4126-9e02-03a5de491347/elements [39m[32m200[39m [90m287 ms - 12[39m
[35m[HTTP][39m [90m[39m
[35m[HTTP][39m [37m-->[39m [37mPOST[39m [37m/wd/hub/session/7725ed31-0321-4126-9e02-03a5de491347/elements[39m
[35m[HTTP][39m [90m{"using":"xpath","value":"//*[@class = 'android.widget.TextView' and (@text = 'US Baby Straw Training Cup 200 ml - Kuning' or . = 'US Baby Straw Training Cup 200 ml - Kuning') and @resource-id = 'com.she.sehatq:id/tv_product_name']"}[39m
[35m[HTTP][39m [37m<-- POST /wd/hub/session/7725ed31-0321-4126-9e02-03a5de491347/elements [39m[32m200[39m [90m951 ms - 12[39m
[35m[HTTP][39m [90m[39m
[35m[HTTP][39m [37m-->[39m [37mPOST[39m [37m/wd/hub/session/7725ed31-0321-4126-9e02-03a5de491347/elements[39m
[35m[HTTP][39m [90m{"using":"xpath","value":"//*[@class = 'android.widget.TextView' and (@text = 'US Baby Straw Training Cup 200 ml - Kuning' or . = 'US Baby Straw Training Cup 200 ml - Kuning') and @resource-id = 'com.she.sehatq:id/tv_product_name']"}[39m
[35m[HTTP][39m [37m<-- POST /wd/hub/session/7725ed31-0321-4126-9e02-03a5de491347/elements [39m[32m200[39m [90m287 ms - 12[39m
[35m[HTTP][39m [90m[39m
[35m[HTTP][39m [37m-->[39m [37mPOST[39m [37m/wd/hub/session/7725ed31-0321-4126-9e02-03a5de491347/elements[39m
[35m[HTTP][39m [90m{"using":"xpath","value":"//*[@class = 'android.widget.TextView' and (@text = 'US Baby Straw Training Cup 200 ml - Kuning' or . = 'US Baby Straw Training Cup 200 ml - Kuning') and @resource-id = 'com.she.sehatq:id/tv_product_name']"}[39m
[35m[HTTP][39m [37m<-- POST /wd/hub/session/7725ed31-0321-4126-9e02-03a5de491347/elements [39m[32m200[39m [90m262 ms - 12[39m
[35m[HTTP][39m [90m[39m
[35m[HTTP][39m [37m-->[39m [37mPOST[39m [37m/wd/hub/session/7725ed31-0321-4126-9e02-03a5de491347/elements[39m
[35m[HTTP][39m [90m{"using":"xpath","value":"//*[@class = 'android.widget.TextView' and (@text = 'US Baby Straw Training Cup 200 ml - Kuning' or . = 'US Baby Straw Training Cup 200 ml - Kuning') and @resource-id = 'com.she.sehatq:id/tv_product_name']"}[39m
[35m[HTTP][39m [37m<-- POST /wd/hub/session/7725ed31-0321-4126-9e02-03a5de491347/elements [39m[32m200[39m [90m233 ms - 12[39m
[35m[HTTP][39m [90m[39m
[35m[HTTP][39m [37m-->[39m [37mPOST[39m [37m/wd/hub/session/7725ed31-0321-4126-9e02-03a5de491347/elements[39m
[35m[HTTP][39m [90m{"using":"xpath","value":"//*[@class = 'android.widget.TextView' and (@text = 'US Baby Straw Training Cup 200 ml - Kuning' or . = 'US Baby Straw Training Cup 200 ml - Kuning') and @resource-id = 'com.she.sehatq:id/tv_product_name']"}[39m
[35m[HTTP][39m [37m<-- POST /wd/hub/session/7725ed31-0321-4126-9e02-03a5de491347/elements [39m[32m200[39m [90m249 ms - 12[39m
[35m[HTTP][39m [90m[39m
[35m[HTTP][39m [37m-->[39m [37mPOST[39m [37m/wd/hub/session/7725ed31-0321-4126-9e02-03a5de491347/elements[39m
[35m[HTTP][39m [90m{"using":"xpath","value":"//*[@class = 'android.widget.TextView' and (@text = 'US Baby Straw Training Cup 200 ml - Kuning' or . = 'US Baby Straw Training Cup 200 ml - Kuning') and @resource-id = 'com.she.sehatq:id/tv_product_name']"}[39m
[35m[HTTP][39m [37m<-- POST /wd/hub/session/7725ed31-0321-4126-9e02-03a5de491347/elements [39m[32m200[39m [90m202 ms - 12[39m
[35m[HTTP][39m [90m[39m
[35m[HTTP][39m [37m-->[39m [37mPOST[39m [37m/wd/hub/session/7725ed31-0321-4126-9e02-03a5de491347/elements[39m
[35m[HTTP][39m [90m{"using":"xpath","value":"//*[@class = 'android.widget.TextView' and (@text = 'US Baby Straw Training Cup 200 ml - Kuning' or . = 'US Baby Straw Training Cup 200 ml - Kuning') and @resource-id = 'com.she.sehatq:id/tv_product_name']"}[39m
[35m[HTTP][39m [37m<-- POST /wd/hub/session/7725ed31-0321-4126-9e02-03a5de491347/elements [39m[32m200[39m [90m243 ms - 12[39m
[35m[HTTP][39m [90m[39m
[35m[HTTP][39m [37m-->[39m [37mPOST[39m [37m/wd/hub/session/7725ed31-0321-4126-9e02-03a5de491347/elements[39m
[35m[HTTP][39m [90m{"using":"xpath","value":"//*[@class = 'android.widget.TextView' and (@text = 'US Baby Straw Training Cup 200 ml - Kuning' or . = 'US Baby Straw Training Cup 200 ml - Kuning') and @resource-id = 'com.she.sehatq:id/tv_product_name']"}[39m
[35m[HTTP][39m [37m<-- POST /wd/hub/session/7725ed31-0321-4126-9e02-03a5de491347/elements [39m[32m200[39m [90m249 ms - 12[39m
[35m[HTTP][39m [90m[39m
[35m[HTTP][39m [37m-->[39m [37mPOST[39m [37m/wd/hub/session/7725ed31-0321-4126-9e02-03a5de491347/elements[39m
[35m[HTTP][39m [90m{"using":"xpath","value":"//*[@class = 'android.widget.TextView' and (@text = 'US Baby Straw Training Cup 200 ml - Kuning' or . = 'US Baby Straw Training Cup 200 ml - Kuning') and @resource-id = 'com.she.sehatq:id/tv_product_name']"}[39m
[35m[HTTP][39m [37m<-- POST /wd/hub/session/7725ed31-0321-4126-9e02-03a5de491347/elements [39m[32m200[39m [90m208 ms - 12[39m
[35m[HTTP][39m [90m[39m
[35m[HTTP][39m [37m-->[39m [37mPOST[39m [37m/wd/hub/session/7725ed31-0321-4126-9e02-03a5de491347/elements[39m
[35m[HTTP][39m [90m{"using":"xpath","value":"//*[@class = 'android.widget.TextView' and (@text = 'US Baby Straw Training Cup 200 ml - Kuning' or . = 'US Baby Straw Training Cup 200 ml - Kuning') and @resource-id = 'com.she.sehatq:id/tv_product_name']"}[39m
[35m[HTTP][39m [37m<-- POST /wd/hub/session/7725ed31-0321-4126-9e02-03a5de491347/elements [39m[32m200[39m [90m262 ms - 12[39m
[35m[HTTP][39m [90m[39m
[35m[HTTP][39m [37m-->[39m [37mPOST[39m [37m/wd/hub/session/7725ed31-0321-4126-9e02-03a5de491347/elements[39m
[35m[HTTP][39m [90m{"using":"xpath","value":"//*[@class = 'android.widget.TextView' and (@text = 'US Baby Straw Training Cup 200 ml - Kuning' or . = 'US Baby Straw Training Cup 200 ml - Kuning') and @resource-id = 'com.she.sehatq:id/tv_product_name']"}[39m
[35m[HTTP][39m [37m<-- POST /wd/hub/session/7725ed31-0321-4126-9e02-03a5de491347/elements [39m[32m200[39m [90m228 ms - 12[39m
[35m[HTTP][39m [90m[39m
[35m[HTTP][39m [37m-->[39m [37mPOST[39m [37m/wd/hub/session/7725ed31-0321-4126-9e02-03a5de491347/elements[39m
[35m[HTTP][39m [90m{"using":"xpath","value":"//*[@class = 'android.widget.TextView' and (@text = 'US Baby Straw Training Cup 200 ml - Kuning' or . = 'US Baby Straw Training Cup 200 ml - Kuning') and @resource-id = 'com.she.sehatq:id/tv_product_name']"}[39m
[35m[HTTP][39m [37m<-- POST /wd/hub/session/7725ed31-0321-4126-9e02-03a5de491347/elements [39m[32m200[39m [90m236 ms - 12[39m
[35m[HTTP][39m [90m[39m
[35m[HTTP][39m [37m-->[39m [37mPOST[39m [37m/wd/hub/session/7725ed31-0321-4126-9e02-03a5de491347/elements[39m
[35m[HTTP][39m [90m{"using":"xpath","value":"//*[@class = 'android.widget.TextView' and (@text = 'US Baby Straw Training Cup 200 ml - Kuning' or . = 'US Baby Straw Training Cup 200 ml - Kuning') and @resource-id = 'com.she.sehatq:id/tv_product_name']"}[39m
[35m[HTTP][39m [37m<-- POST /wd/hub/session/7725ed31-0321-4126-9e02-03a5de491347/elements [39m[32m200[39m [90m249 ms - 12[39m
[35m[HTTP][39m [90m[39m
[35m[HTTP][39m [37m-->[39m [37mPOST[39m [37m/wd/hub/session/7725ed31-0321-4126-9e02-03a5de491347/elements[39m
[35m[HTTP][39m [90m{"using":"xpath","value":"//*[@class = 'android.widget.TextView' and (@text = 'US Baby Straw Training Cup 200 ml - Kuning' or . = 'US Baby Straw Training Cup 200 ml - Kuning') and @resource-id = 'com.she.sehatq:id/tv_product_name']"}[39m
[35m[HTTP][39m [37m<-- POST /wd/hub/session/7725ed31-0321-4126-9e02-03a5de491347/elements [39m[32m200[39m [90m237 ms - 12[39m
[35m[HTTP][39m [90m[39m
[35m[HTTP][39m [37m-->[39m [37mPOST[39m [37m/wd/hub/session/7725ed31-0321-4126-9e02-03a5de491347/elements[39m
[35m[HTTP][39m [90m{"using":"xpath","value":"//*[@class = 'android.widget.TextView' and (@text = 'US Baby Straw Training Cup 200 ml - Kuning' or . = 'US Baby Straw Training Cup 200 ml - Kuning') and @resource-id = 'com.she.sehatq:id/tv_product_name']"}[39m
[35m[HTTP][39m [37m<-- POST /wd/hub/session/7725ed31-0321-4126-9e02-03a5de491347/elements [39m[32m200[39m [90m234 ms - 12[39m
[35m[HTTP][39m [90m[39m
[35m[HTTP][39m [37m-->[39m [37mPOST[39m [37m/wd/hub/session/7725ed31-0321-4126-9e02-03a5de491347/elements[39m
[35m[HTTP][39m [90m{"using":"xpath","value":"//*[@class = 'android.widget.TextView' and (@text = 'US Baby Straw Training Cup 200 ml - Kuning' or . = 'US Baby Straw Training Cup 200 ml - Kuning') and @resource-id = 'com.she.sehatq:id/tv_product_name']"}[39m
[35m[HTTP][39m [37m<-- POST /wd/hub/session/7725ed31-0321-4126-9e02-03a5de491347/elements [39m[32m200[39m [90m258 ms - 12[39m
[35m[HTTP][39m [90m[39m
[35m[HTTP][39m [37m-->[39m [37mPOST[39m [37m/wd/hub/session/7725ed31-0321-4126-9e02-03a5de491347/elements[39m
[35m[HTTP][39m [90m{"using":"xpath","value":"//*[@class = 'android.widget.TextView' and (@text = 'US Baby Straw Training Cup 200 ml - Kuning' or . = 'US Baby Straw Training Cup 200 ml - Kuning') and @resource-id = 'com.she.sehatq:id/tv_product_name']"}[39m
[35m[HTTP][39m [37m<-- POST /wd/hub/session/7725ed31-0321-4126-9e02-03a5de491347/elements [39m[32m200[39m [90m191 ms - 12[39m
[35m[HTTP][39m [90m[39m
[35m[HTTP][39m [37m-->[39m [37mPOST[39m [37m/wd/hub/session/7725ed31-0321-4126-9e02-03a5de491347/elements[39m
[35m[HTTP][39m [90m{"using":"xpath","value":"//*[@class = 'android.widget.TextView' and (@text = 'US Baby Straw Training Cup 200 ml - Kuning' or . = 'US Baby Straw Training Cup 200 ml - Kuning') and @resource-id = 'com.she.sehatq:id/tv_product_name']"}[39m
[35m[HTTP][39m [37m<-- POST /wd/hub/session/7725ed31-0321-4126-9e02-03a5de491347/elements [39m[32m200[39m [90m191 ms - 12[39m
[35m[HTTP][39m [90m[39m
[35m[HTTP][39m [37m-->[39m [37mPOST[39m [37m/wd/hub/session/7725ed31-0321-4126-9e02-03a5de491347/elements[39m
[35m[HTTP][39m [90m{"using":"xpath","value":"//*[@class = 'android.widget.TextView' and (@text = 'US Baby Straw Training Cup 200 ml - Kuning' or . = 'US Baby Straw Training Cup 200 ml - Kuning') and @resource-id = 'com.she.sehatq:id/tv_product_name']"}[39m
[35m[HTTP][39m [37m<-- POST /wd/hub/session/7725ed31-0321-4126-9e02-03a5de491347/elements [39m[32m200[39m [90m2324 ms - 12[39m
[35m[HTTP][39m [90m[39m
[35m[HTTP][39m [37m-->[39m [37mPOST[39m [37m/wd/hub/session/7725ed31-0321-4126-9e02-03a5de491347/elements[39m
[35m[HTTP][39m [90m{"using":"xpath","value":"//*[@class = 'android.widget.TextView' and (@text = 'US Baby Straw Training Cup 200 ml - Kuning' or . = 'US Baby Straw Training Cup 200 ml - Kuning') and @resource-id = 'com.she.sehatq:id/tv_product_name']"}[39m
[35m[HTTP][39m [37m<-- POST /wd/hub/session/7725ed31-0321-4126-9e02-03a5de491347/elements [39m[32m200[39m [90m257 ms - 12[39m
[35m[HTTP][39m [90m[39m
[35m[HTTP][39m [37m-->[39m [37mPOST[39m [37m/wd/hub/session/7725ed31-0321-4126-9e02-03a5de491347/elements[39m
[35m[HTTP][39m [90m{"using":"xpath","value":"//*[@class = 'android.widget.TextView' and (@text = 'US Baby Straw Training Cup 200 ml - Kuning' or . = 'US Baby Straw Training Cup 200 ml - Kuning') and @resource-id = 'com.she.sehatq:id/tv_product_name']"}[39m
[35m[HTTP][39m [37m<-- POST /wd/hub/session/7725ed31-0321-4126-9e02-03a5de491347/elements [39m[32m200[39m [90m312 ms - 12[39m
[35m[HTTP][39m [90m[39m
[35m[HTTP][39m [37m-->[39m [37mPOST[39m [37m/wd/hub/session/7725ed31-0321-4126-9e02-03a5de491347/elements[39m
[35m[HTTP][39m [90m{"using":"xpath","value":"//*[@class = 'android.widget.TextView' and (@text = 'US Baby Straw Training Cup 200 ml - Kuning' or . = 'US Baby Straw Training Cup 200 ml - Kuning') and @resource-id = 'com.she.sehatq:id/tv_product_name']"}[39m
[35m[HTTP][39m [37m<-- POST /wd/hub/session/7725ed31-0321-4126-9e02-03a5de491347/elements [39m[32m200[39m [90m273 ms - 12[39m
[35m[HTTP][39m [90m[39m
[35m[HTTP][39m [37m-->[39m [37mPOST[39m [37m/wd/hub/session/7725ed31-0321-4126-9e02-03a5de491347/elements[39m
[35m[HTTP][39m [90m{"using":"xpath","value":"//*[@class = 'android.widget.TextView' and (@text = 'US Baby Straw Training Cup 200 ml - Kuning' or . = 'US Baby Straw Training Cup 200 ml - Kuning') and @resource-id = 'com.she.sehatq:id/tv_product_name']"}[39m
[35m[HTTP][39m [37m<-- POST /wd/hub/session/7725ed31-0321-4126-9e02-03a5de491347/elements [39m[32m200[39m [90m258 ms - 12[39m
[35m[HTTP][39m [90m[39m
[35m[HTTP][39m [37m-->[39m [37mPOST[39m [37m/wd/hub/session/7725ed31-0321-4126-9e02-03a5de491347/elements[39m
[35m[HTTP][39m [90m{"using":"xpath","value":"//*[@class = 'android.widget.TextView' and (@text = 'US Baby Straw Training Cup 200 ml - Kuning' or . = 'US Baby Straw Training Cup 200 ml - Kuning') and @resource-id = 'com.she.sehatq:id/tv_product_name']"}[39m
[35m[HTTP][39m [37m<-- POST /wd/hub/session/7725ed31-0321-4126-9e02-03a5de491347/elements [39m[32m200[39m [90m166 ms - 12[39m
[35m[HTTP][39m [90m[39m
[35m[HTTP][39m [37m-->[39m [37mPOST[39m [37m/wd/hub/session/7725ed31-0321-4126-9e02-03a5de491347/elements[39m
[35m[HTTP][39m [90m{"using":"xpath","value":"//*[@class = 'android.widget.TextView' and (@text = 'US Baby Straw Training Cup 200 ml - Kuning' or . = 'US Baby Straw Training Cup 200 ml - Kuning') and @resource-id = 'com.she.sehatq:id/tv_product_name']"}[39m
[35m[HTTP][39m [37m<-- POST /wd/hub/session/7725ed31-0321-4126-9e02-03a5de491347/elements [39m[32m200[39m [90m2163 ms - 12[39m
[35m[HTTP][39m [90m[39m
[35m[HTTP][39m [37m-->[39m [37mPOST[39m [37m/wd/hub/session/7725ed31-0321-4126-9e02-03a5de491347/elements[39m
[35m[HTTP][39m [90m{"using":"xpath","value":"//*[@class = 'android.widget.TextView' and (@text = 'US Baby Straw Training Cup 200 ml - Kuning' or . = 'US Baby Straw Training Cup 200 ml - Kuning') and @resource-id = 'com.she.sehatq:id/tv_product_name']"}[39m
[35m[HTTP][39m [37m<-- POST /wd/hub/session/7725ed31-0321-4126-9e02-03a5de491347/elements [39m[32m200[39m [90m1117 ms - 12[39m
[35m[HTTP][39m [90m[39m
[35m[HTTP][39m [37m-->[39m [37mPOST[39m [37m/wd/hub/session/7725ed31-0321-4126-9e02-03a5de491347/elements[39m
[35m[HTTP][39m [90m{"using":"xpath","value":"//*[@class = 'android.widget.TextView' and (@text = 'US Baby Straw Training Cup 200 ml - Kuning' or . = 'US Baby Straw Training Cup 200 ml - Kuning') and @resource-id = 'com.she.sehatq:id/tv_product_name']"}[39m
[35m[HTTP][39m [37m<-- POST /wd/hub/session/7725ed31-0321-4126-9e02-03a5de491347/elements [39m[32m200[39m [90m89 ms - 12[39m
[35m[HTTP][39m [90m[39m
[35m[HTTP][39m [37m-->[39m [37mPOST[39m [37m/wd/hub/session/7725ed31-0321-4126-9e02-03a5de491347/elements[39m
[35m[HTTP][39m [90m{"using":"xpath","value":"//*[@class = 'android.widget.TextView' and (@text = 'US Baby Straw Training Cup 200 ml - Kuning' or . = 'US Baby Straw Training Cup 200 ml - Kuning') and @resource-id = 'com.she.sehatq:id/tv_product_name']"}[39m
[35m[HTTP][39m [37m<-- POST /wd/hub/session/7725ed31-0321-4126-9e02-03a5de491347/elements [39m[32m200[39m [90m79 ms - 12[39m
[35m[HTTP][39m [90m[39m
[35m[HTTP][39m [37m-->[39m [37mPOST[39m [37m/wd/hub/session/7725ed31-0321-4126-9e02-03a5de491347/elements[39m
[35m[HTTP][39m [90m{"using":"xpath","value":"//*[@class = 'android.widget.TextView' and (@text = 'US Baby Straw Training Cup 200 ml - Kuning' or . = 'US Baby Straw Training Cup 200 ml - Kuning') and @resource-id = 'com.she.sehatq:id/tv_product_name']"}[39m
[35m[HTTP][39m [37m<-- POST /wd/hub/session/7725ed31-0321-4126-9e02-03a5de491347/elements [39m[32m200[39m [90m76 ms - 12[39m
[35m[HTTP][39m [90m[39m
[35m[HTTP][39m [37m-->[39m [37mPOST[39m [37m/wd/hub/session/7725ed31-0321-4126-9e02-03a5de491347/elements[39m
[35m[HTTP][39m [90m{"using":"xpath","value":"//*[@class = 'android.widget.TextView' and (@text = 'US Baby Straw Training Cup 200 ml - Kuning' or . = 'US Baby Straw Training Cup 200 ml - Kuning') and @resource-id = 'com.she.sehatq:id/tv_product_name']"}[39m
[35m[HTTP][39m [37m<-- POST /wd/hub/session/7725ed31-0321-4126-9e02-03a5de491347/elements [39m[32m200[39m [90m66 ms - 12[39m
[35m[HTTP][39m [90m[39m
[35m[HTTP][39m [37m-->[39m [37mPOST[39m [37m/wd/hub/session/7725ed31-0321-4126-9e02-03a5de491347/elements[39m
[35m[HTTP][39m [90m{"using":"xpath","value":"//*[@class = 'android.widget.TextView' and (@text = 'US Baby Straw Training Cup 200 ml - Kuning' or . = 'US Baby Straw Training Cup 200 ml - Kuning') and @resource-id = 'com.she.sehatq:id/tv_product_name']"}[39m
[35m[HTTP][39m [37m<-- POST /wd/hub/session/7725ed31-0321-4126-9e02-03a5de491347/elements [39m[32m200[39m [90m129 ms - 12[39m
[35m[HTTP][39m [90m[39m
[35m[HTTP][39m [37m-->[39m [37mPOST[39m [37m/wd/hub/session/7725ed31-0321-4126-9e02-03a5de491347/elements[39m
[35m[HTTP][39m [90m{"using":"xpath","value":"//*[@class = 'android.widget.TextView' and (@text = 'US Baby Straw Training Cup 200 ml - Kuning' or . = 'US Baby Straw Training Cup 200 ml - Kuning') and @resource-id = 'com.she.sehatq:id/tv_product_name']"}[39m
[35m[HTTP][39m [37m<-- POST /wd/hub/session/7725ed31-0321-4126-9e02-03a5de491347/elements [39m[32m200[39m [90m132 ms - 12[39m
[35m[HTTP][39m [90m[39m
[35m[HTTP][39m [37m-->[39m [37mPOST[39m [37m/wd/hub/session/7725ed31-0321-4126-9e02-03a5de491347/elements[39m
[35m[HTTP][39m [90m{"using":"xpath","value":"//*[@class = 'android.widget.TextView' and (@text = 'US Baby Straw Training Cup 200 ml - Kuning' or . = 'US Baby Straw Training Cup 200 ml - Kuning') and @resource-id = 'com.she.sehatq:id/tv_product_name']"}[39m
[35m[HTTP][39m [37m<-- POST /wd/hub/session/7725ed31-0321-4126-9e02-03a5de491347/elements [39m[32m200[39m [90m268 ms - 12[39m
[35m[HTTP][39m [90m[39m
[35m[HTTP][39m [37m-->[39m [37mPOST[39m [37m/wd/hub/session/7725ed31-0321-4126-9e02-03a5de491347/elements[39m
[35m[HTTP][39m [90m{"using":"xpath","value":"//*[@class = 'android.widget.TextView' and (@text = 'US Baby Straw Training Cup 200 ml - Kuning' or . = 'US Baby Straw Training Cup 200 ml - Kuning') and @resource-id = 'com.she.sehatq:id/tv_product_name']"}[39m
[35m[HTTP][39m [37m<-- POST /wd/hub/session/7725ed31-0321-4126-9e02-03a5de491347/elements [39m[32m200[39m [90m211 ms - 12[39m
[35m[HTTP][39m [90m[39m
[35m[HTTP][39m [37m-->[39m [37mPOST[39m [37m/wd/hub/session/7725ed31-0321-4126-9e02-03a5de491347/elements[39m
[35m[HTTP][39m [90m{"using":"xpath","value":"//*[@class = 'android.widget.TextView' and (@text = 'US Baby Straw Training Cup 200 ml - Kuning' or . = 'US Baby Straw Training Cup 200 ml - Kuning') and @resource-id = 'com.she.sehatq:id/tv_product_name']"}[39m
[35m[HTTP][39m [37m<-- POST /wd/hub/session/7725ed31-0321-4126-9e02-03a5de491347/elements [39m[32m200[39m [90m238 ms - 12[39m
[35m[HTTP][39m [90m[39m
[35m[HTTP][39m [37m-->[39m [37mPOST[39m [37m/wd/hub/session/7725ed31-0321-4126-9e02-03a5de491347/elements[39m
[35m[HTTP][39m [90m{"using":"xpath","value":"//*[@class = 'android.widget.TextView' and (@text = 'US Baby Straw Training Cup 200 ml - Kuning' or . = 'US Baby Straw Training Cup 200 ml - Kuning') and @resource-id = 'com.she.sehatq:id/tv_product_name']"}[39m
[35m[HTTP][39m [37m<-- POST /wd/hub/session/7725ed31-0321-4126-9e02-03a5de491347/elements [39m[32m200[39m [90m253 ms - 12[39m
[35m[HTTP][39m [90m[39m
[35m[HTTP][39m [37m-->[39m [37mPOST[39m [37m/wd/hub/session/7725ed31-0321-4126-9e02-03a5de491347/elements[39m
[35m[HTTP][39m [90m{"using":"xpath","value":"//*[@class = 'android.widget.TextView' and (@text = 'US Baby Straw Training Cup 200 ml - Kuning' or . = 'US Baby Straw Training Cup 200 ml - Kuning') and @resource-id = 'com.she.sehatq:id/tv_product_name']"}[39m
[35m[HTTP][39m [37m<-- POST /wd/hub/session/7725ed31-0321-4126-9e02-03a5de491347/elements [39m[32m200[39m [90m280 ms - 12[39m
[35m[HTTP][39m [90m[39m
[35m[HTTP][39m [37m-->[39m [37mPOST[39m [37m/wd/hub/session/7725ed31-0321-4126-9e02-03a5de491347/elements[39m
[35m[HTTP][39m [90m{"using":"xpath","value":"//*[@class = 'android.widget.TextView' and (@text = 'US Baby Straw Training Cup 200 ml - Kuning' or . = 'US Baby Straw Training Cup 200 ml - Kuning') and @resource-id = 'com.she.sehatq:id/tv_product_name']"}[39m
[35m[HTTP][39m [37m<-- POST /wd/hub/session/7725ed31-0321-4126-9e02-03a5de491347/elements [39m[32m200[39m [90m295 ms - 12[39m
[35m[HTTP][39m [90m[39m
[35m[HTTP][39m [37m-->[39m [37mPOST[39m [37m/wd/hub/session/7725ed31-0321-4126-9e02-03a5de491347/elements[39m
[35m[HTTP][39m [90m{"using":"xpath","value":"//*[@class = 'android.widget.TextView' and (@text = 'US Baby Straw Training Cup 200 ml - Kuning' or . = 'US Baby Straw Training Cup 200 ml - Kuning') and @resource-id = 'com.she.sehatq:id/tv_product_name']"}[39m
[35m[HTTP][39m [37m<-- POST /wd/hub/session/7725ed31-0321-4126-9e02-03a5de491347/elements [39m[32m200[39m [90m2915 ms - 12[39m
[35m[HTTP][39m [90m[39m
[35m[HTTP][39m [37m-->[39m [37mPOST[39m [37m/wd/hub/session/7725ed31-0321-4126-9e02-03a5de491347/elements[39m
[35m[HTTP][39m [90m{"using":"xpath","value":"//*[@class = 'android.widget.TextView' and (@text = 'US Baby Straw Training Cup 200 ml - Kuning' or . = 'US Baby Straw Training Cup 200 ml - Kuning') and @resource-id = 'com.she.sehatq:id/tv_product_name']"}[39m
[35m[HTTP][39m [37m<-- POST /wd/hub/session/7725ed31-0321-4126-9e02-03a5de491347/elements [39m[32m200[39m [90m153 ms - 12[39m
[35m[HTTP][39m [90m[39m
[35m[HTTP][39m [37m-->[39m [37mPOST[39m [37m/wd/hub/session/7725ed31-0321-4126-9e02-03a5de491347/elements[39m
[35m[HTTP][39m [90m{"using":"xpath","value":"//*[@class = 'android.widget.TextView' and (@text = 'US Baby Straw Training Cup 200 ml - Kuning' or . = 'US Baby Straw Training Cup 200 ml - Kuning') and @resource-id = 'com.she.sehatq:id/tv_product_name']"}[39m
[35m[HTTP][39m [37m<-- POST /wd/hub/session/7725ed31-0321-4126-9e02-03a5de491347/elements [39m[32m200[39m [90m149 ms - 12[39m
[35m[HTTP][39m [90m[39m
[35m[HTTP][39m [37m-->[39m [37mPOST[39m [37m/wd/hub/session/7725ed31-0321-4126-9e02-03a5de491347/elements[39m
[35m[HTTP][39m [90m{"using":"xpath","value":"//*[@class = 'android.widget.TextView' and (@text = 'US Baby Straw Training Cup 200 ml - Kuning' or . = 'US Baby Straw Training Cup 200 ml - Kuning') and @resource-id = 'com.she.sehatq:id/tv_product_name']"}[39m
[35m[HTTP][39m [37m<-- POST /wd/hub/session/7725ed31-0321-4126-9e02-03a5de491347/elements [39m[32m200[39m [90m136 ms - 12[39m
[35m[HTTP][39m [90m[39m
[35m[HTTP][39m [37m-->[39m [37mPOST[39m [37m/wd/hub/session/7725ed31-0321-4126-9e02-03a5de491347/elements[39m
[35m[HTTP][39m [90m{"using":"xpath","value":"//*[@class = 'android.widget.TextView' and (@text = 'US Baby Straw Training Cup 200 ml - Kuning' or . = 'US Baby Straw Training Cup 200 ml - Kuning') and @resource-id = 'com.she.sehatq:id/tv_product_name']"}[39m
[35m[HTTP][39m [37m<-- POST /wd/hub/session/7725ed31-0321-4126-9e02-03a5de491347/elements [39m[32m200[39m [90m112 ms - 12[39m
[35m[HTTP][39m [90m[39m
[35m[HTTP][39m [37m-->[39m [37mPOST[39m [37m/wd/hub/session/7725ed31-0321-4126-9e02-03a5de491347/elements[39m
[35m[HTTP][39m [90m{"using":"xpath","value":"//*[@class = 'android.widget.TextView' and (@text = 'US Baby Straw Training Cup 200 ml - Kuning' or . = 'US Baby Straw Training Cup 200 ml - Kuning') and @resource-id = 'com.she.sehatq:id/tv_product_name']"}[39m
[35m[HTTP][39m [37m<-- POST /wd/hub/session/7725ed31-0321-4126-9e02-03a5de491347/elements [39m[32m200[39m [90m136 ms - 12[39m
[35m[HTTP][39m [90m[39m
[35m[HTTP][39m [37m-->[39m [37mPOST[39m [37m/wd/hub/session/7725ed31-0321-4126-9e02-03a5de491347/elements[39m
[35m[HTTP][39m [90m{"using":"xpath","value":"//*[@class = 'android.widget.TextView' and (@text = 'US Baby Straw Training Cup 200 ml - Kuning' or . = 'US Baby Straw Training Cup 200 ml - Kuning') and @resource-id = 'com.she.sehatq:id/tv_product_name']"}[39m
[35m[HTTP][39m [37m<-- POST /wd/hub/session/7725ed31-0321-4126-9e02-03a5de491347/elements [39m[32m200[39m [90m172 ms - 12[39m
[35m[HTTP][39m [90m[39m
[35m[HTTP][39m [37m-->[39m [37mPOST[39m [37m/wd/hub/session/7725ed31-0321-4126-9e02-03a5de491347/elements[39m
[35m[HTTP][39m [90m{"using":"xpath","value":"//*[@class = 'android.widget.TextView' and (@text = 'US Baby Straw Training Cup 200 ml - Kuning' or . = 'US Baby Straw Training Cup 200 ml - Kuning') and @resource-id = 'com.she.sehatq:id/tv_product_name']"}[39m
[35m[HTTP][39m [37m<-- POST /wd/hub/session/7725ed31-0321-4126-9e02-03a5de491347/elements [39m[32m200[39m [90m201 ms - 12[39m
[35m[HTTP][39m [90m[39m
[35m[HTTP][39m [37m-->[39m [37mPOST[39m [37m/wd/hub/session/7725ed31-0321-4126-9e02-03a5de491347/elements[39m
[35m[HTTP][39m [90m{"using":"xpath","value":"//*[@class = 'android.widget.TextView' and (@text = 'US Baby Straw Training Cup 200 ml - Kuning' or . = 'US Baby Straw Training Cup 200 ml - Kuning') and @resource-id = 'com.she.sehatq:id/tv_product_name']"}[39m
[35m[HTTP][39m [37m<-- POST /wd/hub/session/7725ed31-0321-4126-9e02-03a5de491347/elements [39m[32m200[39m [90m210 ms - 12[39m
[35m[HTTP][39m [90m[39m
[35m[HTTP][39m [37m-->[39m [37mPOST[39m [37m/wd/hub/session/7725ed31-0321-4126-9e02-03a5de491347/elements[39m
[35m[HTTP][39m [90m{"using":"xpath","value":"//*[@class = 'android.widget.TextView' and (@text = 'US Baby Straw Training Cup 200 ml - Kuning' or . = 'US Baby Straw Training Cup 200 ml - Kuning') and @resource-id = 'com.she.sehatq:id/tv_product_name']"}[39m
[35m[HTTP][39m [37m<-- POST /wd/hub/session/7725ed31-0321-4126-9e02-03a5de491347/elements [39m[32m200[39m [90m166 ms - 12[39m
[35m[HTTP][39m [90m[39m
[35m[HTTP][39m [37m-->[39m [37mPOST[39m [37m/wd/hub/session/7725ed31-0321-4126-9e02-03a5de491347/elements[39m
[35m[HTTP][39m [90m{"using":"xpath","value":"//*[@class = 'android.widget.TextView' and (@text = 'US Baby Straw Training Cup 200 ml - Kuning' or . = 'US Baby Straw Training Cup 200 ml - Kuning') and @resource-id = 'com.she.sehatq:id/tv_product_name']"}[39m
[35m[HTTP][39m [37m<-- POST /wd/hub/session/7725ed31-0321-4126-9e02-03a5de491347/elements [39m[32m200[39m [90m1604 ms - 12[39m
[35m[HTTP][39m [90m[39m
[35m[HTTP][39m [37m-->[39m [37mPOST[39m [37m/wd/hub/session/7725ed31-0321-4126-9e02-03a5de491347/elements[39m
[35m[HTTP][39m [90m{"using":"xpath","value":"//*[@class = 'android.widget.TextView' and (@text = 'US Baby Straw Training Cup 200 ml - Kuning' or . = 'US Baby Straw Training Cup 200 ml - Kuning') and @resource-id = 'com.she.sehatq:id/tv_product_name']"}[39m
[35m[HTTP][39m [37m<-- POST /wd/hub/session/7725ed31-0321-4126-9e02-03a5de491347/elements [39m[32m200[39m [90m146 ms - 12[39m
[35m[HTTP][39m [90m[39m
[35m[HTTP][39m [37m-->[39m [37mPOST[39m [37m/wd/hub/session/7725ed31-0321-4126-9e02-03a5de491347/elements[39m
[35m[HTTP][39m [90m{"using":"xpath","value":"//*[@class = 'android.widget.TextView' and (@text = 'US Baby Straw Training Cup 200 ml - Kuning' or . = 'US Baby Straw Training Cup 200 ml - Kuning') and @resource-id = 'com.she.sehatq:id/tv_product_name']"}[39m
[35m[HTTP][39m [37m<-- POST /wd/hub/session/7725ed31-0321-4126-9e02-03a5de491347/elements [39m[32m200[39m [90m91 ms - 12[39m
[35m[HTTP][39m [90m[39m
[35m[HTTP][39m [37m-->[39m [37mPOST[39m [37m/wd/hub/session/7725ed31-0321-4126-9e02-03a5de491347/elements[39m
[35m[HTTP][39m [90m{"using":"xpath","value":"//*[@class = 'android.widget.TextView' and (@text = 'US Baby Straw Training Cup 200 ml - Kuning' or . = 'US Baby Straw Training Cup 200 ml - Kuning') and @resource-id = 'com.she.sehatq:id/tv_product_name']"}[39m
[35m[HTTP][39m [37m<-- POST /wd/hub/session/7725ed31-0321-4126-9e02-03a5de491347/elements [39m[32m200[39m [90m147 ms - 12[39m
[35m[HTTP][39m [90m[39m
[35m[HTTP][39m [37m-->[39m [37mPOST[39m [37m/wd/hub/session/7725ed31-0321-4126-9e02-03a5de491347/elements[39m
[35m[HTTP][39m [90m{"using":"xpath","value":"//*[@class = 'android.widget.TextView' and (@text = 'US Baby Straw Training Cup 200 ml - Kuning' or . = 'US Baby Straw Training Cup 200 ml - Kuning') and @resource-id = 'com.she.sehatq:id/tv_product_name']"}[39m
[35m[HTTP][39m [37m<-- POST /wd/hub/session/7725ed31-0321-4126-9e02-03a5de491347/elements [39m[32m200[39m [90m114 ms - 12[39m
[35m[HTTP][39m [90m[39m
[35m[HTTP][39m [37m-->[39m [37mPOST[39m [37m/wd/hub/session/7725ed31-0321-4126-9e02-03a5de491347/elements[39m
[35m[HTTP][39m [90m{"using":"xpath","value":"//*[@class = 'android.widget.TextView' and (@text = 'US Baby Straw Training Cup 200 ml - Kuning' or . = 'US Baby Straw Training Cup 200 ml - Kuning') and @resource-id = 'com.she.sehatq:id/tv_product_name']"}[39m
[35m[HTTP][39m [37m<-- POST /wd/hub/session/7725ed31-0321-4126-9e02-03a5de491347/elements [39m[32m200[39m [90m159 ms - 12[39m
[35m[HTTP][39m [90m[39m
[35m[HTTP][39m [37m-->[39m [37mPOST[39m [37m/wd/hub/session/7725ed31-0321-4126-9e02-03a5de491347/elements[39m
[35m[HTTP][39m [90m{"using":"xpath","value":"//*[@class = 'android.widget.TextView' and (@text = 'US Baby Straw Training Cup 200 ml - Kuning' or . = 'US Baby Straw Training Cup 200 ml - Kuning') and @resource-id = 'com.she.sehatq:id/tv_product_name']"}[39m
[35m[HTTP][39m [37m<-- POST /wd/hub/session/7725ed31-0321-4126-9e02-03a5de491347/elements [39m[32m200[39m [90m188 ms - 12[39m
[35m[HTTP][39m [90m[39m
[35m[HTTP][39m [37m-->[39m [37mPOST[39m [37m/wd/hub/session/7725ed31-0321-4126-9e02-03a5de491347/elements[39m
[35m[HTTP][39m [90m{"using":"xpath","value":"//*[@class = 'android.widget.TextView' and (@text = 'US Baby Straw Training Cup 200 ml - Kuning' or . = 'US Baby Straw Training Cup 200 ml - Kuning') and @resource-id = 'com.she.sehatq:id/tv_product_name']"}[39m
[35m[HTTP][39m [37m<-- POST /wd/hub/session/7725ed31-0321-4126-9e02-03a5de491347/elements [39m[32m200[39m [90m151 ms - 12[39m
[35m[HTTP][39m [90m[39m
[35m[HTTP][39m [37m-->[39m [37mPOST[39m [37m/wd/hub/session/7725ed31-0321-4126-9e02-03a5de491347/elements[39m
[35m[HTTP][39m [90m{"using":"xpath","value":"//*[@class = 'android.widget.TextView' and (@text = 'US Baby Straw Training Cup 200 ml - Kuning' or . = 'US Baby Straw Training Cup 200 ml - Kuning') and @resource-id = 'com.she.sehatq:id/tv_product_name']"}[39m
[35m[HTTP][39m [37m<-- POST /wd/hub/session/7725ed31-0321-4126-9e02-03a5de491347/elements [39m[32m200[39m [90m163 ms - 12[39m
[35m[HTTP][39m [90m[39m
[35m[HTTP][39m [37m-->[39m [37mPOST[39m [37m/wd/hub/session/7725ed31-0321-4126-9e02-03a5de491347/elements[39m
[35m[HTTP][39m [90m{"using":"xpath","value":"//*[@class = 'android.widget.TextView' and (@text = 'US Baby Straw Training Cup 200 ml - Kuning' or . = 'US Baby Straw Training Cup 200 ml - Kuning') and @resource-id = 'com.she.sehatq:id/tv_product_name']"}[39m
[35m[HTTP][39m [37m<-- POST /wd/hub/session/7725ed31-0321-4126-9e02-03a5de491347/elements [39m[32m200[39m [90m173 ms - 12[39m
[35m[HTTP][39m [90m[39m
[35m[HTTP][39m [37m-->[39m [37mPOST[39m [37m/wd/hub/session/7725ed31-0321-4126-9e02-03a5de491347/elements[39m
[35m[HTTP][39m [90m{"using":"xpath","value":"//*[@class = 'android.widget.TextView' and (@text = 'US Baby Straw Training Cup 200 ml - Kuning' or . = 'US Baby Straw Training Cup 200 ml - Kuning') and @resource-id = 'com.she.sehatq:id/tv_product_name']"}[39m
[35m[HTTP][39m [37m<-- POST /wd/hub/session/7725ed31-0321-4126-9e02-03a5de491347/elements [39m[32m200[39m [90m1616 ms - 12[39m
[35m[HTTP][39m [90m[39m
[35m[HTTP][39m [37m-->[39m [37mPOST[39m [37m/wd/hub/session/7725ed31-0321-4126-9e02-03a5de491347/elements[39m
[35m[HTTP][39m [90m{"using":"xpath","value":"//*[@class = 'android.widget.TextView' and (@text = 'US Baby Straw Training Cup 200 ml - Kuning' or . = 'US Baby Straw Training Cup 200 ml - Kuning') and @resource-id = 'com.she.sehatq:id/tv_product_name']"}[39m
[35m[HTTP][39m [37m<-- POST /wd/hub/session/7725ed31-0321-4126-9e02-03a5de491347/elements [39m[32m200[39m [90m3017 ms - 12[39m
[35m[HTTP][39m [90m[39m
[35m[HTTP][39m [37m-->[39m [37mPOST[39m [37m/wd/hub/session/7725ed31-0321-4126-9e02-03a5de491347/timeouts[39m
[35m[HTTP][39m [90m{"implicit":30000}[39m
[35m[HTTP][39m [37m<-- POST /wd/hub/session/7725ed31-0321-4126-9e02-03a5de491347/timeouts [39m[32m200[39m [90m2 ms - 14[39m
[35m[HTTP][39m [90m[39m
[35m[HTTP][39m [37m-->[39m [37mGET[39m [37m/wd/hub/session/7725ed31-0321-4126-9e02-03a5de491347/context[39m
[35m[HTTP][39m [90m{}[39m
[35m[HTTP][39m [37m<-- GET /wd/hub/session/7725ed31-0321-4126-9e02-03a5de491347/context [39m[32m200[39m [90m1 ms - 22[39m
[35m[HTTP][39m [90m[39m
[35m[HTTP][39m [37m-->[39m [37mGET[39m [37m/wd/hub/session/7725ed31-0321-4126-9e02-03a5de491347/contexts[39m
[35m[HTTP][39m [90m{}[39m
[35m[HTTP][39m [37m<-- GET /wd/hub/session/7725ed31-0321-4126-9e02-03a5de491347/contexts [39m[32m200[39m [90m84 ms - 24[39m
[35m[HTTP][39m [90m[39m
[35m[HTTP][39m [37m-->[39m [37mPOST[39m [37m/wd/hub/session/7725ed31-0321-4126-9e02-03a5de491347/context[39m
[35m[HTTP][39m [90m{"name":"NATIVE_APP"}[39m
[35m[HTTP][39m [37m<-- POST /wd/hub/session/7725ed31-0321-4126-9e02-03a5de491347/context [39m[32m200[39m [90m2 ms - 14[39m
[35m[HTTP][39m [90m[39m
[35m[HTTP][39m [37m-->[39m [37mGET[39m [37m/wd/hub/session/7725ed31-0321-4126-9e02-03a5de491347/screenshot[39m
[35m[HTTP][39m [90m{}[39m
[35m[HTTP][39m [37m<-- GET /wd/hub/session/7725ed31-0321-4126-9e02-03a5de491347/screenshot [39m[32m200[39m [90m1076 ms - 1032938[39m
[35m[HTTP][39m [90m[39m
[35m[HTTP][39m [37m-->[39m [37mPOST[39m [37m/wd/hub/session/7725ed31-0321-4126-9e02-03a5de491347/context[39m
[35m[HTTP][39m [90m{"name":"NATIVE_APP"}[39m
[35m[HTTP][39m [37m<-- POST /wd/hub/session/7725ed31-0321-4126-9e02-03a5de491347/context [39m[32m200[39m [90m1 ms - 14[39m
[35m[HTTP][39m [90m[39m
[35m[HTTP][39m [37m-->[39m [37mGET[39m [37m/wd/hub/session/7725ed31-0321-4126-9e02-03a5de491347/context[39m
[35m[HTTP][39m [90m{}[39m
[35m[HTTP][39m [37m<-- GET /wd/hub/session/7725ed31-0321-4126-9e02-03a5de491347/context [39m[32m200[39m [90m1 ms - 22[39m
[35m[HTTP][39m [90m[39m
[35m[HTTP][39m [37m-->[39m [37mGET[39m [37m/wd/hub/session/7725ed31-0321-4126-9e02-03a5de491347/contexts[39m
[35m[HTTP][39m [90m{}[39m
[35m[HTTP][39m [37m<-- GET /wd/hub/session/7725ed31-0321-4126-9e02-03a5de491347/contexts [39m[32m200[39m [90m108 ms - 24[39m
[35m[HTTP][39m [90m[39m
[35m[HTTP][39m [37m-->[39m [37mPOST[39m [37m/wd/hub/session/7725ed31-0321-4126-9e02-03a5de491347/context[39m
[35m[HTTP][39m [90m{"name":"NATIVE_APP"}[39m
[35m[HTTP][39m [37m<-- POST /wd/hub/session/7725ed31-0321-4126-9e02-03a5de491347/context [39m[32m200[39m [90m1 ms - 14[39m
[35m[HTTP][39m [90m[39m
[35m[HTTP][39m [37m-->[39m [37mGET[39m [37m/wd/hub/session/7725ed31-0321-4126-9e02-03a5de491347/screenshot[39m
[35m[HTTP][39m [90m{}[39m
[35m[HTTP][39m [37m<-- GET /wd/hub/session/7725ed31-0321-4126-9e02-03a5de491347/screenshot [39m[32m200[39m [90m1113 ms - 1166256[39m
[35m[HTTP][39m [90m[39m
[35m[HTTP][39m [37m-->[39m [37mPOST[39m [37m/wd/hub/session/7725ed31-0321-4126-9e02-03a5de491347/context[39m
[35m[HTTP][39m [90m{"name":"NATIVE_APP"}[39m
[35m[HTTP][39m [37m<-- POST /wd/hub/session/7725ed31-0321-4126-9e02-03a5de491347/context [39m[32m200[39m [90m1 ms - 14[39m
[35m[HTTP][39m [90m[39m
[35m[HTTP][39m [37m-->[39m [37mDELETE[39m [37m/wd/hub/session/7725ed31-0321-4126-9e02-03a5de491347[39m
[35m[HTTP][39m [90m{}[39m
[35m[Appium][39m Removing session 7725ed31-0321-4126-9e02-03a5de491347 from our master session list
[35m[UiAutomator2][39m Restoring hidden api policy to the device default configuration
[35m[HTTP][39m [37m<-- DELETE /wd/hub/session/7725ed31-0321-4126-9e02-03a5de491347 [39m[32m200[39m [90m449 ms - 14[39m
[35m[HTTP][39m [90m[39m
