[35m[Appium][39m Welcome to Appium v1.22.0
[35m[Appium][39m Non-default server args:
[35m[Appium][39m   port: 56639
[35m[Appium][39m   loglevel: info
[35m[Appium][39m   tmpDir: /var/folders/wv/rdwfrh89255gqff9kdgxs_t40000gp/T//Katalon/Appium/Temp1636169933025
[35m[Appium][39m   chromedriverPort: 56640
[35m[Appium][39m Deprecated server args:
[35m[Appium][39m   [31m--chromedriver-port[39m => --default-capabilities
[35m[Appium][39m Default capabilities, which will be added to each request unless overridden by desired capabilities:
[35m[Appium][39m   chromedriverPort: 56640
[35m[Appium][39m Appium REST http interface listener started on 0.0.0.0:56639
[35m[HTTP][39m [37m-->[39m [37mGET[39m [37m/wd/hub/status[39m
[35m[HTTP][39m [90m{}[39m
[35m[HTTP][39m [37m<-- GET /wd/hub/status [39m[32m200[39m [90m6 ms - 68[39m
[35m[HTTP][39m [90m[39m
[35m[HTTP][39m [37m-->[39m [37mPOST[39m [37m/wd/hub/session[39m
[35m[HTTP][39m [90m{"desiredCapabilities":{"appActivity":".Settings","appPackage":"com.android.settings","newCommandTimeout":1800,"platformVersion":"11","automationName":"uiautomator2","autoGrantPermissions":true,"platformName":"Android","udid":"db3027ce","deviceName":"vivo V2022 (Android 11)","platform":"ANDROID","systemPort":8249},"capabilities":{"firstMatch":[{"appium:appActivity":".Settings","appium:appPackage":"com.android.settings","appium:autoGrantPermissions":true,"appium:automationName":"uiautomator2","appium:deviceName":"vivo V2022 (Android 11)","appium:newCommandTimeout":1800,"platform":"ANDROID","platformName":"android","appium:platformVersion":"11","appium:systemPort":8249,"appium:udid":"db3027ce"}]}}[39m
[35m[BaseDriver][39m The following capabilities are not standard capabilities and should have an extension prefix:
[35m[BaseDriver][39m   platform
[35m[BaseDriver][39m   chromedriverPort
[35m[Appium][39m Appium v1.22.0 creating new AndroidUiautomator2Driver (v1.69.0) session
[35m[BaseDriver][39m The following capabilities were provided, but are not recognized by Appium:
[35m[BaseDriver][39m   platform
[35m[BaseDriver][39m Session created with session id: 390ec841-6a1d-499c-b625-336641d2cad2
[35m[UiAutomator2][39m Starting 'com.android.settings' directly on the device
[35m[ADB][39m Found 1 'build-tools' folders under '/Users/muhammadyaasin/.katalon/tools/android_sdk' (newest first):
[35m[ADB][39m     /Users/muhammadyaasin/.katalon/tools/android_sdk/build-tools/29.0.3
[35m[ADB][39m Using 'adb' from '/Users/muhammadyaasin/.katalon/tools/android_sdk/platform-tools/adb'
[35m[AndroidDriver][39m Retrieving device list
[35m[AndroidDriver][39m Using device: db3027ce
[35m[ADB][39m Using 'adb' from '/Users/muhammadyaasin/.katalon/tools/android_sdk/platform-tools/adb'
[35m[ADB][39m Getting device platform version
[35m[UiAutomator2][39m Relaxing hidden api policy
[35m[AndroidDriver][39m No app sent in, not parsing package/activity
[35m[ADB][39m Using 'apksigner.jar' from '/Users/muhammadyaasin/.katalon/tools/android_sdk/build-tools/29.0.3/lib/apksigner.jar'
[35m[ADB][39m '/usr/local/lib/node_modules/appium/node_modules/appium-uiautomator2-server/apks/appium-uiautomator2-server-v4.24.0.apk' is signed with the default certificate
[35m[ADB][39m '/usr/local/lib/node_modules/appium/node_modules/appium-uiautomator2-server/apks/appium-uiautomator2-server-debug-androidTest.apk' is signed with the default certificate
[35m[UiAutomator2][39m Server packages are not going to be (re)installed
[35m[ADB][39m Adding packages ["io.appium.settings","io.appium.uiautomator2.server","io.appium.uiautomator2.server.test"] to Doze whitelist
[35m[UiAutomator2][39m Starting UIAutomator2 server 4.24.0
[35m[UiAutomator2][39m Using UIAutomator2 server from '/usr/local/lib/node_modules/appium/node_modules/appium-uiautomator2-server/apks/appium-uiautomator2-server-v4.24.0.apk' and test from '/usr/local/lib/node_modules/appium/node_modules/appium-uiautomator2-server/apks/appium-uiautomator2-server-debug-androidTest.apk'
[35m[UiAutomator2][39m Waiting up to 30000ms for UiAutomator2 to be online...
[35m[WD Proxy][39m socket hang up
[35m[WD Proxy][39m socket hang up
[35m[WD Proxy][39m socket hang up
[35m[WD Proxy][39m socket hang up
[35m[WD Proxy][39m Determined the downstream protocol as 'W3C'
[35m[AndroidDriver][39m Screen already unlocked, doing nothing
[35m[UiAutomator2][39m Starting 'com.android.settings/.Settings and waiting for 'com.android.settings/.Settings'
[35m[Appium][39m New AndroidUiautomator2Driver session created successfully, session 390ec841-6a1d-499c-b625-336641d2cad2 added to master session list
[35m[HTTP][39m [37m<-- POST /wd/hub/session [39m[32m200[39m [90m10170 ms - 1133[39m
[35m[HTTP][39m [90m[39m
[35m[HTTP][39m [37m-->[39m [37mGET[39m [37m/wd/hub/session/390ec841-6a1d-499c-b625-336641d2cad2[39m
[35m[HTTP][39m [90m{}[39m
[35m[HTTP][39m [37m<-- GET /wd/hub/session/390ec841-6a1d-499c-b625-336641d2cad2 [39m[32m200[39m [90m19 ms - 1087[39m
[35m[HTTP][39m [90m[39m
[35m[HTTP][39m [37m-->[39m [37mGET[39m [37m/wd/hub/session/390ec841-6a1d-499c-b625-336641d2cad2[39m
[35m[HTTP][39m [90m{}[39m
[35m[HTTP][39m [37m<-- GET /wd/hub/session/390ec841-6a1d-499c-b625-336641d2cad2 [39m[32m200[39m [90m19 ms - 1087[39m
[35m[HTTP][39m [90m[39m
[35m[HTTP][39m [37m-->[39m [37mGET[39m [37m/wd/hub/status[39m
[35m[HTTP][39m [90m{}[39m
[35m[HTTP][39m [37m<-- GET /wd/hub/status [39m[32m200[39m [90m1 ms - 68[39m
[35m[HTTP][39m [90m[39m
[35m[HTTP][39m [37m-->[39m [37mPOST[39m [37m/wd/hub/session/390ec841-6a1d-499c-b625-336641d2cad2/timeouts[39m
[35m[HTTP][39m [90m{"implicit":30000}[39m
[35m[HTTP][39m [37m<-- POST /wd/hub/session/390ec841-6a1d-499c-b625-336641d2cad2/timeouts [39m[32m200[39m [90m2 ms - 14[39m
[35m[HTTP][39m [90m[39m
[35m[HTTP][39m [37m-->[39m [37mGET[39m [37m/wd/hub/session/390ec841-6a1d-499c-b625-336641d2cad2/screenshot[39m
[35m[HTTP][39m [90m{}[39m
[35m[HTTP][39m [37m<-- GET /wd/hub/session/390ec841-6a1d-499c-b625-336641d2cad2/screenshot [39m[32m200[39m [90m761 ms - 248882[39m
[35m[HTTP][39m [90m[39m
[35m[HTTP][39m [37m-->[39m [37mGET[39m [37m/wd/hub/session/390ec841-6a1d-499c-b625-336641d2cad2/window/rect[39m
[35m[HTTP][39m [90m{}[39m
[35m[HTTP][39m [37m<-- GET /wd/hub/session/390ec841-6a1d-499c-b625-336641d2cad2/window/rect [39m[32m200[39m [90m48 ms - 50[39m
[35m[HTTP][39m [90m[39m
[35m[HTTP][39m [37m-->[39m [37mGET[39m [37m/wd/hub/session/390ec841-6a1d-499c-b625-336641d2cad2/appium/device/system_bars[39m
[35m[HTTP][39m [90m{}[39m
[35m[HTTP][39m [37m<-- GET /wd/hub/session/390ec841-6a1d-499c-b625-336641d2cad2/appium/device/system_bars [39m[32m200[39m [90m133 ms - 148[39m
[35m[HTTP][39m [90m[39m
[35m[HTTP][39m [37m-->[39m [37mPOST[39m [37m/wd/hub/session/390ec841-6a1d-499c-b625-336641d2cad2/appium/device/activate_app[39m
[35m[HTTP][39m [90m{"bundleId":"com.she.sehatq"}[39m
[35m[HTTP][39m [37m<-- POST /wd/hub/session/390ec841-6a1d-499c-b625-336641d2cad2/appium/device/activate_app [39m[32m200[39m [90m579 ms - 14[39m
[35m[HTTP][39m [90m[39m
[35m[HTTP][39m [37m-->[39m [37mPOST[39m [37m/wd/hub/session/390ec841-6a1d-499c-b625-336641d2cad2/timeouts[39m
[35m[HTTP][39m [90m{"implicit":50}[39m
[35m[HTTP][39m [37m<-- POST /wd/hub/session/390ec841-6a1d-499c-b625-336641d2cad2/timeouts [39m[32m200[39m [90m3 ms - 14[39m
[35m[HTTP][39m [90m[39m
[35m[HTTP][39m [37m-->[39m [37mGET[39m [37m/wd/hub/session/390ec841-6a1d-499c-b625-336641d2cad2/window/rect[39m
[35m[HTTP][39m [90m{}[39m
[35m[HTTP][39m [37m<-- GET /wd/hub/session/390ec841-6a1d-499c-b625-336641d2cad2/window/rect [39m[32m200[39m [90m22 ms - 50[39m
[35m[HTTP][39m [90m[39m
[35m[HTTP][39m [37m-->[39m [37mPOST[39m [37m/wd/hub/session/390ec841-6a1d-499c-b625-336641d2cad2/elements[39m
[35m[HTTP][39m [90m{"using":"xpath","value":"//*[@class = 'android.widget.TextView' and (@text = 'Tidak' or . = 'Tidak') and @resource-id = 'com.she.sehatq:id/tv_dismiss']"}[39m
[35m[HTTP][39m [37m<-- POST /wd/hub/session/390ec841-6a1d-499c-b625-336641d2cad2/elements [39m[32m200[39m [90m888 ms - 12[39m
[35m[HTTP][39m [90m[39m
[35m[HTTP][39m [37m-->[39m [37mPOST[39m [37m/wd/hub/session/390ec841-6a1d-499c-b625-336641d2cad2/elements[39m
[35m[HTTP][39m [90m{"using":"xpath","value":"//*[@class = 'android.widget.TextView' and (@text = 'Tidak' or . = 'Tidak') and @resource-id = 'com.she.sehatq:id/tv_dismiss']"}[39m
[35m[HTTP][39m [37m<-- POST /wd/hub/session/390ec841-6a1d-499c-b625-336641d2cad2/elements [39m[32m200[39m [90m410 ms - 12[39m
[35m[HTTP][39m [90m[39m
[35m[HTTP][39m [37m-->[39m [37mPOST[39m [37m/wd/hub/session/390ec841-6a1d-499c-b625-336641d2cad2/elements[39m
[35m[HTTP][39m [90m{"using":"xpath","value":"//*[@class = 'android.widget.TextView' and (@text = 'Tidak' or . = 'Tidak') and @resource-id = 'com.she.sehatq:id/tv_dismiss']"}[39m
[35m[HTTP][39m [37m<-- POST /wd/hub/session/390ec841-6a1d-499c-b625-336641d2cad2/elements [39m[32m200[39m [90m413 ms - 12[39m
[35m[HTTP][39m [90m[39m
[35m[HTTP][39m [37m-->[39m [37mPOST[39m [37m/wd/hub/session/390ec841-6a1d-499c-b625-336641d2cad2/elements[39m
[35m[HTTP][39m [90m{"using":"xpath","value":"//*[@class = 'android.widget.TextView' and (@text = 'Tidak' or . = 'Tidak') and @resource-id = 'com.she.sehatq:id/tv_dismiss']"}[39m
[35m[HTTP][39m [37m<-- POST /wd/hub/session/390ec841-6a1d-499c-b625-336641d2cad2/elements [39m[32m200[39m [90m67 ms - 12[39m
[35m[HTTP][39m [90m[39m
[35m[HTTP][39m [37m-->[39m [37mPOST[39m [37m/wd/hub/session/390ec841-6a1d-499c-b625-336641d2cad2/elements[39m
[35m[HTTP][39m [90m{"using":"xpath","value":"//*[@class = 'android.widget.TextView' and (@text = 'Tidak' or . = 'Tidak') and @resource-id = 'com.she.sehatq:id/tv_dismiss']"}[39m
[35m[HTTP][39m [37m<-- POST /wd/hub/session/390ec841-6a1d-499c-b625-336641d2cad2/elements [39m[32m200[39m [90m54 ms - 12[39m
[35m[HTTP][39m [90m[39m
[35m[HTTP][39m [37m-->[39m [37mPOST[39m [37m/wd/hub/session/390ec841-6a1d-499c-b625-336641d2cad2/elements[39m
[35m[HTTP][39m [90m{"using":"xpath","value":"//*[@class = 'android.widget.TextView' and (@text = 'Tidak' or . = 'Tidak') and @resource-id = 'com.she.sehatq:id/tv_dismiss']"}[39m
[35m[HTTP][39m [37m<-- POST /wd/hub/session/390ec841-6a1d-499c-b625-336641d2cad2/elements [39m[32m200[39m [90m94 ms - 12[39m
[35m[HTTP][39m [90m[39m
[35m[HTTP][39m [37m-->[39m [37mPOST[39m [37m/wd/hub/session/390ec841-6a1d-499c-b625-336641d2cad2/elements[39m
[35m[HTTP][39m [90m{"using":"xpath","value":"//*[@class = 'android.widget.TextView' and (@text = 'Tidak' or . = 'Tidak') and @resource-id = 'com.she.sehatq:id/tv_dismiss']"}[39m
[35m[HTTP][39m [37m<-- POST /wd/hub/session/390ec841-6a1d-499c-b625-336641d2cad2/elements [39m[32m200[39m [90m99 ms - 12[39m
[35m[HTTP][39m [90m[39m
[35m[HTTP][39m [37m-->[39m [37mPOST[39m [37m/wd/hub/session/390ec841-6a1d-499c-b625-336641d2cad2/elements[39m
[35m[HTTP][39m [90m{"using":"xpath","value":"//*[@class = 'android.widget.TextView' and (@text = 'Tidak' or . = 'Tidak') and @resource-id = 'com.she.sehatq:id/tv_dismiss']"}[39m
[35m[HTTP][39m [37m<-- POST /wd/hub/session/390ec841-6a1d-499c-b625-336641d2cad2/elements [39m[32m200[39m [90m102 ms - 12[39m
[35m[HTTP][39m [90m[39m
[35m[HTTP][39m [37m-->[39m [37mPOST[39m [37m/wd/hub/session/390ec841-6a1d-499c-b625-336641d2cad2/elements[39m
[35m[HTTP][39m [90m{"using":"xpath","value":"//*[@class = 'android.widget.TextView' and (@text = 'Tidak' or . = 'Tidak') and @resource-id = 'com.she.sehatq:id/tv_dismiss']"}[39m
[35m[HTTP][39m [37m<-- POST /wd/hub/session/390ec841-6a1d-499c-b625-336641d2cad2/elements [39m[32m200[39m [90m526 ms - 12[39m
[35m[HTTP][39m [90m[39m
[35m[HTTP][39m [37m-->[39m [37mPOST[39m [37m/wd/hub/session/390ec841-6a1d-499c-b625-336641d2cad2/elements[39m
[35m[HTTP][39m [90m{"using":"xpath","value":"//*[@class = 'android.widget.TextView' and (@text = 'Tidak' or . = 'Tidak') and @resource-id = 'com.she.sehatq:id/tv_dismiss']"}[39m
[35m[HTTP][39m [37m<-- POST /wd/hub/session/390ec841-6a1d-499c-b625-336641d2cad2/elements [39m[32m200[39m [90m668 ms - 139[39m
[35m[HTTP][39m [90m[39m
[35m[HTTP][39m [37m-->[39m [37mGET[39m [37m/wd/hub/session/390ec841-6a1d-499c-b625-336641d2cad2/element/00000000-0000-0af2-ffff-ffff0000001b/location[39m
[35m[HTTP][39m [90m{}[39m
[35m[W3C (390ec841)][39m Driver proxy active, passing request on via HTTP proxy
[35m[WD Proxy][39m Replacing sessionId 1da5939a-8ff2-4c58-977c-d5ee25361948 with 390ec841-6a1d-499c-b625-336641d2cad2
[35m[HTTP][39m [37m<-- GET /wd/hub/session/390ec841-6a1d-499c-b625-336641d2cad2/element/00000000-0000-0af2-ffff-ffff0000001b/location [39m[32m200[39m [90m886 ms - 78[39m
[35m[HTTP][39m [90m[39m
[35m[HTTP][39m [37m-->[39m [37mPOST[39m [37m/wd/hub/session/390ec841-6a1d-499c-b625-336641d2cad2/timeouts[39m
[35m[HTTP][39m [90m{"implicit":30000}[39m
[35m[HTTP][39m [37m<-- POST /wd/hub/session/390ec841-6a1d-499c-b625-336641d2cad2/timeouts [39m[32m200[39m [90m1 ms - 14[39m
[35m[HTTP][39m [90m[39m
[35m[HTTP][39m [37m-->[39m [37mPOST[39m [37m/wd/hub/session/390ec841-6a1d-499c-b625-336641d2cad2/touch/perform[39m
[35m[HTTP][39m [90m{"actions":[{"action":"tap","options":{"x":1,"y":1,"element":"00000000-0000-0af2-ffff-ffff0000001b"}},{"action":"release","options":{}}]}[39m
[35m[UiAutomator2][39m calling get location: 00000000-0000-0af2-ffff-ffff0000001b
[35m[HTTP][39m [37m<-- POST /wd/hub/session/390ec841-6a1d-499c-b625-336641d2cad2/touch/perform [39m[32m200[39m [90m253 ms - 14[39m
[35m[HTTP][39m [90m[39m
[35m[HTTP][39m [37m-->[39m [37mPOST[39m [37m/wd/hub/session/390ec841-6a1d-499c-b625-336641d2cad2/timeouts[39m
[35m[HTTP][39m [90m{"implicit":50}[39m
[35m[HTTP][39m [37m<-- POST /wd/hub/session/390ec841-6a1d-499c-b625-336641d2cad2/timeouts [39m[32m200[39m [90m1 ms - 14[39m
[35m[HTTP][39m [90m[39m
[35m[HTTP][39m [37m-->[39m [37mGET[39m [37m/wd/hub/session/390ec841-6a1d-499c-b625-336641d2cad2/window/rect[39m
[35m[HTTP][39m [90m{}[39m
[35m[HTTP][39m [37m<-- GET /wd/hub/session/390ec841-6a1d-499c-b625-336641d2cad2/window/rect [39m[32m200[39m [90m12 ms - 50[39m
[35m[HTTP][39m [90m[39m
[35m[HTTP][39m [37m-->[39m [37mPOST[39m [37m/wd/hub/session/390ec841-6a1d-499c-b625-336641d2cad2/elements[39m
[35m[HTTP][39m [90m{"using":"xpath","value":"//*[@class = 'android.widget.ImageView' and @resource-id = 'com.she.sehatq:id/iv_profile_nav' and (@text = '' or . = '')]"}[39m
[35m[HTTP][39m [37m<-- POST /wd/hub/session/390ec841-6a1d-499c-b625-336641d2cad2/elements [39m[32m200[39m [90m723 ms - 139[39m
[35m[HTTP][39m [90m[39m
[35m[HTTP][39m [37m-->[39m [37mGET[39m [37m/wd/hub/session/390ec841-6a1d-499c-b625-336641d2cad2/element/00000000-0000-0af3-ffff-ffff0000002b/location[39m
[35m[HTTP][39m [90m{}[39m
[35m[W3C (390ec841)][39m Driver proxy active, passing request on via HTTP proxy
[35m[WD Proxy][39m Replacing sessionId 1da5939a-8ff2-4c58-977c-d5ee25361948 with 390ec841-6a1d-499c-b625-336641d2cad2
[35m[HTTP][39m [37m<-- GET /wd/hub/session/390ec841-6a1d-499c-b625-336641d2cad2/element/00000000-0000-0af3-ffff-ffff0000002b/location [39m[32m200[39m [90m23 ms - 78[39m
[35m[HTTP][39m [90m[39m
[35m[HTTP][39m [37m-->[39m [37mPOST[39m [37m/wd/hub/session/390ec841-6a1d-499c-b625-336641d2cad2/timeouts[39m
[35m[HTTP][39m [90m{"implicit":30000}[39m
[35m[HTTP][39m [37m<-- POST /wd/hub/session/390ec841-6a1d-499c-b625-336641d2cad2/timeouts [39m[32m200[39m [90m1 ms - 14[39m
[35m[HTTP][39m [90m[39m
[35m[HTTP][39m [37m-->[39m [37mPOST[39m [37m/wd/hub/session/390ec841-6a1d-499c-b625-336641d2cad2/touch/perform[39m
[35m[HTTP][39m [90m{"actions":[{"action":"tap","options":{"x":1,"y":1,"element":"00000000-0000-0af3-ffff-ffff0000002b"}},{"action":"release","options":{}}]}[39m
[35m[UiAutomator2][39m calling get location: 00000000-0000-0af3-ffff-ffff0000002b
[35m[HTTP][39m [37m<-- POST /wd/hub/session/390ec841-6a1d-499c-b625-336641d2cad2/touch/perform [39m[32m200[39m [90m182 ms - 14[39m
[35m[HTTP][39m [90m[39m
[35m[HTTP][39m [37m-->[39m [37mPOST[39m [37m/wd/hub/session/390ec841-6a1d-499c-b625-336641d2cad2/timeouts[39m
[35m[HTTP][39m [90m{"implicit":50}[39m
[35m[HTTP][39m [37m<-- POST /wd/hub/session/390ec841-6a1d-499c-b625-336641d2cad2/timeouts [39m[32m200[39m [90m1 ms - 14[39m
[35m[HTTP][39m [90m[39m
[35m[HTTP][39m [37m-->[39m [37mGET[39m [37m/wd/hub/session/390ec841-6a1d-499c-b625-336641d2cad2/window/rect[39m
[35m[HTTP][39m [90m{}[39m
[35m[HTTP][39m [37m<-- GET /wd/hub/session/390ec841-6a1d-499c-b625-336641d2cad2/window/rect [39m[32m200[39m [90m12 ms - 50[39m
[35m[HTTP][39m [90m[39m
[35m[HTTP][39m [37m-->[39m [37mPOST[39m [37m/wd/hub/session/390ec841-6a1d-499c-b625-336641d2cad2/elements[39m
[35m[HTTP][39m [90m{"using":"xpath","value":"//*[@class = 'android.widget.TextView' and (@text = 'Daftar' or . = 'Daftar') and @resource-id = 'com.she.sehatq:id/tv_signup']"}[39m
[35m[HTTP][39m [37m<-- POST /wd/hub/session/390ec841-6a1d-499c-b625-336641d2cad2/elements [39m[32m200[39m [90m1376 ms - 139[39m
[35m[HTTP][39m [90m[39m
[35m[HTTP][39m [37m-->[39m [37mGET[39m [37m/wd/hub/session/390ec841-6a1d-499c-b625-336641d2cad2/element/00000000-0000-0af4-ffff-ffff000002e1/location[39m
[35m[HTTP][39m [90m{}[39m
[35m[W3C (390ec841)][39m Driver proxy active, passing request on via HTTP proxy
[35m[WD Proxy][39m Replacing sessionId 1da5939a-8ff2-4c58-977c-d5ee25361948 with 390ec841-6a1d-499c-b625-336641d2cad2
[35m[HTTP][39m [37m<-- GET /wd/hub/session/390ec841-6a1d-499c-b625-336641d2cad2/element/00000000-0000-0af4-ffff-ffff000002e1/location [39m[32m200[39m [90m575 ms - 79[39m
[35m[HTTP][39m [90m[39m
[35m[HTTP][39m [37m-->[39m [37mPOST[39m [37m/wd/hub/session/390ec841-6a1d-499c-b625-336641d2cad2/timeouts[39m
[35m[HTTP][39m [90m{"implicit":30000}[39m
[35m[HTTP][39m [37m<-- POST /wd/hub/session/390ec841-6a1d-499c-b625-336641d2cad2/timeouts [39m[32m200[39m [90m2 ms - 14[39m
[35m[HTTP][39m [90m[39m
[35m[HTTP][39m [37m-->[39m [37mPOST[39m [37m/wd/hub/session/390ec841-6a1d-499c-b625-336641d2cad2/touch/perform[39m
[35m[HTTP][39m [90m{"actions":[{"action":"tap","options":{"x":1,"y":1,"element":"00000000-0000-0af4-ffff-ffff000002e1"}},{"action":"release","options":{}}]}[39m
[35m[UiAutomator2][39m calling get location: 00000000-0000-0af4-ffff-ffff000002e1
[35m[HTTP][39m [37m<-- POST /wd/hub/session/390ec841-6a1d-499c-b625-336641d2cad2/touch/perform [39m[32m200[39m [90m240 ms - 14[39m
[35m[HTTP][39m [90m[39m
[35m[HTTP][39m [37m-->[39m [37mPOST[39m [37m/wd/hub/session/390ec841-6a1d-499c-b625-336641d2cad2/timeouts[39m
[35m[HTTP][39m [90m{"implicit":50}[39m
[35m[HTTP][39m [37m<-- POST /wd/hub/session/390ec841-6a1d-499c-b625-336641d2cad2/timeouts [39m[32m200[39m [90m1 ms - 14[39m
[35m[HTTP][39m [90m[39m
[35m[HTTP][39m [37m-->[39m [37mGET[39m [37m/wd/hub/session/390ec841-6a1d-499c-b625-336641d2cad2/window/rect[39m
[35m[HTTP][39m [90m{}[39m
[35m[HTTP][39m [37m<-- GET /wd/hub/session/390ec841-6a1d-499c-b625-336641d2cad2/window/rect [39m[32m200[39m [90m13 ms - 50[39m
[35m[HTTP][39m [90m[39m
[35m[HTTP][39m [37m-->[39m [37mPOST[39m [37m/wd/hub/session/390ec841-6a1d-499c-b625-336641d2cad2/elements[39m
[35m[HTTP][39m [90m{"using":"xpath","value":"//*[@class = 'android.widget.EditText' and (@text = 'Nama Lengkap' or . = 'Nama Lengkap') and @resource-id = 'com.she.sehatq:id/et_input']"}[39m
[35m[HTTP][39m [37m<-- POST /wd/hub/session/390ec841-6a1d-499c-b625-336641d2cad2/elements [39m[32m200[39m [90m1030 ms - 139[39m
[35m[HTTP][39m [90m[39m
[35m[HTTP][39m [37m-->[39m [37mGET[39m [37m/wd/hub/session/390ec841-6a1d-499c-b625-336641d2cad2/element/00000000-0000-0af4-ffff-ffff000002ed/location[39m
[35m[HTTP][39m [90m{}[39m
[35m[W3C (390ec841)][39m Driver proxy active, passing request on via HTTP proxy
[35m[WD Proxy][39m Replacing sessionId 1da5939a-8ff2-4c58-977c-d5ee25361948 with 390ec841-6a1d-499c-b625-336641d2cad2
[35m[HTTP][39m [37m<-- GET /wd/hub/session/390ec841-6a1d-499c-b625-336641d2cad2/element/00000000-0000-0af4-ffff-ffff000002ed/location [39m[32m200[39m [90m523 ms - 77[39m
[35m[HTTP][39m [90m[39m
[35m[HTTP][39m [37m-->[39m [37mPOST[39m [37m/wd/hub/session/390ec841-6a1d-499c-b625-336641d2cad2/timeouts[39m
[35m[HTTP][39m [90m{"implicit":30000}[39m
[35m[HTTP][39m [37m<-- POST /wd/hub/session/390ec841-6a1d-499c-b625-336641d2cad2/timeouts [39m[32m200[39m [90m1 ms - 14[39m
[35m[HTTP][39m [90m[39m
[35m[HTTP][39m [37m-->[39m [37mPOST[39m [37m/wd/hub/session/390ec841-6a1d-499c-b625-336641d2cad2/element/00000000-0000-0af4-ffff-ffff000002ed/clear[39m
[35m[HTTP][39m [90m{"id":"00000000-0000-0af4-ffff-ffff000002ed"}[39m
[35m[HTTP][39m [37m<-- POST /wd/hub/session/390ec841-6a1d-499c-b625-336641d2cad2/element/00000000-0000-0af4-ffff-ffff000002ed/clear [39m[32m200[39m [90m72 ms - 14[39m
[35m[HTTP][39m [90m[39m
[35m[HTTP][39m [37m-->[39m [37mPOST[39m [37m/wd/hub/session/390ec841-6a1d-499c-b625-336641d2cad2/element/00000000-0000-0af4-ffff-ffff000002ed/value[39m
[35m[HTTP][39m [90m{"id":"00000000-0000-0af4-ffff-ffff000002ed","text":"coba","value":["c","o","b","a"]}[39m
[35m[HTTP][39m [37m<-- POST /wd/hub/session/390ec841-6a1d-499c-b625-336641d2cad2/element/00000000-0000-0af4-ffff-ffff000002ed/value [39m[32m200[39m [90m1115 ms - 14[39m
[35m[HTTP][39m [90m[39m
[35m[HTTP][39m [37m-->[39m [37mPOST[39m [37m/wd/hub/session/390ec841-6a1d-499c-b625-336641d2cad2/timeouts[39m
[35m[HTTP][39m [90m{"implicit":50}[39m
[35m[HTTP][39m [37m<-- POST /wd/hub/session/390ec841-6a1d-499c-b625-336641d2cad2/timeouts [39m[32m200[39m [90m2 ms - 14[39m
[35m[HTTP][39m [90m[39m
[35m[HTTP][39m [37m-->[39m [37mGET[39m [37m/wd/hub/session/390ec841-6a1d-499c-b625-336641d2cad2/window/rect[39m
[35m[HTTP][39m [90m{}[39m
[35m[HTTP][39m [37m<-- GET /wd/hub/session/390ec841-6a1d-499c-b625-336641d2cad2/window/rect [39m[32m200[39m [90m28 ms - 50[39m
[35m[HTTP][39m [90m[39m
[35m[HTTP][39m [37m-->[39m [37mPOST[39m [37m/wd/hub/session/390ec841-6a1d-499c-b625-336641d2cad2/elements[39m
[35m[HTTP][39m [90m{"using":"xpath","value":"//*[@class = 'android.widget.EditText' and (@text = 'Email' or . = 'Email') and @resource-id = 'com.she.sehatq:id/et_input']"}[39m
[35m[HTTP][39m [37m<-- POST /wd/hub/session/390ec841-6a1d-499c-b625-336641d2cad2/elements [39m[32m200[39m [90m502 ms - 139[39m
[35m[HTTP][39m [90m[39m
[35m[HTTP][39m [37m-->[39m [37mGET[39m [37m/wd/hub/session/390ec841-6a1d-499c-b625-336641d2cad2/element/00000000-0000-0af4-ffff-ffff0000030d/location[39m
[35m[HTTP][39m [90m{}[39m
[35m[W3C (390ec841)][39m Driver proxy active, passing request on via HTTP proxy
[35m[WD Proxy][39m Replacing sessionId 1da5939a-8ff2-4c58-977c-d5ee25361948 with 390ec841-6a1d-499c-b625-336641d2cad2
[35m[HTTP][39m [37m<-- GET /wd/hub/session/390ec841-6a1d-499c-b625-336641d2cad2/element/00000000-0000-0af4-ffff-ffff0000030d/location [39m[32m200[39m [90m29 ms - 77[39m
[35m[HTTP][39m [90m[39m
[35m[HTTP][39m [37m-->[39m [37mPOST[39m [37m/wd/hub/session/390ec841-6a1d-499c-b625-336641d2cad2/timeouts[39m
[35m[HTTP][39m [90m{"implicit":30000}[39m
[35m[HTTP][39m [37m<-- POST /wd/hub/session/390ec841-6a1d-499c-b625-336641d2cad2/timeouts [39m[32m200[39m [90m1 ms - 14[39m
[35m[HTTP][39m [90m[39m
[35m[HTTP][39m [37m-->[39m [37mPOST[39m [37m/wd/hub/session/390ec841-6a1d-499c-b625-336641d2cad2/element/00000000-0000-0af4-ffff-ffff0000030d/clear[39m
[35m[HTTP][39m [90m{"id":"00000000-0000-0af4-ffff-ffff0000030d"}[39m
[35m[HTTP][39m [37m<-- POST /wd/hub/session/390ec841-6a1d-499c-b625-336641d2cad2/element/00000000-0000-0af4-ffff-ffff0000030d/clear [39m[32m200[39m [90m31 ms - 14[39m
[35m[HTTP][39m [90m[39m
[35m[HTTP][39m [37m-->[39m [37mPOST[39m [37m/wd/hub/session/390ec841-6a1d-499c-b625-336641d2cad2/element/00000000-0000-0af4-ffff-ffff0000030d/value[39m
[35m[HTTP][39m [90m{"id":"00000000-0000-0af4-ffff-ffff0000030d","text":"a223@mail.com","value":["a","2","2","3","@","m","a","i","l",".","c","o","m"]}[39m
[35m[HTTP][39m [37m<-- POST /wd/hub/session/390ec841-6a1d-499c-b625-336641d2cad2/element/00000000-0000-0af4-ffff-ffff0000030d/value [39m[32m200[39m [90m573 ms - 14[39m
[35m[HTTP][39m [90m[39m
[35m[HTTP][39m [37m-->[39m [37mPOST[39m [37m/wd/hub/session/390ec841-6a1d-499c-b625-336641d2cad2/timeouts[39m
[35m[HTTP][39m [90m{"implicit":50}[39m
[35m[HTTP][39m [37m<-- POST /wd/hub/session/390ec841-6a1d-499c-b625-336641d2cad2/timeouts [39m[32m200[39m [90m1 ms - 14[39m
[35m[HTTP][39m [90m[39m
[35m[HTTP][39m [37m-->[39m [37mGET[39m [37m/wd/hub/session/390ec841-6a1d-499c-b625-336641d2cad2/window/rect[39m
[35m[HTTP][39m [90m{}[39m
[35m[HTTP][39m [37m<-- GET /wd/hub/session/390ec841-6a1d-499c-b625-336641d2cad2/window/rect [39m[32m200[39m [90m31 ms - 50[39m
[35m[HTTP][39m [90m[39m
[35m[HTTP][39m [37m-->[39m [37mPOST[39m [37m/wd/hub/session/390ec841-6a1d-499c-b625-336641d2cad2/elements[39m
[35m[HTTP][39m [90m{"using":"xpath","value":"//*[@class = 'android.widget.EditText' and (@text = 'Password' or . = 'Password') and @resource-id = 'com.she.sehatq:id/et_input']"}[39m
[35m[HTTP][39m [37m<-- POST /wd/hub/session/390ec841-6a1d-499c-b625-336641d2cad2/elements [39m[32m200[39m [90m538 ms - 139[39m
[35m[HTTP][39m [90m[39m
[35m[HTTP][39m [37m-->[39m [37mGET[39m [37m/wd/hub/session/390ec841-6a1d-499c-b625-336641d2cad2/element/00000000-0000-0af4-ffff-ffff0000032d/location[39m
[35m[HTTP][39m [90m{}[39m
[35m[W3C (390ec841)][39m Driver proxy active, passing request on via HTTP proxy
[35m[WD Proxy][39m Replacing sessionId 1da5939a-8ff2-4c58-977c-d5ee25361948 with 390ec841-6a1d-499c-b625-336641d2cad2
[35m[HTTP][39m [37m<-- GET /wd/hub/session/390ec841-6a1d-499c-b625-336641d2cad2/element/00000000-0000-0af4-ffff-ffff0000032d/location [39m[32m200[39m [90m31 ms - 77[39m
[35m[HTTP][39m [90m[39m
[35m[HTTP][39m [37m-->[39m [37mPOST[39m [37m/wd/hub/session/390ec841-6a1d-499c-b625-336641d2cad2/timeouts[39m
[35m[HTTP][39m [90m{"implicit":30000}[39m
[35m[HTTP][39m [37m<-- POST /wd/hub/session/390ec841-6a1d-499c-b625-336641d2cad2/timeouts [39m[32m200[39m [90m2 ms - 14[39m
[35m[HTTP][39m [90m[39m
[35m[HTTP][39m [37m-->[39m [37mPOST[39m [37m/wd/hub/session/390ec841-6a1d-499c-b625-336641d2cad2/element/00000000-0000-0af4-ffff-ffff0000032d/clear[39m
[35m[HTTP][39m [90m{"id":"00000000-0000-0af4-ffff-ffff0000032d"}[39m
[35m[HTTP][39m [37m<-- POST /wd/hub/session/390ec841-6a1d-499c-b625-336641d2cad2/element/00000000-0000-0af4-ffff-ffff0000032d/clear [39m[32m200[39m [90m45 ms - 14[39m
[35m[HTTP][39m [90m[39m
[35m[HTTP][39m [37m-->[39m [37mPOST[39m [37m/wd/hub/session/390ec841-6a1d-499c-b625-336641d2cad2/element/00000000-0000-0af4-ffff-ffff0000032d/value[39m
[35m[HTTP][39m [90m{"id":"00000000-0000-0af4-ffff-ffff0000032d","text":"123456","value":["1","2","3","4","5","6"]}[39m
[35m[HTTP][39m [37m<-- POST /wd/hub/session/390ec841-6a1d-499c-b625-336641d2cad2/element/00000000-0000-0af4-ffff-ffff0000032d/value [39m[32m200[39m [90m1055 ms - 14[39m
[35m[HTTP][39m [90m[39m
[35m[HTTP][39m [37m-->[39m [37mPOST[39m [37m/wd/hub/session/390ec841-6a1d-499c-b625-336641d2cad2/timeouts[39m
[35m[HTTP][39m [90m{"implicit":50}[39m
[35m[HTTP][39m [37m<-- POST /wd/hub/session/390ec841-6a1d-499c-b625-336641d2cad2/timeouts [39m[32m200[39m [90m2 ms - 14[39m
[35m[HTTP][39m [90m[39m
[35m[HTTP][39m [37m-->[39m [37mGET[39m [37m/wd/hub/session/390ec841-6a1d-499c-b625-336641d2cad2/window/rect[39m
[35m[HTTP][39m [90m{}[39m
[35m[HTTP][39m [37m<-- GET /wd/hub/session/390ec841-6a1d-499c-b625-336641d2cad2/window/rect [39m[32m200[39m [90m24 ms - 50[39m
[35m[HTTP][39m [90m[39m
[35m[HTTP][39m [37m-->[39m [37mPOST[39m [37m/wd/hub/session/390ec841-6a1d-499c-b625-336641d2cad2/elements[39m
[35m[HTTP][39m [90m{"using":"xpath","value":"//*[@class = 'android.widget.CheckBox' and @resource-id = 'com.she.sehatq:id/cb_terms' and (@text = '' or . = '')]"}[39m
[35m[HTTP][39m [37m<-- POST /wd/hub/session/390ec841-6a1d-499c-b625-336641d2cad2/elements [39m[32m200[39m [90m534 ms - 139[39m
[35m[HTTP][39m [90m[39m
[35m[HTTP][39m [37m-->[39m [37mGET[39m [37m/wd/hub/session/390ec841-6a1d-499c-b625-336641d2cad2/element/00000000-0000-0af4-ffff-ffff00000348/location[39m
[35m[HTTP][39m [90m{}[39m
[35m[W3C (390ec841)][39m Driver proxy active, passing request on via HTTP proxy
[35m[WD Proxy][39m Replacing sessionId 1da5939a-8ff2-4c58-977c-d5ee25361948 with 390ec841-6a1d-499c-b625-336641d2cad2
[35m[HTTP][39m [37m<-- GET /wd/hub/session/390ec841-6a1d-499c-b625-336641d2cad2/element/00000000-0000-0af4-ffff-ffff00000348/location [39m[32m200[39m [90m27 ms - 78[39m
[35m[HTTP][39m [90m[39m
[35m[HTTP][39m [37m-->[39m [37mPOST[39m [37m/wd/hub/session/390ec841-6a1d-499c-b625-336641d2cad2/timeouts[39m
[35m[HTTP][39m [90m{"implicit":30000}[39m
[35m[HTTP][39m [37m<-- POST /wd/hub/session/390ec841-6a1d-499c-b625-336641d2cad2/timeouts [39m[32m200[39m [90m1 ms - 14[39m
[35m[HTTP][39m [90m[39m
[35m[HTTP][39m [37m-->[39m [37mPOST[39m [37m/wd/hub/session/390ec841-6a1d-499c-b625-336641d2cad2/touch/perform[39m
[35m[HTTP][39m [90m{"actions":[{"action":"tap","options":{"x":1,"y":1,"element":"00000000-0000-0af4-ffff-ffff00000348"}},{"action":"release","options":{}}]}[39m
[35m[UiAutomator2][39m calling get location: 00000000-0000-0af4-ffff-ffff00000348
[35m[HTTP][39m [37m<-- POST /wd/hub/session/390ec841-6a1d-499c-b625-336641d2cad2/touch/perform [39m[32m200[39m [90m255 ms - 14[39m
[35m[HTTP][39m [90m[39m
[35m[HTTP][39m [37m-->[39m [37mPOST[39m [37m/wd/hub/session/390ec841-6a1d-499c-b625-336641d2cad2/timeouts[39m
[35m[HTTP][39m [90m{"implicit":50}[39m
[35m[HTTP][39m [37m<-- POST /wd/hub/session/390ec841-6a1d-499c-b625-336641d2cad2/timeouts [39m[32m200[39m [90m1 ms - 14[39m
[35m[HTTP][39m [90m[39m
[35m[HTTP][39m [37m-->[39m [37mGET[39m [37m/wd/hub/session/390ec841-6a1d-499c-b625-336641d2cad2/window/rect[39m
[35m[HTTP][39m [90m{}[39m
[35m[HTTP][39m [37m<-- GET /wd/hub/session/390ec841-6a1d-499c-b625-336641d2cad2/window/rect [39m[32m200[39m [90m23 ms - 50[39m
[35m[HTTP][39m [90m[39m
[35m[HTTP][39m [37m-->[39m [37mPOST[39m [37m/wd/hub/session/390ec841-6a1d-499c-b625-336641d2cad2/elements[39m
[35m[HTTP][39m [90m{"using":"xpath","value":"//*[@class = 'android.widget.Button' and (@text = 'Daftar' or . = 'Daftar') and @resource-id = 'com.she.sehatq:id/btn_signup']"}[39m
[35m[HTTP][39m [37m<-- POST /wd/hub/session/390ec841-6a1d-499c-b625-336641d2cad2/elements [39m[32m200[39m [90m603 ms - 139[39m
[35m[HTTP][39m [90m[39m
[35m[HTTP][39m [37m-->[39m [37mGET[39m [37m/wd/hub/session/390ec841-6a1d-499c-b625-336641d2cad2/element/00000000-0000-0af4-ffff-ffff0000034f/location[39m
[35m[HTTP][39m [90m{}[39m
[35m[W3C (390ec841)][39m Driver proxy active, passing request on via HTTP proxy
[35m[WD Proxy][39m Replacing sessionId 1da5939a-8ff2-4c58-977c-d5ee25361948 with 390ec841-6a1d-499c-b625-336641d2cad2
[35m[HTTP][39m [37m<-- GET /wd/hub/session/390ec841-6a1d-499c-b625-336641d2cad2/element/00000000-0000-0af4-ffff-ffff0000034f/location [39m[32m200[39m [90m27 ms - 78[39m
[35m[HTTP][39m [90m[39m
[35m[HTTP][39m [37m-->[39m [37mPOST[39m [37m/wd/hub/session/390ec841-6a1d-499c-b625-336641d2cad2/timeouts[39m
[35m[HTTP][39m [90m{"implicit":30000}[39m
[35m[HTTP][39m [37m<-- POST /wd/hub/session/390ec841-6a1d-499c-b625-336641d2cad2/timeouts [39m[32m200[39m [90m1 ms - 14[39m
[35m[HTTP][39m [90m[39m
[35m[HTTP][39m [37m-->[39m [37mPOST[39m [37m/wd/hub/session/390ec841-6a1d-499c-b625-336641d2cad2/touch/perform[39m
[35m[HTTP][39m [90m{"actions":[{"action":"tap","options":{"x":1,"y":1,"element":"00000000-0000-0af4-ffff-ffff0000034f"}},{"action":"release","options":{}}]}[39m
[35m[UiAutomator2][39m calling get location: 00000000-0000-0af4-ffff-ffff0000034f
[35m[HTTP][39m [37m<-- POST /wd/hub/session/390ec841-6a1d-499c-b625-336641d2cad2/touch/perform [39m[32m200[39m [90m215 ms - 14[39m
[35m[HTTP][39m [90m[39m
[35m[HTTP][39m [37m-->[39m [37mPOST[39m [37m/wd/hub/session/390ec841-6a1d-499c-b625-336641d2cad2/timeouts[39m
[35m[HTTP][39m [90m{"implicit":50}[39m
[35m[HTTP][39m [37m<-- POST /wd/hub/session/390ec841-6a1d-499c-b625-336641d2cad2/timeouts [39m[32m200[39m [90m1 ms - 14[39m
[35m[HTTP][39m [90m[39m
[35m[HTTP][39m [37m-->[39m [37mGET[39m [37m/wd/hub/session/390ec841-6a1d-499c-b625-336641d2cad2/window/rect[39m
[35m[HTTP][39m [90m{}[39m
[35m[HTTP][39m [37m<-- GET /wd/hub/session/390ec841-6a1d-499c-b625-336641d2cad2/window/rect [39m[32m200[39m [90m42 ms - 50[39m
[35m[HTTP][39m [90m[39m
[35m[HTTP][39m [37m-->[39m [37mPOST[39m [37m/wd/hub/session/390ec841-6a1d-499c-b625-336641d2cad2/elements[39m
[35m[HTTP][39m [90m{"using":"xpath","value":"//*[@class = 'android.widget.TextView' and (@text = 'Lewati' or . = 'Lewati') and @resource-id = 'com.she.sehatq:id/tvSkip']"}[39m
[35m[HTTP][39m [37m<-- POST /wd/hub/session/390ec841-6a1d-499c-b625-336641d2cad2/elements [39m[32m200[39m [90m488 ms - 12[39m
[35m[HTTP][39m [90m[39m
[35m[HTTP][39m [37m-->[39m [37mPOST[39m [37m/wd/hub/session/390ec841-6a1d-499c-b625-336641d2cad2/elements[39m
[35m[HTTP][39m [90m{"using":"xpath","value":"//*[@class = 'android.widget.TextView' and (@text = 'Lewati' or . = 'Lewati') and @resource-id = 'com.she.sehatq:id/tvSkip']"}[39m
[35m[HTTP][39m [37m<-- POST /wd/hub/session/390ec841-6a1d-499c-b625-336641d2cad2/elements [39m[32m200[39m [90m119 ms - 12[39m
[35m[HTTP][39m [90m[39m
[35m[HTTP][39m [37m-->[39m [37mPOST[39m [37m/wd/hub/session/390ec841-6a1d-499c-b625-336641d2cad2/elements[39m
[35m[HTTP][39m [90m{"using":"xpath","value":"//*[@class = 'android.widget.TextView' and (@text = 'Lewati' or . = 'Lewati') and @resource-id = 'com.she.sehatq:id/tvSkip']"}[39m
[35m[HTTP][39m [37m<-- POST /wd/hub/session/390ec841-6a1d-499c-b625-336641d2cad2/elements [39m[32m200[39m [90m100 ms - 12[39m
[35m[HTTP][39m [90m[39m
[35m[HTTP][39m [37m-->[39m [37mPOST[39m [37m/wd/hub/session/390ec841-6a1d-499c-b625-336641d2cad2/elements[39m
[35m[HTTP][39m [90m{"using":"xpath","value":"//*[@class = 'android.widget.TextView' and (@text = 'Lewati' or . = 'Lewati') and @resource-id = 'com.she.sehatq:id/tvSkip']"}[39m
[35m[HTTP][39m [37m<-- POST /wd/hub/session/390ec841-6a1d-499c-b625-336641d2cad2/elements [39m[32m200[39m [90m74 ms - 12[39m
[35m[HTTP][39m [90m[39m
[35m[HTTP][39m [37m-->[39m [37mPOST[39m [37m/wd/hub/session/390ec841-6a1d-499c-b625-336641d2cad2/elements[39m
[35m[HTTP][39m [90m{"using":"xpath","value":"//*[@class = 'android.widget.TextView' and (@text = 'Lewati' or . = 'Lewati') and @resource-id = 'com.she.sehatq:id/tvSkip']"}[39m
[35m[HTTP][39m [37m<-- POST /wd/hub/session/390ec841-6a1d-499c-b625-336641d2cad2/elements [39m[32m200[39m [90m92 ms - 12[39m
[35m[HTTP][39m [90m[39m
[35m[HTTP][39m [37m-->[39m [37mPOST[39m [37m/wd/hub/session/390ec841-6a1d-499c-b625-336641d2cad2/elements[39m
[35m[HTTP][39m [90m{"using":"xpath","value":"//*[@class = 'android.widget.TextView' and (@text = 'Lewati' or . = 'Lewati') and @resource-id = 'com.she.sehatq:id/tvSkip']"}[39m
[35m[HTTP][39m [37m<-- POST /wd/hub/session/390ec841-6a1d-499c-b625-336641d2cad2/elements [39m[32m200[39m [90m137 ms - 12[39m
[35m[HTTP][39m [90m[39m
[35m[HTTP][39m [37m-->[39m [37mPOST[39m [37m/wd/hub/session/390ec841-6a1d-499c-b625-336641d2cad2/elements[39m
[35m[HTTP][39m [90m{"using":"xpath","value":"//*[@class = 'android.widget.TextView' and (@text = 'Lewati' or . = 'Lewati') and @resource-id = 'com.she.sehatq:id/tvSkip']"}[39m
[35m[HTTP][39m [37m<-- POST /wd/hub/session/390ec841-6a1d-499c-b625-336641d2cad2/elements [39m[32m200[39m [90m85 ms - 12[39m
[35m[HTTP][39m [90m[39m
[35m[HTTP][39m [37m-->[39m [37mPOST[39m [37m/wd/hub/session/390ec841-6a1d-499c-b625-336641d2cad2/elements[39m
[35m[HTTP][39m [90m{"using":"xpath","value":"//*[@class = 'android.widget.TextView' and (@text = 'Lewati' or . = 'Lewati') and @resource-id = 'com.she.sehatq:id/tvSkip']"}[39m
[35m[HTTP][39m [37m<-- POST /wd/hub/session/390ec841-6a1d-499c-b625-336641d2cad2/elements [39m[32m200[39m [90m105 ms - 12[39m
[35m[HTTP][39m [90m[39m
[35m[HTTP][39m [37m-->[39m [37mPOST[39m [37m/wd/hub/session/390ec841-6a1d-499c-b625-336641d2cad2/elements[39m
[35m[HTTP][39m [90m{"using":"xpath","value":"//*[@class = 'android.widget.TextView' and (@text = 'Lewati' or . = 'Lewati') and @resource-id = 'com.she.sehatq:id/tvSkip']"}[39m
[35m[HTTP][39m [37m<-- POST /wd/hub/session/390ec841-6a1d-499c-b625-336641d2cad2/elements [39m[32m200[39m [90m85 ms - 12[39m
[35m[HTTP][39m [90m[39m
[35m[HTTP][39m [37m-->[39m [37mPOST[39m [37m/wd/hub/session/390ec841-6a1d-499c-b625-336641d2cad2/elements[39m
[35m[HTTP][39m [90m{"using":"xpath","value":"//*[@class = 'android.widget.TextView' and (@text = 'Lewati' or . = 'Lewati') and @resource-id = 'com.she.sehatq:id/tvSkip']"}[39m
[35m[HTTP][39m [37m<-- POST /wd/hub/session/390ec841-6a1d-499c-b625-336641d2cad2/elements [39m[32m200[39m [90m124 ms - 12[39m
[35m[HTTP][39m [90m[39m
[35m[HTTP][39m [37m-->[39m [37mPOST[39m [37m/wd/hub/session/390ec841-6a1d-499c-b625-336641d2cad2/elements[39m
[35m[HTTP][39m [90m{"using":"xpath","value":"//*[@class = 'android.widget.TextView' and (@text = 'Lewati' or . = 'Lewati') and @resource-id = 'com.she.sehatq:id/tvSkip']"}[39m
[35m[HTTP][39m [37m<-- POST /wd/hub/session/390ec841-6a1d-499c-b625-336641d2cad2/elements [39m[32m200[39m [90m121 ms - 12[39m
[35m[HTTP][39m [90m[39m
[35m[HTTP][39m [37m-->[39m [37mPOST[39m [37m/wd/hub/session/390ec841-6a1d-499c-b625-336641d2cad2/elements[39m
[35m[HTTP][39m [90m{"using":"xpath","value":"//*[@class = 'android.widget.TextView' and (@text = 'Lewati' or . = 'Lewati') and @resource-id = 'com.she.sehatq:id/tvSkip']"}[39m
[35m[HTTP][39m [37m<-- POST /wd/hub/session/390ec841-6a1d-499c-b625-336641d2cad2/elements [39m[32m200[39m [90m115 ms - 12[39m
[35m[HTTP][39m [90m[39m
[35m[HTTP][39m [37m-->[39m [37mPOST[39m [37m/wd/hub/session/390ec841-6a1d-499c-b625-336641d2cad2/elements[39m
[35m[HTTP][39m [90m{"using":"xpath","value":"//*[@class = 'android.widget.TextView' and (@text = 'Lewati' or . = 'Lewati') and @resource-id = 'com.she.sehatq:id/tvSkip']"}[39m
[35m[HTTP][39m [37m<-- POST /wd/hub/session/390ec841-6a1d-499c-b625-336641d2cad2/elements [39m[32m200[39m [90m130 ms - 12[39m
[35m[HTTP][39m [90m[39m
[35m[HTTP][39m [37m-->[39m [37mPOST[39m [37m/wd/hub/session/390ec841-6a1d-499c-b625-336641d2cad2/elements[39m
[35m[HTTP][39m [90m{"using":"xpath","value":"//*[@class = 'android.widget.TextView' and (@text = 'Lewati' or . = 'Lewati') and @resource-id = 'com.she.sehatq:id/tvSkip']"}[39m
[35m[HTTP][39m [37m<-- POST /wd/hub/session/390ec841-6a1d-499c-b625-336641d2cad2/elements [39m[32m200[39m [90m99 ms - 12[39m
[35m[HTTP][39m [90m[39m
[35m[HTTP][39m [37m-->[39m [37mPOST[39m [37m/wd/hub/session/390ec841-6a1d-499c-b625-336641d2cad2/elements[39m
[35m[HTTP][39m [90m{"using":"xpath","value":"//*[@class = 'android.widget.TextView' and (@text = 'Lewati' or . = 'Lewati') and @resource-id = 'com.she.sehatq:id/tvSkip']"}[39m
[35m[HTTP][39m [37m<-- POST /wd/hub/session/390ec841-6a1d-499c-b625-336641d2cad2/elements [39m[32m200[39m [90m107 ms - 12[39m
[35m[HTTP][39m [90m[39m
[35m[HTTP][39m [37m-->[39m [37mPOST[39m [37m/wd/hub/session/390ec841-6a1d-499c-b625-336641d2cad2/elements[39m
[35m[HTTP][39m [90m{"using":"xpath","value":"//*[@class = 'android.widget.TextView' and (@text = 'Lewati' or . = 'Lewati') and @resource-id = 'com.she.sehatq:id/tvSkip']"}[39m
[35m[HTTP][39m [37m<-- POST /wd/hub/session/390ec841-6a1d-499c-b625-336641d2cad2/elements [39m[32m200[39m [90m106 ms - 12[39m
[35m[HTTP][39m [90m[39m
[35m[HTTP][39m [37m-->[39m [37mPOST[39m [37m/wd/hub/session/390ec841-6a1d-499c-b625-336641d2cad2/elements[39m
[35m[HTTP][39m [90m{"using":"xpath","value":"//*[@class = 'android.widget.TextView' and (@text = 'Lewati' or . = 'Lewati') and @resource-id = 'com.she.sehatq:id/tvSkip']"}[39m
[35m[HTTP][39m [37m<-- POST /wd/hub/session/390ec841-6a1d-499c-b625-336641d2cad2/elements [39m[32m200[39m [90m102 ms - 12[39m
[35m[HTTP][39m [90m[39m
[35m[HTTP][39m [37m-->[39m [37mPOST[39m [37m/wd/hub/session/390ec841-6a1d-499c-b625-336641d2cad2/elements[39m
[35m[HTTP][39m [90m{"using":"xpath","value":"//*[@class = 'android.widget.TextView' and (@text = 'Lewati' or . = 'Lewati') and @resource-id = 'com.she.sehatq:id/tvSkip']"}[39m
[35m[HTTP][39m [37m<-- POST /wd/hub/session/390ec841-6a1d-499c-b625-336641d2cad2/elements [39m[32m200[39m [90m106 ms - 12[39m
[35m[HTTP][39m [90m[39m
[35m[HTTP][39m [37m-->[39m [37mPOST[39m [37m/wd/hub/session/390ec841-6a1d-499c-b625-336641d2cad2/elements[39m
[35m[HTTP][39m [90m{"using":"xpath","value":"//*[@class = 'android.widget.TextView' and (@text = 'Lewati' or . = 'Lewati') and @resource-id = 'com.she.sehatq:id/tvSkip']"}[39m
[35m[HTTP][39m [37m<-- POST /wd/hub/session/390ec841-6a1d-499c-b625-336641d2cad2/elements [39m[32m200[39m [90m232 ms - 12[39m
[35m[HTTP][39m [90m[39m
[35m[HTTP][39m [37m-->[39m [37mPOST[39m [37m/wd/hub/session/390ec841-6a1d-499c-b625-336641d2cad2/elements[39m
[35m[HTTP][39m [90m{"using":"xpath","value":"//*[@class = 'android.widget.TextView' and (@text = 'Lewati' or . = 'Lewati') and @resource-id = 'com.she.sehatq:id/tvSkip']"}[39m
[35m[HTTP][39m [37m<-- POST /wd/hub/session/390ec841-6a1d-499c-b625-336641d2cad2/elements [39m[32m200[39m [90m948 ms - 139[39m
[35m[HTTP][39m [90m[39m
[35m[HTTP][39m [37m-->[39m [37mGET[39m [37m/wd/hub/session/390ec841-6a1d-499c-b625-336641d2cad2/element/00000000-0000-0af4-ffff-ffff00000412/location[39m
[35m[HTTP][39m [90m{}[39m
[35m[W3C (390ec841)][39m Driver proxy active, passing request on via HTTP proxy
[35m[WD Proxy][39m Replacing sessionId 1da5939a-8ff2-4c58-977c-d5ee25361948 with 390ec841-6a1d-499c-b625-336641d2cad2
[35m[HTTP][39m [37m<-- GET /wd/hub/session/390ec841-6a1d-499c-b625-336641d2cad2/element/00000000-0000-0af4-ffff-ffff00000412/location [39m[32m200[39m [90m591 ms - 79[39m
[35m[HTTP][39m [90m[39m
[35m[HTTP][39m [37m-->[39m [37mPOST[39m [37m/wd/hub/session/390ec841-6a1d-499c-b625-336641d2cad2/timeouts[39m
[35m[HTTP][39m [90m{"implicit":30000}[39m
[35m[HTTP][39m [37m<-- POST /wd/hub/session/390ec841-6a1d-499c-b625-336641d2cad2/timeouts [39m[32m200[39m [90m1 ms - 14[39m
[35m[HTTP][39m [90m[39m
[35m[HTTP][39m [37m-->[39m [37mPOST[39m [37m/wd/hub/session/390ec841-6a1d-499c-b625-336641d2cad2/touch/perform[39m
[35m[HTTP][39m [90m{"actions":[{"action":"tap","options":{"x":1,"y":1,"element":"00000000-0000-0af4-ffff-ffff00000412"}},{"action":"release","options":{}}]}[39m
[35m[UiAutomator2][39m calling get location: 00000000-0000-0af4-ffff-ffff00000412
[35m[HTTP][39m [37m<-- POST /wd/hub/session/390ec841-6a1d-499c-b625-336641d2cad2/touch/perform [39m[32m200[39m [90m254 ms - 14[39m
[35m[HTTP][39m [90m[39m
[35m[HTTP][39m [37m-->[39m [37mPOST[39m [37m/wd/hub/session/390ec841-6a1d-499c-b625-336641d2cad2/timeouts[39m
[35m[HTTP][39m [90m{"implicit":50}[39m
[35m[HTTP][39m [37m<-- POST /wd/hub/session/390ec841-6a1d-499c-b625-336641d2cad2/timeouts [39m[32m200[39m [90m1 ms - 14[39m
[35m[HTTP][39m [90m[39m
[35m[HTTP][39m [37m-->[39m [37mGET[39m [37m/wd/hub/session/390ec841-6a1d-499c-b625-336641d2cad2/window/rect[39m
[35m[HTTP][39m [90m{}[39m
[35m[HTTP][39m [37m<-- GET /wd/hub/session/390ec841-6a1d-499c-b625-336641d2cad2/window/rect [39m[32m200[39m [90m17 ms - 50[39m
[35m[HTTP][39m [90m[39m
[35m[HTTP][39m [37m-->[39m [37mPOST[39m [37m/wd/hub/session/390ec841-6a1d-499c-b625-336641d2cad2/elements[39m
[35m[HTTP][39m [90m{"using":"xpath","value":"//*[@class = 'android.widget.TextView' and (@text = 'Ya' or . = 'Ya') and @resource-id = 'com.she.sehatq:id/btn_yes']"}[39m
[35m[HTTP][39m [37m<-- POST /wd/hub/session/390ec841-6a1d-499c-b625-336641d2cad2/elements [39m[32m200[39m [90m530 ms - 139[39m
[35m[HTTP][39m [90m[39m
[35m[HTTP][39m [37m-->[39m [37mGET[39m [37m/wd/hub/session/390ec841-6a1d-499c-b625-336641d2cad2/element/00000000-0000-0af5-ffff-ffff00000427/location[39m
[35m[HTTP][39m [90m{}[39m
[35m[W3C (390ec841)][39m Driver proxy active, passing request on via HTTP proxy
[35m[WD Proxy][39m Replacing sessionId 1da5939a-8ff2-4c58-977c-d5ee25361948 with 390ec841-6a1d-499c-b625-336641d2cad2
[35m[HTTP][39m [37m<-- GET /wd/hub/session/390ec841-6a1d-499c-b625-336641d2cad2/element/00000000-0000-0af5-ffff-ffff00000427/location [39m[32m200[39m [90m31 ms - 78[39m
[35m[HTTP][39m [90m[39m
[35m[HTTP][39m [37m-->[39m [37mPOST[39m [37m/wd/hub/session/390ec841-6a1d-499c-b625-336641d2cad2/timeouts[39m
[35m[HTTP][39m [90m{"implicit":30000}[39m
[35m[HTTP][39m [37m<-- POST /wd/hub/session/390ec841-6a1d-499c-b625-336641d2cad2/timeouts [39m[32m200[39m [90m1 ms - 14[39m
[35m[HTTP][39m [90m[39m
[35m[HTTP][39m [37m-->[39m [37mPOST[39m [37m/wd/hub/session/390ec841-6a1d-499c-b625-336641d2cad2/touch/perform[39m
[35m[HTTP][39m [90m{"actions":[{"action":"tap","options":{"x":1,"y":1,"element":"00000000-0000-0af5-ffff-ffff00000427"}},{"action":"release","options":{}}]}[39m
[35m[UiAutomator2][39m calling get location: 00000000-0000-0af5-ffff-ffff00000427
[35m[HTTP][39m [37m<-- POST /wd/hub/session/390ec841-6a1d-499c-b625-336641d2cad2/touch/perform [39m[32m200[39m [90m224 ms - 14[39m
[35m[HTTP][39m [90m[39m
[35m[HTTP][39m [37m-->[39m [37mPOST[39m [37m/wd/hub/session/390ec841-6a1d-499c-b625-336641d2cad2/timeouts[39m
[35m[HTTP][39m [90m{"implicit":50}[39m
[35m[HTTP][39m [37m<-- POST /wd/hub/session/390ec841-6a1d-499c-b625-336641d2cad2/timeouts [39m[32m200[39m [90m1 ms - 14[39m
[35m[HTTP][39m [90m[39m
[35m[HTTP][39m [37m-->[39m [37mGET[39m [37m/wd/hub/session/390ec841-6a1d-499c-b625-336641d2cad2/window/rect[39m
[35m[HTTP][39m [90m{}[39m
[35m[HTTP][39m [37m<-- GET /wd/hub/session/390ec841-6a1d-499c-b625-336641d2cad2/window/rect [39m[32m200[39m [90m20 ms - 50[39m
[35m[HTTP][39m [90m[39m
[35m[HTTP][39m [37m-->[39m [37mPOST[39m [37m/wd/hub/session/390ec841-6a1d-499c-b625-336641d2cad2/elements[39m
[35m[HTTP][39m [90m{"using":"xpath","value":"//*[@class = 'android.widget.ImageView' and @resource-id = 'com.she.sehatq:id/ivMore' and (@text = '' or . = '')]"}[39m
[35m[HTTP][39m [37m<-- POST /wd/hub/session/390ec841-6a1d-499c-b625-336641d2cad2/elements [39m[32m200[39m [90m1512 ms - 139[39m
[35m[HTTP][39m [90m[39m
[35m[HTTP][39m [37m-->[39m [37mGET[39m [37m/wd/hub/session/390ec841-6a1d-499c-b625-336641d2cad2/element/00000000-0000-0af6-ffff-ffff00000438/location[39m
[35m[HTTP][39m [90m{}[39m
[35m[W3C (390ec841)][39m Driver proxy active, passing request on via HTTP proxy
[35m[WD Proxy][39m Replacing sessionId 1da5939a-8ff2-4c58-977c-d5ee25361948 with 390ec841-6a1d-499c-b625-336641d2cad2
[35m[HTTP][39m [37m<-- GET /wd/hub/session/390ec841-6a1d-499c-b625-336641d2cad2/element/00000000-0000-0af6-ffff-ffff00000438/location [39m[32m200[39m [90m31 ms - 78[39m
[35m[HTTP][39m [90m[39m
[35m[HTTP][39m [37m-->[39m [37mPOST[39m [37m/wd/hub/session/390ec841-6a1d-499c-b625-336641d2cad2/timeouts[39m
[35m[HTTP][39m [90m{"implicit":30000}[39m
[35m[HTTP][39m [37m<-- POST /wd/hub/session/390ec841-6a1d-499c-b625-336641d2cad2/timeouts [39m[32m200[39m [90m1 ms - 14[39m
[35m[HTTP][39m [90m[39m
[35m[HTTP][39m [37m-->[39m [37mPOST[39m [37m/wd/hub/session/390ec841-6a1d-499c-b625-336641d2cad2/touch/perform[39m
[35m[HTTP][39m [90m{"actions":[{"action":"tap","options":{"x":1,"y":1,"element":"00000000-0000-0af6-ffff-ffff00000438"}},{"action":"release","options":{}}]}[39m
[35m[UiAutomator2][39m calling get location: 00000000-0000-0af6-ffff-ffff00000438
[35m[HTTP][39m [37m<-- POST /wd/hub/session/390ec841-6a1d-499c-b625-336641d2cad2/touch/perform [39m[32m200[39m [90m259 ms - 14[39m
[35m[HTTP][39m [90m[39m
[35m[HTTP][39m [37m-->[39m [37mPOST[39m [37m/wd/hub/session/390ec841-6a1d-499c-b625-336641d2cad2/timeouts[39m
[35m[HTTP][39m [90m{"implicit":50}[39m
[35m[HTTP][39m [37m<-- POST /wd/hub/session/390ec841-6a1d-499c-b625-336641d2cad2/timeouts [39m[32m200[39m [90m1 ms - 14[39m
[35m[HTTP][39m [90m[39m
[35m[HTTP][39m [37m-->[39m [37mGET[39m [37m/wd/hub/session/390ec841-6a1d-499c-b625-336641d2cad2/window/rect[39m
[35m[HTTP][39m [90m{}[39m
[35m[HTTP][39m [37m<-- GET /wd/hub/session/390ec841-6a1d-499c-b625-336641d2cad2/window/rect [39m[32m200[39m [90m42 ms - 50[39m
[35m[HTTP][39m [90m[39m
[35m[HTTP][39m [37m-->[39m [37mPOST[39m [37m/wd/hub/session/390ec841-6a1d-499c-b625-336641d2cad2/elements[39m
[35m[HTTP][39m [90m{"using":"xpath","value":"//*[@class = 'android.widget.TextView' and (@text = 'Pengaturan Aplikasi' or . = 'Pengaturan Aplikasi') and @resource-id = 'com.she.sehatq:id/tvTitle']"}[39m
[35m[HTTP][39m [37m<-- POST /wd/hub/session/390ec841-6a1d-499c-b625-336641d2cad2/elements [39m[32m200[39m [90m925 ms - 139[39m
[35m[HTTP][39m [90m[39m
[35m[HTTP][39m [37m-->[39m [37mGET[39m [37m/wd/hub/session/390ec841-6a1d-499c-b625-336641d2cad2/element/00000000-0000-0af6-ffff-ffff00000476/location[39m
[35m[HTTP][39m [90m{}[39m
[35m[W3C (390ec841)][39m Driver proxy active, passing request on via HTTP proxy
[35m[WD Proxy][39m Replacing sessionId 1da5939a-8ff2-4c58-977c-d5ee25361948 with 390ec841-6a1d-499c-b625-336641d2cad2
[35m[HTTP][39m [37m<-- GET /wd/hub/session/390ec841-6a1d-499c-b625-336641d2cad2/element/00000000-0000-0af6-ffff-ffff00000476/location [39m[32m200[39m [90m29 ms - 78[39m
[35m[HTTP][39m [90m[39m
[35m[HTTP][39m [37m-->[39m [37mPOST[39m [37m/wd/hub/session/390ec841-6a1d-499c-b625-336641d2cad2/timeouts[39m
[35m[HTTP][39m [90m{"implicit":30000}[39m
[35m[HTTP][39m [37m<-- POST /wd/hub/session/390ec841-6a1d-499c-b625-336641d2cad2/timeouts [39m[32m200[39m [90m1 ms - 14[39m
[35m[HTTP][39m [90m[39m
[35m[HTTP][39m [37m-->[39m [37mPOST[39m [37m/wd/hub/session/390ec841-6a1d-499c-b625-336641d2cad2/touch/perform[39m
[35m[HTTP][39m [90m{"actions":[{"action":"tap","options":{"x":1,"y":1,"element":"00000000-0000-0af6-ffff-ffff00000476"}},{"action":"release","options":{}}]}[39m
[35m[UiAutomator2][39m calling get location: 00000000-0000-0af6-ffff-ffff00000476
[35m[HTTP][39m [37m<-- POST /wd/hub/session/390ec841-6a1d-499c-b625-336641d2cad2/touch/perform [39m[32m200[39m [90m241 ms - 14[39m
[35m[HTTP][39m [90m[39m
[35m[HTTP][39m [37m-->[39m [37mPOST[39m [37m/wd/hub/session/390ec841-6a1d-499c-b625-336641d2cad2/timeouts[39m
[35m[HTTP][39m [90m{"implicit":50}[39m
[35m[HTTP][39m [37m<-- POST /wd/hub/session/390ec841-6a1d-499c-b625-336641d2cad2/timeouts [39m[32m200[39m [90m1 ms - 14[39m
[35m[HTTP][39m [90m[39m
[35m[HTTP][39m [37m-->[39m [37mGET[39m [37m/wd/hub/session/390ec841-6a1d-499c-b625-336641d2cad2/window/rect[39m
[35m[HTTP][39m [90m{}[39m
[35m[HTTP][39m [37m<-- GET /wd/hub/session/390ec841-6a1d-499c-b625-336641d2cad2/window/rect [39m[32m200[39m [90m61 ms - 50[39m
[35m[HTTP][39m [90m[39m
[35m[HTTP][39m [37m-->[39m [37mPOST[39m [37m/wd/hub/session/390ec841-6a1d-499c-b625-336641d2cad2/elements[39m
[35m[HTTP][39m [90m{"using":"xpath","value":"//*[@class = 'android.widget.TextView' and (@text = 'Log Out' or . = 'Log Out') and @resource-id = 'com.she.sehatq:id/tv_sign_out']"}[39m
[35m[HTTP][39m [37m<-- POST /wd/hub/session/390ec841-6a1d-499c-b625-336641d2cad2/elements [39m[32m200[39m [90m901 ms - 139[39m
[35m[HTTP][39m [90m[39m
[35m[HTTP][39m [37m-->[39m [37mGET[39m [37m/wd/hub/session/390ec841-6a1d-499c-b625-336641d2cad2/element/00000000-0000-0af6-ffff-ffff0000048e/location[39m
[35m[HTTP][39m [90m{}[39m
[35m[W3C (390ec841)][39m Driver proxy active, passing request on via HTTP proxy
[35m[WD Proxy][39m Replacing sessionId 1da5939a-8ff2-4c58-977c-d5ee25361948 with 390ec841-6a1d-499c-b625-336641d2cad2
[35m[HTTP][39m [37m<-- GET /wd/hub/session/390ec841-6a1d-499c-b625-336641d2cad2/element/00000000-0000-0af6-ffff-ffff0000048e/location [39m[32m200[39m [90m38 ms - 77[39m
[35m[HTTP][39m [90m[39m
[35m[HTTP][39m [37m-->[39m [37mPOST[39m [37m/wd/hub/session/390ec841-6a1d-499c-b625-336641d2cad2/timeouts[39m
[35m[HTTP][39m [90m{"implicit":30000}[39m
[35m[HTTP][39m [37m<-- POST /wd/hub/session/390ec841-6a1d-499c-b625-336641d2cad2/timeouts [39m[32m200[39m [90m2 ms - 14[39m
[35m[HTTP][39m [90m[39m
[35m[HTTP][39m [37m-->[39m [37mPOST[39m [37m/wd/hub/session/390ec841-6a1d-499c-b625-336641d2cad2/touch/perform[39m
[35m[HTTP][39m [90m{"actions":[{"action":"tap","options":{"x":1,"y":1,"element":"00000000-0000-0af6-ffff-ffff0000048e"}},{"action":"release","options":{}}]}[39m
[35m[UiAutomator2][39m calling get location: 00000000-0000-0af6-ffff-ffff0000048e
[35m[HTTP][39m [37m<-- POST /wd/hub/session/390ec841-6a1d-499c-b625-336641d2cad2/touch/perform [39m[32m200[39m [90m254 ms - 14[39m
[35m[HTTP][39m [90m[39m
[35m[HTTP][39m [37m-->[39m [37mDELETE[39m [37m/wd/hub/session/390ec841-6a1d-499c-b625-336641d2cad2[39m
[35m[HTTP][39m [90m{}[39m
[35m[Appium][39m Removing session 390ec841-6a1d-499c-b625-336641d2cad2 from our master session list
[35m[UiAutomator2][39m Restoring hidden api policy to the device default configuration
[35m[HTTP][39m [37m<-- DELETE /wd/hub/session/390ec841-6a1d-499c-b625-336641d2cad2 [39m[32m200[39m [90m387 ms - 14[39m
[35m[HTTP][39m [90m[39m
