[35m[Appium][39m Welcome to Appium v1.22.0
[35m[Appium][39m Non-default server args:
[35m[Appium][39m   port: 57707
[35m[Appium][39m   loglevel: info
[35m[Appium][39m   tmpDir: /var/folders/wv/rdwfrh89255gqff9kdgxs_t40000gp/T//Katalon/Appium/Temp1636170122457
[35m[Appium][39m   chromedriverPort: 57708
[35m[Appium][39m Deprecated server args:
[35m[Appium][39m   [31m--chromedriver-port[39m => --default-capabilities
[35m[Appium][39m Default capabilities, which will be added to each request unless overridden by desired capabilities:
[35m[Appium][39m   chromedriverPort: 57708
[35m[Appium][39m Appium REST http interface listener started on 0.0.0.0:57707
[35m[HTTP][39m [37m-->[39m [37mGET[39m [37m/wd/hub/status[39m
[35m[HTTP][39m [90m{}[39m
[35m[HTTP][39m [37m<-- GET /wd/hub/status [39m[32m200[39m [90m5 ms - 68[39m
[35m[HTTP][39m [90m[39m
[35m[HTTP][39m [37m-->[39m [37mPOST[39m [37m/wd/hub/session[39m
[35m[HTTP][39m [90m{"desiredCapabilities":{"appActivity":".Settings","appPackage":"com.android.settings","newCommandTimeout":1800,"platformVersion":"11","automationName":"uiautomator2","autoGrantPermissions":true,"platformName":"Android","udid":"db3027ce","deviceName":"vivo V2022 (Android 11)","platform":"ANDROID","systemPort":8288},"capabilities":{"firstMatch":[{"appium:appActivity":".Settings","appium:appPackage":"com.android.settings","appium:autoGrantPermissions":true,"appium:automationName":"uiautomator2","appium:deviceName":"vivo V2022 (Android 11)","appium:newCommandTimeout":1800,"platform":"ANDROID","platformName":"android","appium:platformVersion":"11","appium:systemPort":8288,"appium:udid":"db3027ce"}]}}[39m
[35m[BaseDriver][39m The following capabilities are not standard capabilities and should have an extension prefix:
[35m[BaseDriver][39m   platform
[35m[BaseDriver][39m   chromedriverPort
[35m[Appium][39m Appium v1.22.0 creating new AndroidUiautomator2Driver (v1.69.0) session
[35m[BaseDriver][39m The following capabilities were provided, but are not recognized by Appium:
[35m[BaseDriver][39m   platform
[35m[BaseDriver][39m Session created with session id: d94945b8-42f3-439b-aa14-1b8cc50fec20
[35m[UiAutomator2][39m Starting 'com.android.settings' directly on the device
[35m[ADB][39m Found 1 'build-tools' folders under '/Users/muhammadyaasin/.katalon/tools/android_sdk' (newest first):
[35m[ADB][39m     /Users/muhammadyaasin/.katalon/tools/android_sdk/build-tools/29.0.3
[35m[ADB][39m Using 'adb' from '/Users/muhammadyaasin/.katalon/tools/android_sdk/platform-tools/adb'
[35m[AndroidDriver][39m Retrieving device list
[35m[AndroidDriver][39m Using device: db3027ce
[35m[ADB][39m Using 'adb' from '/Users/muhammadyaasin/.katalon/tools/android_sdk/platform-tools/adb'
[35m[ADB][39m Getting device platform version
[35m[UiAutomator2][39m Relaxing hidden api policy
[35m[AndroidDriver][39m No app sent in, not parsing package/activity
[35m[UiAutomator2][39m Restoring hidden api policy to the device default configuration
[35m[HTTP][39m [37m<-- POST /wd/hub/session [39m[31m500[39m [90m2196 ms - 1135[39m
[35m[HTTP][39m [90m[39m
[35m[HTTP][39m [37m-->[39m [37mGET[39m [37m/wd/hub/status[39m
[35m[HTTP][39m [90m{}[39m
[35m[HTTP][39m [37m<-- GET /wd/hub/status [39m[32m200[39m [90m1 ms - 68[39m
[35m[HTTP][39m [90m[39m
[35m[HTTP][39m [37m-->[39m [37mPOST[39m [37m/wd/hub/session[39m
[35m[HTTP][39m [90m{"desiredCapabilities":{"appActivity":".Settings","appPackage":"com.android.settings","newCommandTimeout":1800,"platformVersion":"11","automationName":"uiautomator2","autoGrantPermissions":true,"platformName":"Android","udid":"db3027ce","deviceName":"vivo V2022 (Android 11)","platform":"ANDROID","systemPort":8241},"capabilities":{"firstMatch":[{"appium:appActivity":".Settings","appium:appPackage":"com.android.settings","appium:autoGrantPermissions":true,"appium:automationName":"uiautomator2","appium:deviceName":"vivo V2022 (Android 11)","appium:newCommandTimeout":1800,"platform":"ANDROID","platformName":"android","appium:platformVersion":"11","appium:systemPort":8241,"appium:udid":"db3027ce"}]}}[39m
[35m[BaseDriver][39m The following capabilities are not standard capabilities and should have an extension prefix:
[35m[BaseDriver][39m   platform
[35m[BaseDriver][39m   chromedriverPort
[35m[Appium][39m Appium v1.22.0 creating new AndroidUiautomator2Driver (v1.69.0) session
[35m[BaseDriver][39m The following capabilities were provided, but are not recognized by Appium:
[35m[BaseDriver][39m   platform
[35m[BaseDriver][39m Session created with session id: e221a52a-9620-4266-bacb-dcdd363840aa
[35m[UiAutomator2][39m Starting 'com.android.settings' directly on the device
[35m[ADB][39m Using 'adb' from '/Users/muhammadyaasin/.katalon/tools/android_sdk/platform-tools/adb'
[35m[AndroidDriver][39m Retrieving device list
[35m[AndroidDriver][39m Using device: db3027ce
[35m[ADB][39m Using 'adb' from '/Users/muhammadyaasin/.katalon/tools/android_sdk/platform-tools/adb'
[35m[ADB][39m Getting device platform version
[35m[UiAutomator2][39m Relaxing hidden api policy
[35m[AndroidDriver][39m No app sent in, not parsing package/activity
[35m[ADB][39m Using 'apksigner.jar' from '/Users/muhammadyaasin/.katalon/tools/android_sdk/build-tools/29.0.3/lib/apksigner.jar'
[35m[ADB][39m '/usr/local/lib/node_modules/appium/node_modules/appium-uiautomator2-server/apks/appium-uiautomator2-server-v4.24.0.apk' is signed with the default certificate
[35m[ADB][39m '/usr/local/lib/node_modules/appium/node_modules/appium-uiautomator2-server/apks/appium-uiautomator2-server-debug-androidTest.apk' is signed with the default certificate
[35m[UiAutomator2][39m Server packages are not going to be (re)installed
[35m[ADB][39m Adding packages ["io.appium.settings","io.appium.uiautomator2.server","io.appium.uiautomator2.server.test"] to Doze whitelist
[35m[UiAutomator2][39m Starting UIAutomator2 server 4.24.0
[35m[UiAutomator2][39m Using UIAutomator2 server from '/usr/local/lib/node_modules/appium/node_modules/appium-uiautomator2-server/apks/appium-uiautomator2-server-v4.24.0.apk' and test from '/usr/local/lib/node_modules/appium/node_modules/appium-uiautomator2-server/apks/appium-uiautomator2-server-debug-androidTest.apk'
[35m[UiAutomator2][39m Waiting up to 30000ms for UiAutomator2 to be online...
[35m[WD Proxy][39m socket hang up
[35m[WD Proxy][39m socket hang up
[35m[WD Proxy][39m socket hang up
[35m[WD Proxy][39m socket hang up
[35m[WD Proxy][39m Determined the downstream protocol as 'W3C'
[35m[AndroidDriver][39m Screen already unlocked, doing nothing
[35m[UiAutomator2][39m Starting 'com.android.settings/.Settings and waiting for 'com.android.settings/.Settings'
[35m[Appium][39m New AndroidUiautomator2Driver session created successfully, session e221a52a-9620-4266-bacb-dcdd363840aa added to master session list
[35m[HTTP][39m [37m<-- POST /wd/hub/session [39m[32m200[39m [90m10211 ms - 1133[39m
[35m[HTTP][39m [90m[39m
[35m[HTTP][39m [37m-->[39m [37mGET[39m [37m/wd/hub/session/e221a52a-9620-4266-bacb-dcdd363840aa[39m
[35m[HTTP][39m [90m{}[39m
[35m[HTTP][39m [37m<-- GET /wd/hub/session/e221a52a-9620-4266-bacb-dcdd363840aa [39m[32m200[39m [90m19 ms - 1087[39m
[35m[HTTP][39m [90m[39m
[35m[HTTP][39m [37m-->[39m [37mGET[39m [37m/wd/hub/session/e221a52a-9620-4266-bacb-dcdd363840aa[39m
[35m[HTTP][39m [90m{}[39m
[35m[HTTP][39m [37m<-- GET /wd/hub/session/e221a52a-9620-4266-bacb-dcdd363840aa [39m[32m200[39m [90m15 ms - 1087[39m
[35m[HTTP][39m [90m[39m
[35m[HTTP][39m [37m-->[39m [37mGET[39m [37m/wd/hub/status[39m
[35m[HTTP][39m [90m{}[39m
[35m[HTTP][39m [37m<-- GET /wd/hub/status [39m[32m200[39m [90m1 ms - 68[39m
[35m[HTTP][39m [90m[39m
[35m[HTTP][39m [37m-->[39m [37mPOST[39m [37m/wd/hub/session/e221a52a-9620-4266-bacb-dcdd363840aa/timeouts[39m
[35m[HTTP][39m [90m{"implicit":30000}[39m
[35m[HTTP][39m [37m<-- POST /wd/hub/session/e221a52a-9620-4266-bacb-dcdd363840aa/timeouts [39m[32m200[39m [90m4 ms - 14[39m
[35m[HTTP][39m [90m[39m
[35m[HTTP][39m [37m-->[39m [37mGET[39m [37m/wd/hub/session/e221a52a-9620-4266-bacb-dcdd363840aa/screenshot[39m
[35m[HTTP][39m [90m{}[39m
[35m[HTTP][39m [37m<-- GET /wd/hub/session/e221a52a-9620-4266-bacb-dcdd363840aa/screenshot [39m[32m200[39m [90m771 ms - 251596[39m
[35m[HTTP][39m [90m[39m
[35m[HTTP][39m [37m-->[39m [37mGET[39m [37m/wd/hub/session/e221a52a-9620-4266-bacb-dcdd363840aa/window/rect[39m
[35m[HTTP][39m [90m{}[39m
[35m[HTTP][39m [37m<-- GET /wd/hub/session/e221a52a-9620-4266-bacb-dcdd363840aa/window/rect [39m[32m200[39m [90m34 ms - 50[39m
[35m[HTTP][39m [90m[39m
[35m[HTTP][39m [37m-->[39m [37mGET[39m [37m/wd/hub/session/e221a52a-9620-4266-bacb-dcdd363840aa/appium/device/system_bars[39m
[35m[HTTP][39m [90m{}[39m
[35m[HTTP][39m [37m<-- GET /wd/hub/session/e221a52a-9620-4266-bacb-dcdd363840aa/appium/device/system_bars [39m[32m200[39m [90m97 ms - 148[39m
[35m[HTTP][39m [90m[39m
[35m[HTTP][39m [37m-->[39m [37mPOST[39m [37m/wd/hub/session/e221a52a-9620-4266-bacb-dcdd363840aa/appium/device/activate_app[39m
[35m[HTTP][39m [90m{"bundleId":"com.she.sehatq"}[39m
[35m[HTTP][39m [37m<-- POST /wd/hub/session/e221a52a-9620-4266-bacb-dcdd363840aa/appium/device/activate_app [39m[32m200[39m [90m575 ms - 14[39m
[35m[HTTP][39m [90m[39m
[35m[HTTP][39m [37m-->[39m [37mPOST[39m [37m/wd/hub/session/e221a52a-9620-4266-bacb-dcdd363840aa/timeouts[39m
[35m[HTTP][39m [90m{"implicit":50}[39m
[35m[HTTP][39m [37m<-- POST /wd/hub/session/e221a52a-9620-4266-bacb-dcdd363840aa/timeouts [39m[32m200[39m [90m2 ms - 14[39m
[35m[HTTP][39m [90m[39m
[35m[HTTP][39m [37m-->[39m [37mGET[39m [37m/wd/hub/session/e221a52a-9620-4266-bacb-dcdd363840aa/window/rect[39m
[35m[HTTP][39m [90m{}[39m
[35m[HTTP][39m [37m<-- GET /wd/hub/session/e221a52a-9620-4266-bacb-dcdd363840aa/window/rect [39m[32m200[39m [90m27 ms - 50[39m
[35m[HTTP][39m [90m[39m
[35m[HTTP][39m [37m-->[39m [37mPOST[39m [37m/wd/hub/session/e221a52a-9620-4266-bacb-dcdd363840aa/elements[39m
[35m[HTTP][39m [90m{"using":"xpath","value":"//*[@class = 'android.widget.TextView' and (@text = 'Tidak' or . = 'Tidak') and @resource-id = 'com.she.sehatq:id/tv_dismiss']"}[39m
[35m[HTTP][39m [37m<-- POST /wd/hub/session/e221a52a-9620-4266-bacb-dcdd363840aa/elements [39m[32m200[39m [90m711 ms - 12[39m
[35m[HTTP][39m [90m[39m
[35m[HTTP][39m [37m-->[39m [37mPOST[39m [37m/wd/hub/session/e221a52a-9620-4266-bacb-dcdd363840aa/elements[39m
[35m[HTTP][39m [90m{"using":"xpath","value":"//*[@class = 'android.widget.TextView' and (@text = 'Tidak' or . = 'Tidak') and @resource-id = 'com.she.sehatq:id/tv_dismiss']"}[39m
[35m[HTTP][39m [37m<-- POST /wd/hub/session/e221a52a-9620-4266-bacb-dcdd363840aa/elements [39m[32m200[39m [90m831 ms - 12[39m
[35m[HTTP][39m [90m[39m
[35m[HTTP][39m [37m-->[39m [37mPOST[39m [37m/wd/hub/session/e221a52a-9620-4266-bacb-dcdd363840aa/elements[39m
[35m[HTTP][39m [90m{"using":"xpath","value":"//*[@class = 'android.widget.TextView' and (@text = 'Tidak' or . = 'Tidak') and @resource-id = 'com.she.sehatq:id/tv_dismiss']"}[39m
[35m[HTTP][39m [37m<-- POST /wd/hub/session/e221a52a-9620-4266-bacb-dcdd363840aa/elements [39m[32m200[39m [90m106 ms - 12[39m
[35m[HTTP][39m [90m[39m
[35m[HTTP][39m [37m-->[39m [37mPOST[39m [37m/wd/hub/session/e221a52a-9620-4266-bacb-dcdd363840aa/elements[39m
[35m[HTTP][39m [90m{"using":"xpath","value":"//*[@class = 'android.widget.TextView' and (@text = 'Tidak' or . = 'Tidak') and @resource-id = 'com.she.sehatq:id/tv_dismiss']"}[39m
[35m[HTTP][39m [37m<-- POST /wd/hub/session/e221a52a-9620-4266-bacb-dcdd363840aa/elements [39m[32m200[39m [90m55 ms - 12[39m
[35m[HTTP][39m [90m[39m
[35m[HTTP][39m [37m-->[39m [37mPOST[39m [37m/wd/hub/session/e221a52a-9620-4266-bacb-dcdd363840aa/elements[39m
[35m[HTTP][39m [90m{"using":"xpath","value":"//*[@class = 'android.widget.TextView' and (@text = 'Tidak' or . = 'Tidak') and @resource-id = 'com.she.sehatq:id/tv_dismiss']"}[39m
[35m[HTTP][39m [37m<-- POST /wd/hub/session/e221a52a-9620-4266-bacb-dcdd363840aa/elements [39m[32m200[39m [90m61 ms - 12[39m
[35m[HTTP][39m [90m[39m
[35m[HTTP][39m [37m-->[39m [37mPOST[39m [37m/wd/hub/session/e221a52a-9620-4266-bacb-dcdd363840aa/elements[39m
[35m[HTTP][39m [90m{"using":"xpath","value":"//*[@class = 'android.widget.TextView' and (@text = 'Tidak' or . = 'Tidak') and @resource-id = 'com.she.sehatq:id/tv_dismiss']"}[39m
[35m[HTTP][39m [37m<-- POST /wd/hub/session/e221a52a-9620-4266-bacb-dcdd363840aa/elements [39m[32m200[39m [90m58 ms - 12[39m
[35m[HTTP][39m [90m[39m
[35m[HTTP][39m [37m-->[39m [37mPOST[39m [37m/wd/hub/session/e221a52a-9620-4266-bacb-dcdd363840aa/elements[39m
[35m[HTTP][39m [90m{"using":"xpath","value":"//*[@class = 'android.widget.TextView' and (@text = 'Tidak' or . = 'Tidak') and @resource-id = 'com.she.sehatq:id/tv_dismiss']"}[39m
[35m[HTTP][39m [37m<-- POST /wd/hub/session/e221a52a-9620-4266-bacb-dcdd363840aa/elements [39m[32m200[39m [90m96 ms - 12[39m
[35m[HTTP][39m [90m[39m
[35m[HTTP][39m [37m-->[39m [37mPOST[39m [37m/wd/hub/session/e221a52a-9620-4266-bacb-dcdd363840aa/elements[39m
[35m[HTTP][39m [90m{"using":"xpath","value":"//*[@class = 'android.widget.TextView' and (@text = 'Tidak' or . = 'Tidak') and @resource-id = 'com.she.sehatq:id/tv_dismiss']"}[39m
[35m[HTTP][39m [37m<-- POST /wd/hub/session/e221a52a-9620-4266-bacb-dcdd363840aa/elements [39m[32m200[39m [90m95 ms - 12[39m
[35m[HTTP][39m [90m[39m
[35m[HTTP][39m [37m-->[39m [37mPOST[39m [37m/wd/hub/session/e221a52a-9620-4266-bacb-dcdd363840aa/elements[39m
[35m[HTTP][39m [90m{"using":"xpath","value":"//*[@class = 'android.widget.TextView' and (@text = 'Tidak' or . = 'Tidak') and @resource-id = 'com.she.sehatq:id/tv_dismiss']"}[39m
[35m[HTTP][39m [37m<-- POST /wd/hub/session/e221a52a-9620-4266-bacb-dcdd363840aa/elements [39m[32m200[39m [90m577 ms - 12[39m
[35m[HTTP][39m [90m[39m
[35m[HTTP][39m [37m-->[39m [37mPOST[39m [37m/wd/hub/session/e221a52a-9620-4266-bacb-dcdd363840aa/elements[39m
[35m[HTTP][39m [90m{"using":"xpath","value":"//*[@class = 'android.widget.TextView' and (@text = 'Tidak' or . = 'Tidak') and @resource-id = 'com.she.sehatq:id/tv_dismiss']"}[39m
[35m[HTTP][39m [37m<-- POST /wd/hub/session/e221a52a-9620-4266-bacb-dcdd363840aa/elements [39m[32m200[39m [90m1256 ms - 139[39m
[35m[HTTP][39m [90m[39m
[35m[HTTP][39m [37m-->[39m [37mGET[39m [37m/wd/hub/session/e221a52a-9620-4266-bacb-dcdd363840aa/element/00000000-0000-0b07-ffff-ffff0000001b/location[39m
[35m[HTTP][39m [90m{}[39m
[35m[W3C (e221a52a)][39m Driver proxy active, passing request on via HTTP proxy
[35m[WD Proxy][39m Replacing sessionId ef38a15d-91a8-4fe8-ae9c-530d31b056e4 with e221a52a-9620-4266-bacb-dcdd363840aa
[35m[HTTP][39m [37m<-- GET /wd/hub/session/e221a52a-9620-4266-bacb-dcdd363840aa/element/00000000-0000-0b07-ffff-ffff0000001b/location [39m[32m200[39m [90m277 ms - 78[39m
[35m[HTTP][39m [90m[39m
[35m[HTTP][39m [37m-->[39m [37mPOST[39m [37m/wd/hub/session/e221a52a-9620-4266-bacb-dcdd363840aa/timeouts[39m
[35m[HTTP][39m [90m{"implicit":30000}[39m
[35m[HTTP][39m [37m<-- POST /wd/hub/session/e221a52a-9620-4266-bacb-dcdd363840aa/timeouts [39m[32m200[39m [90m1 ms - 14[39m
[35m[HTTP][39m [90m[39m
[35m[HTTP][39m [37m-->[39m [37mPOST[39m [37m/wd/hub/session/e221a52a-9620-4266-bacb-dcdd363840aa/touch/perform[39m
[35m[HTTP][39m [90m{"actions":[{"action":"tap","options":{"x":1,"y":1,"element":"00000000-0000-0b07-ffff-ffff0000001b"}},{"action":"release","options":{}}]}[39m
[35m[UiAutomator2][39m calling get location: 00000000-0000-0b07-ffff-ffff0000001b
[35m[HTTP][39m [37m<-- POST /wd/hub/session/e221a52a-9620-4266-bacb-dcdd363840aa/touch/perform [39m[32m200[39m [90m240 ms - 14[39m
[35m[HTTP][39m [90m[39m
[35m[HTTP][39m [37m-->[39m [37mPOST[39m [37m/wd/hub/session/e221a52a-9620-4266-bacb-dcdd363840aa/timeouts[39m
[35m[HTTP][39m [90m{"implicit":50}[39m
[35m[HTTP][39m [37m<-- POST /wd/hub/session/e221a52a-9620-4266-bacb-dcdd363840aa/timeouts [39m[32m200[39m [90m1 ms - 14[39m
[35m[HTTP][39m [90m[39m
[35m[HTTP][39m [37m-->[39m [37mGET[39m [37m/wd/hub/session/e221a52a-9620-4266-bacb-dcdd363840aa/window/rect[39m
[35m[HTTP][39m [90m{}[39m
[35m[HTTP][39m [37m<-- GET /wd/hub/session/e221a52a-9620-4266-bacb-dcdd363840aa/window/rect [39m[32m200[39m [90m10 ms - 50[39m
[35m[HTTP][39m [90m[39m
[35m[HTTP][39m [37m-->[39m [37mPOST[39m [37m/wd/hub/session/e221a52a-9620-4266-bacb-dcdd363840aa/elements[39m
[35m[HTTP][39m [90m{"using":"xpath","value":"//*[@class = 'android.widget.ImageView' and @resource-id = 'com.she.sehatq:id/iv_profile_nav' and (@text = '' or . = '')]"}[39m
[35m[HTTP][39m [37m<-- POST /wd/hub/session/e221a52a-9620-4266-bacb-dcdd363840aa/elements [39m[32m200[39m [90m647 ms - 139[39m
[35m[HTTP][39m [90m[39m
[35m[HTTP][39m [37m-->[39m [37mGET[39m [37m/wd/hub/session/e221a52a-9620-4266-bacb-dcdd363840aa/element/00000000-0000-0b08-ffff-ffff0000002b/location[39m
[35m[HTTP][39m [90m{}[39m
[35m[W3C (e221a52a)][39m Driver proxy active, passing request on via HTTP proxy
[35m[WD Proxy][39m Replacing sessionId ef38a15d-91a8-4fe8-ae9c-530d31b056e4 with e221a52a-9620-4266-bacb-dcdd363840aa
[35m[HTTP][39m [37m<-- GET /wd/hub/session/e221a52a-9620-4266-bacb-dcdd363840aa/element/00000000-0000-0b08-ffff-ffff0000002b/location [39m[32m200[39m [90m30 ms - 78[39m
[35m[HTTP][39m [90m[39m
[35m[HTTP][39m [37m-->[39m [37mPOST[39m [37m/wd/hub/session/e221a52a-9620-4266-bacb-dcdd363840aa/timeouts[39m
[35m[HTTP][39m [90m{"implicit":30000}[39m
[35m[HTTP][39m [37m<-- POST /wd/hub/session/e221a52a-9620-4266-bacb-dcdd363840aa/timeouts [39m[32m200[39m [90m2 ms - 14[39m
[35m[HTTP][39m [90m[39m
[35m[HTTP][39m [37m-->[39m [37mPOST[39m [37m/wd/hub/session/e221a52a-9620-4266-bacb-dcdd363840aa/touch/perform[39m
[35m[HTTP][39m [90m{"actions":[{"action":"tap","options":{"x":1,"y":1,"element":"00000000-0000-0b08-ffff-ffff0000002b"}},{"action":"release","options":{}}]}[39m
[35m[UiAutomator2][39m calling get location: 00000000-0000-0b08-ffff-ffff0000002b
[35m[HTTP][39m [37m<-- POST /wd/hub/session/e221a52a-9620-4266-bacb-dcdd363840aa/touch/perform [39m[32m200[39m [90m222 ms - 14[39m
[35m[HTTP][39m [90m[39m
[35m[HTTP][39m [37m-->[39m [37mPOST[39m [37m/wd/hub/session/e221a52a-9620-4266-bacb-dcdd363840aa/timeouts[39m
[35m[HTTP][39m [90m{"implicit":50}[39m
[35m[HTTP][39m [37m<-- POST /wd/hub/session/e221a52a-9620-4266-bacb-dcdd363840aa/timeouts [39m[32m200[39m [90m2 ms - 14[39m
[35m[HTTP][39m [90m[39m
[35m[HTTP][39m [37m-->[39m [37mGET[39m [37m/wd/hub/session/e221a52a-9620-4266-bacb-dcdd363840aa/window/rect[39m
[35m[HTTP][39m [90m{}[39m
[35m[HTTP][39m [37m<-- GET /wd/hub/session/e221a52a-9620-4266-bacb-dcdd363840aa/window/rect [39m[32m200[39m [90m22 ms - 50[39m
[35m[HTTP][39m [90m[39m
[35m[HTTP][39m [37m-->[39m [37mPOST[39m [37m/wd/hub/session/e221a52a-9620-4266-bacb-dcdd363840aa/elements[39m
[35m[HTTP][39m [90m{"using":"xpath","value":"//*[@class = 'android.widget.TextView' and (@text = 'Daftar' or . = 'Daftar') and @resource-id = 'com.she.sehatq:id/tv_signup']"}[39m
[35m[HTTP][39m [37m<-- POST /wd/hub/session/e221a52a-9620-4266-bacb-dcdd363840aa/elements [39m[32m200[39m [90m1425 ms - 139[39m
[35m[HTTP][39m [90m[39m
[35m[HTTP][39m [37m-->[39m [37mGET[39m [37m/wd/hub/session/e221a52a-9620-4266-bacb-dcdd363840aa/element/00000000-0000-0b09-ffff-ffff000002e1/location[39m
[35m[HTTP][39m [90m{}[39m
[35m[W3C (e221a52a)][39m Driver proxy active, passing request on via HTTP proxy
[35m[WD Proxy][39m Replacing sessionId ef38a15d-91a8-4fe8-ae9c-530d31b056e4 with e221a52a-9620-4266-bacb-dcdd363840aa
[35m[HTTP][39m [37m<-- GET /wd/hub/session/e221a52a-9620-4266-bacb-dcdd363840aa/element/00000000-0000-0b09-ffff-ffff000002e1/location [39m[32m200[39m [90m525 ms - 79[39m
[35m[HTTP][39m [90m[39m
[35m[HTTP][39m [37m-->[39m [37mPOST[39m [37m/wd/hub/session/e221a52a-9620-4266-bacb-dcdd363840aa/timeouts[39m
[35m[HTTP][39m [90m{"implicit":30000}[39m
[35m[HTTP][39m [37m<-- POST /wd/hub/session/e221a52a-9620-4266-bacb-dcdd363840aa/timeouts [39m[32m200[39m [90m2 ms - 14[39m
[35m[HTTP][39m [90m[39m
[35m[HTTP][39m [37m-->[39m [37mPOST[39m [37m/wd/hub/session/e221a52a-9620-4266-bacb-dcdd363840aa/touch/perform[39m
[35m[HTTP][39m [90m{"actions":[{"action":"tap","options":{"x":1,"y":1,"element":"00000000-0000-0b09-ffff-ffff000002e1"}},{"action":"release","options":{}}]}[39m
[35m[UiAutomator2][39m calling get location: 00000000-0000-0b09-ffff-ffff000002e1
[35m[HTTP][39m [37m<-- POST /wd/hub/session/e221a52a-9620-4266-bacb-dcdd363840aa/touch/perform [39m[32m200[39m [90m254 ms - 14[39m
[35m[HTTP][39m [90m[39m
[35m[HTTP][39m [37m-->[39m [37mPOST[39m [37m/wd/hub/session/e221a52a-9620-4266-bacb-dcdd363840aa/timeouts[39m
[35m[HTTP][39m [90m{"implicit":50}[39m
[35m[HTTP][39m [37m<-- POST /wd/hub/session/e221a52a-9620-4266-bacb-dcdd363840aa/timeouts [39m[32m200[39m [90m1 ms - 14[39m
[35m[HTTP][39m [90m[39m
[35m[HTTP][39m [37m-->[39m [37mGET[39m [37m/wd/hub/session/e221a52a-9620-4266-bacb-dcdd363840aa/window/rect[39m
[35m[HTTP][39m [90m{}[39m
[35m[HTTP][39m [37m<-- GET /wd/hub/session/e221a52a-9620-4266-bacb-dcdd363840aa/window/rect [39m[32m200[39m [90m16 ms - 50[39m
[35m[HTTP][39m [90m[39m
[35m[HTTP][39m [37m-->[39m [37mPOST[39m [37m/wd/hub/session/e221a52a-9620-4266-bacb-dcdd363840aa/elements[39m
[35m[HTTP][39m [90m{"using":"xpath","value":"//*[@class = 'android.widget.EditText' and (@text = 'Nama Lengkap' or . = 'Nama Lengkap') and @resource-id = 'com.she.sehatq:id/et_input']"}[39m
[35m[HTTP][39m [37m<-- POST /wd/hub/session/e221a52a-9620-4266-bacb-dcdd363840aa/elements [39m[32m200[39m [90m1014 ms - 139[39m
[35m[HTTP][39m [90m[39m
[35m[HTTP][39m [37m-->[39m [37mGET[39m [37m/wd/hub/session/e221a52a-9620-4266-bacb-dcdd363840aa/element/00000000-0000-0b09-ffff-ffff000002ed/location[39m
[35m[HTTP][39m [90m{}[39m
[35m[W3C (e221a52a)][39m Driver proxy active, passing request on via HTTP proxy
[35m[WD Proxy][39m Replacing sessionId ef38a15d-91a8-4fe8-ae9c-530d31b056e4 with e221a52a-9620-4266-bacb-dcdd363840aa
[35m[HTTP][39m [37m<-- GET /wd/hub/session/e221a52a-9620-4266-bacb-dcdd363840aa/element/00000000-0000-0b09-ffff-ffff000002ed/location [39m[32m200[39m [90m529 ms - 77[39m
[35m[HTTP][39m [90m[39m
[35m[HTTP][39m [37m-->[39m [37mPOST[39m [37m/wd/hub/session/e221a52a-9620-4266-bacb-dcdd363840aa/timeouts[39m
[35m[HTTP][39m [90m{"implicit":30000}[39m
[35m[HTTP][39m [37m<-- POST /wd/hub/session/e221a52a-9620-4266-bacb-dcdd363840aa/timeouts [39m[32m200[39m [90m1 ms - 14[39m
[35m[HTTP][39m [90m[39m
[35m[HTTP][39m [37m-->[39m [37mPOST[39m [37m/wd/hub/session/e221a52a-9620-4266-bacb-dcdd363840aa/element/00000000-0000-0b09-ffff-ffff000002ed/clear[39m
[35m[HTTP][39m [90m{"id":"00000000-0000-0b09-ffff-ffff000002ed"}[39m
[35m[HTTP][39m [37m<-- POST /wd/hub/session/e221a52a-9620-4266-bacb-dcdd363840aa/element/00000000-0000-0b09-ffff-ffff000002ed/clear [39m[32m200[39m [90m56 ms - 14[39m
[35m[HTTP][39m [90m[39m
[35m[HTTP][39m [37m-->[39m [37mPOST[39m [37m/wd/hub/session/e221a52a-9620-4266-bacb-dcdd363840aa/element/00000000-0000-0b09-ffff-ffff000002ed/value[39m
[35m[HTTP][39m [90m{"id":"00000000-0000-0b09-ffff-ffff000002ed","text":"coba","value":["c","o","b","a"]}[39m
[35m[HTTP][39m [37m<-- POST /wd/hub/session/e221a52a-9620-4266-bacb-dcdd363840aa/element/00000000-0000-0b09-ffff-ffff000002ed/value [39m[32m200[39m [90m1107 ms - 14[39m
[35m[HTTP][39m [90m[39m
[35m[HTTP][39m [37m-->[39m [37mPOST[39m [37m/wd/hub/session/e221a52a-9620-4266-bacb-dcdd363840aa/timeouts[39m
[35m[HTTP][39m [90m{"implicit":50}[39m
[35m[HTTP][39m [37m<-- POST /wd/hub/session/e221a52a-9620-4266-bacb-dcdd363840aa/timeouts [39m[32m200[39m [90m1 ms - 14[39m
[35m[HTTP][39m [90m[39m
[35m[HTTP][39m [37m-->[39m [37mGET[39m [37m/wd/hub/session/e221a52a-9620-4266-bacb-dcdd363840aa/window/rect[39m
[35m[HTTP][39m [90m{}[39m
[35m[HTTP][39m [37m<-- GET /wd/hub/session/e221a52a-9620-4266-bacb-dcdd363840aa/window/rect [39m[32m200[39m [90m29 ms - 50[39m
[35m[HTTP][39m [90m[39m
[35m[HTTP][39m [37m-->[39m [37mPOST[39m [37m/wd/hub/session/e221a52a-9620-4266-bacb-dcdd363840aa/elements[39m
[35m[HTTP][39m [90m{"using":"xpath","value":"//*[@class = 'android.widget.EditText' and (@text = 'Email' or . = 'Email') and @resource-id = 'com.she.sehatq:id/et_input']"}[39m
[35m[HTTP][39m [37m<-- POST /wd/hub/session/e221a52a-9620-4266-bacb-dcdd363840aa/elements [39m[32m200[39m [90m512 ms - 139[39m
[35m[HTTP][39m [90m[39m
[35m[HTTP][39m [37m-->[39m [37mGET[39m [37m/wd/hub/session/e221a52a-9620-4266-bacb-dcdd363840aa/element/00000000-0000-0b09-ffff-ffff0000030d/location[39m
[35m[HTTP][39m [90m{}[39m
[35m[W3C (e221a52a)][39m Driver proxy active, passing request on via HTTP proxy
[35m[WD Proxy][39m Replacing sessionId ef38a15d-91a8-4fe8-ae9c-530d31b056e4 with e221a52a-9620-4266-bacb-dcdd363840aa
[35m[HTTP][39m [37m<-- GET /wd/hub/session/e221a52a-9620-4266-bacb-dcdd363840aa/element/00000000-0000-0b09-ffff-ffff0000030d/location [39m[32m200[39m [90m27 ms - 77[39m
[35m[HTTP][39m [90m[39m
[35m[HTTP][39m [37m-->[39m [37mPOST[39m [37m/wd/hub/session/e221a52a-9620-4266-bacb-dcdd363840aa/timeouts[39m
[35m[HTTP][39m [90m{"implicit":30000}[39m
[35m[HTTP][39m [37m<-- POST /wd/hub/session/e221a52a-9620-4266-bacb-dcdd363840aa/timeouts [39m[32m200[39m [90m1 ms - 14[39m
[35m[HTTP][39m [90m[39m
[35m[HTTP][39m [37m-->[39m [37mPOST[39m [37m/wd/hub/session/e221a52a-9620-4266-bacb-dcdd363840aa/element/00000000-0000-0b09-ffff-ffff0000030d/clear[39m
[35m[HTTP][39m [90m{"id":"00000000-0000-0b09-ffff-ffff0000030d"}[39m
[35m[HTTP][39m [37m<-- POST /wd/hub/session/e221a52a-9620-4266-bacb-dcdd363840aa/element/00000000-0000-0b09-ffff-ffff0000030d/clear [39m[32m200[39m [90m50 ms - 14[39m
[35m[HTTP][39m [90m[39m
[35m[HTTP][39m [37m-->[39m [37mPOST[39m [37m/wd/hub/session/e221a52a-9620-4266-bacb-dcdd363840aa/element/00000000-0000-0b09-ffff-ffff0000030d/value[39m
[35m[HTTP][39m [90m{"id":"00000000-0000-0b09-ffff-ffff0000030d","text":"a224@mail.com","value":["a","2","2","4","@","m","a","i","l",".","c","o","m"]}[39m
[35m[HTTP][39m [37m<-- POST /wd/hub/session/e221a52a-9620-4266-bacb-dcdd363840aa/element/00000000-0000-0b09-ffff-ffff0000030d/value [39m[32m200[39m [90m1066 ms - 14[39m
[35m[HTTP][39m [90m[39m
[35m[HTTP][39m [37m-->[39m [37mPOST[39m [37m/wd/hub/session/e221a52a-9620-4266-bacb-dcdd363840aa/timeouts[39m
[35m[HTTP][39m [90m{"implicit":50}[39m
[35m[HTTP][39m [37m<-- POST /wd/hub/session/e221a52a-9620-4266-bacb-dcdd363840aa/timeouts [39m[32m200[39m [90m1 ms - 14[39m
[35m[HTTP][39m [90m[39m
[35m[HTTP][39m [37m-->[39m [37mGET[39m [37m/wd/hub/session/e221a52a-9620-4266-bacb-dcdd363840aa/window/rect[39m
[35m[HTTP][39m [90m{}[39m
[35m[HTTP][39m [37m<-- GET /wd/hub/session/e221a52a-9620-4266-bacb-dcdd363840aa/window/rect [39m[32m200[39m [90m35 ms - 50[39m
[35m[HTTP][39m [90m[39m
[35m[HTTP][39m [37m-->[39m [37mPOST[39m [37m/wd/hub/session/e221a52a-9620-4266-bacb-dcdd363840aa/elements[39m
[35m[HTTP][39m [90m{"using":"xpath","value":"//*[@class = 'android.widget.EditText' and (@text = 'Password' or . = 'Password') and @resource-id = 'com.she.sehatq:id/et_input']"}[39m
[35m[HTTP][39m [37m<-- POST /wd/hub/session/e221a52a-9620-4266-bacb-dcdd363840aa/elements [39m[32m200[39m [90m549 ms - 139[39m
[35m[HTTP][39m [90m[39m
[35m[HTTP][39m [37m-->[39m [37mGET[39m [37m/wd/hub/session/e221a52a-9620-4266-bacb-dcdd363840aa/element/00000000-0000-0b09-ffff-ffff0000032d/location[39m
[35m[HTTP][39m [90m{}[39m
[35m[W3C (e221a52a)][39m Driver proxy active, passing request on via HTTP proxy
[35m[WD Proxy][39m Replacing sessionId ef38a15d-91a8-4fe8-ae9c-530d31b056e4 with e221a52a-9620-4266-bacb-dcdd363840aa
[35m[HTTP][39m [37m<-- GET /wd/hub/session/e221a52a-9620-4266-bacb-dcdd363840aa/element/00000000-0000-0b09-ffff-ffff0000032d/location [39m[32m200[39m [90m37 ms - 77[39m
[35m[HTTP][39m [90m[39m
[35m[HTTP][39m [37m-->[39m [37mPOST[39m [37m/wd/hub/session/e221a52a-9620-4266-bacb-dcdd363840aa/timeouts[39m
[35m[HTTP][39m [90m{"implicit":30000}[39m
[35m[HTTP][39m [37m<-- POST /wd/hub/session/e221a52a-9620-4266-bacb-dcdd363840aa/timeouts [39m[32m200[39m [90m1 ms - 14[39m
[35m[HTTP][39m [90m[39m
[35m[HTTP][39m [37m-->[39m [37mPOST[39m [37m/wd/hub/session/e221a52a-9620-4266-bacb-dcdd363840aa/element/00000000-0000-0b09-ffff-ffff0000032d/clear[39m
[35m[HTTP][39m [90m{"id":"00000000-0000-0b09-ffff-ffff0000032d"}[39m
[35m[HTTP][39m [37m<-- POST /wd/hub/session/e221a52a-9620-4266-bacb-dcdd363840aa/element/00000000-0000-0b09-ffff-ffff0000032d/clear [39m[32m200[39m [90m36 ms - 14[39m
[35m[HTTP][39m [90m[39m
[35m[HTTP][39m [37m-->[39m [37mPOST[39m [37m/wd/hub/session/e221a52a-9620-4266-bacb-dcdd363840aa/element/00000000-0000-0b09-ffff-ffff0000032d/value[39m
[35m[HTTP][39m [90m{"id":"00000000-0000-0b09-ffff-ffff0000032d","text":"123456","value":["1","2","3","4","5","6"]}[39m
[35m[HTTP][39m [37m<-- POST /wd/hub/session/e221a52a-9620-4266-bacb-dcdd363840aa/element/00000000-0000-0b09-ffff-ffff0000032d/value [39m[32m200[39m [90m1094 ms - 14[39m
[35m[HTTP][39m [90m[39m
[35m[HTTP][39m [37m-->[39m [37mPOST[39m [37m/wd/hub/session/e221a52a-9620-4266-bacb-dcdd363840aa/timeouts[39m
[35m[HTTP][39m [90m{"implicit":50}[39m
[35m[HTTP][39m [37m<-- POST /wd/hub/session/e221a52a-9620-4266-bacb-dcdd363840aa/timeouts [39m[32m200[39m [90m1 ms - 14[39m
[35m[HTTP][39m [90m[39m
[35m[HTTP][39m [37m-->[39m [37mGET[39m [37m/wd/hub/session/e221a52a-9620-4266-bacb-dcdd363840aa/window/rect[39m
[35m[HTTP][39m [90m{}[39m
[35m[HTTP][39m [37m<-- GET /wd/hub/session/e221a52a-9620-4266-bacb-dcdd363840aa/window/rect [39m[32m200[39m [90m21 ms - 50[39m
[35m[HTTP][39m [90m[39m
[35m[HTTP][39m [37m-->[39m [37mPOST[39m [37m/wd/hub/session/e221a52a-9620-4266-bacb-dcdd363840aa/elements[39m
[35m[HTTP][39m [90m{"using":"xpath","value":"//*[@class = 'android.widget.CheckBox' and @resource-id = 'com.she.sehatq:id/cb_terms' and (@text = '' or . = '')]"}[39m
[35m[HTTP][39m [37m<-- POST /wd/hub/session/e221a52a-9620-4266-bacb-dcdd363840aa/elements [39m[32m200[39m [90m562 ms - 139[39m
[35m[HTTP][39m [90m[39m
[35m[HTTP][39m [37m-->[39m [37mGET[39m [37m/wd/hub/session/e221a52a-9620-4266-bacb-dcdd363840aa/element/00000000-0000-0b09-ffff-ffff00000348/location[39m
[35m[HTTP][39m [90m{}[39m
[35m[W3C (e221a52a)][39m Driver proxy active, passing request on via HTTP proxy
[35m[WD Proxy][39m Replacing sessionId ef38a15d-91a8-4fe8-ae9c-530d31b056e4 with e221a52a-9620-4266-bacb-dcdd363840aa
[35m[HTTP][39m [37m<-- GET /wd/hub/session/e221a52a-9620-4266-bacb-dcdd363840aa/element/00000000-0000-0b09-ffff-ffff00000348/location [39m[32m200[39m [90m29 ms - 78[39m
[35m[HTTP][39m [90m[39m
[35m[HTTP][39m [37m-->[39m [37mPOST[39m [37m/wd/hub/session/e221a52a-9620-4266-bacb-dcdd363840aa/timeouts[39m
[35m[HTTP][39m [90m{"implicit":30000}[39m
[35m[HTTP][39m [37m<-- POST /wd/hub/session/e221a52a-9620-4266-bacb-dcdd363840aa/timeouts [39m[32m200[39m [90m2 ms - 14[39m
[35m[HTTP][39m [90m[39m
[35m[HTTP][39m [37m-->[39m [37mPOST[39m [37m/wd/hub/session/e221a52a-9620-4266-bacb-dcdd363840aa/touch/perform[39m
[35m[HTTP][39m [90m{"actions":[{"action":"tap","options":{"x":1,"y":1,"element":"00000000-0000-0b09-ffff-ffff00000348"}},{"action":"release","options":{}}]}[39m
[35m[UiAutomator2][39m calling get location: 00000000-0000-0b09-ffff-ffff00000348
[35m[HTTP][39m [37m<-- POST /wd/hub/session/e221a52a-9620-4266-bacb-dcdd363840aa/touch/perform [39m[32m200[39m [90m268 ms - 14[39m
[35m[HTTP][39m [90m[39m
[35m[HTTP][39m [37m-->[39m [37mPOST[39m [37m/wd/hub/session/e221a52a-9620-4266-bacb-dcdd363840aa/timeouts[39m
[35m[HTTP][39m [90m{"implicit":50}[39m
[35m[HTTP][39m [37m<-- POST /wd/hub/session/e221a52a-9620-4266-bacb-dcdd363840aa/timeouts [39m[32m200[39m [90m2 ms - 14[39m
[35m[HTTP][39m [90m[39m
[35m[HTTP][39m [37m-->[39m [37mGET[39m [37m/wd/hub/session/e221a52a-9620-4266-bacb-dcdd363840aa/window/rect[39m
[35m[HTTP][39m [90m{}[39m
[35m[HTTP][39m [37m<-- GET /wd/hub/session/e221a52a-9620-4266-bacb-dcdd363840aa/window/rect [39m[32m200[39m [90m20 ms - 50[39m
[35m[HTTP][39m [90m[39m
[35m[HTTP][39m [37m-->[39m [37mPOST[39m [37m/wd/hub/session/e221a52a-9620-4266-bacb-dcdd363840aa/elements[39m
[35m[HTTP][39m [90m{"using":"xpath","value":"//*[@class = 'android.widget.Button' and (@text = 'Daftar' or . = 'Daftar') and @resource-id = 'com.she.sehatq:id/btn_signup']"}[39m
[35m[HTTP][39m [37m<-- POST /wd/hub/session/e221a52a-9620-4266-bacb-dcdd363840aa/elements [39m[32m200[39m [90m629 ms - 139[39m
[35m[HTTP][39m [90m[39m
[35m[HTTP][39m [37m-->[39m [37mGET[39m [37m/wd/hub/session/e221a52a-9620-4266-bacb-dcdd363840aa/element/00000000-0000-0b09-ffff-ffff0000034f/location[39m
[35m[HTTP][39m [90m{}[39m
[35m[W3C (e221a52a)][39m Driver proxy active, passing request on via HTTP proxy
[35m[WD Proxy][39m Replacing sessionId ef38a15d-91a8-4fe8-ae9c-530d31b056e4 with e221a52a-9620-4266-bacb-dcdd363840aa
[35m[HTTP][39m [37m<-- GET /wd/hub/session/e221a52a-9620-4266-bacb-dcdd363840aa/element/00000000-0000-0b09-ffff-ffff0000034f/location [39m[32m200[39m [90m32 ms - 78[39m
[35m[HTTP][39m [90m[39m
[35m[HTTP][39m [37m-->[39m [37mPOST[39m [37m/wd/hub/session/e221a52a-9620-4266-bacb-dcdd363840aa/timeouts[39m
[35m[HTTP][39m [90m{"implicit":30000}[39m
[35m[HTTP][39m [37m<-- POST /wd/hub/session/e221a52a-9620-4266-bacb-dcdd363840aa/timeouts [39m[32m200[39m [90m1 ms - 14[39m
[35m[HTTP][39m [90m[39m
[35m[HTTP][39m [37m-->[39m [37mPOST[39m [37m/wd/hub/session/e221a52a-9620-4266-bacb-dcdd363840aa/touch/perform[39m
[35m[HTTP][39m [90m{"actions":[{"action":"tap","options":{"x":1,"y":1,"element":"00000000-0000-0b09-ffff-ffff0000034f"}},{"action":"release","options":{}}]}[39m
[35m[UiAutomator2][39m calling get location: 00000000-0000-0b09-ffff-ffff0000034f
[35m[HTTP][39m [37m<-- POST /wd/hub/session/e221a52a-9620-4266-bacb-dcdd363840aa/touch/perform [39m[32m200[39m [90m712 ms - 14[39m
[35m[HTTP][39m [90m[39m
[35m[HTTP][39m [37m-->[39m [37mPOST[39m [37m/wd/hub/session/e221a52a-9620-4266-bacb-dcdd363840aa/timeouts[39m
[35m[HTTP][39m [90m{"implicit":50}[39m
[35m[HTTP][39m [37m<-- POST /wd/hub/session/e221a52a-9620-4266-bacb-dcdd363840aa/timeouts [39m[32m200[39m [90m1 ms - 14[39m
[35m[HTTP][39m [90m[39m
[35m[HTTP][39m [37m-->[39m [37mGET[39m [37m/wd/hub/session/e221a52a-9620-4266-bacb-dcdd363840aa/window/rect[39m
[35m[HTTP][39m [90m{}[39m
[35m[HTTP][39m [37m<-- GET /wd/hub/session/e221a52a-9620-4266-bacb-dcdd363840aa/window/rect [39m[32m200[39m [90m40 ms - 50[39m
[35m[HTTP][39m [90m[39m
[35m[HTTP][39m [37m-->[39m [37mPOST[39m [37m/wd/hub/session/e221a52a-9620-4266-bacb-dcdd363840aa/elements[39m
[35m[HTTP][39m [90m{"using":"xpath","value":"//*[@class = 'android.widget.TextView' and (@text = 'Email sudah ada, mohon gunakan email lain' or . = 'Email sudah ada, mohon gunakan email lain') and @resource-id = 'com.she.sehatq:id/tv_detail']"}[39m
[35m[HTTP][39m [37m<-- POST /wd/hub/session/e221a52a-9620-4266-bacb-dcdd363840aa/elements [39m[32m200[39m [90m112 ms - 12[39m
[35m[HTTP][39m [90m[39m
[35m[HTTP][39m [37m-->[39m [37mPOST[39m [37m/wd/hub/session/e221a52a-9620-4266-bacb-dcdd363840aa/elements[39m
[35m[HTTP][39m [90m{"using":"xpath","value":"//*[@class = 'android.widget.TextView' and (@text = 'Email sudah ada, mohon gunakan email lain' or . = 'Email sudah ada, mohon gunakan email lain') and @resource-id = 'com.she.sehatq:id/tv_detail']"}[39m
[35m[HTTP][39m [37m<-- POST /wd/hub/session/e221a52a-9620-4266-bacb-dcdd363840aa/elements [39m[32m200[39m [90m139 ms - 12[39m
[35m[HTTP][39m [90m[39m
[35m[HTTP][39m [37m-->[39m [37mPOST[39m [37m/wd/hub/session/e221a52a-9620-4266-bacb-dcdd363840aa/elements[39m
[35m[HTTP][39m [90m{"using":"xpath","value":"//*[@class = 'android.widget.TextView' and (@text = 'Email sudah ada, mohon gunakan email lain' or . = 'Email sudah ada, mohon gunakan email lain') and @resource-id = 'com.she.sehatq:id/tv_detail']"}[39m
[35m[HTTP][39m [37m<-- POST /wd/hub/session/e221a52a-9620-4266-bacb-dcdd363840aa/elements [39m[32m200[39m [90m99 ms - 12[39m
[35m[HTTP][39m [90m[39m
[35m[HTTP][39m [37m-->[39m [37mPOST[39m [37m/wd/hub/session/e221a52a-9620-4266-bacb-dcdd363840aa/elements[39m
[35m[HTTP][39m [90m{"using":"xpath","value":"//*[@class = 'android.widget.TextView' and (@text = 'Email sudah ada, mohon gunakan email lain' or . = 'Email sudah ada, mohon gunakan email lain') and @resource-id = 'com.she.sehatq:id/tv_detail']"}[39m
[35m[HTTP][39m [37m<-- POST /wd/hub/session/e221a52a-9620-4266-bacb-dcdd363840aa/elements [39m[32m200[39m [90m108 ms - 12[39m
[35m[HTTP][39m [90m[39m
[35m[HTTP][39m [37m-->[39m [37mPOST[39m [37m/wd/hub/session/e221a52a-9620-4266-bacb-dcdd363840aa/elements[39m
[35m[HTTP][39m [90m{"using":"xpath","value":"//*[@class = 'android.widget.TextView' and (@text = 'Email sudah ada, mohon gunakan email lain' or . = 'Email sudah ada, mohon gunakan email lain') and @resource-id = 'com.she.sehatq:id/tv_detail']"}[39m
[35m[HTTP][39m [37m<-- POST /wd/hub/session/e221a52a-9620-4266-bacb-dcdd363840aa/elements [39m[32m200[39m [90m89 ms - 12[39m
[35m[HTTP][39m [90m[39m
[35m[HTTP][39m [37m-->[39m [37mPOST[39m [37m/wd/hub/session/e221a52a-9620-4266-bacb-dcdd363840aa/elements[39m
[35m[HTTP][39m [90m{"using":"xpath","value":"//*[@class = 'android.widget.TextView' and (@text = 'Email sudah ada, mohon gunakan email lain' or . = 'Email sudah ada, mohon gunakan email lain') and @resource-id = 'com.she.sehatq:id/tv_detail']"}[39m
[35m[HTTP][39m [37m<-- POST /wd/hub/session/e221a52a-9620-4266-bacb-dcdd363840aa/elements [39m[32m200[39m [90m84 ms - 12[39m
[35m[HTTP][39m [90m[39m
[35m[HTTP][39m [37m-->[39m [37mPOST[39m [37m/wd/hub/session/e221a52a-9620-4266-bacb-dcdd363840aa/elements[39m
[35m[HTTP][39m [90m{"using":"xpath","value":"//*[@class = 'android.widget.TextView' and (@text = 'Email sudah ada, mohon gunakan email lain' or . = 'Email sudah ada, mohon gunakan email lain') and @resource-id = 'com.she.sehatq:id/tv_detail']"}[39m
[35m[HTTP][39m [37m<-- POST /wd/hub/session/e221a52a-9620-4266-bacb-dcdd363840aa/elements [39m[32m200[39m [90m120 ms - 12[39m
[35m[HTTP][39m [90m[39m
[35m[HTTP][39m [37m-->[39m [37mPOST[39m [37m/wd/hub/session/e221a52a-9620-4266-bacb-dcdd363840aa/elements[39m
[35m[HTTP][39m [90m{"using":"xpath","value":"//*[@class = 'android.widget.TextView' and (@text = 'Email sudah ada, mohon gunakan email lain' or . = 'Email sudah ada, mohon gunakan email lain') and @resource-id = 'com.she.sehatq:id/tv_detail']"}[39m
[35m[HTTP][39m [37m<-- POST /wd/hub/session/e221a52a-9620-4266-bacb-dcdd363840aa/elements [39m[32m200[39m [90m99 ms - 12[39m
[35m[HTTP][39m [90m[39m
[35m[HTTP][39m [37m-->[39m [37mPOST[39m [37m/wd/hub/session/e221a52a-9620-4266-bacb-dcdd363840aa/elements[39m
[35m[HTTP][39m [90m{"using":"xpath","value":"//*[@class = 'android.widget.TextView' and (@text = 'Email sudah ada, mohon gunakan email lain' or . = 'Email sudah ada, mohon gunakan email lain') and @resource-id = 'com.she.sehatq:id/tv_detail']"}[39m
[35m[HTTP][39m [37m<-- POST /wd/hub/session/e221a52a-9620-4266-bacb-dcdd363840aa/elements [39m[32m200[39m [90m153 ms - 12[39m
[35m[HTTP][39m [90m[39m
[35m[HTTP][39m [37m-->[39m [37mPOST[39m [37m/wd/hub/session/e221a52a-9620-4266-bacb-dcdd363840aa/elements[39m
[35m[HTTP][39m [90m{"using":"xpath","value":"//*[@class = 'android.widget.TextView' and (@text = 'Email sudah ada, mohon gunakan email lain' or . = 'Email sudah ada, mohon gunakan email lain') and @resource-id = 'com.she.sehatq:id/tv_detail']"}[39m
[35m[HTTP][39m [37m<-- POST /wd/hub/session/e221a52a-9620-4266-bacb-dcdd363840aa/elements [39m[32m200[39m [90m96 ms - 12[39m
[35m[HTTP][39m [90m[39m
[35m[HTTP][39m [37m-->[39m [37mPOST[39m [37m/wd/hub/session/e221a52a-9620-4266-bacb-dcdd363840aa/elements[39m
[35m[HTTP][39m [90m{"using":"xpath","value":"//*[@class = 'android.widget.TextView' and (@text = 'Email sudah ada, mohon gunakan email lain' or . = 'Email sudah ada, mohon gunakan email lain') and @resource-id = 'com.she.sehatq:id/tv_detail']"}[39m
[35m[HTTP][39m [37m<-- POST /wd/hub/session/e221a52a-9620-4266-bacb-dcdd363840aa/elements [39m[32m200[39m [90m70 ms - 12[39m
[35m[HTTP][39m [90m[39m
[35m[HTTP][39m [37m-->[39m [37mPOST[39m [37m/wd/hub/session/e221a52a-9620-4266-bacb-dcdd363840aa/elements[39m
[35m[HTTP][39m [90m{"using":"xpath","value":"//*[@class = 'android.widget.TextView' and (@text = 'Email sudah ada, mohon gunakan email lain' or . = 'Email sudah ada, mohon gunakan email lain') and @resource-id = 'com.she.sehatq:id/tv_detail']"}[39m
[35m[HTTP][39m [37m<-- POST /wd/hub/session/e221a52a-9620-4266-bacb-dcdd363840aa/elements [39m[32m200[39m [90m122 ms - 12[39m
[35m[HTTP][39m [90m[39m
[35m[HTTP][39m [37m-->[39m [37mPOST[39m [37m/wd/hub/session/e221a52a-9620-4266-bacb-dcdd363840aa/elements[39m
[35m[HTTP][39m [90m{"using":"xpath","value":"//*[@class = 'android.widget.TextView' and (@text = 'Email sudah ada, mohon gunakan email lain' or . = 'Email sudah ada, mohon gunakan email lain') and @resource-id = 'com.she.sehatq:id/tv_detail']"}[39m
[35m[HTTP][39m [37m<-- POST /wd/hub/session/e221a52a-9620-4266-bacb-dcdd363840aa/elements [39m[32m200[39m [90m119 ms - 12[39m
[35m[HTTP][39m [90m[39m
[35m[HTTP][39m [37m-->[39m [37mPOST[39m [37m/wd/hub/session/e221a52a-9620-4266-bacb-dcdd363840aa/elements[39m
[35m[HTTP][39m [90m{"using":"xpath","value":"//*[@class = 'android.widget.TextView' and (@text = 'Email sudah ada, mohon gunakan email lain' or . = 'Email sudah ada, mohon gunakan email lain') and @resource-id = 'com.she.sehatq:id/tv_detail']"}[39m
[35m[HTTP][39m [37m<-- POST /wd/hub/session/e221a52a-9620-4266-bacb-dcdd363840aa/elements [39m[32m200[39m [90m110 ms - 12[39m
[35m[HTTP][39m [90m[39m
[35m[HTTP][39m [37m-->[39m [37mPOST[39m [37m/wd/hub/session/e221a52a-9620-4266-bacb-dcdd363840aa/elements[39m
[35m[HTTP][39m [90m{"using":"xpath","value":"//*[@class = 'android.widget.TextView' and (@text = 'Email sudah ada, mohon gunakan email lain' or . = 'Email sudah ada, mohon gunakan email lain') and @resource-id = 'com.she.sehatq:id/tv_detail']"}[39m
[35m[HTTP][39m [37m<-- POST /wd/hub/session/e221a52a-9620-4266-bacb-dcdd363840aa/elements [39m[32m200[39m [90m103 ms - 12[39m
[35m[HTTP][39m [90m[39m
[35m[HTTP][39m [37m-->[39m [37mPOST[39m [37m/wd/hub/session/e221a52a-9620-4266-bacb-dcdd363840aa/elements[39m
[35m[HTTP][39m [90m{"using":"xpath","value":"//*[@class = 'android.widget.TextView' and (@text = 'Email sudah ada, mohon gunakan email lain' or . = 'Email sudah ada, mohon gunakan email lain') and @resource-id = 'com.she.sehatq:id/tv_detail']"}[39m
[35m[HTTP][39m [37m<-- POST /wd/hub/session/e221a52a-9620-4266-bacb-dcdd363840aa/elements [39m[32m200[39m [90m120 ms - 12[39m
[35m[HTTP][39m [90m[39m
[35m[HTTP][39m [37m-->[39m [37mPOST[39m [37m/wd/hub/session/e221a52a-9620-4266-bacb-dcdd363840aa/elements[39m
[35m[HTTP][39m [90m{"using":"xpath","value":"//*[@class = 'android.widget.TextView' and (@text = 'Email sudah ada, mohon gunakan email lain' or . = 'Email sudah ada, mohon gunakan email lain') and @resource-id = 'com.she.sehatq:id/tv_detail']"}[39m
[35m[HTTP][39m [37m<-- POST /wd/hub/session/e221a52a-9620-4266-bacb-dcdd363840aa/elements [39m[32m200[39m [90m74 ms - 12[39m
[35m[HTTP][39m [90m[39m
[35m[HTTP][39m [37m-->[39m [37mPOST[39m [37m/wd/hub/session/e221a52a-9620-4266-bacb-dcdd363840aa/elements[39m
[35m[HTTP][39m [90m{"using":"xpath","value":"//*[@class = 'android.widget.TextView' and (@text = 'Email sudah ada, mohon gunakan email lain' or . = 'Email sudah ada, mohon gunakan email lain') and @resource-id = 'com.she.sehatq:id/tv_detail']"}[39m
[35m[HTTP][39m [37m<-- POST /wd/hub/session/e221a52a-9620-4266-bacb-dcdd363840aa/elements [39m[32m200[39m [90m249 ms - 12[39m
[35m[HTTP][39m [90m[39m
[35m[HTTP][39m [37m-->[39m [37mPOST[39m [37m/wd/hub/session/e221a52a-9620-4266-bacb-dcdd363840aa/elements[39m
[35m[HTTP][39m [90m{"using":"xpath","value":"//*[@class = 'android.widget.TextView' and (@text = 'Email sudah ada, mohon gunakan email lain' or . = 'Email sudah ada, mohon gunakan email lain') and @resource-id = 'com.she.sehatq:id/tv_detail']"}[39m
[35m[HTTP][39m [37m<-- POST /wd/hub/session/e221a52a-9620-4266-bacb-dcdd363840aa/elements [39m[32m200[39m [90m933 ms - 12[39m
[35m[HTTP][39m [90m[39m
[35m[HTTP][39m [37m-->[39m [37mPOST[39m [37m/wd/hub/session/e221a52a-9620-4266-bacb-dcdd363840aa/elements[39m
[35m[HTTP][39m [90m{"using":"xpath","value":"//*[@class = 'android.widget.TextView' and (@text = 'Email sudah ada, mohon gunakan email lain' or . = 'Email sudah ada, mohon gunakan email lain') and @resource-id = 'com.she.sehatq:id/tv_detail']"}[39m
[35m[HTTP][39m [37m<-- POST /wd/hub/session/e221a52a-9620-4266-bacb-dcdd363840aa/elements [39m[32m200[39m [90m600 ms - 12[39m
[35m[HTTP][39m [90m[39m
[35m[HTTP][39m [37m-->[39m [37mPOST[39m [37m/wd/hub/session/e221a52a-9620-4266-bacb-dcdd363840aa/elements[39m
[35m[HTTP][39m [90m{"using":"xpath","value":"//*[@class = 'android.widget.TextView' and (@text = 'Email sudah ada, mohon gunakan email lain' or . = 'Email sudah ada, mohon gunakan email lain') and @resource-id = 'com.she.sehatq:id/tv_detail']"}[39m
[35m[HTTP][39m [37m<-- POST /wd/hub/session/e221a52a-9620-4266-bacb-dcdd363840aa/elements [39m[32m200[39m [90m87 ms - 12[39m
[35m[HTTP][39m [90m[39m
[35m[HTTP][39m [37m-->[39m [37mPOST[39m [37m/wd/hub/session/e221a52a-9620-4266-bacb-dcdd363840aa/elements[39m
[35m[HTTP][39m [90m{"using":"xpath","value":"//*[@class = 'android.widget.TextView' and (@text = 'Email sudah ada, mohon gunakan email lain' or . = 'Email sudah ada, mohon gunakan email lain') and @resource-id = 'com.she.sehatq:id/tv_detail']"}[39m
[35m[HTTP][39m [37m<-- POST /wd/hub/session/e221a52a-9620-4266-bacb-dcdd363840aa/elements [39m[32m200[39m [90m92 ms - 12[39m
[35m[HTTP][39m [90m[39m
[35m[HTTP][39m [37m-->[39m [37mPOST[39m [37m/wd/hub/session/e221a52a-9620-4266-bacb-dcdd363840aa/elements[39m
[35m[HTTP][39m [90m{"using":"xpath","value":"//*[@class = 'android.widget.TextView' and (@text = 'Email sudah ada, mohon gunakan email lain' or . = 'Email sudah ada, mohon gunakan email lain') and @resource-id = 'com.she.sehatq:id/tv_detail']"}[39m
[35m[HTTP][39m [37m<-- POST /wd/hub/session/e221a52a-9620-4266-bacb-dcdd363840aa/elements [39m[32m200[39m [90m138 ms - 12[39m
[35m[HTTP][39m [90m[39m
[35m[HTTP][39m [37m-->[39m [37mPOST[39m [37m/wd/hub/session/e221a52a-9620-4266-bacb-dcdd363840aa/elements[39m
[35m[HTTP][39m [90m{"using":"xpath","value":"//*[@class = 'android.widget.TextView' and (@text = 'Email sudah ada, mohon gunakan email lain' or . = 'Email sudah ada, mohon gunakan email lain') and @resource-id = 'com.she.sehatq:id/tv_detail']"}[39m
[35m[HTTP][39m [37m<-- POST /wd/hub/session/e221a52a-9620-4266-bacb-dcdd363840aa/elements [39m[32m200[39m [90m81 ms - 12[39m
[35m[HTTP][39m [90m[39m
[35m[HTTP][39m [37m-->[39m [37mPOST[39m [37m/wd/hub/session/e221a52a-9620-4266-bacb-dcdd363840aa/elements[39m
[35m[HTTP][39m [90m{"using":"xpath","value":"//*[@class = 'android.widget.TextView' and (@text = 'Email sudah ada, mohon gunakan email lain' or . = 'Email sudah ada, mohon gunakan email lain') and @resource-id = 'com.she.sehatq:id/tv_detail']"}[39m
[35m[HTTP][39m [37m<-- POST /wd/hub/session/e221a52a-9620-4266-bacb-dcdd363840aa/elements [39m[32m200[39m [90m114 ms - 12[39m
[35m[HTTP][39m [90m[39m
[35m[HTTP][39m [37m-->[39m [37mPOST[39m [37m/wd/hub/session/e221a52a-9620-4266-bacb-dcdd363840aa/elements[39m
[35m[HTTP][39m [90m{"using":"xpath","value":"//*[@class = 'android.widget.TextView' and (@text = 'Email sudah ada, mohon gunakan email lain' or . = 'Email sudah ada, mohon gunakan email lain') and @resource-id = 'com.she.sehatq:id/tv_detail']"}[39m
[35m[HTTP][39m [37m<-- POST /wd/hub/session/e221a52a-9620-4266-bacb-dcdd363840aa/elements [39m[32m200[39m [90m94 ms - 12[39m
[35m[HTTP][39m [90m[39m
[35m[HTTP][39m [37m-->[39m [37mPOST[39m [37m/wd/hub/session/e221a52a-9620-4266-bacb-dcdd363840aa/elements[39m
[35m[HTTP][39m [90m{"using":"xpath","value":"//*[@class = 'android.widget.TextView' and (@text = 'Email sudah ada, mohon gunakan email lain' or . = 'Email sudah ada, mohon gunakan email lain') and @resource-id = 'com.she.sehatq:id/tv_detail']"}[39m
[35m[HTTP][39m [37m<-- POST /wd/hub/session/e221a52a-9620-4266-bacb-dcdd363840aa/elements [39m[32m200[39m [90m138 ms - 12[39m
[35m[HTTP][39m [90m[39m
[35m[HTTP][39m [37m-->[39m [37mPOST[39m [37m/wd/hub/session/e221a52a-9620-4266-bacb-dcdd363840aa/elements[39m
[35m[HTTP][39m [90m{"using":"xpath","value":"//*[@class = 'android.widget.TextView' and (@text = 'Email sudah ada, mohon gunakan email lain' or . = 'Email sudah ada, mohon gunakan email lain') and @resource-id = 'com.she.sehatq:id/tv_detail']"}[39m
[35m[HTTP][39m [37m<-- POST /wd/hub/session/e221a52a-9620-4266-bacb-dcdd363840aa/elements [39m[32m200[39m [90m91 ms - 12[39m
[35m[HTTP][39m [90m[39m
[35m[HTTP][39m [37m-->[39m [37mPOST[39m [37m/wd/hub/session/e221a52a-9620-4266-bacb-dcdd363840aa/elements[39m
[35m[HTTP][39m [90m{"using":"xpath","value":"//*[@class = 'android.widget.TextView' and (@text = 'Email sudah ada, mohon gunakan email lain' or . = 'Email sudah ada, mohon gunakan email lain') and @resource-id = 'com.she.sehatq:id/tv_detail']"}[39m
[35m[HTTP][39m [37m<-- POST /wd/hub/session/e221a52a-9620-4266-bacb-dcdd363840aa/elements [39m[32m200[39m [90m132 ms - 12[39m
[35m[HTTP][39m [90m[39m
[35m[HTTP][39m [37m-->[39m [37mPOST[39m [37m/wd/hub/session/e221a52a-9620-4266-bacb-dcdd363840aa/elements[39m
[35m[HTTP][39m [90m{"using":"xpath","value":"//*[@class = 'android.widget.TextView' and (@text = 'Email sudah ada, mohon gunakan email lain' or . = 'Email sudah ada, mohon gunakan email lain') and @resource-id = 'com.she.sehatq:id/tv_detail']"}[39m
[35m[HTTP][39m [37m<-- POST /wd/hub/session/e221a52a-9620-4266-bacb-dcdd363840aa/elements [39m[32m200[39m [90m96 ms - 12[39m
[35m[HTTP][39m [90m[39m
[35m[HTTP][39m [37m-->[39m [37mPOST[39m [37m/wd/hub/session/e221a52a-9620-4266-bacb-dcdd363840aa/elements[39m
[35m[HTTP][39m [90m{"using":"xpath","value":"//*[@class = 'android.widget.TextView' and (@text = 'Email sudah ada, mohon gunakan email lain' or . = 'Email sudah ada, mohon gunakan email lain') and @resource-id = 'com.she.sehatq:id/tv_detail']"}[39m
[35m[HTTP][39m [37m<-- POST /wd/hub/session/e221a52a-9620-4266-bacb-dcdd363840aa/elements [39m[32m200[39m [90m130 ms - 12[39m
[35m[HTTP][39m [90m[39m
[35m[HTTP][39m [37m-->[39m [37mPOST[39m [37m/wd/hub/session/e221a52a-9620-4266-bacb-dcdd363840aa/elements[39m
[35m[HTTP][39m [90m{"using":"xpath","value":"//*[@class = 'android.widget.TextView' and (@text = 'Email sudah ada, mohon gunakan email lain' or . = 'Email sudah ada, mohon gunakan email lain') and @resource-id = 'com.she.sehatq:id/tv_detail']"}[39m
[35m[HTTP][39m [37m<-- POST /wd/hub/session/e221a52a-9620-4266-bacb-dcdd363840aa/elements [39m[32m200[39m [90m100 ms - 12[39m
[35m[HTTP][39m [90m[39m
[35m[HTTP][39m [37m-->[39m [37mPOST[39m [37m/wd/hub/session/e221a52a-9620-4266-bacb-dcdd363840aa/elements[39m
[35m[HTTP][39m [90m{"using":"xpath","value":"//*[@class = 'android.widget.TextView' and (@text = 'Email sudah ada, mohon gunakan email lain' or . = 'Email sudah ada, mohon gunakan email lain') and @resource-id = 'com.she.sehatq:id/tv_detail']"}[39m
[35m[HTTP][39m [37m<-- POST /wd/hub/session/e221a52a-9620-4266-bacb-dcdd363840aa/elements [39m[32m200[39m [90m110 ms - 12[39m
[35m[HTTP][39m [90m[39m
[35m[HTTP][39m [37m-->[39m [37mPOST[39m [37m/wd/hub/session/e221a52a-9620-4266-bacb-dcdd363840aa/elements[39m
[35m[HTTP][39m [90m{"using":"xpath","value":"//*[@class = 'android.widget.TextView' and (@text = 'Email sudah ada, mohon gunakan email lain' or . = 'Email sudah ada, mohon gunakan email lain') and @resource-id = 'com.she.sehatq:id/tv_detail']"}[39m
[35m[HTTP][39m [37m<-- POST /wd/hub/session/e221a52a-9620-4266-bacb-dcdd363840aa/elements [39m[32m200[39m [90m132 ms - 12[39m
[35m[HTTP][39m [90m[39m
[35m[HTTP][39m [37m-->[39m [37mPOST[39m [37m/wd/hub/session/e221a52a-9620-4266-bacb-dcdd363840aa/elements[39m
[35m[HTTP][39m [90m{"using":"xpath","value":"//*[@class = 'android.widget.TextView' and (@text = 'Email sudah ada, mohon gunakan email lain' or . = 'Email sudah ada, mohon gunakan email lain') and @resource-id = 'com.she.sehatq:id/tv_detail']"}[39m
[35m[HTTP][39m [37m<-- POST /wd/hub/session/e221a52a-9620-4266-bacb-dcdd363840aa/elements [39m[32m200[39m [90m142 ms - 12[39m
[35m[HTTP][39m [90m[39m
[35m[HTTP][39m [37m-->[39m [37mPOST[39m [37m/wd/hub/session/e221a52a-9620-4266-bacb-dcdd363840aa/elements[39m
[35m[HTTP][39m [90m{"using":"xpath","value":"//*[@class = 'android.widget.TextView' and (@text = 'Email sudah ada, mohon gunakan email lain' or . = 'Email sudah ada, mohon gunakan email lain') and @resource-id = 'com.she.sehatq:id/tv_detail']"}[39m
[35m[HTTP][39m [37m<-- POST /wd/hub/session/e221a52a-9620-4266-bacb-dcdd363840aa/elements [39m[32m200[39m [90m111 ms - 12[39m
[35m[HTTP][39m [90m[39m
[35m[HTTP][39m [37m-->[39m [37mPOST[39m [37m/wd/hub/session/e221a52a-9620-4266-bacb-dcdd363840aa/elements[39m
[35m[HTTP][39m [90m{"using":"xpath","value":"//*[@class = 'android.widget.TextView' and (@text = 'Email sudah ada, mohon gunakan email lain' or . = 'Email sudah ada, mohon gunakan email lain') and @resource-id = 'com.she.sehatq:id/tv_detail']"}[39m
[35m[HTTP][39m [37m<-- POST /wd/hub/session/e221a52a-9620-4266-bacb-dcdd363840aa/elements [39m[32m200[39m [90m89 ms - 12[39m
[35m[HTTP][39m [90m[39m
[35m[HTTP][39m [37m-->[39m [37mPOST[39m [37m/wd/hub/session/e221a52a-9620-4266-bacb-dcdd363840aa/elements[39m
[35m[HTTP][39m [90m{"using":"xpath","value":"//*[@class = 'android.widget.TextView' and (@text = 'Email sudah ada, mohon gunakan email lain' or . = 'Email sudah ada, mohon gunakan email lain') and @resource-id = 'com.she.sehatq:id/tv_detail']"}[39m
[35m[HTTP][39m [37m<-- POST /wd/hub/session/e221a52a-9620-4266-bacb-dcdd363840aa/elements [39m[32m200[39m [90m120 ms - 12[39m
[35m[HTTP][39m [90m[39m
[35m[HTTP][39m [37m-->[39m [37mPOST[39m [37m/wd/hub/session/e221a52a-9620-4266-bacb-dcdd363840aa/elements[39m
[35m[HTTP][39m [90m{"using":"xpath","value":"//*[@class = 'android.widget.TextView' and (@text = 'Email sudah ada, mohon gunakan email lain' or . = 'Email sudah ada, mohon gunakan email lain') and @resource-id = 'com.she.sehatq:id/tv_detail']"}[39m
[35m[HTTP][39m [37m<-- POST /wd/hub/session/e221a52a-9620-4266-bacb-dcdd363840aa/elements [39m[32m200[39m [90m102 ms - 12[39m
[35m[HTTP][39m [90m[39m
[35m[HTTP][39m [37m-->[39m [37mPOST[39m [37m/wd/hub/session/e221a52a-9620-4266-bacb-dcdd363840aa/elements[39m
[35m[HTTP][39m [90m{"using":"xpath","value":"//*[@class = 'android.widget.TextView' and (@text = 'Email sudah ada, mohon gunakan email lain' or . = 'Email sudah ada, mohon gunakan email lain') and @resource-id = 'com.she.sehatq:id/tv_detail']"}[39m
[35m[HTTP][39m [37m<-- POST /wd/hub/session/e221a52a-9620-4266-bacb-dcdd363840aa/elements [39m[32m200[39m [90m137 ms - 12[39m
[35m[HTTP][39m [90m[39m
[35m[HTTP][39m [37m-->[39m [37mPOST[39m [37m/wd/hub/session/e221a52a-9620-4266-bacb-dcdd363840aa/elements[39m
[35m[HTTP][39m [90m{"using":"xpath","value":"//*[@class = 'android.widget.TextView' and (@text = 'Email sudah ada, mohon gunakan email lain' or . = 'Email sudah ada, mohon gunakan email lain') and @resource-id = 'com.she.sehatq:id/tv_detail']"}[39m
[35m[HTTP][39m [37m<-- POST /wd/hub/session/e221a52a-9620-4266-bacb-dcdd363840aa/elements [39m[32m200[39m [90m114 ms - 12[39m
[35m[HTTP][39m [90m[39m
[35m[HTTP][39m [37m-->[39m [37mPOST[39m [37m/wd/hub/session/e221a52a-9620-4266-bacb-dcdd363840aa/elements[39m
[35m[HTTP][39m [90m{"using":"xpath","value":"//*[@class = 'android.widget.TextView' and (@text = 'Email sudah ada, mohon gunakan email lain' or . = 'Email sudah ada, mohon gunakan email lain') and @resource-id = 'com.she.sehatq:id/tv_detail']"}[39m
[35m[HTTP][39m [37m<-- POST /wd/hub/session/e221a52a-9620-4266-bacb-dcdd363840aa/elements [39m[32m200[39m [90m95 ms - 12[39m
[35m[HTTP][39m [90m[39m
[35m[HTTP][39m [37m-->[39m [37mPOST[39m [37m/wd/hub/session/e221a52a-9620-4266-bacb-dcdd363840aa/elements[39m
[35m[HTTP][39m [90m{"using":"xpath","value":"//*[@class = 'android.widget.TextView' and (@text = 'Email sudah ada, mohon gunakan email lain' or . = 'Email sudah ada, mohon gunakan email lain') and @resource-id = 'com.she.sehatq:id/tv_detail']"}[39m
[35m[HTTP][39m [37m<-- POST /wd/hub/session/e221a52a-9620-4266-bacb-dcdd363840aa/elements [39m[32m200[39m [90m86 ms - 12[39m
[35m[HTTP][39m [90m[39m
[35m[HTTP][39m [37m-->[39m [37mPOST[39m [37m/wd/hub/session/e221a52a-9620-4266-bacb-dcdd363840aa/elements[39m
[35m[HTTP][39m [90m{"using":"xpath","value":"//*[@class = 'android.widget.TextView' and (@text = 'Email sudah ada, mohon gunakan email lain' or . = 'Email sudah ada, mohon gunakan email lain') and @resource-id = 'com.she.sehatq:id/tv_detail']"}[39m
[35m[HTTP][39m [37m<-- POST /wd/hub/session/e221a52a-9620-4266-bacb-dcdd363840aa/elements [39m[32m200[39m [90m111 ms - 12[39m
[35m[HTTP][39m [90m[39m
[35m[HTTP][39m [37m-->[39m [37mPOST[39m [37m/wd/hub/session/e221a52a-9620-4266-bacb-dcdd363840aa/elements[39m
[35m[HTTP][39m [90m{"using":"xpath","value":"//*[@class = 'android.widget.TextView' and (@text = 'Email sudah ada, mohon gunakan email lain' or . = 'Email sudah ada, mohon gunakan email lain') and @resource-id = 'com.she.sehatq:id/tv_detail']"}[39m
[35m[HTTP][39m [37m<-- POST /wd/hub/session/e221a52a-9620-4266-bacb-dcdd363840aa/elements [39m[32m200[39m [90m83 ms - 12[39m
[35m[HTTP][39m [90m[39m
[35m[HTTP][39m [37m-->[39m [37mPOST[39m [37m/wd/hub/session/e221a52a-9620-4266-bacb-dcdd363840aa/elements[39m
[35m[HTTP][39m [90m{"using":"xpath","value":"//*[@class = 'android.widget.TextView' and (@text = 'Email sudah ada, mohon gunakan email lain' or . = 'Email sudah ada, mohon gunakan email lain') and @resource-id = 'com.she.sehatq:id/tv_detail']"}[39m
[35m[HTTP][39m [37m<-- POST /wd/hub/session/e221a52a-9620-4266-bacb-dcdd363840aa/elements [39m[32m200[39m [90m85 ms - 12[39m
[35m[HTTP][39m [90m[39m
[35m[HTTP][39m [37m-->[39m [37mPOST[39m [37m/wd/hub/session/e221a52a-9620-4266-bacb-dcdd363840aa/elements[39m
[35m[HTTP][39m [90m{"using":"xpath","value":"//*[@class = 'android.widget.TextView' and (@text = 'Email sudah ada, mohon gunakan email lain' or . = 'Email sudah ada, mohon gunakan email lain') and @resource-id = 'com.she.sehatq:id/tv_detail']"}[39m
[35m[HTTP][39m [37m<-- POST /wd/hub/session/e221a52a-9620-4266-bacb-dcdd363840aa/elements [39m[32m200[39m [90m100 ms - 12[39m
[35m[HTTP][39m [90m[39m
[35m[HTTP][39m [37m-->[39m [37mPOST[39m [37m/wd/hub/session/e221a52a-9620-4266-bacb-dcdd363840aa/elements[39m
[35m[HTTP][39m [90m{"using":"xpath","value":"//*[@class = 'android.widget.TextView' and (@text = 'Email sudah ada, mohon gunakan email lain' or . = 'Email sudah ada, mohon gunakan email lain') and @resource-id = 'com.she.sehatq:id/tv_detail']"}[39m
[35m[HTTP][39m [37m<-- POST /wd/hub/session/e221a52a-9620-4266-bacb-dcdd363840aa/elements [39m[32m200[39m [90m92 ms - 12[39m
[35m[HTTP][39m [90m[39m
[35m[HTTP][39m [37m-->[39m [37mPOST[39m [37m/wd/hub/session/e221a52a-9620-4266-bacb-dcdd363840aa/elements[39m
[35m[HTTP][39m [90m{"using":"xpath","value":"//*[@class = 'android.widget.TextView' and (@text = 'Email sudah ada, mohon gunakan email lain' or . = 'Email sudah ada, mohon gunakan email lain') and @resource-id = 'com.she.sehatq:id/tv_detail']"}[39m
[35m[HTTP][39m [37m<-- POST /wd/hub/session/e221a52a-9620-4266-bacb-dcdd363840aa/elements [39m[32m200[39m [90m76 ms - 12[39m
[35m[HTTP][39m [90m[39m
[35m[HTTP][39m [37m-->[39m [37mPOST[39m [37m/wd/hub/session/e221a52a-9620-4266-bacb-dcdd363840aa/elements[39m
[35m[HTTP][39m [90m{"using":"xpath","value":"//*[@class = 'android.widget.TextView' and (@text = 'Email sudah ada, mohon gunakan email lain' or . = 'Email sudah ada, mohon gunakan email lain') and @resource-id = 'com.she.sehatq:id/tv_detail']"}[39m
[35m[HTTP][39m [37m<-- POST /wd/hub/session/e221a52a-9620-4266-bacb-dcdd363840aa/elements [39m[32m200[39m [90m104 ms - 12[39m
[35m[HTTP][39m [90m[39m
[35m[HTTP][39m [37m-->[39m [37mPOST[39m [37m/wd/hub/session/e221a52a-9620-4266-bacb-dcdd363840aa/elements[39m
[35m[HTTP][39m [90m{"using":"xpath","value":"//*[@class = 'android.widget.TextView' and (@text = 'Email sudah ada, mohon gunakan email lain' or . = 'Email sudah ada, mohon gunakan email lain') and @resource-id = 'com.she.sehatq:id/tv_detail']"}[39m
[35m[HTTP][39m [37m<-- POST /wd/hub/session/e221a52a-9620-4266-bacb-dcdd363840aa/elements [39m[32m200[39m [90m94 ms - 12[39m
[35m[HTTP][39m [90m[39m
[35m[HTTP][39m [37m-->[39m [37mPOST[39m [37m/wd/hub/session/e221a52a-9620-4266-bacb-dcdd363840aa/elements[39m
[35m[HTTP][39m [90m{"using":"xpath","value":"//*[@class = 'android.widget.TextView' and (@text = 'Email sudah ada, mohon gunakan email lain' or . = 'Email sudah ada, mohon gunakan email lain') and @resource-id = 'com.she.sehatq:id/tv_detail']"}[39m
[35m[HTTP][39m [37m<-- POST /wd/hub/session/e221a52a-9620-4266-bacb-dcdd363840aa/elements [39m[32m200[39m [90m103 ms - 12[39m
[35m[HTTP][39m [90m[39m
[35m[HTTP][39m [37m-->[39m [37mPOST[39m [37m/wd/hub/session/e221a52a-9620-4266-bacb-dcdd363840aa/elements[39m
[35m[HTTP][39m [90m{"using":"xpath","value":"//*[@class = 'android.widget.TextView' and (@text = 'Email sudah ada, mohon gunakan email lain' or . = 'Email sudah ada, mohon gunakan email lain') and @resource-id = 'com.she.sehatq:id/tv_detail']"}[39m
[35m[HTTP][39m [37m<-- POST /wd/hub/session/e221a52a-9620-4266-bacb-dcdd363840aa/elements [39m[32m200[39m [90m60 ms - 12[39m
[35m[HTTP][39m [90m[39m
[35m[HTTP][39m [37m-->[39m [37mPOST[39m [37m/wd/hub/session/e221a52a-9620-4266-bacb-dcdd363840aa/elements[39m
[35m[HTTP][39m [90m{"using":"xpath","value":"//*[@class = 'android.widget.TextView' and (@text = 'Email sudah ada, mohon gunakan email lain' or . = 'Email sudah ada, mohon gunakan email lain') and @resource-id = 'com.she.sehatq:id/tv_detail']"}[39m
[35m[HTTP][39m [37m<-- POST /wd/hub/session/e221a52a-9620-4266-bacb-dcdd363840aa/elements [39m[32m200[39m [90m89 ms - 12[39m
[35m[HTTP][39m [90m[39m
[35m[HTTP][39m [37m-->[39m [37mPOST[39m [37m/wd/hub/session/e221a52a-9620-4266-bacb-dcdd363840aa/elements[39m
[35m[HTTP][39m [90m{"using":"xpath","value":"//*[@class = 'android.widget.TextView' and (@text = 'Email sudah ada, mohon gunakan email lain' or . = 'Email sudah ada, mohon gunakan email lain') and @resource-id = 'com.she.sehatq:id/tv_detail']"}[39m
[35m[HTTP][39m [37m<-- POST /wd/hub/session/e221a52a-9620-4266-bacb-dcdd363840aa/elements [39m[32m200[39m [90m129 ms - 12[39m
[35m[HTTP][39m [90m[39m
[35m[HTTP][39m [37m-->[39m [37mPOST[39m [37m/wd/hub/session/e221a52a-9620-4266-bacb-dcdd363840aa/elements[39m
[35m[HTTP][39m [90m{"using":"xpath","value":"//*[@class = 'android.widget.TextView' and (@text = 'Email sudah ada, mohon gunakan email lain' or . = 'Email sudah ada, mohon gunakan email lain') and @resource-id = 'com.she.sehatq:id/tv_detail']"}[39m
[35m[HTTP][39m [37m<-- POST /wd/hub/session/e221a52a-9620-4266-bacb-dcdd363840aa/elements [39m[32m200[39m [90m79 ms - 12[39m
[35m[HTTP][39m [90m[39m
[35m[HTTP][39m [37m-->[39m [37mPOST[39m [37m/wd/hub/session/e221a52a-9620-4266-bacb-dcdd363840aa/elements[39m
[35m[HTTP][39m [90m{"using":"xpath","value":"//*[@class = 'android.widget.TextView' and (@text = 'Email sudah ada, mohon gunakan email lain' or . = 'Email sudah ada, mohon gunakan email lain') and @resource-id = 'com.she.sehatq:id/tv_detail']"}[39m
[35m[HTTP][39m [37m<-- POST /wd/hub/session/e221a52a-9620-4266-bacb-dcdd363840aa/elements [39m[32m200[39m [90m118 ms - 12[39m
[35m[HTTP][39m [90m[39m
[35m[HTTP][39m [37m-->[39m [37mPOST[39m [37m/wd/hub/session/e221a52a-9620-4266-bacb-dcdd363840aa/elements[39m
[35m[HTTP][39m [90m{"using":"xpath","value":"//*[@class = 'android.widget.TextView' and (@text = 'Email sudah ada, mohon gunakan email lain' or . = 'Email sudah ada, mohon gunakan email lain') and @resource-id = 'com.she.sehatq:id/tv_detail']"}[39m
[35m[HTTP][39m [37m<-- POST /wd/hub/session/e221a52a-9620-4266-bacb-dcdd363840aa/elements [39m[32m200[39m [90m130 ms - 12[39m
[35m[HTTP][39m [90m[39m
[35m[HTTP][39m [37m-->[39m [37mPOST[39m [37m/wd/hub/session/e221a52a-9620-4266-bacb-dcdd363840aa/elements[39m
[35m[HTTP][39m [90m{"using":"xpath","value":"//*[@class = 'android.widget.TextView' and (@text = 'Email sudah ada, mohon gunakan email lain' or . = 'Email sudah ada, mohon gunakan email lain') and @resource-id = 'com.she.sehatq:id/tv_detail']"}[39m
[35m[HTTP][39m [37m<-- POST /wd/hub/session/e221a52a-9620-4266-bacb-dcdd363840aa/elements [39m[32m200[39m [90m110 ms - 12[39m
[35m[HTTP][39m [90m[39m
[35m[HTTP][39m [37m-->[39m [37mPOST[39m [37m/wd/hub/session/e221a52a-9620-4266-bacb-dcdd363840aa/elements[39m
[35m[HTTP][39m [90m{"using":"xpath","value":"//*[@class = 'android.widget.TextView' and (@text = 'Email sudah ada, mohon gunakan email lain' or . = 'Email sudah ada, mohon gunakan email lain') and @resource-id = 'com.she.sehatq:id/tv_detail']"}[39m
[35m[HTTP][39m [37m<-- POST /wd/hub/session/e221a52a-9620-4266-bacb-dcdd363840aa/elements [39m[32m200[39m [90m78 ms - 12[39m
[35m[HTTP][39m [90m[39m
[35m[HTTP][39m [37m-->[39m [37mPOST[39m [37m/wd/hub/session/e221a52a-9620-4266-bacb-dcdd363840aa/elements[39m
[35m[HTTP][39m [90m{"using":"xpath","value":"//*[@class = 'android.widget.TextView' and (@text = 'Email sudah ada, mohon gunakan email lain' or . = 'Email sudah ada, mohon gunakan email lain') and @resource-id = 'com.she.sehatq:id/tv_detail']"}[39m
[35m[HTTP][39m [37m<-- POST /wd/hub/session/e221a52a-9620-4266-bacb-dcdd363840aa/elements [39m[32m200[39m [90m136 ms - 12[39m
[35m[HTTP][39m [90m[39m
[35m[HTTP][39m [37m-->[39m [37mPOST[39m [37m/wd/hub/session/e221a52a-9620-4266-bacb-dcdd363840aa/elements[39m
[35m[HTTP][39m [90m{"using":"xpath","value":"//*[@class = 'android.widget.TextView' and (@text = 'Email sudah ada, mohon gunakan email lain' or . = 'Email sudah ada, mohon gunakan email lain') and @resource-id = 'com.she.sehatq:id/tv_detail']"}[39m
[35m[HTTP][39m [37m<-- POST /wd/hub/session/e221a52a-9620-4266-bacb-dcdd363840aa/elements [39m[32m200[39m [90m91 ms - 12[39m
[35m[HTTP][39m [90m[39m
[35m[HTTP][39m [37m-->[39m [37mPOST[39m [37m/wd/hub/session/e221a52a-9620-4266-bacb-dcdd363840aa/elements[39m
[35m[HTTP][39m [90m{"using":"xpath","value":"//*[@class = 'android.widget.TextView' and (@text = 'Email sudah ada, mohon gunakan email lain' or . = 'Email sudah ada, mohon gunakan email lain') and @resource-id = 'com.she.sehatq:id/tv_detail']"}[39m
[35m[HTTP][39m [37m<-- POST /wd/hub/session/e221a52a-9620-4266-bacb-dcdd363840aa/elements [39m[32m200[39m [90m73 ms - 12[39m
[35m[HTTP][39m [90m[39m
[35m[HTTP][39m [37m-->[39m [37mPOST[39m [37m/wd/hub/session/e221a52a-9620-4266-bacb-dcdd363840aa/elements[39m
[35m[HTTP][39m [90m{"using":"xpath","value":"//*[@class = 'android.widget.TextView' and (@text = 'Email sudah ada, mohon gunakan email lain' or . = 'Email sudah ada, mohon gunakan email lain') and @resource-id = 'com.she.sehatq:id/tv_detail']"}[39m
[35m[HTTP][39m [37m<-- POST /wd/hub/session/e221a52a-9620-4266-bacb-dcdd363840aa/elements [39m[32m200[39m [90m110 ms - 12[39m
[35m[HTTP][39m [90m[39m
[35m[HTTP][39m [37m-->[39m [37mPOST[39m [37m/wd/hub/session/e221a52a-9620-4266-bacb-dcdd363840aa/elements[39m
[35m[HTTP][39m [90m{"using":"xpath","value":"//*[@class = 'android.widget.TextView' and (@text = 'Email sudah ada, mohon gunakan email lain' or . = 'Email sudah ada, mohon gunakan email lain') and @resource-id = 'com.she.sehatq:id/tv_detail']"}[39m
[35m[HTTP][39m [37m<-- POST /wd/hub/session/e221a52a-9620-4266-bacb-dcdd363840aa/elements [39m[32m200[39m [90m106 ms - 12[39m
[35m[HTTP][39m [90m[39m
[35m[HTTP][39m [37m-->[39m [37mPOST[39m [37m/wd/hub/session/e221a52a-9620-4266-bacb-dcdd363840aa/elements[39m
[35m[HTTP][39m [90m{"using":"xpath","value":"//*[@class = 'android.widget.TextView' and (@text = 'Email sudah ada, mohon gunakan email lain' or . = 'Email sudah ada, mohon gunakan email lain') and @resource-id = 'com.she.sehatq:id/tv_detail']"}[39m
[35m[HTTP][39m [37m<-- POST /wd/hub/session/e221a52a-9620-4266-bacb-dcdd363840aa/elements [39m[32m200[39m [90m103 ms - 12[39m
[35m[HTTP][39m [90m[39m
[35m[HTTP][39m [37m-->[39m [37mPOST[39m [37m/wd/hub/session/e221a52a-9620-4266-bacb-dcdd363840aa/elements[39m
[35m[HTTP][39m [90m{"using":"xpath","value":"//*[@class = 'android.widget.TextView' and (@text = 'Email sudah ada, mohon gunakan email lain' or . = 'Email sudah ada, mohon gunakan email lain') and @resource-id = 'com.she.sehatq:id/tv_detail']"}[39m
[35m[HTTP][39m [37m<-- POST /wd/hub/session/e221a52a-9620-4266-bacb-dcdd363840aa/elements [39m[32m200[39m [90m119 ms - 12[39m
[35m[HTTP][39m [90m[39m
[35m[HTTP][39m [37m-->[39m [37mPOST[39m [37m/wd/hub/session/e221a52a-9620-4266-bacb-dcdd363840aa/elements[39m
[35m[HTTP][39m [90m{"using":"xpath","value":"//*[@class = 'android.widget.TextView' and (@text = 'Email sudah ada, mohon gunakan email lain' or . = 'Email sudah ada, mohon gunakan email lain') and @resource-id = 'com.she.sehatq:id/tv_detail']"}[39m
[35m[HTTP][39m [37m<-- POST /wd/hub/session/e221a52a-9620-4266-bacb-dcdd363840aa/elements [39m[32m200[39m [90m128 ms - 12[39m
[35m[HTTP][39m [90m[39m
[35m[HTTP][39m [37m-->[39m [37mPOST[39m [37m/wd/hub/session/e221a52a-9620-4266-bacb-dcdd363840aa/elements[39m
[35m[HTTP][39m [90m{"using":"xpath","value":"//*[@class = 'android.widget.TextView' and (@text = 'Email sudah ada, mohon gunakan email lain' or . = 'Email sudah ada, mohon gunakan email lain') and @resource-id = 'com.she.sehatq:id/tv_detail']"}[39m
[35m[HTTP][39m [37m<-- POST /wd/hub/session/e221a52a-9620-4266-bacb-dcdd363840aa/elements [39m[32m200[39m [90m116 ms - 12[39m
[35m[HTTP][39m [90m[39m
[35m[HTTP][39m [37m-->[39m [37mPOST[39m [37m/wd/hub/session/e221a52a-9620-4266-bacb-dcdd363840aa/elements[39m
[35m[HTTP][39m [90m{"using":"xpath","value":"//*[@class = 'android.widget.TextView' and (@text = 'Email sudah ada, mohon gunakan email lain' or . = 'Email sudah ada, mohon gunakan email lain') and @resource-id = 'com.she.sehatq:id/tv_detail']"}[39m
[35m[HTTP][39m [37m<-- POST /wd/hub/session/e221a52a-9620-4266-bacb-dcdd363840aa/elements [39m[32m200[39m [90m122 ms - 12[39m
[35m[HTTP][39m [90m[39m
[35m[HTTP][39m [37m-->[39m [37mPOST[39m [37m/wd/hub/session/e221a52a-9620-4266-bacb-dcdd363840aa/elements[39m
[35m[HTTP][39m [90m{"using":"xpath","value":"//*[@class = 'android.widget.TextView' and (@text = 'Email sudah ada, mohon gunakan email lain' or . = 'Email sudah ada, mohon gunakan email lain') and @resource-id = 'com.she.sehatq:id/tv_detail']"}[39m
[35m[HTTP][39m [37m<-- POST /wd/hub/session/e221a52a-9620-4266-bacb-dcdd363840aa/elements [39m[32m200[39m [90m103 ms - 12[39m
[35m[HTTP][39m [90m[39m
[35m[HTTP][39m [37m-->[39m [37mPOST[39m [37m/wd/hub/session/e221a52a-9620-4266-bacb-dcdd363840aa/elements[39m
[35m[HTTP][39m [90m{"using":"xpath","value":"//*[@class = 'android.widget.TextView' and (@text = 'Email sudah ada, mohon gunakan email lain' or . = 'Email sudah ada, mohon gunakan email lain') and @resource-id = 'com.she.sehatq:id/tv_detail']"}[39m
[35m[HTTP][39m [37m<-- POST /wd/hub/session/e221a52a-9620-4266-bacb-dcdd363840aa/elements [39m[32m200[39m [90m79 ms - 12[39m
[35m[HTTP][39m [90m[39m
[35m[HTTP][39m [37m-->[39m [37mPOST[39m [37m/wd/hub/session/e221a52a-9620-4266-bacb-dcdd363840aa/elements[39m
[35m[HTTP][39m [90m{"using":"xpath","value":"//*[@class = 'android.widget.TextView' and (@text = 'Email sudah ada, mohon gunakan email lain' or . = 'Email sudah ada, mohon gunakan email lain') and @resource-id = 'com.she.sehatq:id/tv_detail']"}[39m
[35m[HTTP][39m [37m<-- POST /wd/hub/session/e221a52a-9620-4266-bacb-dcdd363840aa/elements [39m[32m200[39m [90m115 ms - 12[39m
[35m[HTTP][39m [90m[39m
[35m[HTTP][39m [37m-->[39m [37mPOST[39m [37m/wd/hub/session/e221a52a-9620-4266-bacb-dcdd363840aa/elements[39m
[35m[HTTP][39m [90m{"using":"xpath","value":"//*[@class = 'android.widget.TextView' and (@text = 'Email sudah ada, mohon gunakan email lain' or . = 'Email sudah ada, mohon gunakan email lain') and @resource-id = 'com.she.sehatq:id/tv_detail']"}[39m
[35m[HTTP][39m [37m<-- POST /wd/hub/session/e221a52a-9620-4266-bacb-dcdd363840aa/elements [39m[32m200[39m [90m81 ms - 12[39m
[35m[HTTP][39m [90m[39m
[35m[HTTP][39m [37m-->[39m [37mPOST[39m [37m/wd/hub/session/e221a52a-9620-4266-bacb-dcdd363840aa/elements[39m
[35m[HTTP][39m [90m{"using":"xpath","value":"//*[@class = 'android.widget.TextView' and (@text = 'Email sudah ada, mohon gunakan email lain' or . = 'Email sudah ada, mohon gunakan email lain') and @resource-id = 'com.she.sehatq:id/tv_detail']"}[39m
[35m[HTTP][39m [37m<-- POST /wd/hub/session/e221a52a-9620-4266-bacb-dcdd363840aa/elements [39m[32m200[39m [90m93 ms - 12[39m
[35m[HTTP][39m [90m[39m
[35m[HTTP][39m [37m-->[39m [37mPOST[39m [37m/wd/hub/session/e221a52a-9620-4266-bacb-dcdd363840aa/elements[39m
[35m[HTTP][39m [90m{"using":"xpath","value":"//*[@class = 'android.widget.TextView' and (@text = 'Email sudah ada, mohon gunakan email lain' or . = 'Email sudah ada, mohon gunakan email lain') and @resource-id = 'com.she.sehatq:id/tv_detail']"}[39m
[35m[HTTP][39m [37m<-- POST /wd/hub/session/e221a52a-9620-4266-bacb-dcdd363840aa/elements [39m[32m200[39m [90m91 ms - 12[39m
[35m[HTTP][39m [90m[39m
[35m[HTTP][39m [37m-->[39m [37mPOST[39m [37m/wd/hub/session/e221a52a-9620-4266-bacb-dcdd363840aa/elements[39m
[35m[HTTP][39m [90m{"using":"xpath","value":"//*[@class = 'android.widget.TextView' and (@text = 'Email sudah ada, mohon gunakan email lain' or . = 'Email sudah ada, mohon gunakan email lain') and @resource-id = 'com.she.sehatq:id/tv_detail']"}[39m
[35m[HTTP][39m [37m<-- POST /wd/hub/session/e221a52a-9620-4266-bacb-dcdd363840aa/elements [39m[32m200[39m [90m116 ms - 12[39m
[35m[HTTP][39m [90m[39m
[35m[HTTP][39m [37m-->[39m [37mPOST[39m [37m/wd/hub/session/e221a52a-9620-4266-bacb-dcdd363840aa/elements[39m
[35m[HTTP][39m [90m{"using":"xpath","value":"//*[@class = 'android.widget.TextView' and (@text = 'Email sudah ada, mohon gunakan email lain' or . = 'Email sudah ada, mohon gunakan email lain') and @resource-id = 'com.she.sehatq:id/tv_detail']"}[39m
[35m[HTTP][39m [37m<-- POST /wd/hub/session/e221a52a-9620-4266-bacb-dcdd363840aa/elements [39m[32m200[39m [90m102 ms - 12[39m
[35m[HTTP][39m [90m[39m
[35m[HTTP][39m [37m-->[39m [37mPOST[39m [37m/wd/hub/session/e221a52a-9620-4266-bacb-dcdd363840aa/timeouts[39m
[35m[HTTP][39m [90m{"implicit":30000}[39m
[35m[HTTP][39m [37m<-- POST /wd/hub/session/e221a52a-9620-4266-bacb-dcdd363840aa/timeouts [39m[32m200[39m [90m1 ms - 14[39m
[35m[HTTP][39m [90m[39m
[35m[HTTP][39m [37m-->[39m [37mPOST[39m [37m/wd/hub/session/e221a52a-9620-4266-bacb-dcdd363840aa/timeouts[39m
[35m[HTTP][39m [90m{"implicit":50}[39m
[35m[HTTP][39m [37m<-- POST /wd/hub/session/e221a52a-9620-4266-bacb-dcdd363840aa/timeouts [39m[32m200[39m [90m1 ms - 14[39m
[35m[HTTP][39m [90m[39m
[35m[HTTP][39m [37m-->[39m [37mGET[39m [37m/wd/hub/session/e221a52a-9620-4266-bacb-dcdd363840aa/window/rect[39m
[35m[HTTP][39m [90m{}[39m
[35m[HTTP][39m [37m<-- GET /wd/hub/session/e221a52a-9620-4266-bacb-dcdd363840aa/window/rect [39m[32m200[39m [90m40 ms - 50[39m
[35m[HTTP][39m [90m[39m
[35m[HTTP][39m [37m-->[39m [37mPOST[39m [37m/wd/hub/session/e221a52a-9620-4266-bacb-dcdd363840aa/elements[39m
[35m[HTTP][39m [90m{"using":"xpath","value":"//*[@class = 'android.widget.TextView' and (@text = 'Lewati' or . = 'Lewati') and @resource-id = 'com.she.sehatq:id/tvSkip']"}[39m
[35m[HTTP][39m [37m<-- POST /wd/hub/session/e221a52a-9620-4266-bacb-dcdd363840aa/elements [39m[32m200[39m [90m110 ms - 139[39m
[35m[HTTP][39m [90m[39m
[35m[HTTP][39m [37m-->[39m [37mGET[39m [37m/wd/hub/session/e221a52a-9620-4266-bacb-dcdd363840aa/element/00000000-0000-0b09-ffff-ffff00000412/location[39m
[35m[HTTP][39m [90m{}[39m
[35m[W3C (e221a52a)][39m Driver proxy active, passing request on via HTTP proxy
[35m[WD Proxy][39m Replacing sessionId ef38a15d-91a8-4fe8-ae9c-530d31b056e4 with e221a52a-9620-4266-bacb-dcdd363840aa
[35m[HTTP][39m [37m<-- GET /wd/hub/session/e221a52a-9620-4266-bacb-dcdd363840aa/element/00000000-0000-0b09-ffff-ffff00000412/location [39m[32m200[39m [90m39 ms - 79[39m
[35m[HTTP][39m [90m[39m
[35m[HTTP][39m [37m-->[39m [37mPOST[39m [37m/wd/hub/session/e221a52a-9620-4266-bacb-dcdd363840aa/timeouts[39m
[35m[HTTP][39m [90m{"implicit":30000}[39m
[35m[HTTP][39m [37m<-- POST /wd/hub/session/e221a52a-9620-4266-bacb-dcdd363840aa/timeouts [39m[32m200[39m [90m1 ms - 14[39m
[35m[HTTP][39m [90m[39m
[35m[HTTP][39m [37m-->[39m [37mPOST[39m [37m/wd/hub/session/e221a52a-9620-4266-bacb-dcdd363840aa/touch/perform[39m
[35m[HTTP][39m [90m{"actions":[{"action":"tap","options":{"x":1,"y":1,"element":"00000000-0000-0b09-ffff-ffff00000412"}},{"action":"release","options":{}}]}[39m
[35m[UiAutomator2][39m calling get location: 00000000-0000-0b09-ffff-ffff00000412
[35m[HTTP][39m [37m<-- POST /wd/hub/session/e221a52a-9620-4266-bacb-dcdd363840aa/touch/perform [39m[32m200[39m [90m276 ms - 14[39m
[35m[HTTP][39m [90m[39m
[35m[HTTP][39m [37m-->[39m [37mPOST[39m [37m/wd/hub/session/e221a52a-9620-4266-bacb-dcdd363840aa/timeouts[39m
[35m[HTTP][39m [90m{"implicit":50}[39m
[35m[HTTP][39m [37m<-- POST /wd/hub/session/e221a52a-9620-4266-bacb-dcdd363840aa/timeouts [39m[32m200[39m [90m1 ms - 14[39m
[35m[HTTP][39m [90m[39m
[35m[HTTP][39m [37m-->[39m [37mGET[39m [37m/wd/hub/session/e221a52a-9620-4266-bacb-dcdd363840aa/window/rect[39m
[35m[HTTP][39m [90m{}[39m
[35m[HTTP][39m [37m<-- GET /wd/hub/session/e221a52a-9620-4266-bacb-dcdd363840aa/window/rect [39m[32m200[39m [90m28 ms - 50[39m
[35m[HTTP][39m [90m[39m
[35m[HTTP][39m [37m-->[39m [37mPOST[39m [37m/wd/hub/session/e221a52a-9620-4266-bacb-dcdd363840aa/elements[39m
[35m[HTTP][39m [90m{"using":"xpath","value":"//*[@class = 'android.widget.TextView' and (@text = 'Ya' or . = 'Ya') and @resource-id = 'com.she.sehatq:id/btn_yes']"}[39m
[35m[HTTP][39m [37m<-- POST /wd/hub/session/e221a52a-9620-4266-bacb-dcdd363840aa/elements [39m[32m200[39m [90m540 ms - 139[39m
[35m[HTTP][39m [90m[39m
[35m[HTTP][39m [37m-->[39m [37mGET[39m [37m/wd/hub/session/e221a52a-9620-4266-bacb-dcdd363840aa/element/00000000-0000-0b0a-ffff-ffff0000042e/location[39m
[35m[HTTP][39m [90m{}[39m
[35m[W3C (e221a52a)][39m Driver proxy active, passing request on via HTTP proxy
[35m[WD Proxy][39m Replacing sessionId ef38a15d-91a8-4fe8-ae9c-530d31b056e4 with e221a52a-9620-4266-bacb-dcdd363840aa
[35m[HTTP][39m [37m<-- GET /wd/hub/session/e221a52a-9620-4266-bacb-dcdd363840aa/element/00000000-0000-0b0a-ffff-ffff0000042e/location [39m[32m200[39m [90m24 ms - 78[39m
[35m[HTTP][39m [90m[39m
[35m[HTTP][39m [37m-->[39m [37mPOST[39m [37m/wd/hub/session/e221a52a-9620-4266-bacb-dcdd363840aa/timeouts[39m
[35m[HTTP][39m [90m{"implicit":30000}[39m
[35m[HTTP][39m [37m<-- POST /wd/hub/session/e221a52a-9620-4266-bacb-dcdd363840aa/timeouts [39m[32m200[39m [90m1 ms - 14[39m
[35m[HTTP][39m [90m[39m
[35m[HTTP][39m [37m-->[39m [37mPOST[39m [37m/wd/hub/session/e221a52a-9620-4266-bacb-dcdd363840aa/touch/perform[39m
[35m[HTTP][39m [90m{"actions":[{"action":"tap","options":{"x":1,"y":1,"element":"00000000-0000-0b0a-ffff-ffff0000042e"}},{"action":"release","options":{}}]}[39m
[35m[UiAutomator2][39m calling get location: 00000000-0000-0b0a-ffff-ffff0000042e
[35m[HTTP][39m [37m<-- POST /wd/hub/session/e221a52a-9620-4266-bacb-dcdd363840aa/touch/perform [39m[32m200[39m [90m210 ms - 14[39m
[35m[HTTP][39m [90m[39m
[35m[HTTP][39m [37m-->[39m [37mPOST[39m [37m/wd/hub/session/e221a52a-9620-4266-bacb-dcdd363840aa/timeouts[39m
[35m[HTTP][39m [90m{"implicit":50}[39m
[35m[HTTP][39m [37m<-- POST /wd/hub/session/e221a52a-9620-4266-bacb-dcdd363840aa/timeouts [39m[32m200[39m [90m1 ms - 14[39m
[35m[HTTP][39m [90m[39m
[35m[HTTP][39m [37m-->[39m [37mGET[39m [37m/wd/hub/session/e221a52a-9620-4266-bacb-dcdd363840aa/window/rect[39m
[35m[HTTP][39m [90m{}[39m
[35m[HTTP][39m [37m<-- GET /wd/hub/session/e221a52a-9620-4266-bacb-dcdd363840aa/window/rect [39m[32m200[39m [90m10 ms - 50[39m
[35m[HTTP][39m [90m[39m
[35m[HTTP][39m [37m-->[39m [37mPOST[39m [37m/wd/hub/session/e221a52a-9620-4266-bacb-dcdd363840aa/elements[39m
[35m[HTTP][39m [90m{"using":"xpath","value":"//*[@class = 'android.widget.ImageView' and @resource-id = 'com.she.sehatq:id/ivMore' and (@text = '' or . = '')]"}[39m
[35m[HTTP][39m [37m<-- POST /wd/hub/session/e221a52a-9620-4266-bacb-dcdd363840aa/elements [39m[32m200[39m [90m1502 ms - 139[39m
[35m[HTTP][39m [90m[39m
[35m[HTTP][39m [37m-->[39m [37mGET[39m [37m/wd/hub/session/e221a52a-9620-4266-bacb-dcdd363840aa/element/00000000-0000-0b0b-ffff-ffff0000043f/location[39m
[35m[HTTP][39m [90m{}[39m
[35m[W3C (e221a52a)][39m Driver proxy active, passing request on via HTTP proxy
[35m[WD Proxy][39m Replacing sessionId ef38a15d-91a8-4fe8-ae9c-530d31b056e4 with e221a52a-9620-4266-bacb-dcdd363840aa
[35m[HTTP][39m [37m<-- GET /wd/hub/session/e221a52a-9620-4266-bacb-dcdd363840aa/element/00000000-0000-0b0b-ffff-ffff0000043f/location [39m[32m200[39m [90m29 ms - 78[39m
[35m[HTTP][39m [90m[39m
[35m[HTTP][39m [37m-->[39m [37mPOST[39m [37m/wd/hub/session/e221a52a-9620-4266-bacb-dcdd363840aa/timeouts[39m
[35m[HTTP][39m [90m{"implicit":30000}[39m
[35m[HTTP][39m [37m<-- POST /wd/hub/session/e221a52a-9620-4266-bacb-dcdd363840aa/timeouts [39m[32m200[39m [90m1 ms - 14[39m
[35m[HTTP][39m [90m[39m
[35m[HTTP][39m [37m-->[39m [37mPOST[39m [37m/wd/hub/session/e221a52a-9620-4266-bacb-dcdd363840aa/touch/perform[39m
[35m[HTTP][39m [90m{"actions":[{"action":"tap","options":{"x":1,"y":1,"element":"00000000-0000-0b0b-ffff-ffff0000043f"}},{"action":"release","options":{}}]}[39m
[35m[UiAutomator2][39m calling get location: 00000000-0000-0b0b-ffff-ffff0000043f
[35m[HTTP][39m [37m<-- POST /wd/hub/session/e221a52a-9620-4266-bacb-dcdd363840aa/touch/perform [39m[32m200[39m [90m229 ms - 14[39m
[35m[HTTP][39m [90m[39m
[35m[HTTP][39m [37m-->[39m [37mPOST[39m [37m/wd/hub/session/e221a52a-9620-4266-bacb-dcdd363840aa/timeouts[39m
[35m[HTTP][39m [90m{"implicit":50}[39m
[35m[HTTP][39m [37m<-- POST /wd/hub/session/e221a52a-9620-4266-bacb-dcdd363840aa/timeouts [39m[32m200[39m [90m1 ms - 14[39m
[35m[HTTP][39m [90m[39m
[35m[HTTP][39m [37m-->[39m [37mGET[39m [37m/wd/hub/session/e221a52a-9620-4266-bacb-dcdd363840aa/window/rect[39m
[35m[HTTP][39m [90m{}[39m
[35m[HTTP][39m [37m<-- GET /wd/hub/session/e221a52a-9620-4266-bacb-dcdd363840aa/window/rect [39m[32m200[39m [90m28 ms - 50[39m
[35m[HTTP][39m [90m[39m
[35m[HTTP][39m [37m-->[39m [37mPOST[39m [37m/wd/hub/session/e221a52a-9620-4266-bacb-dcdd363840aa/elements[39m
[35m[HTTP][39m [90m{"using":"xpath","value":"//*[@class = 'android.widget.TextView' and (@text = 'Pengaturan Aplikasi' or . = 'Pengaturan Aplikasi') and @resource-id = 'com.she.sehatq:id/tvTitle']"}[39m
[35m[HTTP][39m [37m<-- POST /wd/hub/session/e221a52a-9620-4266-bacb-dcdd363840aa/elements [39m[32m200[39m [90m911 ms - 139[39m
[35m[HTTP][39m [90m[39m
[35m[HTTP][39m [37m-->[39m [37mGET[39m [37m/wd/hub/session/e221a52a-9620-4266-bacb-dcdd363840aa/element/00000000-0000-0b0b-ffff-ffff00000484/location[39m
[35m[HTTP][39m [90m{}[39m
[35m[W3C (e221a52a)][39m Driver proxy active, passing request on via HTTP proxy
[35m[WD Proxy][39m Replacing sessionId ef38a15d-91a8-4fe8-ae9c-530d31b056e4 with e221a52a-9620-4266-bacb-dcdd363840aa
[35m[HTTP][39m [37m<-- GET /wd/hub/session/e221a52a-9620-4266-bacb-dcdd363840aa/element/00000000-0000-0b0b-ffff-ffff00000484/location [39m[32m200[39m [90m35 ms - 78[39m
[35m[HTTP][39m [90m[39m
[35m[HTTP][39m [37m-->[39m [37mPOST[39m [37m/wd/hub/session/e221a52a-9620-4266-bacb-dcdd363840aa/timeouts[39m
[35m[HTTP][39m [90m{"implicit":30000}[39m
[35m[HTTP][39m [37m<-- POST /wd/hub/session/e221a52a-9620-4266-bacb-dcdd363840aa/timeouts [39m[32m200[39m [90m1 ms - 14[39m
[35m[HTTP][39m [90m[39m
[35m[HTTP][39m [37m-->[39m [37mPOST[39m [37m/wd/hub/session/e221a52a-9620-4266-bacb-dcdd363840aa/touch/perform[39m
[35m[HTTP][39m [90m{"actions":[{"action":"tap","options":{"x":1,"y":1,"element":"00000000-0000-0b0b-ffff-ffff00000484"}},{"action":"release","options":{}}]}[39m
[35m[UiAutomator2][39m calling get location: 00000000-0000-0b0b-ffff-ffff00000484
[35m[HTTP][39m [37m<-- POST /wd/hub/session/e221a52a-9620-4266-bacb-dcdd363840aa/touch/perform [39m[32m200[39m [90m263 ms - 14[39m
[35m[HTTP][39m [90m[39m
[35m[HTTP][39m [37m-->[39m [37mPOST[39m [37m/wd/hub/session/e221a52a-9620-4266-bacb-dcdd363840aa/timeouts[39m
[35m[HTTP][39m [90m{"implicit":50}[39m
[35m[HTTP][39m [37m<-- POST /wd/hub/session/e221a52a-9620-4266-bacb-dcdd363840aa/timeouts [39m[32m200[39m [90m1 ms - 14[39m
[35m[HTTP][39m [90m[39m
[35m[HTTP][39m [37m-->[39m [37mGET[39m [37m/wd/hub/session/e221a52a-9620-4266-bacb-dcdd363840aa/window/rect[39m
[35m[HTTP][39m [90m{}[39m
[35m[HTTP][39m [37m<-- GET /wd/hub/session/e221a52a-9620-4266-bacb-dcdd363840aa/window/rect [39m[32m200[39m [90m45 ms - 50[39m
[35m[HTTP][39m [90m[39m
[35m[HTTP][39m [37m-->[39m [37mPOST[39m [37m/wd/hub/session/e221a52a-9620-4266-bacb-dcdd363840aa/elements[39m
[35m[HTTP][39m [90m{"using":"xpath","value":"//*[@class = 'android.widget.TextView' and (@text = 'Log Out' or . = 'Log Out') and @resource-id = 'com.she.sehatq:id/tv_sign_out']"}[39m
[35m[HTTP][39m [37m<-- POST /wd/hub/session/e221a52a-9620-4266-bacb-dcdd363840aa/elements [39m[32m200[39m [90m908 ms - 139[39m
[35m[HTTP][39m [90m[39m
[35m[HTTP][39m [37m-->[39m [37mGET[39m [37m/wd/hub/session/e221a52a-9620-4266-bacb-dcdd363840aa/element/00000000-0000-0b0b-ffff-ffff00000495/location[39m
[35m[HTTP][39m [90m{}[39m
[35m[W3C (e221a52a)][39m Driver proxy active, passing request on via HTTP proxy
[35m[WD Proxy][39m Replacing sessionId ef38a15d-91a8-4fe8-ae9c-530d31b056e4 with e221a52a-9620-4266-bacb-dcdd363840aa
[35m[HTTP][39m [37m<-- GET /wd/hub/session/e221a52a-9620-4266-bacb-dcdd363840aa/element/00000000-0000-0b0b-ffff-ffff00000495/location [39m[32m200[39m [90m33 ms - 77[39m
[35m[HTTP][39m [90m[39m
[35m[HTTP][39m [37m-->[39m [37mPOST[39m [37m/wd/hub/session/e221a52a-9620-4266-bacb-dcdd363840aa/timeouts[39m
[35m[HTTP][39m [90m{"implicit":30000}[39m
[35m[HTTP][39m [37m<-- POST /wd/hub/session/e221a52a-9620-4266-bacb-dcdd363840aa/timeouts [39m[32m200[39m [90m1 ms - 14[39m
[35m[HTTP][39m [90m[39m
[35m[HTTP][39m [37m-->[39m [37mPOST[39m [37m/wd/hub/session/e221a52a-9620-4266-bacb-dcdd363840aa/touch/perform[39m
[35m[HTTP][39m [90m{"actions":[{"action":"tap","options":{"x":1,"y":1,"element":"00000000-0000-0b0b-ffff-ffff00000495"}},{"action":"release","options":{}}]}[39m
[35m[UiAutomator2][39m calling get location: 00000000-0000-0b0b-ffff-ffff00000495
[35m[HTTP][39m [37m<-- POST /wd/hub/session/e221a52a-9620-4266-bacb-dcdd363840aa/touch/perform [39m[32m200[39m [90m254 ms - 14[39m
[35m[HTTP][39m [90m[39m
[35m[HTTP][39m [37m-->[39m [37mDELETE[39m [37m/wd/hub/session/e221a52a-9620-4266-bacb-dcdd363840aa[39m
[35m[HTTP][39m [90m{}[39m
[35m[Appium][39m Removing session e221a52a-9620-4266-bacb-dcdd363840aa from our master session list
[35m[UiAutomator2][39m Restoring hidden api policy to the device default configuration
[35m[HTTP][39m [37m<-- DELETE /wd/hub/session/e221a52a-9620-4266-bacb-dcdd363840aa [39m[32m200[39m [90m343 ms - 14[39m
[35m[HTTP][39m [90m[39m
