[35m[Appium][39m Welcome to Appium v1.22.0
[35m[Appium][39m Non-default server args:
[35m[Appium][39m   port: 57486
[35m[Appium][39m   loglevel: info
[35m[Appium][39m   tmpDir: /var/folders/wv/rdwfrh89255gqff9kdgxs_t40000gp/T//Katalon/Appium/Temp1636167055551
[35m[Appium][39m   chromedriverPort: 57491
[35m[Appium][39m Deprecated server args:
[35m[Appium][39m   [31m--chromedriver-port[39m => --default-capabilities
[35m[Appium][39m Default capabilities, which will be added to each request unless overridden by desired capabilities:
[35m[Appium][39m   chromedriverPort: 57491
[35m[Appium][39m Appium REST http interface listener started on 0.0.0.0:57486
[35m[HTTP][39m [37m-->[39m [37mGET[39m [37m/wd/hub/status[39m
[35m[HTTP][39m [90m{}[39m
[35m[HTTP][39m [37m<-- GET /wd/hub/status [39m[32m200[39m [90m6 ms - 68[39m
[35m[HTTP][39m [90m[39m
[35m[HTTP][39m [37m-->[39m [37mPOST[39m [37m/wd/hub/session[39m
[35m[HTTP][39m [90m{"desiredCapabilities":{"appActivity":".Settings","appPackage":"com.android.settings","newCommandTimeout":1800,"platformVersion":"11","automationName":"uiautomator2","autoGrantPermissions":true,"platformName":"Android","udid":"db3027ce","deviceName":"vivo V2022 (Android 11)","platform":"ANDROID","systemPort":8201},"capabilities":{"firstMatch":[{"appium:appActivity":".Settings","appium:appPackage":"com.android.settings","appium:autoGrantPermissions":true,"appium:automationName":"uiautomator2","appium:deviceName":"vivo V2022 (Android 11)","appium:newCommandTimeout":1800,"platform":"ANDROID","platformName":"android","appium:platformVersion":"11","appium:systemPort":8201,"appium:udid":"db3027ce"}]}}[39m
[35m[BaseDriver][39m The following capabilities are not standard capabilities and should have an extension prefix:
[35m[BaseDriver][39m   platform
[35m[BaseDriver][39m   chromedriverPort
[35m[Appium][39m Appium v1.22.0 creating new AndroidUiautomator2Driver (v1.69.0) session
[35m[BaseDriver][39m The following capabilities were provided, but are not recognized by Appium:
[35m[BaseDriver][39m   platform
[35m[BaseDriver][39m Session created with session id: a4147be0-afad-4cd5-a8b0-c43240516bd6
[35m[UiAutomator2][39m Starting 'com.android.settings' directly on the device
[35m[ADB][39m Found 1 'build-tools' folders under '/Users/muhammadyaasin/.katalon/tools/android_sdk' (newest first):
[35m[ADB][39m     /Users/muhammadyaasin/.katalon/tools/android_sdk/build-tools/29.0.3
[35m[ADB][39m Using 'adb' from '/Users/muhammadyaasin/.katalon/tools/android_sdk/platform-tools/adb'
[35m[AndroidDriver][39m Retrieving device list
[35m[AndroidDriver][39m Using device: db3027ce
[35m[ADB][39m Using 'adb' from '/Users/muhammadyaasin/.katalon/tools/android_sdk/platform-tools/adb'
[35m[ADB][39m Getting device platform version
[35m[UiAutomator2][39m Relaxing hidden api policy
[35m[AndroidDriver][39m No app sent in, not parsing package/activity
[35m[ADB][39m Using 'apksigner.jar' from '/Users/muhammadyaasin/.katalon/tools/android_sdk/build-tools/29.0.3/lib/apksigner.jar'
[35m[ADB][39m '/usr/local/lib/node_modules/appium/node_modules/appium-uiautomator2-server/apks/appium-uiautomator2-server-v4.24.0.apk' is signed with the default certificate
[35m[ADB][39m '/usr/local/lib/node_modules/appium/node_modules/appium-uiautomator2-server/apks/appium-uiautomator2-server-debug-androidTest.apk' is signed with the default certificate
[35m[UiAutomator2][39m Server packages are not going to be (re)installed
[35m[ADB][39m Adding packages ["io.appium.settings","io.appium.uiautomator2.server","io.appium.uiautomator2.server.test"] to Doze whitelist
[35m[UiAutomator2][39m Starting UIAutomator2 server 4.24.0
[35m[UiAutomator2][39m Using UIAutomator2 server from '/usr/local/lib/node_modules/appium/node_modules/appium-uiautomator2-server/apks/appium-uiautomator2-server-v4.24.0.apk' and test from '/usr/local/lib/node_modules/appium/node_modules/appium-uiautomator2-server/apks/appium-uiautomator2-server-debug-androidTest.apk'
[35m[UiAutomator2][39m Waiting up to 30000ms for UiAutomator2 to be online...
[35m[WD Proxy][39m socket hang up
[35m[WD Proxy][39m socket hang up
[35m[WD Proxy][39m socket hang up
[35m[WD Proxy][39m Determined the downstream protocol as 'W3C'
[35m[AndroidDriver][39m Screen already unlocked, doing nothing
[35m[UiAutomator2][39m Starting 'com.android.settings/.Settings and waiting for 'com.android.settings/.Settings'
[35m[Appium][39m New AndroidUiautomator2Driver session created successfully, session a4147be0-afad-4cd5-a8b0-c43240516bd6 added to master session list
[35m[HTTP][39m [37m<-- POST /wd/hub/session [39m[32m200[39m [90m9619 ms - 1133[39m
[35m[HTTP][39m [90m[39m
[35m[HTTP][39m [37m-->[39m [37mGET[39m [37m/wd/hub/session/a4147be0-afad-4cd5-a8b0-c43240516bd6[39m
[35m[HTTP][39m [90m{}[39m
[35m[HTTP][39m [37m<-- GET /wd/hub/session/a4147be0-afad-4cd5-a8b0-c43240516bd6 [39m[32m200[39m [90m21 ms - 1087[39m
[35m[HTTP][39m [90m[39m
[35m[HTTP][39m [37m-->[39m [37mGET[39m [37m/wd/hub/session/a4147be0-afad-4cd5-a8b0-c43240516bd6[39m
[35m[HTTP][39m [90m{}[39m
[35m[HTTP][39m [37m<-- GET /wd/hub/session/a4147be0-afad-4cd5-a8b0-c43240516bd6 [39m[32m200[39m [90m16 ms - 1087[39m
[35m[HTTP][39m [90m[39m
[35m[HTTP][39m [37m-->[39m [37mGET[39m [37m/wd/hub/status[39m
[35m[HTTP][39m [90m{}[39m
[35m[HTTP][39m [37m<-- GET /wd/hub/status [39m[32m200[39m [90m1 ms - 68[39m
[35m[HTTP][39m [90m[39m
[35m[HTTP][39m [37m-->[39m [37mPOST[39m [37m/wd/hub/session/a4147be0-afad-4cd5-a8b0-c43240516bd6/timeouts[39m
[35m[HTTP][39m [90m{"implicit":30000}[39m
[35m[HTTP][39m [37m<-- POST /wd/hub/session/a4147be0-afad-4cd5-a8b0-c43240516bd6/timeouts [39m[32m200[39m [90m3 ms - 14[39m
[35m[HTTP][39m [90m[39m
[35m[HTTP][39m [37m-->[39m [37mGET[39m [37m/wd/hub/session/a4147be0-afad-4cd5-a8b0-c43240516bd6/screenshot[39m
[35m[HTTP][39m [90m{}[39m
[35m[HTTP][39m [37m<-- GET /wd/hub/session/a4147be0-afad-4cd5-a8b0-c43240516bd6/screenshot [39m[32m200[39m [90m832 ms - 250500[39m
[35m[HTTP][39m [90m[39m
[35m[HTTP][39m [37m-->[39m [37mGET[39m [37m/wd/hub/session/a4147be0-afad-4cd5-a8b0-c43240516bd6/window/rect[39m
[35m[HTTP][39m [90m{}[39m
[35m[HTTP][39m [37m<-- GET /wd/hub/session/a4147be0-afad-4cd5-a8b0-c43240516bd6/window/rect [39m[32m200[39m [90m47 ms - 50[39m
[35m[HTTP][39m [90m[39m
[35m[HTTP][39m [37m-->[39m [37mGET[39m [37m/wd/hub/session/a4147be0-afad-4cd5-a8b0-c43240516bd6/appium/device/system_bars[39m
[35m[HTTP][39m [90m{}[39m
[35m[HTTP][39m [37m<-- GET /wd/hub/session/a4147be0-afad-4cd5-a8b0-c43240516bd6/appium/device/system_bars [39m[32m200[39m [90m134 ms - 148[39m
[35m[HTTP][39m [90m[39m
[35m[HTTP][39m [37m-->[39m [37mPOST[39m [37m/wd/hub/session/a4147be0-afad-4cd5-a8b0-c43240516bd6/appium/device/activate_app[39m
[35m[HTTP][39m [90m{"bundleId":"com.she.sehatq"}[39m
[35m[HTTP][39m [37m<-- POST /wd/hub/session/a4147be0-afad-4cd5-a8b0-c43240516bd6/appium/device/activate_app [39m[32m200[39m [90m570 ms - 14[39m
[35m[HTTP][39m [90m[39m
[35m[HTTP][39m [37m-->[39m [37mPOST[39m [37m/wd/hub/session/a4147be0-afad-4cd5-a8b0-c43240516bd6/timeouts[39m
[35m[HTTP][39m [90m{"implicit":50}[39m
[35m[HTTP][39m [37m<-- POST /wd/hub/session/a4147be0-afad-4cd5-a8b0-c43240516bd6/timeouts [39m[32m200[39m [90m2 ms - 14[39m
[35m[HTTP][39m [90m[39m
[35m[HTTP][39m [37m-->[39m [37mGET[39m [37m/wd/hub/session/a4147be0-afad-4cd5-a8b0-c43240516bd6/window/rect[39m
[35m[HTTP][39m [90m{}[39m
[35m[HTTP][39m [37m<-- GET /wd/hub/session/a4147be0-afad-4cd5-a8b0-c43240516bd6/window/rect [39m[32m200[39m [90m24 ms - 50[39m
[35m[HTTP][39m [90m[39m
[35m[HTTP][39m [37m-->[39m [37mPOST[39m [37m/wd/hub/session/a4147be0-afad-4cd5-a8b0-c43240516bd6/elements[39m
[35m[HTTP][39m [90m{"using":"xpath","value":"//*[@class = 'android.widget.TextView' and (@text = 'Tidak' or . = 'Tidak') and @resource-id = 'com.she.sehatq:id/tv_dismiss']"}[39m
[35m[HTTP][39m [37m<-- POST /wd/hub/session/a4147be0-afad-4cd5-a8b0-c43240516bd6/elements [39m[32m200[39m [90m716 ms - 12[39m
[35m[HTTP][39m [90m[39m
[35m[HTTP][39m [37m-->[39m [37mPOST[39m [37m/wd/hub/session/a4147be0-afad-4cd5-a8b0-c43240516bd6/elements[39m
[35m[HTTP][39m [90m{"using":"xpath","value":"//*[@class = 'android.widget.TextView' and (@text = 'Tidak' or . = 'Tidak') and @resource-id = 'com.she.sehatq:id/tv_dismiss']"}[39m
[35m[HTTP][39m [37m<-- POST /wd/hub/session/a4147be0-afad-4cd5-a8b0-c43240516bd6/elements [39m[32m200[39m [90m809 ms - 12[39m
[35m[HTTP][39m [90m[39m
[35m[HTTP][39m [37m-->[39m [37mPOST[39m [37m/wd/hub/session/a4147be0-afad-4cd5-a8b0-c43240516bd6/elements[39m
[35m[HTTP][39m [90m{"using":"xpath","value":"//*[@class = 'android.widget.TextView' and (@text = 'Tidak' or . = 'Tidak') and @resource-id = 'com.she.sehatq:id/tv_dismiss']"}[39m
[35m[HTTP][39m [37m<-- POST /wd/hub/session/a4147be0-afad-4cd5-a8b0-c43240516bd6/elements [39m[32m200[39m [90m75 ms - 12[39m
[35m[HTTP][39m [90m[39m
[35m[HTTP][39m [37m-->[39m [37mPOST[39m [37m/wd/hub/session/a4147be0-afad-4cd5-a8b0-c43240516bd6/elements[39m
[35m[HTTP][39m [90m{"using":"xpath","value":"//*[@class = 'android.widget.TextView' and (@text = 'Tidak' or . = 'Tidak') and @resource-id = 'com.she.sehatq:id/tv_dismiss']"}[39m
[35m[HTTP][39m [37m<-- POST /wd/hub/session/a4147be0-afad-4cd5-a8b0-c43240516bd6/elements [39m[32m200[39m [90m93 ms - 12[39m
[35m[HTTP][39m [90m[39m
[35m[HTTP][39m [37m-->[39m [37mPOST[39m [37m/wd/hub/session/a4147be0-afad-4cd5-a8b0-c43240516bd6/elements[39m
[35m[HTTP][39m [90m{"using":"xpath","value":"//*[@class = 'android.widget.TextView' and (@text = 'Tidak' or . = 'Tidak') and @resource-id = 'com.she.sehatq:id/tv_dismiss']"}[39m
[35m[HTTP][39m [37m<-- POST /wd/hub/session/a4147be0-afad-4cd5-a8b0-c43240516bd6/elements [39m[32m200[39m [90m52 ms - 12[39m
[35m[HTTP][39m [90m[39m
[35m[HTTP][39m [37m-->[39m [37mPOST[39m [37m/wd/hub/session/a4147be0-afad-4cd5-a8b0-c43240516bd6/elements[39m
[35m[HTTP][39m [90m{"using":"xpath","value":"//*[@class = 'android.widget.TextView' and (@text = 'Tidak' or . = 'Tidak') and @resource-id = 'com.she.sehatq:id/tv_dismiss']"}[39m
[35m[HTTP][39m [37m<-- POST /wd/hub/session/a4147be0-afad-4cd5-a8b0-c43240516bd6/elements [39m[32m200[39m [90m143 ms - 12[39m
[35m[HTTP][39m [90m[39m
[35m[HTTP][39m [37m-->[39m [37mPOST[39m [37m/wd/hub/session/a4147be0-afad-4cd5-a8b0-c43240516bd6/elements[39m
[35m[HTTP][39m [90m{"using":"xpath","value":"//*[@class = 'android.widget.TextView' and (@text = 'Tidak' or . = 'Tidak') and @resource-id = 'com.she.sehatq:id/tv_dismiss']"}[39m
[35m[HTTP][39m [37m<-- POST /wd/hub/session/a4147be0-afad-4cd5-a8b0-c43240516bd6/elements [39m[32m200[39m [90m131 ms - 12[39m
[35m[HTTP][39m [90m[39m
[35m[HTTP][39m [37m-->[39m [37mPOST[39m [37m/wd/hub/session/a4147be0-afad-4cd5-a8b0-c43240516bd6/elements[39m
[35m[HTTP][39m [90m{"using":"xpath","value":"//*[@class = 'android.widget.TextView' and (@text = 'Tidak' or . = 'Tidak') and @resource-id = 'com.she.sehatq:id/tv_dismiss']"}[39m
[35m[HTTP][39m [37m<-- POST /wd/hub/session/a4147be0-afad-4cd5-a8b0-c43240516bd6/elements [39m[32m200[39m [90m443 ms - 12[39m
[35m[HTTP][39m [90m[39m
[35m[HTTP][39m [37m-->[39m [37mPOST[39m [37m/wd/hub/session/a4147be0-afad-4cd5-a8b0-c43240516bd6/elements[39m
[35m[HTTP][39m [90m{"using":"xpath","value":"//*[@class = 'android.widget.TextView' and (@text = 'Tidak' or . = 'Tidak') and @resource-id = 'com.she.sehatq:id/tv_dismiss']"}[39m
[35m[HTTP][39m [37m<-- POST /wd/hub/session/a4147be0-afad-4cd5-a8b0-c43240516bd6/elements [39m[32m200[39m [90m1102 ms - 139[39m
[35m[HTTP][39m [90m[39m
[35m[HTTP][39m [37m-->[39m [37mGET[39m [37m/wd/hub/session/a4147be0-afad-4cd5-a8b0-c43240516bd6/element/00000000-0000-0943-ffff-ffff0000001b/location[39m
[35m[HTTP][39m [90m{}[39m
[35m[W3C (a4147be0)][39m Driver proxy active, passing request on via HTTP proxy
[35m[WD Proxy][39m Replacing sessionId 369b166c-9ec8-4ee4-ac4a-6b45ca9a4781 with a4147be0-afad-4cd5-a8b0-c43240516bd6
[35m[HTTP][39m [37m<-- GET /wd/hub/session/a4147be0-afad-4cd5-a8b0-c43240516bd6/element/00000000-0000-0943-ffff-ffff0000001b/location [39m[32m200[39m [90m282 ms - 78[39m
[35m[HTTP][39m [90m[39m
[35m[HTTP][39m [37m-->[39m [37mPOST[39m [37m/wd/hub/session/a4147be0-afad-4cd5-a8b0-c43240516bd6/timeouts[39m
[35m[HTTP][39m [90m{"implicit":30000}[39m
[35m[HTTP][39m [37m<-- POST /wd/hub/session/a4147be0-afad-4cd5-a8b0-c43240516bd6/timeouts [39m[32m200[39m [90m1 ms - 14[39m
[35m[HTTP][39m [90m[39m
[35m[HTTP][39m [37m-->[39m [37mPOST[39m [37m/wd/hub/session/a4147be0-afad-4cd5-a8b0-c43240516bd6/touch/perform[39m
[35m[HTTP][39m [90m{"actions":[{"action":"tap","options":{"x":1,"y":1,"element":"00000000-0000-0943-ffff-ffff0000001b"}},{"action":"release","options":{}}]}[39m
[35m[UiAutomator2][39m calling get location: 00000000-0000-0943-ffff-ffff0000001b
[35m[HTTP][39m [37m<-- POST /wd/hub/session/a4147be0-afad-4cd5-a8b0-c43240516bd6/touch/perform [39m[32m200[39m [90m250 ms - 14[39m
[35m[HTTP][39m [90m[39m
[35m[HTTP][39m [37m-->[39m [37mPOST[39m [37m/wd/hub/session/a4147be0-afad-4cd5-a8b0-c43240516bd6/timeouts[39m
[35m[HTTP][39m [90m{"implicit":50}[39m
[35m[HTTP][39m [37m<-- POST /wd/hub/session/a4147be0-afad-4cd5-a8b0-c43240516bd6/timeouts [39m[32m200[39m [90m1 ms - 14[39m
[35m[HTTP][39m [90m[39m
[35m[HTTP][39m [37m-->[39m [37mGET[39m [37m/wd/hub/session/a4147be0-afad-4cd5-a8b0-c43240516bd6/window/rect[39m
[35m[HTTP][39m [90m{}[39m
[35m[HTTP][39m [37m<-- GET /wd/hub/session/a4147be0-afad-4cd5-a8b0-c43240516bd6/window/rect [39m[32m200[39m [90m10 ms - 50[39m
[35m[HTTP][39m [90m[39m
[35m[HTTP][39m [37m-->[39m [37mPOST[39m [37m/wd/hub/session/a4147be0-afad-4cd5-a8b0-c43240516bd6/elements[39m
[35m[HTTP][39m [90m{"using":"xpath","value":"//*[@class = 'android.widget.ImageView' and @resource-id = 'com.she.sehatq:id/iv_profile_nav' and (@text = '' or . = '')]"}[39m
[35m[HTTP][39m [37m<-- POST /wd/hub/session/a4147be0-afad-4cd5-a8b0-c43240516bd6/elements [39m[32m200[39m [90m625 ms - 139[39m
[35m[HTTP][39m [90m[39m
[35m[HTTP][39m [37m-->[39m [37mGET[39m [37m/wd/hub/session/a4147be0-afad-4cd5-a8b0-c43240516bd6/element/00000000-0000-0944-ffff-ffff0000002b/location[39m
[35m[HTTP][39m [90m{}[39m
[35m[W3C (a4147be0)][39m Driver proxy active, passing request on via HTTP proxy
[35m[WD Proxy][39m Replacing sessionId 369b166c-9ec8-4ee4-ac4a-6b45ca9a4781 with a4147be0-afad-4cd5-a8b0-c43240516bd6
[35m[HTTP][39m [37m<-- GET /wd/hub/session/a4147be0-afad-4cd5-a8b0-c43240516bd6/element/00000000-0000-0944-ffff-ffff0000002b/location [39m[32m200[39m [90m25 ms - 78[39m
[35m[HTTP][39m [90m[39m
[35m[HTTP][39m [37m-->[39m [37mPOST[39m [37m/wd/hub/session/a4147be0-afad-4cd5-a8b0-c43240516bd6/timeouts[39m
[35m[HTTP][39m [90m{"implicit":30000}[39m
[35m[HTTP][39m [37m<-- POST /wd/hub/session/a4147be0-afad-4cd5-a8b0-c43240516bd6/timeouts [39m[32m200[39m [90m2 ms - 14[39m
[35m[HTTP][39m [90m[39m
[35m[HTTP][39m [37m-->[39m [37mPOST[39m [37m/wd/hub/session/a4147be0-afad-4cd5-a8b0-c43240516bd6/touch/perform[39m
[35m[HTTP][39m [90m{"actions":[{"action":"tap","options":{"x":1,"y":1,"element":"00000000-0000-0944-ffff-ffff0000002b"}},{"action":"release","options":{}}]}[39m
[35m[UiAutomator2][39m calling get location: 00000000-0000-0944-ffff-ffff0000002b
[35m[HTTP][39m [37m<-- POST /wd/hub/session/a4147be0-afad-4cd5-a8b0-c43240516bd6/touch/perform [39m[32m200[39m [90m217 ms - 14[39m
[35m[HTTP][39m [90m[39m
[35m[HTTP][39m [37m-->[39m [37mPOST[39m [37m/wd/hub/session/a4147be0-afad-4cd5-a8b0-c43240516bd6/timeouts[39m
[35m[HTTP][39m [90m{"implicit":50}[39m
[35m[HTTP][39m [37m<-- POST /wd/hub/session/a4147be0-afad-4cd5-a8b0-c43240516bd6/timeouts [39m[32m200[39m [90m1 ms - 14[39m
[35m[HTTP][39m [90m[39m
[35m[HTTP][39m [37m-->[39m [37mGET[39m [37m/wd/hub/session/a4147be0-afad-4cd5-a8b0-c43240516bd6/window/rect[39m
[35m[HTTP][39m [90m{}[39m
[35m[HTTP][39m [37m<-- GET /wd/hub/session/a4147be0-afad-4cd5-a8b0-c43240516bd6/window/rect [39m[32m200[39m [90m16 ms - 50[39m
[35m[HTTP][39m [90m[39m
[35m[HTTP][39m [37m-->[39m [37mPOST[39m [37m/wd/hub/session/a4147be0-afad-4cd5-a8b0-c43240516bd6/elements[39m
[35m[HTTP][39m [90m{"using":"xpath","value":"//*[@class = 'android.widget.EditText' and (@text = 'Email' or . = 'Email') and @resource-id = 'com.she.sehatq:id/et_input']"}[39m
[35m[HTTP][39m [37m<-- POST /wd/hub/session/a4147be0-afad-4cd5-a8b0-c43240516bd6/elements [39m[32m200[39m [90m1292 ms - 139[39m
[35m[HTTP][39m [90m[39m
[35m[HTTP][39m [37m-->[39m [37mGET[39m [37m/wd/hub/session/a4147be0-afad-4cd5-a8b0-c43240516bd6/element/00000000-0000-0945-ffff-ffff00000299/location[39m
[35m[HTTP][39m [90m{}[39m
[35m[W3C (a4147be0)][39m Driver proxy active, passing request on via HTTP proxy
[35m[WD Proxy][39m Replacing sessionId 369b166c-9ec8-4ee4-ac4a-6b45ca9a4781 with a4147be0-afad-4cd5-a8b0-c43240516bd6
[35m[HTTP][39m [37m<-- GET /wd/hub/session/a4147be0-afad-4cd5-a8b0-c43240516bd6/element/00000000-0000-0945-ffff-ffff00000299/location [39m[32m200[39m [90m556 ms - 77[39m
[35m[HTTP][39m [90m[39m
[35m[HTTP][39m [37m-->[39m [37mPOST[39m [37m/wd/hub/session/a4147be0-afad-4cd5-a8b0-c43240516bd6/timeouts[39m
[35m[HTTP][39m [90m{"implicit":30000}[39m
[35m[HTTP][39m [37m<-- POST /wd/hub/session/a4147be0-afad-4cd5-a8b0-c43240516bd6/timeouts [39m[32m200[39m [90m3 ms - 14[39m
[35m[HTTP][39m [90m[39m
[35m[HTTP][39m [37m-->[39m [37mPOST[39m [37m/wd/hub/session/a4147be0-afad-4cd5-a8b0-c43240516bd6/element/00000000-0000-0945-ffff-ffff00000299/clear[39m
[35m[HTTP][39m [90m{"id":"00000000-0000-0945-ffff-ffff00000299"}[39m
[35m[HTTP][39m [37m<-- POST /wd/hub/session/a4147be0-afad-4cd5-a8b0-c43240516bd6/element/00000000-0000-0945-ffff-ffff00000299/clear [39m[32m200[39m [90m62 ms - 14[39m
[35m[HTTP][39m [90m[39m
[35m[HTTP][39m [37m-->[39m [37mPOST[39m [37m/wd/hub/session/a4147be0-afad-4cd5-a8b0-c43240516bd6/element/00000000-0000-0945-ffff-ffff00000299/value[39m
[35m[HTTP][39m [90m{"id":"00000000-0000-0945-ffff-ffff00000299","text":"a2@mail.com","value":["a","2","@","m","a","i","l",".","c","o","m"]}[39m
[35m[HTTP][39m [37m<-- POST /wd/hub/session/a4147be0-afad-4cd5-a8b0-c43240516bd6/element/00000000-0000-0945-ffff-ffff00000299/value [39m[32m200[39m [90m592 ms - 14[39m
[35m[HTTP][39m [90m[39m
[35m[HTTP][39m [37m-->[39m [37mPOST[39m [37m/wd/hub/session/a4147be0-afad-4cd5-a8b0-c43240516bd6/timeouts[39m
[35m[HTTP][39m [90m{"implicit":50}[39m
[35m[HTTP][39m [37m<-- POST /wd/hub/session/a4147be0-afad-4cd5-a8b0-c43240516bd6/timeouts [39m[32m200[39m [90m1 ms - 14[39m
[35m[HTTP][39m [90m[39m
[35m[HTTP][39m [37m-->[39m [37mGET[39m [37m/wd/hub/session/a4147be0-afad-4cd5-a8b0-c43240516bd6/window/rect[39m
[35m[HTTP][39m [90m{}[39m
[35m[HTTP][39m [37m<-- GET /wd/hub/session/a4147be0-afad-4cd5-a8b0-c43240516bd6/window/rect [39m[32m200[39m [90m35 ms - 50[39m
[35m[HTTP][39m [90m[39m
[35m[HTTP][39m [37m-->[39m [37mPOST[39m [37m/wd/hub/session/a4147be0-afad-4cd5-a8b0-c43240516bd6/elements[39m
[35m[HTTP][39m [90m{"using":"xpath","value":"//*[@class = 'android.widget.EditText' and (@text = 'Password' or . = 'Password') and @resource-id = 'com.she.sehatq:id/et_input']"}[39m
[35m[HTTP][39m [37m<-- POST /wd/hub/session/a4147be0-afad-4cd5-a8b0-c43240516bd6/elements [39m[32m200[39m [90m470 ms - 139[39m
[35m[HTTP][39m [90m[39m
[35m[HTTP][39m [37m-->[39m [37mGET[39m [37m/wd/hub/session/a4147be0-afad-4cd5-a8b0-c43240516bd6/element/00000000-0000-0945-ffff-ffff000002b9/location[39m
[35m[HTTP][39m [90m{}[39m
[35m[W3C (a4147be0)][39m Driver proxy active, passing request on via HTTP proxy
[35m[WD Proxy][39m Replacing sessionId 369b166c-9ec8-4ee4-ac4a-6b45ca9a4781 with a4147be0-afad-4cd5-a8b0-c43240516bd6
[35m[HTTP][39m [37m<-- GET /wd/hub/session/a4147be0-afad-4cd5-a8b0-c43240516bd6/element/00000000-0000-0945-ffff-ffff000002b9/location [39m[32m200[39m [90m23 ms - 78[39m
[35m[HTTP][39m [90m[39m
[35m[HTTP][39m [37m-->[39m [37mPOST[39m [37m/wd/hub/session/a4147be0-afad-4cd5-a8b0-c43240516bd6/timeouts[39m
[35m[HTTP][39m [90m{"implicit":30000}[39m
[35m[HTTP][39m [37m<-- POST /wd/hub/session/a4147be0-afad-4cd5-a8b0-c43240516bd6/timeouts [39m[32m200[39m [90m1 ms - 14[39m
[35m[HTTP][39m [90m[39m
[35m[HTTP][39m [37m-->[39m [37mPOST[39m [37m/wd/hub/session/a4147be0-afad-4cd5-a8b0-c43240516bd6/element/00000000-0000-0945-ffff-ffff000002b9/clear[39m
[35m[HTTP][39m [90m{"id":"00000000-0000-0945-ffff-ffff000002b9"}[39m
[35m[HTTP][39m [37m<-- POST /wd/hub/session/a4147be0-afad-4cd5-a8b0-c43240516bd6/element/00000000-0000-0945-ffff-ffff000002b9/clear [39m[32m200[39m [90m33 ms - 14[39m
[35m[HTTP][39m [90m[39m
[35m[HTTP][39m [37m-->[39m [37mPOST[39m [37m/wd/hub/session/a4147be0-afad-4cd5-a8b0-c43240516bd6/element/00000000-0000-0945-ffff-ffff000002b9/value[39m
[35m[HTTP][39m [90m{"id":"00000000-0000-0945-ffff-ffff000002b9","text":"123456","value":["1","2","3","4","5","6"]}[39m
[35m[HTTP][39m [37m<-- POST /wd/hub/session/a4147be0-afad-4cd5-a8b0-c43240516bd6/element/00000000-0000-0945-ffff-ffff000002b9/value [39m[32m200[39m [90m571 ms - 14[39m
[35m[HTTP][39m [90m[39m
[35m[HTTP][39m [37m-->[39m [37mPOST[39m [37m/wd/hub/session/a4147be0-afad-4cd5-a8b0-c43240516bd6/timeouts[39m
[35m[HTTP][39m [90m{"implicit":50}[39m
[35m[HTTP][39m [37m<-- POST /wd/hub/session/a4147be0-afad-4cd5-a8b0-c43240516bd6/timeouts [39m[32m200[39m [90m1 ms - 14[39m
[35m[HTTP][39m [90m[39m
[35m[HTTP][39m [37m-->[39m [37mGET[39m [37m/wd/hub/session/a4147be0-afad-4cd5-a8b0-c43240516bd6/window/rect[39m
[35m[HTTP][39m [90m{}[39m
[35m[HTTP][39m [37m<-- GET /wd/hub/session/a4147be0-afad-4cd5-a8b0-c43240516bd6/window/rect [39m[32m200[39m [90m36 ms - 50[39m
[35m[HTTP][39m [90m[39m
[35m[HTTP][39m [37m-->[39m [37mPOST[39m [37m/wd/hub/session/a4147be0-afad-4cd5-a8b0-c43240516bd6/elements[39m
[35m[HTTP][39m [90m{"using":"xpath","value":"//*[@class = 'android.widget.Button' and (@text = 'Log in' or . = 'Log in') and @resource-id = 'com.she.sehatq:id/btn_login']"}[39m
[35m[HTTP][39m [37m<-- POST /wd/hub/session/a4147be0-afad-4cd5-a8b0-c43240516bd6/elements [39m[32m200[39m [90m503 ms - 139[39m
[35m[HTTP][39m [90m[39m
[35m[HTTP][39m [37m-->[39m [37mGET[39m [37m/wd/hub/session/a4147be0-afad-4cd5-a8b0-c43240516bd6/element/00000000-0000-0945-ffff-ffff000002d2/location[39m
[35m[HTTP][39m [90m{}[39m
[35m[W3C (a4147be0)][39m Driver proxy active, passing request on via HTTP proxy
[35m[WD Proxy][39m Replacing sessionId 369b166c-9ec8-4ee4-ac4a-6b45ca9a4781 with a4147be0-afad-4cd5-a8b0-c43240516bd6
[35m[HTTP][39m [37m<-- GET /wd/hub/session/a4147be0-afad-4cd5-a8b0-c43240516bd6/element/00000000-0000-0945-ffff-ffff000002d2/location [39m[32m200[39m [90m23 ms - 78[39m
[35m[HTTP][39m [90m[39m
[35m[HTTP][39m [37m-->[39m [37mPOST[39m [37m/wd/hub/session/a4147be0-afad-4cd5-a8b0-c43240516bd6/timeouts[39m
[35m[HTTP][39m [90m{"implicit":30000}[39m
[35m[HTTP][39m [37m<-- POST /wd/hub/session/a4147be0-afad-4cd5-a8b0-c43240516bd6/timeouts [39m[32m200[39m [90m2 ms - 14[39m
[35m[HTTP][39m [90m[39m
[35m[HTTP][39m [37m-->[39m [37mPOST[39m [37m/wd/hub/session/a4147be0-afad-4cd5-a8b0-c43240516bd6/touch/perform[39m
[35m[HTTP][39m [90m{"actions":[{"action":"tap","options":{"x":1,"y":1,"element":"00000000-0000-0945-ffff-ffff000002d2"}},{"action":"release","options":{}}]}[39m
[35m[UiAutomator2][39m calling get location: 00000000-0000-0945-ffff-ffff000002d2
[35m[HTTP][39m [37m<-- POST /wd/hub/session/a4147be0-afad-4cd5-a8b0-c43240516bd6/touch/perform [39m[32m200[39m [90m683 ms - 14[39m
[35m[HTTP][39m [90m[39m
[35m[HTTP][39m [37m-->[39m [37mPOST[39m [37m/wd/hub/session/a4147be0-afad-4cd5-a8b0-c43240516bd6/timeouts[39m
[35m[HTTP][39m [90m{"implicit":50}[39m
[35m[HTTP][39m [37m<-- POST /wd/hub/session/a4147be0-afad-4cd5-a8b0-c43240516bd6/timeouts [39m[32m200[39m [90m2 ms - 14[39m
[35m[HTTP][39m [90m[39m
[35m[HTTP][39m [37m-->[39m [37mGET[39m [37m/wd/hub/session/a4147be0-afad-4cd5-a8b0-c43240516bd6/window/rect[39m
[35m[HTTP][39m [90m{}[39m
[35m[HTTP][39m [37m<-- GET /wd/hub/session/a4147be0-afad-4cd5-a8b0-c43240516bd6/window/rect [39m[32m200[39m [90m15 ms - 50[39m
[35m[HTTP][39m [90m[39m
[35m[HTTP][39m [37m-->[39m [37mPOST[39m [37m/wd/hub/session/a4147be0-afad-4cd5-a8b0-c43240516bd6/elements[39m
[35m[HTTP][39m [90m{"using":"xpath","value":"//*[@class = 'android.widget.TextView' and (@text = 'Lewati' or . = 'Lewati') and @resource-id = 'com.she.sehatq:id/tvSkip']"}[39m
[35m[HTTP][39m [37m<-- POST /wd/hub/session/a4147be0-afad-4cd5-a8b0-c43240516bd6/elements [39m[32m200[39m [90m85 ms - 12[39m
[35m[HTTP][39m [90m[39m
[35m[HTTP][39m [37m-->[39m [37mPOST[39m [37m/wd/hub/session/a4147be0-afad-4cd5-a8b0-c43240516bd6/elements[39m
[35m[HTTP][39m [90m{"using":"xpath","value":"//*[@class = 'android.widget.TextView' and (@text = 'Lewati' or . = 'Lewati') and @resource-id = 'com.she.sehatq:id/tvSkip']"}[39m
[35m[HTTP][39m [37m<-- POST /wd/hub/session/a4147be0-afad-4cd5-a8b0-c43240516bd6/elements [39m[32m200[39m [90m78 ms - 12[39m
[35m[HTTP][39m [90m[39m
[35m[HTTP][39m [37m-->[39m [37mPOST[39m [37m/wd/hub/session/a4147be0-afad-4cd5-a8b0-c43240516bd6/elements[39m
[35m[HTTP][39m [90m{"using":"xpath","value":"//*[@class = 'android.widget.TextView' and (@text = 'Lewati' or . = 'Lewati') and @resource-id = 'com.she.sehatq:id/tvSkip']"}[39m
[35m[HTTP][39m [37m<-- POST /wd/hub/session/a4147be0-afad-4cd5-a8b0-c43240516bd6/elements [39m[32m200[39m [90m118 ms - 12[39m
[35m[HTTP][39m [90m[39m
[35m[HTTP][39m [37m-->[39m [37mPOST[39m [37m/wd/hub/session/a4147be0-afad-4cd5-a8b0-c43240516bd6/elements[39m
[35m[HTTP][39m [90m{"using":"xpath","value":"//*[@class = 'android.widget.TextView' and (@text = 'Lewati' or . = 'Lewati') and @resource-id = 'com.she.sehatq:id/tvSkip']"}[39m
[35m[HTTP][39m [37m<-- POST /wd/hub/session/a4147be0-afad-4cd5-a8b0-c43240516bd6/elements [39m[32m200[39m [90m107 ms - 12[39m
[35m[HTTP][39m [90m[39m
[35m[HTTP][39m [37m-->[39m [37mPOST[39m [37m/wd/hub/session/a4147be0-afad-4cd5-a8b0-c43240516bd6/elements[39m
[35m[HTTP][39m [90m{"using":"xpath","value":"//*[@class = 'android.widget.TextView' and (@text = 'Lewati' or . = 'Lewati') and @resource-id = 'com.she.sehatq:id/tvSkip']"}[39m
[35m[HTTP][39m [37m<-- POST /wd/hub/session/a4147be0-afad-4cd5-a8b0-c43240516bd6/elements [39m[32m200[39m [90m73 ms - 12[39m
[35m[HTTP][39m [90m[39m
[35m[HTTP][39m [37m-->[39m [37mPOST[39m [37m/wd/hub/session/a4147be0-afad-4cd5-a8b0-c43240516bd6/elements[39m
[35m[HTTP][39m [90m{"using":"xpath","value":"//*[@class = 'android.widget.TextView' and (@text = 'Lewati' or . = 'Lewati') and @resource-id = 'com.she.sehatq:id/tvSkip']"}[39m
[35m[HTTP][39m [37m<-- POST /wd/hub/session/a4147be0-afad-4cd5-a8b0-c43240516bd6/elements [39m[32m200[39m [90m86 ms - 12[39m
[35m[HTTP][39m [90m[39m
[35m[HTTP][39m [37m-->[39m [37mPOST[39m [37m/wd/hub/session/a4147be0-afad-4cd5-a8b0-c43240516bd6/elements[39m
[35m[HTTP][39m [90m{"using":"xpath","value":"//*[@class = 'android.widget.TextView' and (@text = 'Lewati' or . = 'Lewati') and @resource-id = 'com.she.sehatq:id/tvSkip']"}[39m
[35m[HTTP][39m [37m<-- POST /wd/hub/session/a4147be0-afad-4cd5-a8b0-c43240516bd6/elements [39m[32m200[39m [90m106 ms - 12[39m
[35m[HTTP][39m [90m[39m
[35m[HTTP][39m [37m-->[39m [37mPOST[39m [37m/wd/hub/session/a4147be0-afad-4cd5-a8b0-c43240516bd6/elements[39m
[35m[HTTP][39m [90m{"using":"xpath","value":"//*[@class = 'android.widget.TextView' and (@text = 'Lewati' or . = 'Lewati') and @resource-id = 'com.she.sehatq:id/tvSkip']"}[39m
[35m[HTTP][39m [37m<-- POST /wd/hub/session/a4147be0-afad-4cd5-a8b0-c43240516bd6/elements [39m[32m200[39m [90m105 ms - 12[39m
[35m[HTTP][39m [90m[39m
[35m[HTTP][39m [37m-->[39m [37mPOST[39m [37m/wd/hub/session/a4147be0-afad-4cd5-a8b0-c43240516bd6/elements[39m
[35m[HTTP][39m [90m{"using":"xpath","value":"//*[@class = 'android.widget.TextView' and (@text = 'Lewati' or . = 'Lewati') and @resource-id = 'com.she.sehatq:id/tvSkip']"}[39m
[35m[HTTP][39m [37m<-- POST /wd/hub/session/a4147be0-afad-4cd5-a8b0-c43240516bd6/elements [39m[32m200[39m [90m115 ms - 12[39m
[35m[HTTP][39m [90m[39m
[35m[HTTP][39m [37m-->[39m [37mPOST[39m [37m/wd/hub/session/a4147be0-afad-4cd5-a8b0-c43240516bd6/elements[39m
[35m[HTTP][39m [90m{"using":"xpath","value":"//*[@class = 'android.widget.TextView' and (@text = 'Lewati' or . = 'Lewati') and @resource-id = 'com.she.sehatq:id/tvSkip']"}[39m
[35m[HTTP][39m [37m<-- POST /wd/hub/session/a4147be0-afad-4cd5-a8b0-c43240516bd6/elements [39m[32m200[39m [90m94 ms - 12[39m
[35m[HTTP][39m [90m[39m
[35m[HTTP][39m [37m-->[39m [37mPOST[39m [37m/wd/hub/session/a4147be0-afad-4cd5-a8b0-c43240516bd6/elements[39m
[35m[HTTP][39m [90m{"using":"xpath","value":"//*[@class = 'android.widget.TextView' and (@text = 'Lewati' or . = 'Lewati') and @resource-id = 'com.she.sehatq:id/tvSkip']"}[39m
[35m[HTTP][39m [37m<-- POST /wd/hub/session/a4147be0-afad-4cd5-a8b0-c43240516bd6/elements [39m[32m200[39m [90m108 ms - 12[39m
[35m[HTTP][39m [90m[39m
[35m[HTTP][39m [37m-->[39m [37mPOST[39m [37m/wd/hub/session/a4147be0-afad-4cd5-a8b0-c43240516bd6/elements[39m
[35m[HTTP][39m [90m{"using":"xpath","value":"//*[@class = 'android.widget.TextView' and (@text = 'Lewati' or . = 'Lewati') and @resource-id = 'com.she.sehatq:id/tvSkip']"}[39m
[35m[HTTP][39m [37m<-- POST /wd/hub/session/a4147be0-afad-4cd5-a8b0-c43240516bd6/elements [39m[32m200[39m [90m389 ms - 12[39m
[35m[HTTP][39m [90m[39m
[35m[HTTP][39m [37m-->[39m [37mPOST[39m [37m/wd/hub/session/a4147be0-afad-4cd5-a8b0-c43240516bd6/elements[39m
[35m[HTTP][39m [90m{"using":"xpath","value":"//*[@class = 'android.widget.TextView' and (@text = 'Lewati' or . = 'Lewati') and @resource-id = 'com.she.sehatq:id/tvSkip']"}[39m
[35m[HTTP][39m [37m<-- POST /wd/hub/session/a4147be0-afad-4cd5-a8b0-c43240516bd6/elements [39m[32m200[39m [90m813 ms - 139[39m
[35m[HTTP][39m [90m[39m
[35m[HTTP][39m [37m-->[39m [37mGET[39m [37m/wd/hub/session/a4147be0-afad-4cd5-a8b0-c43240516bd6/element/00000000-0000-0945-ffff-ffff00000395/location[39m
[35m[HTTP][39m [90m{}[39m
[35m[W3C (a4147be0)][39m Driver proxy active, passing request on via HTTP proxy
[35m[WD Proxy][39m Replacing sessionId 369b166c-9ec8-4ee4-ac4a-6b45ca9a4781 with a4147be0-afad-4cd5-a8b0-c43240516bd6
[35m[HTTP][39m [37m<-- GET /wd/hub/session/a4147be0-afad-4cd5-a8b0-c43240516bd6/element/00000000-0000-0945-ffff-ffff00000395/location [39m[32m200[39m [90m528 ms - 79[39m
[35m[HTTP][39m [90m[39m
[35m[HTTP][39m [37m-->[39m [37mPOST[39m [37m/wd/hub/session/a4147be0-afad-4cd5-a8b0-c43240516bd6/timeouts[39m
[35m[HTTP][39m [90m{"implicit":30000}[39m
[35m[HTTP][39m [37m<-- POST /wd/hub/session/a4147be0-afad-4cd5-a8b0-c43240516bd6/timeouts [39m[32m200[39m [90m1 ms - 14[39m
[35m[HTTP][39m [90m[39m
[35m[HTTP][39m [37m-->[39m [37mPOST[39m [37m/wd/hub/session/a4147be0-afad-4cd5-a8b0-c43240516bd6/touch/perform[39m
[35m[HTTP][39m [90m{"actions":[{"action":"tap","options":{"x":1,"y":1,"element":"00000000-0000-0945-ffff-ffff00000395"}},{"action":"release","options":{}}]}[39m
[35m[UiAutomator2][39m calling get location: 00000000-0000-0945-ffff-ffff00000395
[35m[HTTP][39m [37m<-- POST /wd/hub/session/a4147be0-afad-4cd5-a8b0-c43240516bd6/touch/perform [39m[32m200[39m [90m210 ms - 14[39m
[35m[HTTP][39m [90m[39m
[35m[HTTP][39m [37m-->[39m [37mPOST[39m [37m/wd/hub/session/a4147be0-afad-4cd5-a8b0-c43240516bd6/timeouts[39m
[35m[HTTP][39m [90m{"implicit":50}[39m
[35m[HTTP][39m [37m<-- POST /wd/hub/session/a4147be0-afad-4cd5-a8b0-c43240516bd6/timeouts [39m[32m200[39m [90m1 ms - 14[39m
[35m[HTTP][39m [90m[39m
[35m[HTTP][39m [37m-->[39m [37mGET[39m [37m/wd/hub/session/a4147be0-afad-4cd5-a8b0-c43240516bd6/window/rect[39m
[35m[HTTP][39m [90m{}[39m
[35m[HTTP][39m [37m<-- GET /wd/hub/session/a4147be0-afad-4cd5-a8b0-c43240516bd6/window/rect [39m[32m200[39m [90m22 ms - 50[39m
[35m[HTTP][39m [90m[39m
[35m[HTTP][39m [37m-->[39m [37mPOST[39m [37m/wd/hub/session/a4147be0-afad-4cd5-a8b0-c43240516bd6/elements[39m
[35m[HTTP][39m [90m{"using":"xpath","value":"//*[@class = 'android.widget.TextView' and (@text = 'Ya' or . = 'Ya') and @resource-id = 'com.she.sehatq:id/btn_yes']"}[39m
[35m[HTTP][39m [37m<-- POST /wd/hub/session/a4147be0-afad-4cd5-a8b0-c43240516bd6/elements [39m[32m200[39m [90m529 ms - 139[39m
[35m[HTTP][39m [90m[39m
[35m[HTTP][39m [37m-->[39m [37mGET[39m [37m/wd/hub/session/a4147be0-afad-4cd5-a8b0-c43240516bd6/element/00000000-0000-0946-ffff-ffff000003a9/location[39m
[35m[HTTP][39m [90m{}[39m
[35m[W3C (a4147be0)][39m Driver proxy active, passing request on via HTTP proxy
[35m[WD Proxy][39m Replacing sessionId 369b166c-9ec8-4ee4-ac4a-6b45ca9a4781 with a4147be0-afad-4cd5-a8b0-c43240516bd6
[35m[HTTP][39m [37m<-- GET /wd/hub/session/a4147be0-afad-4cd5-a8b0-c43240516bd6/element/00000000-0000-0946-ffff-ffff000003a9/location [39m[32m200[39m [90m31 ms - 78[39m
[35m[HTTP][39m [90m[39m
[35m[HTTP][39m [37m-->[39m [37mPOST[39m [37m/wd/hub/session/a4147be0-afad-4cd5-a8b0-c43240516bd6/timeouts[39m
[35m[HTTP][39m [90m{"implicit":30000}[39m
[35m[HTTP][39m [37m<-- POST /wd/hub/session/a4147be0-afad-4cd5-a8b0-c43240516bd6/timeouts [39m[32m200[39m [90m1 ms - 14[39m
[35m[HTTP][39m [90m[39m
[35m[HTTP][39m [37m-->[39m [37mPOST[39m [37m/wd/hub/session/a4147be0-afad-4cd5-a8b0-c43240516bd6/touch/perform[39m
[35m[HTTP][39m [90m{"actions":[{"action":"tap","options":{"x":1,"y":1,"element":"00000000-0000-0946-ffff-ffff000003a9"}},{"action":"release","options":{}}]}[39m
[35m[UiAutomator2][39m calling get location: 00000000-0000-0946-ffff-ffff000003a9
[35m[HTTP][39m [37m<-- POST /wd/hub/session/a4147be0-afad-4cd5-a8b0-c43240516bd6/touch/perform [39m[32m200[39m [90m227 ms - 14[39m
[35m[HTTP][39m [90m[39m
[35m[HTTP][39m [37m-->[39m [37mPOST[39m [37m/wd/hub/session/a4147be0-afad-4cd5-a8b0-c43240516bd6/timeouts[39m
[35m[HTTP][39m [90m{"implicit":50}[39m
[35m[HTTP][39m [37m<-- POST /wd/hub/session/a4147be0-afad-4cd5-a8b0-c43240516bd6/timeouts [39m[32m200[39m [90m1 ms - 14[39m
[35m[HTTP][39m [90m[39m
[35m[HTTP][39m [37m-->[39m [37mGET[39m [37m/wd/hub/session/a4147be0-afad-4cd5-a8b0-c43240516bd6/window/rect[39m
[35m[HTTP][39m [90m{}[39m
[35m[HTTP][39m [37m<-- GET /wd/hub/session/a4147be0-afad-4cd5-a8b0-c43240516bd6/window/rect [39m[32m200[39m [90m20 ms - 50[39m
[35m[HTTP][39m [90m[39m
[35m[HTTP][39m [37m-->[39m [37mPOST[39m [37m/wd/hub/session/a4147be0-afad-4cd5-a8b0-c43240516bd6/elements[39m
[35m[HTTP][39m [90m{"using":"xpath","value":"//*[@class = 'android.widget.ImageView' and @resource-id = 'com.she.sehatq:id/ivBack' and (@text = '' or . = '')]"}[39m
[35m[WD Proxy][39m socket hang up
[35m[HTTP][39m [37m<-- POST /wd/hub/session/a4147be0-afad-4cd5-a8b0-c43240516bd6/elements [39m[31m500[39m [90m1220 ms - 1884[39m
[35m[HTTP][39m [90m[39m
[35m[HTTP][39m [37m-->[39m [37mPOST[39m [37m/wd/hub/session/a4147be0-afad-4cd5-a8b0-c43240516bd6/timeouts[39m
[35m[HTTP][39m [90m{"implicit":30000}[39m
[35m[HTTP][39m [37m<-- POST /wd/hub/session/a4147be0-afad-4cd5-a8b0-c43240516bd6/timeouts [39m[32m200[39m [90m1 ms - 14[39m
[35m[HTTP][39m [90m[39m
[35m[HTTP][39m [37m-->[39m [37mGET[39m [37m/wd/hub/session/a4147be0-afad-4cd5-a8b0-c43240516bd6/context[39m
[35m[HTTP][39m [90m{}[39m
[35m[HTTP][39m [37m<-- GET /wd/hub/session/a4147be0-afad-4cd5-a8b0-c43240516bd6/context [39m[32m200[39m [90m2 ms - 22[39m
[35m[HTTP][39m [90m[39m
[35m[HTTP][39m [37m-->[39m [37mGET[39m [37m/wd/hub/session/a4147be0-afad-4cd5-a8b0-c43240516bd6/contexts[39m
[35m[HTTP][39m [90m{}[39m
[35m[HTTP][39m [37m<-- GET /wd/hub/session/a4147be0-afad-4cd5-a8b0-c43240516bd6/contexts [39m[32m200[39m [90m103 ms - 24[39m
[35m[HTTP][39m [90m[39m
[35m[HTTP][39m [37m-->[39m [37mPOST[39m [37m/wd/hub/session/a4147be0-afad-4cd5-a8b0-c43240516bd6/context[39m
[35m[HTTP][39m [90m{"name":"NATIVE_APP"}[39m
[35m[HTTP][39m [37m<-- POST /wd/hub/session/a4147be0-afad-4cd5-a8b0-c43240516bd6/context [39m[32m200[39m [90m1 ms - 14[39m
[35m[HTTP][39m [90m[39m
[35m[HTTP][39m [37m-->[39m [37mGET[39m [37m/wd/hub/session/a4147be0-afad-4cd5-a8b0-c43240516bd6/screenshot[39m
[35m[HTTP][39m [90m{}[39m
[35m[WD Proxy][39m socket hang up
[35m[HTTP][39m [37m<-- GET /wd/hub/session/a4147be0-afad-4cd5-a8b0-c43240516bd6/screenshot [39m[31m500[39m [90m28 ms - 802[39m
[35m[HTTP][39m [90m[39m
[35m[HTTP][39m [37m-->[39m [37mPOST[39m [37m/wd/hub/session/a4147be0-afad-4cd5-a8b0-c43240516bd6/context[39m
[35m[HTTP][39m [90m{"name":"NATIVE_APP"}[39m
[35m[HTTP][39m [37m<-- POST /wd/hub/session/a4147be0-afad-4cd5-a8b0-c43240516bd6/context [39m[32m200[39m [90m1 ms - 14[39m
[35m[HTTP][39m [90m[39m
[35m[HTTP][39m [37m-->[39m [37mDELETE[39m [37m/wd/hub/session/a4147be0-afad-4cd5-a8b0-c43240516bd6[39m
[35m[HTTP][39m [90m{}[39m
[35m[Appium][39m Removing session a4147be0-afad-4cd5-a8b0-c43240516bd6 from our master session list
[35m[UiAutomator2][39m Did not get confirmation UiAutomator2 deleteSession worked; Error was: UnknownError: An unknown server-side error occurred while processing the command. Original error: 'DELETE /' cannot be proxied to UiAutomator2 server because the instrumentation process is not running (probably crashed). Check the server log and/or the logcat output for more details
[35m[UiAutomator2][39m Restoring hidden api policy to the device default configuration
[35m[HTTP][39m [37m<-- DELETE /wd/hub/session/a4147be0-afad-4cd5-a8b0-c43240516bd6 [39m[32m200[39m [90m498 ms - 14[39m
[35m[HTTP][39m [90m[39m
