[35m[Appium][39m Welcome to Appium v1.22.0
[35m[Appium][39m Non-default server args:
[35m[Appium][39m   port: 58967
[35m[Appium][39m   loglevel: info
[35m[Appium][39m   tmpDir: /var/folders/wv/rdwfrh89255gqff9kdgxs_t40000gp/T//Katalon/Appium/Temp1636167333125
[35m[Appium][39m   chromedriverPort: 58968
[35m[Appium][39m Deprecated server args:
[35m[Appium][39m   [31m--chromedriver-port[39m => --default-capabilities
[35m[Appium][39m Default capabilities, which will be added to each request unless overridden by desired capabilities:
[35m[Appium][39m   chromedriverPort: 58968
[35m[Appium][39m Appium REST http interface listener started on 0.0.0.0:58967
[35m[HTTP][39m [37m-->[39m [37mGET[39m [37m/wd/hub/status[39m
[35m[HTTP][39m [90m{}[39m
[35m[HTTP][39m [37m<-- GET /wd/hub/status [39m[32m200[39m [90m5 ms - 68[39m
[35m[HTTP][39m [90m[39m
[35m[HTTP][39m [37m-->[39m [37mPOST[39m [37m/wd/hub/session[39m
[35m[HTTP][39m [90m{"desiredCapabilities":{"appActivity":".Settings","appPackage":"com.android.settings","newCommandTimeout":1800,"platformVersion":"11","automationName":"uiautomator2","autoGrantPermissions":true,"platformName":"Android","udid":"db3027ce","deviceName":"vivo V2022 (Android 11)","platform":"ANDROID","systemPort":8254},"capabilities":{"firstMatch":[{"appium:appActivity":".Settings","appium:appPackage":"com.android.settings","appium:autoGrantPermissions":true,"appium:automationName":"uiautomator2","appium:deviceName":"vivo V2022 (Android 11)","appium:newCommandTimeout":1800,"platform":"ANDROID","platformName":"android","appium:platformVersion":"11","appium:systemPort":8254,"appium:udid":"db3027ce"}]}}[39m
[35m[BaseDriver][39m The following capabilities are not standard capabilities and should have an extension prefix:
[35m[BaseDriver][39m   platform
[35m[BaseDriver][39m   chromedriverPort
[35m[Appium][39m Appium v1.22.0 creating new AndroidUiautomator2Driver (v1.69.0) session
[35m[BaseDriver][39m The following capabilities were provided, but are not recognized by Appium:
[35m[BaseDriver][39m   platform
[35m[BaseDriver][39m Session created with session id: 78e01090-4b05-4752-a03b-f46758bfd41e
[35m[UiAutomator2][39m Starting 'com.android.settings' directly on the device
[35m[ADB][39m Found 1 'build-tools' folders under '/Users/muhammadyaasin/.katalon/tools/android_sdk' (newest first):
[35m[ADB][39m     /Users/muhammadyaasin/.katalon/tools/android_sdk/build-tools/29.0.3
[35m[ADB][39m Using 'adb' from '/Users/muhammadyaasin/.katalon/tools/android_sdk/platform-tools/adb'
[35m[AndroidDriver][39m Retrieving device list
[35m[AndroidDriver][39m Using device: db3027ce
[35m[ADB][39m Using 'adb' from '/Users/muhammadyaasin/.katalon/tools/android_sdk/platform-tools/adb'
[35m[ADB][39m Getting device platform version
[35m[UiAutomator2][39m Relaxing hidden api policy
[35m[AndroidDriver][39m No app sent in, not parsing package/activity
[35m[ADB][39m Using 'apksigner.jar' from '/Users/muhammadyaasin/.katalon/tools/android_sdk/build-tools/29.0.3/lib/apksigner.jar'
[35m[ADB][39m '/usr/local/lib/node_modules/appium/node_modules/appium-uiautomator2-server/apks/appium-uiautomator2-server-v4.24.0.apk' is signed with the default certificate
[35m[ADB][39m '/usr/local/lib/node_modules/appium/node_modules/appium-uiautomator2-server/apks/appium-uiautomator2-server-debug-androidTest.apk' is signed with the default certificate
[35m[UiAutomator2][39m Server packages are not going to be (re)installed
[35m[ADB][39m Adding packages ["io.appium.settings","io.appium.uiautomator2.server","io.appium.uiautomator2.server.test"] to Doze whitelist
[35m[UiAutomator2][39m Starting UIAutomator2 server 4.24.0
[35m[UiAutomator2][39m Using UIAutomator2 server from '/usr/local/lib/node_modules/appium/node_modules/appium-uiautomator2-server/apks/appium-uiautomator2-server-v4.24.0.apk' and test from '/usr/local/lib/node_modules/appium/node_modules/appium-uiautomator2-server/apks/appium-uiautomator2-server-debug-androidTest.apk'
[35m[UiAutomator2][39m Waiting up to 30000ms for UiAutomator2 to be online...
[35m[WD Proxy][39m socket hang up
[35m[WD Proxy][39m socket hang up
[35m[WD Proxy][39m socket hang up
[35m[WD Proxy][39m Determined the downstream protocol as 'W3C'
[35m[AndroidDriver][39m Screen already unlocked, doing nothing
[35m[UiAutomator2][39m Starting 'com.android.settings/.Settings and waiting for 'com.android.settings/.Settings'
[35m[Appium][39m New AndroidUiautomator2Driver session created successfully, session 78e01090-4b05-4752-a03b-f46758bfd41e added to master session list
[35m[HTTP][39m [37m<-- POST /wd/hub/session [39m[32m200[39m [90m9468 ms - 1133[39m
[35m[HTTP][39m [90m[39m
[35m[HTTP][39m [37m-->[39m [37mGET[39m [37m/wd/hub/session/78e01090-4b05-4752-a03b-f46758bfd41e[39m
[35m[HTTP][39m [90m{}[39m
[35m[HTTP][39m [37m<-- GET /wd/hub/session/78e01090-4b05-4752-a03b-f46758bfd41e [39m[32m200[39m [90m16 ms - 1087[39m
[35m[HTTP][39m [90m[39m
[35m[HTTP][39m [37m-->[39m [37mGET[39m [37m/wd/hub/session/78e01090-4b05-4752-a03b-f46758bfd41e[39m
[35m[HTTP][39m [90m{}[39m
[35m[HTTP][39m [37m<-- GET /wd/hub/session/78e01090-4b05-4752-a03b-f46758bfd41e [39m[32m200[39m [90m21 ms - 1087[39m
[35m[HTTP][39m [90m[39m
[35m[HTTP][39m [37m-->[39m [37mGET[39m [37m/wd/hub/status[39m
[35m[HTTP][39m [90m{}[39m
[35m[HTTP][39m [37m<-- GET /wd/hub/status [39m[32m200[39m [90m1 ms - 68[39m
[35m[HTTP][39m [90m[39m
[35m[HTTP][39m [37m-->[39m [37mPOST[39m [37m/wd/hub/session/78e01090-4b05-4752-a03b-f46758bfd41e/timeouts[39m
[35m[HTTP][39m [90m{"implicit":30000}[39m
[35m[HTTP][39m [37m<-- POST /wd/hub/session/78e01090-4b05-4752-a03b-f46758bfd41e/timeouts [39m[32m200[39m [90m3 ms - 14[39m
[35m[HTTP][39m [90m[39m
[35m[HTTP][39m [37m-->[39m [37mGET[39m [37m/wd/hub/session/78e01090-4b05-4752-a03b-f46758bfd41e/screenshot[39m
[35m[HTTP][39m [90m{}[39m
[35m[HTTP][39m [37m<-- GET /wd/hub/session/78e01090-4b05-4752-a03b-f46758bfd41e/screenshot [39m[32m200[39m [90m783 ms - 250208[39m
[35m[HTTP][39m [90m[39m
[35m[HTTP][39m [37m-->[39m [37mGET[39m [37m/wd/hub/session/78e01090-4b05-4752-a03b-f46758bfd41e/window/rect[39m
[35m[HTTP][39m [90m{}[39m
[35m[HTTP][39m [37m<-- GET /wd/hub/session/78e01090-4b05-4752-a03b-f46758bfd41e/window/rect [39m[32m200[39m [90m56 ms - 50[39m
[35m[HTTP][39m [90m[39m
[35m[HTTP][39m [37m-->[39m [37mGET[39m [37m/wd/hub/session/78e01090-4b05-4752-a03b-f46758bfd41e/appium/device/system_bars[39m
[35m[HTTP][39m [90m{}[39m
[35m[HTTP][39m [37m<-- GET /wd/hub/session/78e01090-4b05-4752-a03b-f46758bfd41e/appium/device/system_bars [39m[32m200[39m [90m198 ms - 148[39m
[35m[HTTP][39m [90m[39m
[35m[HTTP][39m [37m-->[39m [37mPOST[39m [37m/wd/hub/session/78e01090-4b05-4752-a03b-f46758bfd41e/appium/device/activate_app[39m
[35m[HTTP][39m [90m{"bundleId":"com.she.sehatq"}[39m
[35m[HTTP][39m [37m<-- POST /wd/hub/session/78e01090-4b05-4752-a03b-f46758bfd41e/appium/device/activate_app [39m[32m200[39m [90m565 ms - 14[39m
[35m[HTTP][39m [90m[39m
[35m[HTTP][39m [37m-->[39m [37mPOST[39m [37m/wd/hub/session/78e01090-4b05-4752-a03b-f46758bfd41e/timeouts[39m
[35m[HTTP][39m [90m{"implicit":50}[39m
[35m[HTTP][39m [37m<-- POST /wd/hub/session/78e01090-4b05-4752-a03b-f46758bfd41e/timeouts [39m[32m200[39m [90m2 ms - 14[39m
[35m[HTTP][39m [90m[39m
[35m[HTTP][39m [37m-->[39m [37mGET[39m [37m/wd/hub/session/78e01090-4b05-4752-a03b-f46758bfd41e/window/rect[39m
[35m[HTTP][39m [90m{}[39m
[35m[HTTP][39m [37m<-- GET /wd/hub/session/78e01090-4b05-4752-a03b-f46758bfd41e/window/rect [39m[32m200[39m [90m18 ms - 50[39m
[35m[HTTP][39m [90m[39m
[35m[HTTP][39m [37m-->[39m [37mPOST[39m [37m/wd/hub/session/78e01090-4b05-4752-a03b-f46758bfd41e/elements[39m
[35m[HTTP][39m [90m{"using":"xpath","value":"//*[@class = 'android.widget.TextView' and (@text = 'Aktifkan Lokasimu' or . = 'Aktifkan Lokasimu') and @resource-id = 'com.she.sehatq:id/tv_title']"}[39m
[35m[HTTP][39m [37m<-- POST /wd/hub/session/78e01090-4b05-4752-a03b-f46758bfd41e/elements [39m[32m200[39m [90m703 ms - 12[39m
[35m[HTTP][39m [90m[39m
[35m[HTTP][39m [37m-->[39m [37mPOST[39m [37m/wd/hub/session/78e01090-4b05-4752-a03b-f46758bfd41e/elements[39m
[35m[HTTP][39m [90m{"using":"xpath","value":"//*[@class = 'android.widget.TextView' and (@text = 'Aktifkan Lokasimu' or . = 'Aktifkan Lokasimu') and @resource-id = 'com.she.sehatq:id/tv_title']"}[39m
[35m[HTTP][39m [37m<-- POST /wd/hub/session/78e01090-4b05-4752-a03b-f46758bfd41e/elements [39m[32m200[39m [90m885 ms - 12[39m
[35m[HTTP][39m [90m[39m
[35m[HTTP][39m [37m-->[39m [37mPOST[39m [37m/wd/hub/session/78e01090-4b05-4752-a03b-f46758bfd41e/elements[39m
[35m[HTTP][39m [90m{"using":"xpath","value":"//*[@class = 'android.widget.TextView' and (@text = 'Aktifkan Lokasimu' or . = 'Aktifkan Lokasimu') and @resource-id = 'com.she.sehatq:id/tv_title']"}[39m
[35m[HTTP][39m [37m<-- POST /wd/hub/session/78e01090-4b05-4752-a03b-f46758bfd41e/elements [39m[32m200[39m [90m67 ms - 12[39m
[35m[HTTP][39m [90m[39m
[35m[HTTP][39m [37m-->[39m [37mPOST[39m [37m/wd/hub/session/78e01090-4b05-4752-a03b-f46758bfd41e/elements[39m
[35m[HTTP][39m [90m{"using":"xpath","value":"//*[@class = 'android.widget.TextView' and (@text = 'Aktifkan Lokasimu' or . = 'Aktifkan Lokasimu') and @resource-id = 'com.she.sehatq:id/tv_title']"}[39m
[35m[HTTP][39m [37m<-- POST /wd/hub/session/78e01090-4b05-4752-a03b-f46758bfd41e/elements [39m[32m200[39m [90m89 ms - 12[39m
[35m[HTTP][39m [90m[39m
[35m[HTTP][39m [37m-->[39m [37mPOST[39m [37m/wd/hub/session/78e01090-4b05-4752-a03b-f46758bfd41e/elements[39m
[35m[HTTP][39m [90m{"using":"xpath","value":"//*[@class = 'android.widget.TextView' and (@text = 'Aktifkan Lokasimu' or . = 'Aktifkan Lokasimu') and @resource-id = 'com.she.sehatq:id/tv_title']"}[39m
[35m[HTTP][39m [37m<-- POST /wd/hub/session/78e01090-4b05-4752-a03b-f46758bfd41e/elements [39m[32m200[39m [90m85 ms - 12[39m
[35m[HTTP][39m [90m[39m
[35m[HTTP][39m [37m-->[39m [37mPOST[39m [37m/wd/hub/session/78e01090-4b05-4752-a03b-f46758bfd41e/elements[39m
[35m[HTTP][39m [90m{"using":"xpath","value":"//*[@class = 'android.widget.TextView' and (@text = 'Aktifkan Lokasimu' or . = 'Aktifkan Lokasimu') and @resource-id = 'com.she.sehatq:id/tv_title']"}[39m
[35m[HTTP][39m [37m<-- POST /wd/hub/session/78e01090-4b05-4752-a03b-f46758bfd41e/elements [39m[32m200[39m [90m90 ms - 12[39m
[35m[HTTP][39m [90m[39m
[35m[HTTP][39m [37m-->[39m [37mPOST[39m [37m/wd/hub/session/78e01090-4b05-4752-a03b-f46758bfd41e/elements[39m
[35m[HTTP][39m [90m{"using":"xpath","value":"//*[@class = 'android.widget.TextView' and (@text = 'Aktifkan Lokasimu' or . = 'Aktifkan Lokasimu') and @resource-id = 'com.she.sehatq:id/tv_title']"}[39m
[35m[HTTP][39m [37m<-- POST /wd/hub/session/78e01090-4b05-4752-a03b-f46758bfd41e/elements [39m[32m200[39m [90m90 ms - 12[39m
[35m[HTTP][39m [90m[39m
[35m[HTTP][39m [37m-->[39m [37mPOST[39m [37m/wd/hub/session/78e01090-4b05-4752-a03b-f46758bfd41e/elements[39m
[35m[HTTP][39m [90m{"using":"xpath","value":"//*[@class = 'android.widget.TextView' and (@text = 'Aktifkan Lokasimu' or . = 'Aktifkan Lokasimu') and @resource-id = 'com.she.sehatq:id/tv_title']"}[39m
[35m[HTTP][39m [37m<-- POST /wd/hub/session/78e01090-4b05-4752-a03b-f46758bfd41e/elements [39m[32m200[39m [90m530 ms - 12[39m
[35m[HTTP][39m [90m[39m
[35m[HTTP][39m [37m-->[39m [37mPOST[39m [37m/wd/hub/session/78e01090-4b05-4752-a03b-f46758bfd41e/elements[39m
[35m[HTTP][39m [90m{"using":"xpath","value":"//*[@class = 'android.widget.TextView' and (@text = 'Aktifkan Lokasimu' or . = 'Aktifkan Lokasimu') and @resource-id = 'com.she.sehatq:id/tv_title']"}[39m
[35m[HTTP][39m [37m<-- POST /wd/hub/session/78e01090-4b05-4752-a03b-f46758bfd41e/elements [39m[32m200[39m [90m673 ms - 139[39m
[35m[HTTP][39m [90m[39m
[35m[HTTP][39m [37m-->[39m [37mGET[39m [37m/wd/hub/session/78e01090-4b05-4752-a03b-f46758bfd41e/element/00000000-0000-0970-ffff-ffff00000018/location[39m
[35m[HTTP][39m [90m{}[39m
[35m[W3C (78e01090)][39m Driver proxy active, passing request on via HTTP proxy
[35m[WD Proxy][39m Replacing sessionId 6bbc4977-6552-41d3-a55d-c644d0810e23 with 78e01090-4b05-4752-a03b-f46758bfd41e
[35m[HTTP][39m [37m<-- GET /wd/hub/session/78e01090-4b05-4752-a03b-f46758bfd41e/element/00000000-0000-0970-ffff-ffff00000018/location [39m[32m200[39m [90m1010 ms - 78[39m
[35m[HTTP][39m [90m[39m
[35m[HTTP][39m [37m-->[39m [37mPOST[39m [37m/wd/hub/session/78e01090-4b05-4752-a03b-f46758bfd41e/timeouts[39m
[35m[HTTP][39m [90m{"implicit":30000}[39m
[35m[HTTP][39m [37m<-- POST /wd/hub/session/78e01090-4b05-4752-a03b-f46758bfd41e/timeouts [39m[32m200[39m [90m1 ms - 14[39m
[35m[HTTP][39m [90m[39m
[35m[HTTP][39m [37m-->[39m [37mPOST[39m [37m/wd/hub/session/78e01090-4b05-4752-a03b-f46758bfd41e/timeouts[39m
[35m[HTTP][39m [90m{"implicit":50}[39m
[35m[HTTP][39m [37m<-- POST /wd/hub/session/78e01090-4b05-4752-a03b-f46758bfd41e/timeouts [39m[32m200[39m [90m1 ms - 14[39m
[35m[HTTP][39m [90m[39m
[35m[HTTP][39m [37m-->[39m [37mGET[39m [37m/wd/hub/session/78e01090-4b05-4752-a03b-f46758bfd41e/window/rect[39m
[35m[HTTP][39m [90m{}[39m
[35m[HTTP][39m [37m<-- GET /wd/hub/session/78e01090-4b05-4752-a03b-f46758bfd41e/window/rect [39m[32m200[39m [90m21 ms - 50[39m
[35m[HTTP][39m [90m[39m
[35m[HTTP][39m [37m-->[39m [37mPOST[39m [37m/wd/hub/session/78e01090-4b05-4752-a03b-f46758bfd41e/elements[39m
[35m[HTTP][39m [90m{"using":"xpath","value":"//*[@class = 'android.widget.TextView' and (@text = 'Tidak' or . = 'Tidak') and @resource-id = 'com.she.sehatq:id/tv_dismiss']"}[39m
[35m[HTTP][39m [37m<-- POST /wd/hub/session/78e01090-4b05-4752-a03b-f46758bfd41e/elements [39m[32m200[39m [90m115 ms - 139[39m
[35m[HTTP][39m [90m[39m
[35m[HTTP][39m [37m-->[39m [37mGET[39m [37m/wd/hub/session/78e01090-4b05-4752-a03b-f46758bfd41e/element/00000000-0000-0970-ffff-ffff0000001b/location[39m
[35m[HTTP][39m [90m{}[39m
[35m[W3C (78e01090)][39m Driver proxy active, passing request on via HTTP proxy
[35m[WD Proxy][39m Replacing sessionId 6bbc4977-6552-41d3-a55d-c644d0810e23 with 78e01090-4b05-4752-a03b-f46758bfd41e
[35m[HTTP][39m [37m<-- GET /wd/hub/session/78e01090-4b05-4752-a03b-f46758bfd41e/element/00000000-0000-0970-ffff-ffff0000001b/location [39m[32m200[39m [90m30 ms - 78[39m
[35m[HTTP][39m [90m[39m
[35m[HTTP][39m [37m-->[39m [37mPOST[39m [37m/wd/hub/session/78e01090-4b05-4752-a03b-f46758bfd41e/timeouts[39m
[35m[HTTP][39m [90m{"implicit":30000}[39m
[35m[HTTP][39m [37m<-- POST /wd/hub/session/78e01090-4b05-4752-a03b-f46758bfd41e/timeouts [39m[32m200[39m [90m1 ms - 14[39m
[35m[HTTP][39m [90m[39m
[35m[HTTP][39m [37m-->[39m [37mPOST[39m [37m/wd/hub/session/78e01090-4b05-4752-a03b-f46758bfd41e/touch/perform[39m
[35m[HTTP][39m [90m{"actions":[{"action":"tap","options":{"x":1,"y":1,"element":"00000000-0000-0970-ffff-ffff0000001b"}},{"action":"release","options":{}}]}[39m
[35m[UiAutomator2][39m calling get location: 00000000-0000-0970-ffff-ffff0000001b
[35m[HTTP][39m [37m<-- POST /wd/hub/session/78e01090-4b05-4752-a03b-f46758bfd41e/touch/perform [39m[32m200[39m [90m783 ms - 14[39m
[35m[HTTP][39m [90m[39m
[35m[HTTP][39m [37m-->[39m [37mPOST[39m [37m/wd/hub/session/78e01090-4b05-4752-a03b-f46758bfd41e/timeouts[39m
[35m[HTTP][39m [90m{"implicit":50}[39m
[35m[HTTP][39m [37m<-- POST /wd/hub/session/78e01090-4b05-4752-a03b-f46758bfd41e/timeouts [39m[32m200[39m [90m1 ms - 14[39m
[35m[HTTP][39m [90m[39m
[35m[HTTP][39m [37m-->[39m [37mGET[39m [37m/wd/hub/session/78e01090-4b05-4752-a03b-f46758bfd41e/window/rect[39m
[35m[HTTP][39m [90m{}[39m
[35m[HTTP][39m [37m<-- GET /wd/hub/session/78e01090-4b05-4752-a03b-f46758bfd41e/window/rect [39m[32m200[39m [90m22 ms - 50[39m
[35m[HTTP][39m [90m[39m
[35m[HTTP][39m [37m-->[39m [37mPOST[39m [37m/wd/hub/session/78e01090-4b05-4752-a03b-f46758bfd41e/elements[39m
[35m[HTTP][39m [90m{"using":"xpath","value":"//*[@class = 'android.widget.ImageView' and @resource-id = 'com.she.sehatq:id/iv_profile_nav' and (@text = '' or . = '')]"}[39m
[35m[HTTP][39m [37m<-- POST /wd/hub/session/78e01090-4b05-4752-a03b-f46758bfd41e/elements [39m[32m200[39m [90m235 ms - 139[39m
[35m[HTTP][39m [90m[39m
[35m[HTTP][39m [37m-->[39m [37mGET[39m [37m/wd/hub/session/78e01090-4b05-4752-a03b-f46758bfd41e/element/00000000-0000-0971-ffff-ffff0000002b/location[39m
[35m[HTTP][39m [90m{}[39m
[35m[W3C (78e01090)][39m Driver proxy active, passing request on via HTTP proxy
[35m[WD Proxy][39m Replacing sessionId 6bbc4977-6552-41d3-a55d-c644d0810e23 with 78e01090-4b05-4752-a03b-f46758bfd41e
[35m[HTTP][39m [37m<-- GET /wd/hub/session/78e01090-4b05-4752-a03b-f46758bfd41e/element/00000000-0000-0971-ffff-ffff0000002b/location [39m[32m200[39m [90m18 ms - 78[39m
[35m[HTTP][39m [90m[39m
[35m[HTTP][39m [37m-->[39m [37mPOST[39m [37m/wd/hub/session/78e01090-4b05-4752-a03b-f46758bfd41e/timeouts[39m
[35m[HTTP][39m [90m{"implicit":30000}[39m
[35m[HTTP][39m [37m<-- POST /wd/hub/session/78e01090-4b05-4752-a03b-f46758bfd41e/timeouts [39m[32m200[39m [90m2 ms - 14[39m
[35m[HTTP][39m [90m[39m
[35m[HTTP][39m [37m-->[39m [37mPOST[39m [37m/wd/hub/session/78e01090-4b05-4752-a03b-f46758bfd41e/touch/perform[39m
[35m[HTTP][39m [90m{"actions":[{"action":"tap","options":{"x":1,"y":1,"element":"00000000-0000-0971-ffff-ffff0000002b"}},{"action":"release","options":{}}]}[39m
[35m[UiAutomator2][39m calling get location: 00000000-0000-0971-ffff-ffff0000002b
[35m[HTTP][39m [37m<-- POST /wd/hub/session/78e01090-4b05-4752-a03b-f46758bfd41e/touch/perform [39m[32m200[39m [90m199 ms - 14[39m
[35m[HTTP][39m [90m[39m
[35m[HTTP][39m [37m-->[39m [37mPOST[39m [37m/wd/hub/session/78e01090-4b05-4752-a03b-f46758bfd41e/timeouts[39m
[35m[HTTP][39m [90m{"implicit":50}[39m
[35m[HTTP][39m [37m<-- POST /wd/hub/session/78e01090-4b05-4752-a03b-f46758bfd41e/timeouts [39m[32m200[39m [90m1 ms - 14[39m
[35m[HTTP][39m [90m[39m
[35m[HTTP][39m [37m-->[39m [37mGET[39m [37m/wd/hub/session/78e01090-4b05-4752-a03b-f46758bfd41e/window/rect[39m
[35m[HTTP][39m [90m{}[39m
[35m[HTTP][39m [37m<-- GET /wd/hub/session/78e01090-4b05-4752-a03b-f46758bfd41e/window/rect [39m[32m200[39m [90m9 ms - 50[39m
[35m[HTTP][39m [90m[39m
[35m[HTTP][39m [37m-->[39m [37mPOST[39m [37m/wd/hub/session/78e01090-4b05-4752-a03b-f46758bfd41e/elements[39m
[35m[HTTP][39m [90m{"using":"xpath","value":"//*[@class = 'android.widget.EditText' and (@text = 'Email' or . = 'Email') and @resource-id = 'com.she.sehatq:id/et_input']"}[39m
[35m[HTTP][39m [37m<-- POST /wd/hub/session/78e01090-4b05-4752-a03b-f46758bfd41e/elements [39m[32m200[39m [90m232 ms - 12[39m
[35m[HTTP][39m [90m[39m
[35m[HTTP][39m [37m-->[39m [37mPOST[39m [37m/wd/hub/session/78e01090-4b05-4752-a03b-f46758bfd41e/elements[39m
[35m[HTTP][39m [90m{"using":"xpath","value":"//*[@class = 'android.widget.EditText' and (@text = 'Email' or . = 'Email') and @resource-id = 'com.she.sehatq:id/et_input']"}[39m
[35m[HTTP][39m [37m<-- POST /wd/hub/session/78e01090-4b05-4752-a03b-f46758bfd41e/elements [39m[32m200[39m [90m956 ms - 12[39m
[35m[HTTP][39m [90m[39m
[35m[HTTP][39m [37m-->[39m [37mPOST[39m [37m/wd/hub/session/78e01090-4b05-4752-a03b-f46758bfd41e/elements[39m
[35m[HTTP][39m [90m{"using":"xpath","value":"//*[@class = 'android.widget.EditText' and (@text = 'Email' or . = 'Email') and @resource-id = 'com.she.sehatq:id/et_input']"}[39m
[35m[HTTP][39m [37m<-- POST /wd/hub/session/78e01090-4b05-4752-a03b-f46758bfd41e/elements [39m[32m200[39m [90m96 ms - 12[39m
[35m[HTTP][39m [90m[39m
[35m[HTTP][39m [37m-->[39m [37mPOST[39m [37m/wd/hub/session/78e01090-4b05-4752-a03b-f46758bfd41e/elements[39m
[35m[HTTP][39m [90m{"using":"xpath","value":"//*[@class = 'android.widget.EditText' and (@text = 'Email' or . = 'Email') and @resource-id = 'com.she.sehatq:id/et_input']"}[39m
[35m[HTTP][39m [37m<-- POST /wd/hub/session/78e01090-4b05-4752-a03b-f46758bfd41e/elements [39m[32m200[39m [90m99 ms - 12[39m
[35m[HTTP][39m [90m[39m
[35m[HTTP][39m [37m-->[39m [37mPOST[39m [37m/wd/hub/session/78e01090-4b05-4752-a03b-f46758bfd41e/elements[39m
[35m[HTTP][39m [90m{"using":"xpath","value":"//*[@class = 'android.widget.EditText' and (@text = 'Email' or . = 'Email') and @resource-id = 'com.she.sehatq:id/et_input']"}[39m
[35m[HTTP][39m [37m<-- POST /wd/hub/session/78e01090-4b05-4752-a03b-f46758bfd41e/elements [39m[32m200[39m [90m89 ms - 12[39m
[35m[HTTP][39m [90m[39m
[35m[HTTP][39m [37m-->[39m [37mPOST[39m [37m/wd/hub/session/78e01090-4b05-4752-a03b-f46758bfd41e/elements[39m
[35m[HTTP][39m [90m{"using":"xpath","value":"//*[@class = 'android.widget.EditText' and (@text = 'Email' or . = 'Email') and @resource-id = 'com.she.sehatq:id/et_input']"}[39m
[35m[HTTP][39m [37m<-- POST /wd/hub/session/78e01090-4b05-4752-a03b-f46758bfd41e/elements [39m[32m200[39m [90m104 ms - 12[39m
[35m[HTTP][39m [90m[39m
[35m[HTTP][39m [37m-->[39m [37mPOST[39m [37m/wd/hub/session/78e01090-4b05-4752-a03b-f46758bfd41e/elements[39m
[35m[HTTP][39m [90m{"using":"xpath","value":"//*[@class = 'android.widget.EditText' and (@text = 'Email' or . = 'Email') and @resource-id = 'com.she.sehatq:id/et_input']"}[39m
[35m[HTTP][39m [37m<-- POST /wd/hub/session/78e01090-4b05-4752-a03b-f46758bfd41e/elements [39m[32m200[39m [90m176 ms - 12[39m
[35m[HTTP][39m [90m[39m
[35m[HTTP][39m [37m-->[39m [37mPOST[39m [37m/wd/hub/session/78e01090-4b05-4752-a03b-f46758bfd41e/elements[39m
[35m[HTTP][39m [90m{"using":"xpath","value":"//*[@class = 'android.widget.EditText' and (@text = 'Email' or . = 'Email') and @resource-id = 'com.she.sehatq:id/et_input']"}[39m
[35m[HTTP][39m [37m<-- POST /wd/hub/session/78e01090-4b05-4752-a03b-f46758bfd41e/elements [39m[32m200[39m [90m161 ms - 12[39m
[35m[HTTP][39m [90m[39m
[35m[HTTP][39m [37m-->[39m [37mPOST[39m [37m/wd/hub/session/78e01090-4b05-4752-a03b-f46758bfd41e/elements[39m
[35m[HTTP][39m [90m{"using":"xpath","value":"//*[@class = 'android.widget.EditText' and (@text = 'Email' or . = 'Email') and @resource-id = 'com.she.sehatq:id/et_input']"}[39m
[35m[HTTP][39m [37m<-- POST /wd/hub/session/78e01090-4b05-4752-a03b-f46758bfd41e/elements [39m[32m200[39m [90m102 ms - 12[39m
[35m[HTTP][39m [90m[39m
[35m[HTTP][39m [37m-->[39m [37mPOST[39m [37m/wd/hub/session/78e01090-4b05-4752-a03b-f46758bfd41e/elements[39m
[35m[HTTP][39m [90m{"using":"xpath","value":"//*[@class = 'android.widget.EditText' and (@text = 'Email' or . = 'Email') and @resource-id = 'com.she.sehatq:id/et_input']"}[39m
[35m[HTTP][39m [37m<-- POST /wd/hub/session/78e01090-4b05-4752-a03b-f46758bfd41e/elements [39m[32m200[39m [90m92 ms - 12[39m
[35m[HTTP][39m [90m[39m
[35m[HTTP][39m [37m-->[39m [37mPOST[39m [37m/wd/hub/session/78e01090-4b05-4752-a03b-f46758bfd41e/elements[39m
[35m[HTTP][39m [90m{"using":"xpath","value":"//*[@class = 'android.widget.EditText' and (@text = 'Email' or . = 'Email') and @resource-id = 'com.she.sehatq:id/et_input']"}[39m
[35m[HTTP][39m [37m<-- POST /wd/hub/session/78e01090-4b05-4752-a03b-f46758bfd41e/elements [39m[32m200[39m [90m69 ms - 12[39m
[35m[HTTP][39m [90m[39m
[35m[HTTP][39m [37m-->[39m [37mPOST[39m [37m/wd/hub/session/78e01090-4b05-4752-a03b-f46758bfd41e/elements[39m
[35m[HTTP][39m [90m{"using":"xpath","value":"//*[@class = 'android.widget.EditText' and (@text = 'Email' or . = 'Email') and @resource-id = 'com.she.sehatq:id/et_input']"}[39m
[35m[HTTP][39m [37m<-- POST /wd/hub/session/78e01090-4b05-4752-a03b-f46758bfd41e/elements [39m[32m200[39m [90m87 ms - 12[39m
[35m[HTTP][39m [90m[39m
[35m[HTTP][39m [37m-->[39m [37mPOST[39m [37m/wd/hub/session/78e01090-4b05-4752-a03b-f46758bfd41e/elements[39m
[35m[HTTP][39m [90m{"using":"xpath","value":"//*[@class = 'android.widget.EditText' and (@text = 'Email' or . = 'Email') and @resource-id = 'com.she.sehatq:id/et_input']"}[39m
[35m[HTTP][39m [37m<-- POST /wd/hub/session/78e01090-4b05-4752-a03b-f46758bfd41e/elements [39m[32m200[39m [90m95 ms - 12[39m
[35m[HTTP][39m [90m[39m
[35m[HTTP][39m [37m-->[39m [37mPOST[39m [37m/wd/hub/session/78e01090-4b05-4752-a03b-f46758bfd41e/elements[39m
[35m[HTTP][39m [90m{"using":"xpath","value":"//*[@class = 'android.widget.EditText' and (@text = 'Email' or . = 'Email') and @resource-id = 'com.she.sehatq:id/et_input']"}[39m
[35m[HTTP][39m [37m<-- POST /wd/hub/session/78e01090-4b05-4752-a03b-f46758bfd41e/elements [39m[32m200[39m [90m125 ms - 12[39m
[35m[HTTP][39m [90m[39m
[35m[HTTP][39m [37m-->[39m [37mPOST[39m [37m/wd/hub/session/78e01090-4b05-4752-a03b-f46758bfd41e/elements[39m
[35m[HTTP][39m [90m{"using":"xpath","value":"//*[@class = 'android.widget.EditText' and (@text = 'Email' or . = 'Email') and @resource-id = 'com.she.sehatq:id/et_input']"}[39m
[35m[HTTP][39m [37m<-- POST /wd/hub/session/78e01090-4b05-4752-a03b-f46758bfd41e/elements [39m[32m200[39m [90m119 ms - 12[39m
[35m[HTTP][39m [90m[39m
[35m[HTTP][39m [37m-->[39m [37mPOST[39m [37m/wd/hub/session/78e01090-4b05-4752-a03b-f46758bfd41e/elements[39m
[35m[HTTP][39m [90m{"using":"xpath","value":"//*[@class = 'android.widget.EditText' and (@text = 'Email' or . = 'Email') and @resource-id = 'com.she.sehatq:id/et_input']"}[39m
[35m[HTTP][39m [37m<-- POST /wd/hub/session/78e01090-4b05-4752-a03b-f46758bfd41e/elements [39m[32m200[39m [90m99 ms - 12[39m
[35m[HTTP][39m [90m[39m
[35m[HTTP][39m [37m-->[39m [37mPOST[39m [37m/wd/hub/session/78e01090-4b05-4752-a03b-f46758bfd41e/elements[39m
[35m[HTTP][39m [90m{"using":"xpath","value":"//*[@class = 'android.widget.EditText' and (@text = 'Email' or . = 'Email') and @resource-id = 'com.she.sehatq:id/et_input']"}[39m
[35m[HTTP][39m [37m<-- POST /wd/hub/session/78e01090-4b05-4752-a03b-f46758bfd41e/elements [39m[32m200[39m [90m105 ms - 12[39m
[35m[HTTP][39m [90m[39m
[35m[HTTP][39m [37m-->[39m [37mPOST[39m [37m/wd/hub/session/78e01090-4b05-4752-a03b-f46758bfd41e/elements[39m
[35m[HTTP][39m [90m{"using":"xpath","value":"//*[@class = 'android.widget.EditText' and (@text = 'Email' or . = 'Email') and @resource-id = 'com.she.sehatq:id/et_input']"}[39m
[35m[HTTP][39m [37m<-- POST /wd/hub/session/78e01090-4b05-4752-a03b-f46758bfd41e/elements [39m[32m200[39m [90m90 ms - 12[39m
[35m[HTTP][39m [90m[39m
[35m[HTTP][39m [37m-->[39m [37mPOST[39m [37m/wd/hub/session/78e01090-4b05-4752-a03b-f46758bfd41e/elements[39m
[35m[HTTP][39m [90m{"using":"xpath","value":"//*[@class = 'android.widget.EditText' and (@text = 'Email' or . = 'Email') and @resource-id = 'com.she.sehatq:id/et_input']"}[39m
[35m[HTTP][39m [37m<-- POST /wd/hub/session/78e01090-4b05-4752-a03b-f46758bfd41e/elements [39m[32m200[39m [90m65 ms - 12[39m
[35m[HTTP][39m [90m[39m
[35m[HTTP][39m [37m-->[39m [37mPOST[39m [37m/wd/hub/session/78e01090-4b05-4752-a03b-f46758bfd41e/elements[39m
[35m[HTTP][39m [90m{"using":"xpath","value":"//*[@class = 'android.widget.EditText' and (@text = 'Email' or . = 'Email') and @resource-id = 'com.she.sehatq:id/et_input']"}[39m
[35m[HTTP][39m [37m<-- POST /wd/hub/session/78e01090-4b05-4752-a03b-f46758bfd41e/elements [39m[32m200[39m [90m80 ms - 12[39m
[35m[HTTP][39m [90m[39m
[35m[HTTP][39m [37m-->[39m [37mPOST[39m [37m/wd/hub/session/78e01090-4b05-4752-a03b-f46758bfd41e/elements[39m
[35m[HTTP][39m [90m{"using":"xpath","value":"//*[@class = 'android.widget.EditText' and (@text = 'Email' or . = 'Email') and @resource-id = 'com.she.sehatq:id/et_input']"}[39m
[35m[HTTP][39m [37m<-- POST /wd/hub/session/78e01090-4b05-4752-a03b-f46758bfd41e/elements [39m[32m200[39m [90m87 ms - 12[39m
[35m[HTTP][39m [90m[39m
[35m[HTTP][39m [37m-->[39m [37mPOST[39m [37m/wd/hub/session/78e01090-4b05-4752-a03b-f46758bfd41e/elements[39m
[35m[HTTP][39m [90m{"using":"xpath","value":"//*[@class = 'android.widget.EditText' and (@text = 'Email' or . = 'Email') and @resource-id = 'com.she.sehatq:id/et_input']"}[39m
[35m[HTTP][39m [37m<-- POST /wd/hub/session/78e01090-4b05-4752-a03b-f46758bfd41e/elements [39m[32m200[39m [90m126 ms - 12[39m
[35m[HTTP][39m [90m[39m
[35m[HTTP][39m [37m-->[39m [37mPOST[39m [37m/wd/hub/session/78e01090-4b05-4752-a03b-f46758bfd41e/elements[39m
[35m[HTTP][39m [90m{"using":"xpath","value":"//*[@class = 'android.widget.EditText' and (@text = 'Email' or . = 'Email') and @resource-id = 'com.she.sehatq:id/et_input']"}[39m
[35m[HTTP][39m [37m<-- POST /wd/hub/session/78e01090-4b05-4752-a03b-f46758bfd41e/elements [39m[32m200[39m [90m112 ms - 12[39m
[35m[HTTP][39m [90m[39m
[35m[HTTP][39m [37m-->[39m [37mPOST[39m [37m/wd/hub/session/78e01090-4b05-4752-a03b-f46758bfd41e/elements[39m
[35m[HTTP][39m [90m{"using":"xpath","value":"//*[@class = 'android.widget.EditText' and (@text = 'Email' or . = 'Email') and @resource-id = 'com.she.sehatq:id/et_input']"}[39m
[35m[HTTP][39m [37m<-- POST /wd/hub/session/78e01090-4b05-4752-a03b-f46758bfd41e/elements [39m[32m200[39m [90m98 ms - 12[39m
[35m[HTTP][39m [90m[39m
[35m[HTTP][39m [37m-->[39m [37mPOST[39m [37m/wd/hub/session/78e01090-4b05-4752-a03b-f46758bfd41e/elements[39m
[35m[HTTP][39m [90m{"using":"xpath","value":"//*[@class = 'android.widget.EditText' and (@text = 'Email' or . = 'Email') and @resource-id = 'com.she.sehatq:id/et_input']"}[39m
[35m[HTTP][39m [37m<-- POST /wd/hub/session/78e01090-4b05-4752-a03b-f46758bfd41e/elements [39m[32m200[39m [90m93 ms - 12[39m
[35m[HTTP][39m [90m[39m
[35m[HTTP][39m [37m-->[39m [37mPOST[39m [37m/wd/hub/session/78e01090-4b05-4752-a03b-f46758bfd41e/elements[39m
[35m[HTTP][39m [90m{"using":"xpath","value":"//*[@class = 'android.widget.EditText' and (@text = 'Email' or . = 'Email') and @resource-id = 'com.she.sehatq:id/et_input']"}[39m
[35m[HTTP][39m [37m<-- POST /wd/hub/session/78e01090-4b05-4752-a03b-f46758bfd41e/elements [39m[32m200[39m [90m94 ms - 12[39m
[35m[HTTP][39m [90m[39m
[35m[HTTP][39m [37m-->[39m [37mPOST[39m [37m/wd/hub/session/78e01090-4b05-4752-a03b-f46758bfd41e/elements[39m
[35m[HTTP][39m [90m{"using":"xpath","value":"//*[@class = 'android.widget.EditText' and (@text = 'Email' or . = 'Email') and @resource-id = 'com.she.sehatq:id/et_input']"}[39m
[35m[HTTP][39m [37m<-- POST /wd/hub/session/78e01090-4b05-4752-a03b-f46758bfd41e/elements [39m[32m200[39m [90m97 ms - 12[39m
[35m[HTTP][39m [90m[39m
[35m[HTTP][39m [37m-->[39m [37mPOST[39m [37m/wd/hub/session/78e01090-4b05-4752-a03b-f46758bfd41e/elements[39m
[35m[HTTP][39m [90m{"using":"xpath","value":"//*[@class = 'android.widget.EditText' and (@text = 'Email' or . = 'Email') and @resource-id = 'com.she.sehatq:id/et_input']"}[39m
[35m[HTTP][39m [37m<-- POST /wd/hub/session/78e01090-4b05-4752-a03b-f46758bfd41e/elements [39m[32m200[39m [90m93 ms - 12[39m
[35m[HTTP][39m [90m[39m
[35m[HTTP][39m [37m-->[39m [37mPOST[39m [37m/wd/hub/session/78e01090-4b05-4752-a03b-f46758bfd41e/elements[39m
[35m[HTTP][39m [90m{"using":"xpath","value":"//*[@class = 'android.widget.EditText' and (@text = 'Email' or . = 'Email') and @resource-id = 'com.she.sehatq:id/et_input']"}[39m
[35m[HTTP][39m [37m<-- POST /wd/hub/session/78e01090-4b05-4752-a03b-f46758bfd41e/elements [39m[32m200[39m [90m87 ms - 12[39m
[35m[HTTP][39m [90m[39m
[35m[HTTP][39m [37m-->[39m [37mPOST[39m [37m/wd/hub/session/78e01090-4b05-4752-a03b-f46758bfd41e/elements[39m
[35m[HTTP][39m [90m{"using":"xpath","value":"//*[@class = 'android.widget.EditText' and (@text = 'Email' or . = 'Email') and @resource-id = 'com.she.sehatq:id/et_input']"}[39m
[35m[HTTP][39m [37m<-- POST /wd/hub/session/78e01090-4b05-4752-a03b-f46758bfd41e/elements [39m[32m200[39m [90m101 ms - 12[39m
[35m[HTTP][39m [90m[39m
[35m[HTTP][39m [37m-->[39m [37mPOST[39m [37m/wd/hub/session/78e01090-4b05-4752-a03b-f46758bfd41e/elements[39m
[35m[HTTP][39m [90m{"using":"xpath","value":"//*[@class = 'android.widget.EditText' and (@text = 'Email' or . = 'Email') and @resource-id = 'com.she.sehatq:id/et_input']"}[39m
[35m[HTTP][39m [37m<-- POST /wd/hub/session/78e01090-4b05-4752-a03b-f46758bfd41e/elements [39m[32m200[39m [90m82 ms - 12[39m
[35m[HTTP][39m [90m[39m
[35m[HTTP][39m [37m-->[39m [37mPOST[39m [37m/wd/hub/session/78e01090-4b05-4752-a03b-f46758bfd41e/elements[39m
[35m[HTTP][39m [90m{"using":"xpath","value":"//*[@class = 'android.widget.EditText' and (@text = 'Email' or . = 'Email') and @resource-id = 'com.she.sehatq:id/et_input']"}[39m
[35m[HTTP][39m [37m<-- POST /wd/hub/session/78e01090-4b05-4752-a03b-f46758bfd41e/elements [39m[32m200[39m [90m92 ms - 12[39m
[35m[HTTP][39m [90m[39m
[35m[HTTP][39m [37m-->[39m [37mPOST[39m [37m/wd/hub/session/78e01090-4b05-4752-a03b-f46758bfd41e/elements[39m
[35m[HTTP][39m [90m{"using":"xpath","value":"//*[@class = 'android.widget.EditText' and (@text = 'Email' or . = 'Email') and @resource-id = 'com.she.sehatq:id/et_input']"}[39m
[35m[HTTP][39m [37m<-- POST /wd/hub/session/78e01090-4b05-4752-a03b-f46758bfd41e/elements [39m[32m200[39m [90m96 ms - 12[39m
[35m[HTTP][39m [90m[39m
[35m[HTTP][39m [37m-->[39m [37mPOST[39m [37m/wd/hub/session/78e01090-4b05-4752-a03b-f46758bfd41e/elements[39m
[35m[HTTP][39m [90m{"using":"xpath","value":"//*[@class = 'android.widget.EditText' and (@text = 'Email' or . = 'Email') and @resource-id = 'com.she.sehatq:id/et_input']"}[39m
[35m[HTTP][39m [37m<-- POST /wd/hub/session/78e01090-4b05-4752-a03b-f46758bfd41e/elements [39m[32m200[39m [90m111 ms - 12[39m
[35m[HTTP][39m [90m[39m
[35m[HTTP][39m [37m-->[39m [37mPOST[39m [37m/wd/hub/session/78e01090-4b05-4752-a03b-f46758bfd41e/elements[39m
[35m[HTTP][39m [90m{"using":"xpath","value":"//*[@class = 'android.widget.EditText' and (@text = 'Email' or . = 'Email') and @resource-id = 'com.she.sehatq:id/et_input']"}[39m
[35m[HTTP][39m [37m<-- POST /wd/hub/session/78e01090-4b05-4752-a03b-f46758bfd41e/elements [39m[32m200[39m [90m76 ms - 12[39m
[35m[HTTP][39m [90m[39m
[35m[HTTP][39m [37m-->[39m [37mPOST[39m [37m/wd/hub/session/78e01090-4b05-4752-a03b-f46758bfd41e/elements[39m
[35m[HTTP][39m [90m{"using":"xpath","value":"//*[@class = 'android.widget.EditText' and (@text = 'Email' or . = 'Email') and @resource-id = 'com.she.sehatq:id/et_input']"}[39m
[35m[HTTP][39m [37m<-- POST /wd/hub/session/78e01090-4b05-4752-a03b-f46758bfd41e/elements [39m[32m200[39m [90m127 ms - 12[39m
[35m[HTTP][39m [90m[39m
[35m[HTTP][39m [37m-->[39m [37mPOST[39m [37m/wd/hub/session/78e01090-4b05-4752-a03b-f46758bfd41e/elements[39m
[35m[HTTP][39m [90m{"using":"xpath","value":"//*[@class = 'android.widget.EditText' and (@text = 'Email' or . = 'Email') and @resource-id = 'com.she.sehatq:id/et_input']"}[39m
[35m[HTTP][39m [37m<-- POST /wd/hub/session/78e01090-4b05-4752-a03b-f46758bfd41e/elements [39m[32m200[39m [90m162 ms - 12[39m
[35m[HTTP][39m [90m[39m
[35m[HTTP][39m [37m-->[39m [37mPOST[39m [37m/wd/hub/session/78e01090-4b05-4752-a03b-f46758bfd41e/elements[39m
[35m[HTTP][39m [90m{"using":"xpath","value":"//*[@class = 'android.widget.EditText' and (@text = 'Email' or . = 'Email') and @resource-id = 'com.she.sehatq:id/et_input']"}[39m
[35m[HTTP][39m [37m<-- POST /wd/hub/session/78e01090-4b05-4752-a03b-f46758bfd41e/elements [39m[32m200[39m [90m137 ms - 12[39m
[35m[HTTP][39m [90m[39m
[35m[HTTP][39m [37m-->[39m [37mPOST[39m [37m/wd/hub/session/78e01090-4b05-4752-a03b-f46758bfd41e/elements[39m
[35m[HTTP][39m [90m{"using":"xpath","value":"//*[@class = 'android.widget.EditText' and (@text = 'Email' or . = 'Email') and @resource-id = 'com.she.sehatq:id/et_input']"}[39m
[35m[HTTP][39m [37m<-- POST /wd/hub/session/78e01090-4b05-4752-a03b-f46758bfd41e/elements [39m[32m200[39m [90m145 ms - 12[39m
[35m[HTTP][39m [90m[39m
[35m[HTTP][39m [37m-->[39m [37mPOST[39m [37m/wd/hub/session/78e01090-4b05-4752-a03b-f46758bfd41e/elements[39m
[35m[HTTP][39m [90m{"using":"xpath","value":"//*[@class = 'android.widget.EditText' and (@text = 'Email' or . = 'Email') and @resource-id = 'com.she.sehatq:id/et_input']"}[39m
[35m[HTTP][39m [37m<-- POST /wd/hub/session/78e01090-4b05-4752-a03b-f46758bfd41e/elements [39m[32m200[39m [90m104 ms - 12[39m
[35m[HTTP][39m [90m[39m
[35m[HTTP][39m [37m-->[39m [37mPOST[39m [37m/wd/hub/session/78e01090-4b05-4752-a03b-f46758bfd41e/elements[39m
[35m[HTTP][39m [90m{"using":"xpath","value":"//*[@class = 'android.widget.EditText' and (@text = 'Email' or . = 'Email') and @resource-id = 'com.she.sehatq:id/et_input']"}[39m
[35m[HTTP][39m [37m<-- POST /wd/hub/session/78e01090-4b05-4752-a03b-f46758bfd41e/elements [39m[32m200[39m [90m87 ms - 12[39m
[35m[HTTP][39m [90m[39m
[35m[HTTP][39m [37m-->[39m [37mPOST[39m [37m/wd/hub/session/78e01090-4b05-4752-a03b-f46758bfd41e/elements[39m
[35m[HTTP][39m [90m{"using":"xpath","value":"//*[@class = 'android.widget.EditText' and (@text = 'Email' or . = 'Email') and @resource-id = 'com.she.sehatq:id/et_input']"}[39m
[35m[HTTP][39m [37m<-- POST /wd/hub/session/78e01090-4b05-4752-a03b-f46758bfd41e/elements [39m[32m200[39m [90m883 ms - 12[39m
[35m[HTTP][39m [90m[39m
[35m[HTTP][39m [37m-->[39m [37mPOST[39m [37m/wd/hub/session/78e01090-4b05-4752-a03b-f46758bfd41e/elements[39m
[35m[HTTP][39m [90m{"using":"xpath","value":"//*[@class = 'android.widget.EditText' and (@text = 'Email' or . = 'Email') and @resource-id = 'com.she.sehatq:id/et_input']"}[39m
[35m[HTTP][39m [37m<-- POST /wd/hub/session/78e01090-4b05-4752-a03b-f46758bfd41e/elements [39m[32m200[39m [90m89 ms - 12[39m
[35m[HTTP][39m [90m[39m
[35m[HTTP][39m [37m-->[39m [37mPOST[39m [37m/wd/hub/session/78e01090-4b05-4752-a03b-f46758bfd41e/elements[39m
[35m[HTTP][39m [90m{"using":"xpath","value":"//*[@class = 'android.widget.EditText' and (@text = 'Email' or . = 'Email') and @resource-id = 'com.she.sehatq:id/et_input']"}[39m
[35m[HTTP][39m [37m<-- POST /wd/hub/session/78e01090-4b05-4752-a03b-f46758bfd41e/elements [39m[32m200[39m [90m96 ms - 12[39m
[35m[HTTP][39m [90m[39m
[35m[HTTP][39m [37m-->[39m [37mPOST[39m [37m/wd/hub/session/78e01090-4b05-4752-a03b-f46758bfd41e/elements[39m
[35m[HTTP][39m [90m{"using":"xpath","value":"//*[@class = 'android.widget.EditText' and (@text = 'Email' or . = 'Email') and @resource-id = 'com.she.sehatq:id/et_input']"}[39m
[35m[HTTP][39m [37m<-- POST /wd/hub/session/78e01090-4b05-4752-a03b-f46758bfd41e/elements [39m[32m200[39m [90m98 ms - 12[39m
[35m[HTTP][39m [90m[39m
[35m[HTTP][39m [37m-->[39m [37mPOST[39m [37m/wd/hub/session/78e01090-4b05-4752-a03b-f46758bfd41e/elements[39m
[35m[HTTP][39m [90m{"using":"xpath","value":"//*[@class = 'android.widget.EditText' and (@text = 'Email' or . = 'Email') and @resource-id = 'com.she.sehatq:id/et_input']"}[39m
[35m[HTTP][39m [37m<-- POST /wd/hub/session/78e01090-4b05-4752-a03b-f46758bfd41e/elements [39m[32m200[39m [90m73 ms - 12[39m
[35m[HTTP][39m [90m[39m
[35m[HTTP][39m [37m-->[39m [37mPOST[39m [37m/wd/hub/session/78e01090-4b05-4752-a03b-f46758bfd41e/elements[39m
[35m[HTTP][39m [90m{"using":"xpath","value":"//*[@class = 'android.widget.EditText' and (@text = 'Email' or . = 'Email') and @resource-id = 'com.she.sehatq:id/et_input']"}[39m
[35m[HTTP][39m [37m<-- POST /wd/hub/session/78e01090-4b05-4752-a03b-f46758bfd41e/elements [39m[32m200[39m [90m89 ms - 12[39m
[35m[HTTP][39m [90m[39m
[35m[HTTP][39m [37m-->[39m [37mPOST[39m [37m/wd/hub/session/78e01090-4b05-4752-a03b-f46758bfd41e/elements[39m
[35m[HTTP][39m [90m{"using":"xpath","value":"//*[@class = 'android.widget.EditText' and (@text = 'Email' or . = 'Email') and @resource-id = 'com.she.sehatq:id/et_input']"}[39m
[35m[HTTP][39m [37m<-- POST /wd/hub/session/78e01090-4b05-4752-a03b-f46758bfd41e/elements [39m[32m200[39m [90m80 ms - 12[39m
[35m[HTTP][39m [90m[39m
[35m[HTTP][39m [37m-->[39m [37mPOST[39m [37m/wd/hub/session/78e01090-4b05-4752-a03b-f46758bfd41e/elements[39m
[35m[HTTP][39m [90m{"using":"xpath","value":"//*[@class = 'android.widget.EditText' and (@text = 'Email' or . = 'Email') and @resource-id = 'com.she.sehatq:id/et_input']"}[39m
[35m[HTTP][39m [37m<-- POST /wd/hub/session/78e01090-4b05-4752-a03b-f46758bfd41e/elements [39m[32m200[39m [90m160 ms - 12[39m
[35m[HTTP][39m [90m[39m
[35m[HTTP][39m [37m-->[39m [37mPOST[39m [37m/wd/hub/session/78e01090-4b05-4752-a03b-f46758bfd41e/elements[39m
[35m[HTTP][39m [90m{"using":"xpath","value":"//*[@class = 'android.widget.EditText' and (@text = 'Email' or . = 'Email') and @resource-id = 'com.she.sehatq:id/et_input']"}[39m
[35m[HTTP][39m [37m<-- POST /wd/hub/session/78e01090-4b05-4752-a03b-f46758bfd41e/elements [39m[32m200[39m [90m897 ms - 12[39m
[35m[HTTP][39m [90m[39m
[35m[HTTP][39m [37m-->[39m [37mPOST[39m [37m/wd/hub/session/78e01090-4b05-4752-a03b-f46758bfd41e/elements[39m
[35m[HTTP][39m [90m{"using":"xpath","value":"//*[@class = 'android.widget.EditText' and (@text = 'Email' or . = 'Email') and @resource-id = 'com.she.sehatq:id/et_input']"}[39m
[35m[HTTP][39m [37m<-- POST /wd/hub/session/78e01090-4b05-4752-a03b-f46758bfd41e/elements [39m[32m200[39m [90m57 ms - 12[39m
[35m[HTTP][39m [90m[39m
[35m[HTTP][39m [37m-->[39m [37mPOST[39m [37m/wd/hub/session/78e01090-4b05-4752-a03b-f46758bfd41e/elements[39m
[35m[HTTP][39m [90m{"using":"xpath","value":"//*[@class = 'android.widget.EditText' and (@text = 'Email' or . = 'Email') and @resource-id = 'com.she.sehatq:id/et_input']"}[39m
[35m[HTTP][39m [37m<-- POST /wd/hub/session/78e01090-4b05-4752-a03b-f46758bfd41e/elements [39m[32m200[39m [90m67 ms - 12[39m
[35m[HTTP][39m [90m[39m
[35m[HTTP][39m [37m-->[39m [37mPOST[39m [37m/wd/hub/session/78e01090-4b05-4752-a03b-f46758bfd41e/elements[39m
[35m[HTTP][39m [90m{"using":"xpath","value":"//*[@class = 'android.widget.EditText' and (@text = 'Email' or . = 'Email') and @resource-id = 'com.she.sehatq:id/et_input']"}[39m
[35m[HTTP][39m [37m<-- POST /wd/hub/session/78e01090-4b05-4752-a03b-f46758bfd41e/elements [39m[32m200[39m [90m80 ms - 12[39m
[35m[HTTP][39m [90m[39m
[35m[HTTP][39m [37m-->[39m [37mPOST[39m [37m/wd/hub/session/78e01090-4b05-4752-a03b-f46758bfd41e/elements[39m
[35m[HTTP][39m [90m{"using":"xpath","value":"//*[@class = 'android.widget.EditText' and (@text = 'Email' or . = 'Email') and @resource-id = 'com.she.sehatq:id/et_input']"}[39m
[35m[HTTP][39m [37m<-- POST /wd/hub/session/78e01090-4b05-4752-a03b-f46758bfd41e/elements [39m[32m200[39m [90m671 ms - 12[39m
[35m[HTTP][39m [90m[39m
[35m[HTTP][39m [37m-->[39m [37mPOST[39m [37m/wd/hub/session/78e01090-4b05-4752-a03b-f46758bfd41e/elements[39m
[35m[HTTP][39m [90m{"using":"xpath","value":"//*[@class = 'android.widget.EditText' and (@text = 'Email' or . = 'Email') and @resource-id = 'com.she.sehatq:id/et_input']"}[39m
[35m[HTTP][39m [37m<-- POST /wd/hub/session/78e01090-4b05-4752-a03b-f46758bfd41e/elements [39m[32m200[39m [90m101 ms - 12[39m
[35m[HTTP][39m [90m[39m
[35m[HTTP][39m [37m-->[39m [37mPOST[39m [37m/wd/hub/session/78e01090-4b05-4752-a03b-f46758bfd41e/elements[39m
[35m[HTTP][39m [90m{"using":"xpath","value":"//*[@class = 'android.widget.EditText' and (@text = 'Email' or . = 'Email') and @resource-id = 'com.she.sehatq:id/et_input']"}[39m
[35m[HTTP][39m [37m<-- POST /wd/hub/session/78e01090-4b05-4752-a03b-f46758bfd41e/elements [39m[32m200[39m [90m67 ms - 12[39m
[35m[HTTP][39m [90m[39m
[35m[HTTP][39m [37m-->[39m [37mPOST[39m [37m/wd/hub/session/78e01090-4b05-4752-a03b-f46758bfd41e/elements[39m
[35m[HTTP][39m [90m{"using":"xpath","value":"//*[@class = 'android.widget.EditText' and (@text = 'Email' or . = 'Email') and @resource-id = 'com.she.sehatq:id/et_input']"}[39m
[35m[HTTP][39m [37m<-- POST /wd/hub/session/78e01090-4b05-4752-a03b-f46758bfd41e/elements [39m[32m200[39m [90m66 ms - 12[39m
[35m[HTTP][39m [90m[39m
[35m[HTTP][39m [37m-->[39m [37mPOST[39m [37m/wd/hub/session/78e01090-4b05-4752-a03b-f46758bfd41e/elements[39m
[35m[HTTP][39m [90m{"using":"xpath","value":"//*[@class = 'android.widget.EditText' and (@text = 'Email' or . = 'Email') and @resource-id = 'com.she.sehatq:id/et_input']"}[39m
[35m[HTTP][39m [37m<-- POST /wd/hub/session/78e01090-4b05-4752-a03b-f46758bfd41e/elements [39m[32m200[39m [90m59 ms - 12[39m
[35m[HTTP][39m [90m[39m
[35m[HTTP][39m [37m-->[39m [37mPOST[39m [37m/wd/hub/session/78e01090-4b05-4752-a03b-f46758bfd41e/elements[39m
[35m[HTTP][39m [90m{"using":"xpath","value":"//*[@class = 'android.widget.EditText' and (@text = 'Email' or . = 'Email') and @resource-id = 'com.she.sehatq:id/et_input']"}[39m
[35m[HTTP][39m [37m<-- POST /wd/hub/session/78e01090-4b05-4752-a03b-f46758bfd41e/elements [39m[32m200[39m [90m57 ms - 12[39m
[35m[HTTP][39m [90m[39m
[35m[HTTP][39m [37m-->[39m [37mPOST[39m [37m/wd/hub/session/78e01090-4b05-4752-a03b-f46758bfd41e/elements[39m
[35m[HTTP][39m [90m{"using":"xpath","value":"//*[@class = 'android.widget.EditText' and (@text = 'Email' or . = 'Email') and @resource-id = 'com.she.sehatq:id/et_input']"}[39m
[35m[HTTP][39m [37m<-- POST /wd/hub/session/78e01090-4b05-4752-a03b-f46758bfd41e/elements [39m[32m200[39m [90m66 ms - 12[39m
[35m[HTTP][39m [90m[39m
[35m[HTTP][39m [37m-->[39m [37mPOST[39m [37m/wd/hub/session/78e01090-4b05-4752-a03b-f46758bfd41e/elements[39m
[35m[HTTP][39m [90m{"using":"xpath","value":"//*[@class = 'android.widget.EditText' and (@text = 'Email' or . = 'Email') and @resource-id = 'com.she.sehatq:id/et_input']"}[39m
[35m[HTTP][39m [37m<-- POST /wd/hub/session/78e01090-4b05-4752-a03b-f46758bfd41e/elements [39m[32m200[39m [90m516 ms - 12[39m
[35m[HTTP][39m [90m[39m
[35m[HTTP][39m [37m-->[39m [37mPOST[39m [37m/wd/hub/session/78e01090-4b05-4752-a03b-f46758bfd41e/elements[39m
[35m[HTTP][39m [90m{"using":"xpath","value":"//*[@class = 'android.widget.EditText' and (@text = 'Email' or . = 'Email') and @resource-id = 'com.she.sehatq:id/et_input']"}[39m
[35m[HTTP][39m [37m<-- POST /wd/hub/session/78e01090-4b05-4752-a03b-f46758bfd41e/elements [39m[32m200[39m [90m3301 ms - 12[39m
[35m[HTTP][39m [90m[39m
[35m[HTTP][39m [37m-->[39m [37mPOST[39m [37m/wd/hub/session/78e01090-4b05-4752-a03b-f46758bfd41e/elements[39m
[35m[HTTP][39m [90m{"using":"xpath","value":"//*[@class = 'android.widget.EditText' and (@text = 'Email' or . = 'Email') and @resource-id = 'com.she.sehatq:id/et_input']"}[39m
[35m[HTTP][39m [37m<-- POST /wd/hub/session/78e01090-4b05-4752-a03b-f46758bfd41e/elements [39m[32m200[39m [90m103 ms - 12[39m
[35m[HTTP][39m [90m[39m
[35m[HTTP][39m [37m-->[39m [37mPOST[39m [37m/wd/hub/session/78e01090-4b05-4752-a03b-f46758bfd41e/elements[39m
[35m[HTTP][39m [90m{"using":"xpath","value":"//*[@class = 'android.widget.EditText' and (@text = 'Email' or . = 'Email') and @resource-id = 'com.she.sehatq:id/et_input']"}[39m
[35m[HTTP][39m [37m<-- POST /wd/hub/session/78e01090-4b05-4752-a03b-f46758bfd41e/elements [39m[32m200[39m [90m95 ms - 12[39m
[35m[HTTP][39m [90m[39m
[35m[HTTP][39m [37m-->[39m [37mPOST[39m [37m/wd/hub/session/78e01090-4b05-4752-a03b-f46758bfd41e/elements[39m
[35m[HTTP][39m [90m{"using":"xpath","value":"//*[@class = 'android.widget.EditText' and (@text = 'Email' or . = 'Email') and @resource-id = 'com.she.sehatq:id/et_input']"}[39m
[35m[HTTP][39m [37m<-- POST /wd/hub/session/78e01090-4b05-4752-a03b-f46758bfd41e/elements [39m[32m200[39m [90m98 ms - 12[39m
[35m[HTTP][39m [90m[39m
[35m[HTTP][39m [37m-->[39m [37mPOST[39m [37m/wd/hub/session/78e01090-4b05-4752-a03b-f46758bfd41e/elements[39m
[35m[HTTP][39m [90m{"using":"xpath","value":"//*[@class = 'android.widget.EditText' and (@text = 'Email' or . = 'Email') and @resource-id = 'com.she.sehatq:id/et_input']"}[39m
[35m[HTTP][39m [37m<-- POST /wd/hub/session/78e01090-4b05-4752-a03b-f46758bfd41e/elements [39m[32m200[39m [90m98 ms - 12[39m
[35m[HTTP][39m [90m[39m
[35m[HTTP][39m [37m-->[39m [37mPOST[39m [37m/wd/hub/session/78e01090-4b05-4752-a03b-f46758bfd41e/elements[39m
[35m[HTTP][39m [90m{"using":"xpath","value":"//*[@class = 'android.widget.EditText' and (@text = 'Email' or . = 'Email') and @resource-id = 'com.she.sehatq:id/et_input']"}[39m
[35m[HTTP][39m [37m<-- POST /wd/hub/session/78e01090-4b05-4752-a03b-f46758bfd41e/elements [39m[32m200[39m [90m169 ms - 12[39m
[35m[HTTP][39m [90m[39m
[35m[HTTP][39m [37m-->[39m [37mPOST[39m [37m/wd/hub/session/78e01090-4b05-4752-a03b-f46758bfd41e/elements[39m
[35m[HTTP][39m [90m{"using":"xpath","value":"//*[@class = 'android.widget.EditText' and (@text = 'Email' or . = 'Email') and @resource-id = 'com.she.sehatq:id/et_input']"}[39m
[35m[HTTP][39m [37m<-- POST /wd/hub/session/78e01090-4b05-4752-a03b-f46758bfd41e/elements [39m[32m200[39m [90m83 ms - 12[39m
[35m[HTTP][39m [90m[39m
[35m[HTTP][39m [37m-->[39m [37mPOST[39m [37m/wd/hub/session/78e01090-4b05-4752-a03b-f46758bfd41e/elements[39m
[35m[HTTP][39m [90m{"using":"xpath","value":"//*[@class = 'android.widget.EditText' and (@text = 'Email' or . = 'Email') and @resource-id = 'com.she.sehatq:id/et_input']"}[39m
[35m[HTTP][39m [37m<-- POST /wd/hub/session/78e01090-4b05-4752-a03b-f46758bfd41e/elements [39m[32m200[39m [90m108 ms - 12[39m
[35m[HTTP][39m [90m[39m
[35m[HTTP][39m [37m-->[39m [37mPOST[39m [37m/wd/hub/session/78e01090-4b05-4752-a03b-f46758bfd41e/elements[39m
[35m[HTTP][39m [90m{"using":"xpath","value":"//*[@class = 'android.widget.EditText' and (@text = 'Email' or . = 'Email') and @resource-id = 'com.she.sehatq:id/et_input']"}[39m
[35m[HTTP][39m [37m<-- POST /wd/hub/session/78e01090-4b05-4752-a03b-f46758bfd41e/elements [39m[32m200[39m [90m112 ms - 12[39m
[35m[HTTP][39m [90m[39m
[35m[HTTP][39m [37m-->[39m [37mPOST[39m [37m/wd/hub/session/78e01090-4b05-4752-a03b-f46758bfd41e/elements[39m
[35m[HTTP][39m [90m{"using":"xpath","value":"//*[@class = 'android.widget.EditText' and (@text = 'Email' or . = 'Email') and @resource-id = 'com.she.sehatq:id/et_input']"}[39m
[35m[HTTP][39m [37m<-- POST /wd/hub/session/78e01090-4b05-4752-a03b-f46758bfd41e/elements [39m[32m200[39m [90m94 ms - 12[39m
[35m[HTTP][39m [90m[39m
[35m[HTTP][39m [37m-->[39m [37mPOST[39m [37m/wd/hub/session/78e01090-4b05-4752-a03b-f46758bfd41e/elements[39m
[35m[HTTP][39m [90m{"using":"xpath","value":"//*[@class = 'android.widget.EditText' and (@text = 'Email' or . = 'Email') and @resource-id = 'com.she.sehatq:id/et_input']"}[39m
[35m[HTTP][39m [37m<-- POST /wd/hub/session/78e01090-4b05-4752-a03b-f46758bfd41e/elements [39m[32m200[39m [90m99 ms - 12[39m
[35m[HTTP][39m [90m[39m
[35m[HTTP][39m [37m-->[39m [37mPOST[39m [37m/wd/hub/session/78e01090-4b05-4752-a03b-f46758bfd41e/elements[39m
[35m[HTTP][39m [90m{"using":"xpath","value":"//*[@class = 'android.widget.EditText' and (@text = 'Email' or . = 'Email') and @resource-id = 'com.she.sehatq:id/et_input']"}[39m
[35m[HTTP][39m [37m<-- POST /wd/hub/session/78e01090-4b05-4752-a03b-f46758bfd41e/elements [39m[32m200[39m [90m91 ms - 12[39m
[35m[HTTP][39m [90m[39m
[35m[HTTP][39m [37m-->[39m [37mPOST[39m [37m/wd/hub/session/78e01090-4b05-4752-a03b-f46758bfd41e/elements[39m
[35m[HTTP][39m [90m{"using":"xpath","value":"//*[@class = 'android.widget.EditText' and (@text = 'Email' or . = 'Email') and @resource-id = 'com.she.sehatq:id/et_input']"}[39m
[35m[HTTP][39m [37m<-- POST /wd/hub/session/78e01090-4b05-4752-a03b-f46758bfd41e/elements [39m[32m200[39m [90m71 ms - 12[39m
[35m[HTTP][39m [90m[39m
[35m[HTTP][39m [37m-->[39m [37mPOST[39m [37m/wd/hub/session/78e01090-4b05-4752-a03b-f46758bfd41e/elements[39m
[35m[HTTP][39m [90m{"using":"xpath","value":"//*[@class = 'android.widget.EditText' and (@text = 'Email' or . = 'Email') and @resource-id = 'com.she.sehatq:id/et_input']"}[39m
[35m[HTTP][39m [37m<-- POST /wd/hub/session/78e01090-4b05-4752-a03b-f46758bfd41e/elements [39m[32m200[39m [90m83 ms - 12[39m
[35m[HTTP][39m [90m[39m
[35m[HTTP][39m [37m-->[39m [37mPOST[39m [37m/wd/hub/session/78e01090-4b05-4752-a03b-f46758bfd41e/elements[39m
[35m[HTTP][39m [90m{"using":"xpath","value":"//*[@class = 'android.widget.EditText' and (@text = 'Email' or . = 'Email') and @resource-id = 'com.she.sehatq:id/et_input']"}[39m
[35m[HTTP][39m [37m<-- POST /wd/hub/session/78e01090-4b05-4752-a03b-f46758bfd41e/elements [39m[32m200[39m [90m96 ms - 12[39m
[35m[HTTP][39m [90m[39m
[35m[HTTP][39m [37m-->[39m [37mPOST[39m [37m/wd/hub/session/78e01090-4b05-4752-a03b-f46758bfd41e/elements[39m
[35m[HTTP][39m [90m{"using":"xpath","value":"//*[@class = 'android.widget.EditText' and (@text = 'Email' or . = 'Email') and @resource-id = 'com.she.sehatq:id/et_input']"}[39m
[35m[HTTP][39m [37m<-- POST /wd/hub/session/78e01090-4b05-4752-a03b-f46758bfd41e/elements [39m[32m200[39m [90m99 ms - 12[39m
[35m[HTTP][39m [90m[39m
[35m[HTTP][39m [37m-->[39m [37mPOST[39m [37m/wd/hub/session/78e01090-4b05-4752-a03b-f46758bfd41e/elements[39m
[35m[HTTP][39m [90m{"using":"xpath","value":"//*[@class = 'android.widget.EditText' and (@text = 'Email' or . = 'Email') and @resource-id = 'com.she.sehatq:id/et_input']"}[39m
[35m[HTTP][39m [37m<-- POST /wd/hub/session/78e01090-4b05-4752-a03b-f46758bfd41e/elements [39m[32m200[39m [90m98 ms - 12[39m
[35m[HTTP][39m [90m[39m
[35m[HTTP][39m [37m-->[39m [37mPOST[39m [37m/wd/hub/session/78e01090-4b05-4752-a03b-f46758bfd41e/elements[39m
[35m[HTTP][39m [90m{"using":"xpath","value":"//*[@class = 'android.widget.EditText' and (@text = 'Email' or . = 'Email') and @resource-id = 'com.she.sehatq:id/et_input']"}[39m
[35m[HTTP][39m [37m<-- POST /wd/hub/session/78e01090-4b05-4752-a03b-f46758bfd41e/elements [39m[32m200[39m [90m90 ms - 12[39m
[35m[HTTP][39m [90m[39m
[35m[HTTP][39m [37m-->[39m [37mPOST[39m [37m/wd/hub/session/78e01090-4b05-4752-a03b-f46758bfd41e/elements[39m
[35m[HTTP][39m [90m{"using":"xpath","value":"//*[@class = 'android.widget.EditText' and (@text = 'Email' or . = 'Email') and @resource-id = 'com.she.sehatq:id/et_input']"}[39m
[35m[HTTP][39m [37m<-- POST /wd/hub/session/78e01090-4b05-4752-a03b-f46758bfd41e/elements [39m[32m200[39m [90m94 ms - 12[39m
[35m[HTTP][39m [90m[39m
[35m[HTTP][39m [37m-->[39m [37mPOST[39m [37m/wd/hub/session/78e01090-4b05-4752-a03b-f46758bfd41e/elements[39m
[35m[HTTP][39m [90m{"using":"xpath","value":"//*[@class = 'android.widget.EditText' and (@text = 'Email' or . = 'Email') and @resource-id = 'com.she.sehatq:id/et_input']"}[39m
[35m[HTTP][39m [37m<-- POST /wd/hub/session/78e01090-4b05-4752-a03b-f46758bfd41e/elements [39m[32m200[39m [90m91 ms - 12[39m
[35m[HTTP][39m [90m[39m
[35m[HTTP][39m [37m-->[39m [37mPOST[39m [37m/wd/hub/session/78e01090-4b05-4752-a03b-f46758bfd41e/elements[39m
[35m[HTTP][39m [90m{"using":"xpath","value":"//*[@class = 'android.widget.EditText' and (@text = 'Email' or . = 'Email') and @resource-id = 'com.she.sehatq:id/et_input']"}[39m
[35m[HTTP][39m [37m<-- POST /wd/hub/session/78e01090-4b05-4752-a03b-f46758bfd41e/elements [39m[32m200[39m [90m110 ms - 12[39m
[35m[HTTP][39m [90m[39m
[35m[HTTP][39m [37m-->[39m [37mPOST[39m [37m/wd/hub/session/78e01090-4b05-4752-a03b-f46758bfd41e/elements[39m
[35m[HTTP][39m [90m{"using":"xpath","value":"//*[@class = 'android.widget.EditText' and (@text = 'Email' or . = 'Email') and @resource-id = 'com.she.sehatq:id/et_input']"}[39m
[35m[HTTP][39m [37m<-- POST /wd/hub/session/78e01090-4b05-4752-a03b-f46758bfd41e/elements [39m[32m200[39m [90m84 ms - 12[39m
[35m[HTTP][39m [90m[39m
[35m[HTTP][39m [37m-->[39m [37mPOST[39m [37m/wd/hub/session/78e01090-4b05-4752-a03b-f46758bfd41e/elements[39m
[35m[HTTP][39m [90m{"using":"xpath","value":"//*[@class = 'android.widget.EditText' and (@text = 'Email' or . = 'Email') and @resource-id = 'com.she.sehatq:id/et_input']"}[39m
[35m[HTTP][39m [37m<-- POST /wd/hub/session/78e01090-4b05-4752-a03b-f46758bfd41e/elements [39m[32m200[39m [90m100 ms - 12[39m
[35m[HTTP][39m [90m[39m
[35m[HTTP][39m [37m-->[39m [37mPOST[39m [37m/wd/hub/session/78e01090-4b05-4752-a03b-f46758bfd41e/elements[39m
[35m[HTTP][39m [90m{"using":"xpath","value":"//*[@class = 'android.widget.EditText' and (@text = 'Email' or . = 'Email') and @resource-id = 'com.she.sehatq:id/et_input']"}[39m
[35m[HTTP][39m [37m<-- POST /wd/hub/session/78e01090-4b05-4752-a03b-f46758bfd41e/elements [39m[32m200[39m [90m95 ms - 12[39m
[35m[HTTP][39m [90m[39m
[35m[HTTP][39m [37m-->[39m [37mPOST[39m [37m/wd/hub/session/78e01090-4b05-4752-a03b-f46758bfd41e/elements[39m
[35m[HTTP][39m [90m{"using":"xpath","value":"//*[@class = 'android.widget.EditText' and (@text = 'Email' or . = 'Email') and @resource-id = 'com.she.sehatq:id/et_input']"}[39m
[35m[HTTP][39m [37m<-- POST /wd/hub/session/78e01090-4b05-4752-a03b-f46758bfd41e/elements [39m[32m200[39m [90m87 ms - 12[39m
[35m[HTTP][39m [90m[39m
[35m[HTTP][39m [37m-->[39m [37mPOST[39m [37m/wd/hub/session/78e01090-4b05-4752-a03b-f46758bfd41e/elements[39m
[35m[HTTP][39m [90m{"using":"xpath","value":"//*[@class = 'android.widget.EditText' and (@text = 'Email' or . = 'Email') and @resource-id = 'com.she.sehatq:id/et_input']"}[39m
[35m[HTTP][39m [37m<-- POST /wd/hub/session/78e01090-4b05-4752-a03b-f46758bfd41e/elements [39m[32m200[39m [90m106 ms - 12[39m
[35m[HTTP][39m [90m[39m
[35m[HTTP][39m [37m-->[39m [37mPOST[39m [37m/wd/hub/session/78e01090-4b05-4752-a03b-f46758bfd41e/elements[39m
[35m[HTTP][39m [90m{"using":"xpath","value":"//*[@class = 'android.widget.EditText' and (@text = 'Email' or . = 'Email') and @resource-id = 'com.she.sehatq:id/et_input']"}[39m
[35m[HTTP][39m [37m<-- POST /wd/hub/session/78e01090-4b05-4752-a03b-f46758bfd41e/elements [39m[32m200[39m [90m115 ms - 12[39m
[35m[HTTP][39m [90m[39m
[35m[HTTP][39m [37m-->[39m [37mPOST[39m [37m/wd/hub/session/78e01090-4b05-4752-a03b-f46758bfd41e/elements[39m
[35m[HTTP][39m [90m{"using":"xpath","value":"//*[@class = 'android.widget.EditText' and (@text = 'Email' or . = 'Email') and @resource-id = 'com.she.sehatq:id/et_input']"}[39m
[35m[HTTP][39m [37m<-- POST /wd/hub/session/78e01090-4b05-4752-a03b-f46758bfd41e/elements [39m[32m200[39m [90m125 ms - 12[39m
[35m[HTTP][39m [90m[39m
[35m[HTTP][39m [37m-->[39m [37mPOST[39m [37m/wd/hub/session/78e01090-4b05-4752-a03b-f46758bfd41e/elements[39m
[35m[HTTP][39m [90m{"using":"xpath","value":"//*[@class = 'android.widget.EditText' and (@text = 'Email' or . = 'Email') and @resource-id = 'com.she.sehatq:id/et_input']"}[39m
[35m[HTTP][39m [37m<-- POST /wd/hub/session/78e01090-4b05-4752-a03b-f46758bfd41e/elements [39m[32m200[39m [90m106 ms - 12[39m
[35m[HTTP][39m [90m[39m
[35m[HTTP][39m [37m-->[39m [37mPOST[39m [37m/wd/hub/session/78e01090-4b05-4752-a03b-f46758bfd41e/elements[39m
[35m[HTTP][39m [90m{"using":"xpath","value":"//*[@class = 'android.widget.EditText' and (@text = 'Email' or . = 'Email') and @resource-id = 'com.she.sehatq:id/et_input']"}[39m
[35m[HTTP][39m [37m<-- POST /wd/hub/session/78e01090-4b05-4752-a03b-f46758bfd41e/elements [39m[32m200[39m [90m88 ms - 12[39m
[35m[HTTP][39m [90m[39m
[35m[HTTP][39m [37m-->[39m [37mPOST[39m [37m/wd/hub/session/78e01090-4b05-4752-a03b-f46758bfd41e/elements[39m
[35m[HTTP][39m [90m{"using":"xpath","value":"//*[@class = 'android.widget.EditText' and (@text = 'Email' or . = 'Email') and @resource-id = 'com.she.sehatq:id/et_input']"}[39m
[35m[HTTP][39m [37m<-- POST /wd/hub/session/78e01090-4b05-4752-a03b-f46758bfd41e/elements [39m[32m200[39m [90m88 ms - 12[39m
[35m[HTTP][39m [90m[39m
[35m[HTTP][39m [37m-->[39m [37mPOST[39m [37m/wd/hub/session/78e01090-4b05-4752-a03b-f46758bfd41e/elements[39m
[35m[HTTP][39m [90m{"using":"xpath","value":"//*[@class = 'android.widget.EditText' and (@text = 'Email' or . = 'Email') and @resource-id = 'com.she.sehatq:id/et_input']"}[39m
[35m[HTTP][39m [37m<-- POST /wd/hub/session/78e01090-4b05-4752-a03b-f46758bfd41e/elements [39m[32m200[39m [90m76 ms - 12[39m
[35m[HTTP][39m [90m[39m
[35m[HTTP][39m [37m-->[39m [37mPOST[39m [37m/wd/hub/session/78e01090-4b05-4752-a03b-f46758bfd41e/elements[39m
[35m[HTTP][39m [90m{"using":"xpath","value":"//*[@class = 'android.widget.EditText' and (@text = 'Email' or . = 'Email') and @resource-id = 'com.she.sehatq:id/et_input']"}[39m
[35m[HTTP][39m [37m<-- POST /wd/hub/session/78e01090-4b05-4752-a03b-f46758bfd41e/elements [39m[32m200[39m [90m91 ms - 12[39m
[35m[HTTP][39m [90m[39m
[35m[HTTP][39m [37m-->[39m [37mPOST[39m [37m/wd/hub/session/78e01090-4b05-4752-a03b-f46758bfd41e/elements[39m
[35m[HTTP][39m [90m{"using":"xpath","value":"//*[@class = 'android.widget.EditText' and (@text = 'Email' or . = 'Email') and @resource-id = 'com.she.sehatq:id/et_input']"}[39m
[35m[HTTP][39m [37m<-- POST /wd/hub/session/78e01090-4b05-4752-a03b-f46758bfd41e/elements [39m[32m200[39m [90m84 ms - 12[39m
[35m[HTTP][39m [90m[39m
[35m[HTTP][39m [37m-->[39m [37mPOST[39m [37m/wd/hub/session/78e01090-4b05-4752-a03b-f46758bfd41e/elements[39m
[35m[HTTP][39m [90m{"using":"xpath","value":"//*[@class = 'android.widget.EditText' and (@text = 'Email' or . = 'Email') and @resource-id = 'com.she.sehatq:id/et_input']"}[39m
[35m[HTTP][39m [37m<-- POST /wd/hub/session/78e01090-4b05-4752-a03b-f46758bfd41e/elements [39m[32m200[39m [90m88 ms - 12[39m
[35m[HTTP][39m [90m[39m
[35m[HTTP][39m [37m-->[39m [37mPOST[39m [37m/wd/hub/session/78e01090-4b05-4752-a03b-f46758bfd41e/elements[39m
[35m[HTTP][39m [90m{"using":"xpath","value":"//*[@class = 'android.widget.EditText' and (@text = 'Email' or . = 'Email') and @resource-id = 'com.she.sehatq:id/et_input']"}[39m
[35m[HTTP][39m [37m<-- POST /wd/hub/session/78e01090-4b05-4752-a03b-f46758bfd41e/elements [39m[32m200[39m [90m92 ms - 12[39m
[35m[HTTP][39m [90m[39m
[35m[HTTP][39m [37m-->[39m [37mPOST[39m [37m/wd/hub/session/78e01090-4b05-4752-a03b-f46758bfd41e/elements[39m
[35m[HTTP][39m [90m{"using":"xpath","value":"//*[@class = 'android.widget.EditText' and (@text = 'Email' or . = 'Email') and @resource-id = 'com.she.sehatq:id/et_input']"}[39m
[35m[HTTP][39m [37m<-- POST /wd/hub/session/78e01090-4b05-4752-a03b-f46758bfd41e/elements [39m[32m200[39m [90m72 ms - 12[39m
[35m[HTTP][39m [90m[39m
[35m[HTTP][39m [37m-->[39m [37mPOST[39m [37m/wd/hub/session/78e01090-4b05-4752-a03b-f46758bfd41e/elements[39m
[35m[HTTP][39m [90m{"using":"xpath","value":"//*[@class = 'android.widget.EditText' and (@text = 'Email' or . = 'Email') and @resource-id = 'com.she.sehatq:id/et_input']"}[39m
[35m[HTTP][39m [37m<-- POST /wd/hub/session/78e01090-4b05-4752-a03b-f46758bfd41e/elements [39m[32m200[39m [90m78 ms - 12[39m
[35m[HTTP][39m [90m[39m
[35m[HTTP][39m [37m-->[39m [37mPOST[39m [37m/wd/hub/session/78e01090-4b05-4752-a03b-f46758bfd41e/elements[39m
[35m[HTTP][39m [90m{"using":"xpath","value":"//*[@class = 'android.widget.EditText' and (@text = 'Email' or . = 'Email') and @resource-id = 'com.she.sehatq:id/et_input']"}[39m
[35m[HTTP][39m [37m<-- POST /wd/hub/session/78e01090-4b05-4752-a03b-f46758bfd41e/elements [39m[32m200[39m [90m88 ms - 12[39m
[35m[HTTP][39m [90m[39m
[35m[HTTP][39m [37m-->[39m [37mPOST[39m [37m/wd/hub/session/78e01090-4b05-4752-a03b-f46758bfd41e/elements[39m
[35m[HTTP][39m [90m{"using":"xpath","value":"//*[@class = 'android.widget.EditText' and (@text = 'Email' or . = 'Email') and @resource-id = 'com.she.sehatq:id/et_input']"}[39m
[35m[HTTP][39m [37m<-- POST /wd/hub/session/78e01090-4b05-4752-a03b-f46758bfd41e/elements [39m[32m200[39m [90m94 ms - 12[39m
[35m[HTTP][39m [90m[39m
[35m[HTTP][39m [37m-->[39m [37mPOST[39m [37m/wd/hub/session/78e01090-4b05-4752-a03b-f46758bfd41e/elements[39m
[35m[HTTP][39m [90m{"using":"xpath","value":"//*[@class = 'android.widget.EditText' and (@text = 'Email' or . = 'Email') and @resource-id = 'com.she.sehatq:id/et_input']"}[39m
[35m[HTTP][39m [37m<-- POST /wd/hub/session/78e01090-4b05-4752-a03b-f46758bfd41e/elements [39m[32m200[39m [90m97 ms - 12[39m
[35m[HTTP][39m [90m[39m
[35m[HTTP][39m [37m-->[39m [37mPOST[39m [37m/wd/hub/session/78e01090-4b05-4752-a03b-f46758bfd41e/elements[39m
[35m[HTTP][39m [90m{"using":"xpath","value":"//*[@class = 'android.widget.EditText' and (@text = 'Email' or . = 'Email') and @resource-id = 'com.she.sehatq:id/et_input']"}[39m
[35m[HTTP][39m [37m<-- POST /wd/hub/session/78e01090-4b05-4752-a03b-f46758bfd41e/elements [39m[32m200[39m [90m97 ms - 12[39m
[35m[HTTP][39m [90m[39m
[35m[HTTP][39m [37m-->[39m [37mPOST[39m [37m/wd/hub/session/78e01090-4b05-4752-a03b-f46758bfd41e/elements[39m
[35m[HTTP][39m [90m{"using":"xpath","value":"//*[@class = 'android.widget.EditText' and (@text = 'Email' or . = 'Email') and @resource-id = 'com.she.sehatq:id/et_input']"}[39m
[35m[HTTP][39m [37m<-- POST /wd/hub/session/78e01090-4b05-4752-a03b-f46758bfd41e/elements [39m[32m200[39m [90m84 ms - 12[39m
[35m[HTTP][39m [90m[39m
[35m[HTTP][39m [37m-->[39m [37mPOST[39m [37m/wd/hub/session/78e01090-4b05-4752-a03b-f46758bfd41e/elements[39m
[35m[HTTP][39m [90m{"using":"xpath","value":"//*[@class = 'android.widget.EditText' and (@text = 'Email' or . = 'Email') and @resource-id = 'com.she.sehatq:id/et_input']"}[39m
[35m[HTTP][39m [37m<-- POST /wd/hub/session/78e01090-4b05-4752-a03b-f46758bfd41e/elements [39m[32m200[39m [90m101 ms - 12[39m
[35m[HTTP][39m [90m[39m
[35m[HTTP][39m [37m-->[39m [37mPOST[39m [37m/wd/hub/session/78e01090-4b05-4752-a03b-f46758bfd41e/elements[39m
[35m[HTTP][39m [90m{"using":"xpath","value":"//*[@class = 'android.widget.EditText' and (@text = 'Email' or . = 'Email') and @resource-id = 'com.she.sehatq:id/et_input']"}[39m
[35m[HTTP][39m [37m<-- POST /wd/hub/session/78e01090-4b05-4752-a03b-f46758bfd41e/elements [39m[32m200[39m [90m87 ms - 12[39m
[35m[HTTP][39m [90m[39m
[35m[HTTP][39m [37m-->[39m [37mPOST[39m [37m/wd/hub/session/78e01090-4b05-4752-a03b-f46758bfd41e/elements[39m
[35m[HTTP][39m [90m{"using":"xpath","value":"//*[@class = 'android.widget.EditText' and (@text = 'Email' or . = 'Email') and @resource-id = 'com.she.sehatq:id/et_input']"}[39m
[35m[HTTP][39m [37m<-- POST /wd/hub/session/78e01090-4b05-4752-a03b-f46758bfd41e/elements [39m[32m200[39m [90m104 ms - 12[39m
[35m[HTTP][39m [90m[39m
[35m[HTTP][39m [37m-->[39m [37mPOST[39m [37m/wd/hub/session/78e01090-4b05-4752-a03b-f46758bfd41e/elements[39m
[35m[HTTP][39m [90m{"using":"xpath","value":"//*[@class = 'android.widget.EditText' and (@text = 'Email' or . = 'Email') and @resource-id = 'com.she.sehatq:id/et_input']"}[39m
[35m[HTTP][39m [37m<-- POST /wd/hub/session/78e01090-4b05-4752-a03b-f46758bfd41e/elements [39m[32m200[39m [90m75 ms - 12[39m
[35m[HTTP][39m [90m[39m
