[35m[Appium][39m Welcome to Appium v1.22.0
[35m[Appium][39m Non-default server args:
[35m[Appium][39m   port: 62535
[35m[Appium][39m   loglevel: info
[35m[Appium][39m   tmpDir: /var/folders/wv/rdwfrh89255gqff9kdgxs_t40000gp/T//Katalon/Appium/Temp1636133465043
[35m[Appium][39m   chromedriverPort: 62536
[35m[Appium][39m Deprecated server args:
[35m[Appium][39m   [31m--chromedriver-port[39m => --default-capabilities
[35m[Appium][39m Default capabilities, which will be added to each request unless overridden by desired capabilities:
[35m[Appium][39m   chromedriverPort: 62536
[35m[Appium][39m Appium REST http interface listener started on 0.0.0.0:62535
[35m[HTTP][39m [37m-->[39m [37mGET[39m [37m/wd/hub/status[39m
[35m[HTTP][39m [90m{}[39m
[35m[HTTP][39m [37m<-- GET /wd/hub/status [39m[32m200[39m [90m6 ms - 68[39m
[35m[HTTP][39m [90m[39m
[35m[HTTP][39m [37m-->[39m [37mPOST[39m [37m/wd/hub/session[39m
[35m[HTTP][39m [90m{"desiredCapabilities":{"appActivity":".Settings","appPackage":"com.android.settings","newCommandTimeout":1800,"platformVersion":"11","automationName":"uiautomator2","autoGrantPermissions":true,"platformName":"Android","udid":"db3027ce","deviceName":"vivo V2022 (Android 11)","platform":"ANDROID","systemPort":8296},"capabilities":{"firstMatch":[{"appium:appActivity":".Settings","appium:appPackage":"com.android.settings","appium:autoGrantPermissions":true,"appium:automationName":"uiautomator2","appium:deviceName":"vivo V2022 (Android 11)","appium:newCommandTimeout":1800,"platform":"ANDROID","platformName":"android","appium:platformVersion":"11","appium:systemPort":8296,"appium:udid":"db3027ce"}]}}[39m
[35m[BaseDriver][39m The following capabilities are not standard capabilities and should have an extension prefix:
[35m[BaseDriver][39m   platform
[35m[BaseDriver][39m   chromedriverPort
[35m[Appium][39m Appium v1.22.0 creating new AndroidUiautomator2Driver (v1.69.0) session
[35m[BaseDriver][39m The following capabilities were provided, but are not recognized by Appium:
[35m[BaseDriver][39m   platform
[35m[BaseDriver][39m Session created with session id: ea305563-c7a2-4b7d-a8ba-68632b8692ef
[35m[UiAutomator2][39m Starting 'com.android.settings' directly on the device
[35m[ADB][39m Found 1 'build-tools' folders under '/Users/muhammadyaasin/.katalon/tools/android_sdk' (newest first):
[35m[ADB][39m     /Users/muhammadyaasin/.katalon/tools/android_sdk/build-tools/29.0.3
[35m[ADB][39m Using 'adb' from '/Users/muhammadyaasin/.katalon/tools/android_sdk/platform-tools/adb'
[35m[AndroidDriver][39m Retrieving device list
[35m[AndroidDriver][39m Using device: db3027ce
[35m[ADB][39m Using 'adb' from '/Users/muhammadyaasin/.katalon/tools/android_sdk/platform-tools/adb'
[35m[ADB][39m Getting device platform version
[35m[UiAutomator2][39m Relaxing hidden api policy
[35m[AndroidDriver][39m No app sent in, not parsing package/activity
[35m[ADB][39m Using 'apksigner.jar' from '/Users/muhammadyaasin/.katalon/tools/android_sdk/build-tools/29.0.3/lib/apksigner.jar'
[35m[ADB][39m '/usr/local/lib/node_modules/appium/node_modules/appium-uiautomator2-server/apks/appium-uiautomator2-server-v4.24.0.apk' is signed with the default certificate
[35m[ADB][39m '/usr/local/lib/node_modules/appium/node_modules/appium-uiautomator2-server/apks/appium-uiautomator2-server-debug-androidTest.apk' is signed with the default certificate
[35m[UiAutomator2][39m Server packages are not going to be (re)installed
[35m[ADB][39m Adding packages ["io.appium.settings","io.appium.uiautomator2.server","io.appium.uiautomator2.server.test"] to Doze whitelist
[35m[UiAutomator2][39m Starting UIAutomator2 server 4.24.0
[35m[UiAutomator2][39m Using UIAutomator2 server from '/usr/local/lib/node_modules/appium/node_modules/appium-uiautomator2-server/apks/appium-uiautomator2-server-v4.24.0.apk' and test from '/usr/local/lib/node_modules/appium/node_modules/appium-uiautomator2-server/apks/appium-uiautomator2-server-debug-androidTest.apk'
[35m[UiAutomator2][39m Waiting up to 30000ms for UiAutomator2 to be online...
[35m[WD Proxy][39m socket hang up
[35m[WD Proxy][39m socket hang up
[35m[WD Proxy][39m socket hang up
[35m[WD Proxy][39m Determined the downstream protocol as 'W3C'
[35m[AndroidDriver][39m Screen already unlocked, doing nothing
[35m[UiAutomator2][39m Starting 'com.android.settings/.Settings and waiting for 'com.android.settings/.Settings'
[35m[Appium][39m New AndroidUiautomator2Driver session created successfully, session ea305563-c7a2-4b7d-a8ba-68632b8692ef added to master session list
[35m[HTTP][39m [37m<-- POST /wd/hub/session [39m[32m200[39m [90m10542 ms - 1133[39m
[35m[HTTP][39m [90m[39m
[35m[HTTP][39m [37m-->[39m [37mGET[39m [37m/wd/hub/session/ea305563-c7a2-4b7d-a8ba-68632b8692ef[39m
[35m[HTTP][39m [90m{}[39m
[35m[HTTP][39m [37m<-- GET /wd/hub/session/ea305563-c7a2-4b7d-a8ba-68632b8692ef [39m[32m200[39m [90m18 ms - 1087[39m
[35m[HTTP][39m [90m[39m
[35m[HTTP][39m [37m-->[39m [37mGET[39m [37m/wd/hub/session/ea305563-c7a2-4b7d-a8ba-68632b8692ef[39m
[35m[HTTP][39m [90m{}[39m
[35m[HTTP][39m [37m<-- GET /wd/hub/session/ea305563-c7a2-4b7d-a8ba-68632b8692ef [39m[32m200[39m [90m27 ms - 1087[39m
[35m[HTTP][39m [90m[39m
[35m[HTTP][39m [37m-->[39m [37mGET[39m [37m/wd/hub/status[39m
[35m[HTTP][39m [90m{}[39m
[35m[HTTP][39m [37m<-- GET /wd/hub/status [39m[32m200[39m [90m1 ms - 68[39m
[35m[HTTP][39m [90m[39m
[35m[HTTP][39m [37m-->[39m [37mPOST[39m [37m/wd/hub/session/ea305563-c7a2-4b7d-a8ba-68632b8692ef/timeouts[39m
[35m[HTTP][39m [90m{"implicit":30000}[39m
[35m[HTTP][39m [37m<-- POST /wd/hub/session/ea305563-c7a2-4b7d-a8ba-68632b8692ef/timeouts [39m[32m200[39m [90m2 ms - 14[39m
[35m[HTTP][39m [90m[39m
[35m[HTTP][39m [37m-->[39m [37mGET[39m [37m/wd/hub/session/ea305563-c7a2-4b7d-a8ba-68632b8692ef/screenshot[39m
[35m[HTTP][39m [90m{}[39m
[35m[HTTP][39m [37m<-- GET /wd/hub/session/ea305563-c7a2-4b7d-a8ba-68632b8692ef/screenshot [39m[32m200[39m [90m770 ms - 249092[39m
[35m[HTTP][39m [90m[39m
[35m[HTTP][39m [37m-->[39m [37mGET[39m [37m/wd/hub/session/ea305563-c7a2-4b7d-a8ba-68632b8692ef/window/rect[39m
[35m[HTTP][39m [90m{}[39m
[35m[HTTP][39m [37m<-- GET /wd/hub/session/ea305563-c7a2-4b7d-a8ba-68632b8692ef/window/rect [39m[32m200[39m [90m54 ms - 50[39m
[35m[HTTP][39m [90m[39m
[35m[HTTP][39m [37m-->[39m [37mGET[39m [37m/wd/hub/session/ea305563-c7a2-4b7d-a8ba-68632b8692ef/appium/device/system_bars[39m
[35m[HTTP][39m [90m{}[39m
[35m[HTTP][39m [37m<-- GET /wd/hub/session/ea305563-c7a2-4b7d-a8ba-68632b8692ef/appium/device/system_bars [39m[32m200[39m [90m181 ms - 148[39m
[35m[HTTP][39m [90m[39m
[35m[HTTP][39m [37m-->[39m [37mPOST[39m [37m/wd/hub/session/ea305563-c7a2-4b7d-a8ba-68632b8692ef/appium/device/activate_app[39m
[35m[HTTP][39m [90m{"bundleId":"com.she.sehatq"}[39m
[35m[HTTP][39m [37m<-- POST /wd/hub/session/ea305563-c7a2-4b7d-a8ba-68632b8692ef/appium/device/activate_app [39m[32m200[39m [90m614 ms - 14[39m
[35m[HTTP][39m [90m[39m
[35m[HTTP][39m [37m-->[39m [37mPOST[39m [37m/wd/hub/session/ea305563-c7a2-4b7d-a8ba-68632b8692ef/timeouts[39m
[35m[HTTP][39m [90m{"implicit":50}[39m
[35m[HTTP][39m [37m<-- POST /wd/hub/session/ea305563-c7a2-4b7d-a8ba-68632b8692ef/timeouts [39m[32m200[39m [90m2 ms - 14[39m
[35m[HTTP][39m [90m[39m
[35m[HTTP][39m [37m-->[39m [37mGET[39m [37m/wd/hub/session/ea305563-c7a2-4b7d-a8ba-68632b8692ef/window/rect[39m
[35m[HTTP][39m [90m{}[39m
[35m[HTTP][39m [37m<-- GET /wd/hub/session/ea305563-c7a2-4b7d-a8ba-68632b8692ef/window/rect [39m[32m200[39m [90m37 ms - 50[39m
[35m[HTTP][39m [90m[39m
[35m[HTTP][39m [37m-->[39m [37mPOST[39m [37m/wd/hub/session/ea305563-c7a2-4b7d-a8ba-68632b8692ef/elements[39m
[35m[HTTP][39m [90m{"using":"xpath","value":"//*[@class = 'android.widget.TextView' and (@text = 'Tidak' or . = 'Tidak') and @resource-id = 'com.she.sehatq:id/tv_dismiss']"}[39m
[35m[HTTP][39m [37m<-- POST /wd/hub/session/ea305563-c7a2-4b7d-a8ba-68632b8692ef/elements [39m[32m200[39m [90m782 ms - 12[39m
[35m[HTTP][39m [90m[39m
[35m[HTTP][39m [37m-->[39m [37mPOST[39m [37m/wd/hub/session/ea305563-c7a2-4b7d-a8ba-68632b8692ef/elements[39m
[35m[HTTP][39m [90m{"using":"xpath","value":"//*[@class = 'android.widget.TextView' and (@text = 'Tidak' or . = 'Tidak') and @resource-id = 'com.she.sehatq:id/tv_dismiss']"}[39m
[35m[HTTP][39m [37m<-- POST /wd/hub/session/ea305563-c7a2-4b7d-a8ba-68632b8692ef/elements [39m[32m200[39m [90m819 ms - 12[39m
[35m[HTTP][39m [90m[39m
[35m[HTTP][39m [37m-->[39m [37mPOST[39m [37m/wd/hub/session/ea305563-c7a2-4b7d-a8ba-68632b8692ef/elements[39m
[35m[HTTP][39m [90m{"using":"xpath","value":"//*[@class = 'android.widget.TextView' and (@text = 'Tidak' or . = 'Tidak') and @resource-id = 'com.she.sehatq:id/tv_dismiss']"}[39m
[35m[HTTP][39m [37m<-- POST /wd/hub/session/ea305563-c7a2-4b7d-a8ba-68632b8692ef/elements [39m[32m200[39m [90m387 ms - 12[39m
[35m[HTTP][39m [90m[39m
[35m[HTTP][39m [37m-->[39m [37mPOST[39m [37m/wd/hub/session/ea305563-c7a2-4b7d-a8ba-68632b8692ef/elements[39m
[35m[HTTP][39m [90m{"using":"xpath","value":"//*[@class = 'android.widget.TextView' and (@text = 'Tidak' or . = 'Tidak') and @resource-id = 'com.she.sehatq:id/tv_dismiss']"}[39m
[35m[HTTP][39m [37m<-- POST /wd/hub/session/ea305563-c7a2-4b7d-a8ba-68632b8692ef/elements [39m[32m200[39m [90m167 ms - 12[39m
[35m[HTTP][39m [90m[39m
[35m[HTTP][39m [37m-->[39m [37mPOST[39m [37m/wd/hub/session/ea305563-c7a2-4b7d-a8ba-68632b8692ef/elements[39m
[35m[HTTP][39m [90m{"using":"xpath","value":"//*[@class = 'android.widget.TextView' and (@text = 'Tidak' or . = 'Tidak') and @resource-id = 'com.she.sehatq:id/tv_dismiss']"}[39m
[35m[HTTP][39m [37m<-- POST /wd/hub/session/ea305563-c7a2-4b7d-a8ba-68632b8692ef/elements [39m[32m200[39m [90m486 ms - 12[39m
[35m[HTTP][39m [90m[39m
[35m[HTTP][39m [37m-->[39m [37mPOST[39m [37m/wd/hub/session/ea305563-c7a2-4b7d-a8ba-68632b8692ef/elements[39m
[35m[HTTP][39m [90m{"using":"xpath","value":"//*[@class = 'android.widget.TextView' and (@text = 'Tidak' or . = 'Tidak') and @resource-id = 'com.she.sehatq:id/tv_dismiss']"}[39m
[35m[HTTP][39m [37m<-- POST /wd/hub/session/ea305563-c7a2-4b7d-a8ba-68632b8692ef/elements [39m[32m200[39m [90m1301 ms - 139[39m
[35m[HTTP][39m [90m[39m
[35m[HTTP][39m [37m-->[39m [37mGET[39m [37m/wd/hub/session/ea305563-c7a2-4b7d-a8ba-68632b8692ef/element/00000000-0000-0390-ffff-ffff0000001b/location[39m
[35m[HTTP][39m [90m{}[39m
[35m[W3C (ea305563)][39m Driver proxy active, passing request on via HTTP proxy
[35m[WD Proxy][39m Replacing sessionId 4e4c20a5-3965-44d0-b960-9643d50975fd with ea305563-c7a2-4b7d-a8ba-68632b8692ef
[35m[HTTP][39m [37m<-- GET /wd/hub/session/ea305563-c7a2-4b7d-a8ba-68632b8692ef/element/00000000-0000-0390-ffff-ffff0000001b/location [39m[32m200[39m [90m297 ms - 78[39m
[35m[HTTP][39m [90m[39m
[35m[HTTP][39m [37m-->[39m [37mPOST[39m [37m/wd/hub/session/ea305563-c7a2-4b7d-a8ba-68632b8692ef/timeouts[39m
[35m[HTTP][39m [90m{"implicit":30000}[39m
[35m[HTTP][39m [37m<-- POST /wd/hub/session/ea305563-c7a2-4b7d-a8ba-68632b8692ef/timeouts [39m[32m200[39m [90m1 ms - 14[39m
[35m[HTTP][39m [90m[39m
[35m[HTTP][39m [37m-->[39m [37mPOST[39m [37m/wd/hub/session/ea305563-c7a2-4b7d-a8ba-68632b8692ef/touch/perform[39m
[35m[HTTP][39m [90m{"actions":[{"action":"tap","options":{"x":1,"y":1,"element":"00000000-0000-0390-ffff-ffff0000001b"}},{"action":"release","options":{}}]}[39m
[35m[UiAutomator2][39m calling get location: 00000000-0000-0390-ffff-ffff0000001b
[35m[HTTP][39m [37m<-- POST /wd/hub/session/ea305563-c7a2-4b7d-a8ba-68632b8692ef/touch/perform [39m[32m200[39m [90m788 ms - 14[39m
[35m[HTTP][39m [90m[39m
[35m[HTTP][39m [37m-->[39m [37mPOST[39m [37m/wd/hub/session/ea305563-c7a2-4b7d-a8ba-68632b8692ef/timeouts[39m
[35m[HTTP][39m [90m{"implicit":50}[39m
[35m[HTTP][39m [37m<-- POST /wd/hub/session/ea305563-c7a2-4b7d-a8ba-68632b8692ef/timeouts [39m[32m200[39m [90m1 ms - 14[39m
[35m[HTTP][39m [90m[39m
[35m[HTTP][39m [37m-->[39m [37mGET[39m [37m/wd/hub/session/ea305563-c7a2-4b7d-a8ba-68632b8692ef/window/rect[39m
[35m[HTTP][39m [90m{}[39m
[35m[HTTP][39m [37m<-- GET /wd/hub/session/ea305563-c7a2-4b7d-a8ba-68632b8692ef/window/rect [39m[32m200[39m [90m26 ms - 50[39m
[35m[HTTP][39m [90m[39m
[35m[HTTP][39m [37m-->[39m [37mPOST[39m [37m/wd/hub/session/ea305563-c7a2-4b7d-a8ba-68632b8692ef/elements[39m
[35m[HTTP][39m [90m{"using":"xpath","value":"//*[@class = 'android.widget.ImageView' and @resource-id = 'com.she.sehatq:id/iv_profile_nav' and (@text = '' or . = '')]"}[39m
[35m[HTTP][39m [37m<-- POST /wd/hub/session/ea305563-c7a2-4b7d-a8ba-68632b8692ef/elements [39m[32m200[39m [90m227 ms - 139[39m
[35m[HTTP][39m [90m[39m
[35m[HTTP][39m [37m-->[39m [37mGET[39m [37m/wd/hub/session/ea305563-c7a2-4b7d-a8ba-68632b8692ef/element/00000000-0000-0391-ffff-ffff0000002b/location[39m
[35m[HTTP][39m [90m{}[39m
[35m[W3C (ea305563)][39m Driver proxy active, passing request on via HTTP proxy
[35m[WD Proxy][39m Replacing sessionId 4e4c20a5-3965-44d0-b960-9643d50975fd with ea305563-c7a2-4b7d-a8ba-68632b8692ef
[35m[HTTP][39m [37m<-- GET /wd/hub/session/ea305563-c7a2-4b7d-a8ba-68632b8692ef/element/00000000-0000-0391-ffff-ffff0000002b/location [39m[32m200[39m [90m27 ms - 78[39m
[35m[HTTP][39m [90m[39m
[35m[HTTP][39m [37m-->[39m [37mPOST[39m [37m/wd/hub/session/ea305563-c7a2-4b7d-a8ba-68632b8692ef/timeouts[39m
[35m[HTTP][39m [90m{"implicit":30000}[39m
[35m[HTTP][39m [37m<-- POST /wd/hub/session/ea305563-c7a2-4b7d-a8ba-68632b8692ef/timeouts [39m[32m200[39m [90m2 ms - 14[39m
[35m[HTTP][39m [90m[39m
[35m[HTTP][39m [37m-->[39m [37mPOST[39m [37m/wd/hub/session/ea305563-c7a2-4b7d-a8ba-68632b8692ef/touch/perform[39m
[35m[HTTP][39m [90m{"actions":[{"action":"tap","options":{"x":1,"y":1,"element":"00000000-0000-0391-ffff-ffff0000002b"}},{"action":"release","options":{}}]}[39m
[35m[UiAutomator2][39m calling get location: 00000000-0000-0391-ffff-ffff0000002b
[35m[HTTP][39m [37m<-- POST /wd/hub/session/ea305563-c7a2-4b7d-a8ba-68632b8692ef/touch/perform [39m[32m200[39m [90m198 ms - 14[39m
[35m[HTTP][39m [90m[39m
[35m[HTTP][39m [37m-->[39m [37mPOST[39m [37m/wd/hub/session/ea305563-c7a2-4b7d-a8ba-68632b8692ef/timeouts[39m
[35m[HTTP][39m [90m{"implicit":50}[39m
[35m[HTTP][39m [37m<-- POST /wd/hub/session/ea305563-c7a2-4b7d-a8ba-68632b8692ef/timeouts [39m[32m200[39m [90m1 ms - 14[39m
[35m[HTTP][39m [90m[39m
[35m[HTTP][39m [37m-->[39m [37mGET[39m [37m/wd/hub/session/ea305563-c7a2-4b7d-a8ba-68632b8692ef/window/rect[39m
[35m[HTTP][39m [90m{}[39m
[35m[HTTP][39m [37m<-- GET /wd/hub/session/ea305563-c7a2-4b7d-a8ba-68632b8692ef/window/rect [39m[32m200[39m [90m13 ms - 50[39m
[35m[HTTP][39m [90m[39m
[35m[HTTP][39m [37m-->[39m [37mPOST[39m [37m/wd/hub/session/ea305563-c7a2-4b7d-a8ba-68632b8692ef/elements[39m
[35m[HTTP][39m [90m{"using":"xpath","value":"//*[@class = 'android.widget.EditText' and (@text = 'Email' or . = 'Email') and @resource-id = 'com.she.sehatq:id/et_input']"}[39m
[35m[HTTP][39m [37m<-- POST /wd/hub/session/ea305563-c7a2-4b7d-a8ba-68632b8692ef/elements [39m[32m200[39m [90m1412 ms - 139[39m
[35m[HTTP][39m [90m[39m
[35m[HTTP][39m [37m-->[39m [37mGET[39m [37m/wd/hub/session/ea305563-c7a2-4b7d-a8ba-68632b8692ef/element/00000000-0000-0392-ffff-ffff00000299/location[39m
[35m[HTTP][39m [90m{}[39m
[35m[W3C (ea305563)][39m Driver proxy active, passing request on via HTTP proxy
[35m[WD Proxy][39m Replacing sessionId 4e4c20a5-3965-44d0-b960-9643d50975fd with ea305563-c7a2-4b7d-a8ba-68632b8692ef
[35m[HTTP][39m [37m<-- GET /wd/hub/session/ea305563-c7a2-4b7d-a8ba-68632b8692ef/element/00000000-0000-0392-ffff-ffff00000299/location [39m[32m200[39m [90m510 ms - 77[39m
[35m[HTTP][39m [90m[39m
[35m[HTTP][39m [37m-->[39m [37mPOST[39m [37m/wd/hub/session/ea305563-c7a2-4b7d-a8ba-68632b8692ef/timeouts[39m
[35m[HTTP][39m [90m{"implicit":30000}[39m
[35m[HTTP][39m [37m<-- POST /wd/hub/session/ea305563-c7a2-4b7d-a8ba-68632b8692ef/timeouts [39m[32m200[39m [90m2 ms - 14[39m
[35m[HTTP][39m [90m[39m
[35m[HTTP][39m [37m-->[39m [37mPOST[39m [37m/wd/hub/session/ea305563-c7a2-4b7d-a8ba-68632b8692ef/element/00000000-0000-0392-ffff-ffff00000299/clear[39m
[35m[HTTP][39m [90m{"id":"00000000-0000-0392-ffff-ffff00000299"}[39m
[35m[HTTP][39m [37m<-- POST /wd/hub/session/ea305563-c7a2-4b7d-a8ba-68632b8692ef/element/00000000-0000-0392-ffff-ffff00000299/clear [39m[32m200[39m [90m69 ms - 14[39m
[35m[HTTP][39m [90m[39m
[35m[HTTP][39m [37m-->[39m [37mPOST[39m [37m/wd/hub/session/ea305563-c7a2-4b7d-a8ba-68632b8692ef/element/00000000-0000-0392-ffff-ffff00000299/value[39m
[35m[HTTP][39m [90m{"id":"00000000-0000-0392-ffff-ffff00000299","text":"a2@mail.com","value":["a","2","@","m","a","i","l",".","c","o","m"]}[39m
[35m[HTTP][39m [37m<-- POST /wd/hub/session/ea305563-c7a2-4b7d-a8ba-68632b8692ef/element/00000000-0000-0392-ffff-ffff00000299/value [39m[32m200[39m [90m557 ms - 14[39m
[35m[HTTP][39m [90m[39m
[35m[HTTP][39m [37m-->[39m [37mPOST[39m [37m/wd/hub/session/ea305563-c7a2-4b7d-a8ba-68632b8692ef/timeouts[39m
[35m[HTTP][39m [90m{"implicit":50}[39m
[35m[HTTP][39m [37m<-- POST /wd/hub/session/ea305563-c7a2-4b7d-a8ba-68632b8692ef/timeouts [39m[32m200[39m [90m1 ms - 14[39m
[35m[HTTP][39m [90m[39m
[35m[HTTP][39m [37m-->[39m [37mGET[39m [37m/wd/hub/session/ea305563-c7a2-4b7d-a8ba-68632b8692ef/window/rect[39m
[35m[HTTP][39m [90m{}[39m
[35m[HTTP][39m [37m<-- GET /wd/hub/session/ea305563-c7a2-4b7d-a8ba-68632b8692ef/window/rect [39m[32m200[39m [90m29 ms - 50[39m
[35m[HTTP][39m [90m[39m
[35m[HTTP][39m [37m-->[39m [37mPOST[39m [37m/wd/hub/session/ea305563-c7a2-4b7d-a8ba-68632b8692ef/elements[39m
[35m[HTTP][39m [90m{"using":"xpath","value":"//*[@class = 'android.widget.EditText' and (@text = 'Password' or . = 'Password') and @resource-id = 'com.she.sehatq:id/et_input']"}[39m
[35m[HTTP][39m [37m<-- POST /wd/hub/session/ea305563-c7a2-4b7d-a8ba-68632b8692ef/elements [39m[32m200[39m [90m573 ms - 139[39m
[35m[HTTP][39m [90m[39m
[35m[HTTP][39m [37m-->[39m [37mGET[39m [37m/wd/hub/session/ea305563-c7a2-4b7d-a8ba-68632b8692ef/element/00000000-0000-0392-ffff-ffff000002b9/location[39m
[35m[HTTP][39m [90m{}[39m
[35m[W3C (ea305563)][39m Driver proxy active, passing request on via HTTP proxy
[35m[WD Proxy][39m Replacing sessionId 4e4c20a5-3965-44d0-b960-9643d50975fd with ea305563-c7a2-4b7d-a8ba-68632b8692ef
[35m[HTTP][39m [37m<-- GET /wd/hub/session/ea305563-c7a2-4b7d-a8ba-68632b8692ef/element/00000000-0000-0392-ffff-ffff000002b9/location [39m[32m200[39m [90m39 ms - 78[39m
[35m[HTTP][39m [90m[39m
[35m[HTTP][39m [37m-->[39m [37mPOST[39m [37m/wd/hub/session/ea305563-c7a2-4b7d-a8ba-68632b8692ef/timeouts[39m
[35m[HTTP][39m [90m{"implicit":30000}[39m
[35m[HTTP][39m [37m<-- POST /wd/hub/session/ea305563-c7a2-4b7d-a8ba-68632b8692ef/timeouts [39m[32m200[39m [90m2 ms - 14[39m
[35m[HTTP][39m [90m[39m
[35m[HTTP][39m [37m-->[39m [37mPOST[39m [37m/wd/hub/session/ea305563-c7a2-4b7d-a8ba-68632b8692ef/element/00000000-0000-0392-ffff-ffff000002b9/clear[39m
[35m[HTTP][39m [90m{"id":"00000000-0000-0392-ffff-ffff000002b9"}[39m
[35m[HTTP][39m [37m<-- POST /wd/hub/session/ea305563-c7a2-4b7d-a8ba-68632b8692ef/element/00000000-0000-0392-ffff-ffff000002b9/clear [39m[32m200[39m [90m45 ms - 14[39m
[35m[HTTP][39m [90m[39m
[35m[HTTP][39m [37m-->[39m [37mPOST[39m [37m/wd/hub/session/ea305563-c7a2-4b7d-a8ba-68632b8692ef/element/00000000-0000-0392-ffff-ffff000002b9/value[39m
[35m[HTTP][39m [90m{"id":"00000000-0000-0392-ffff-ffff000002b9","text":"123456","value":["1","2","3","4","5","6"]}[39m
[35m[HTTP][39m [37m<-- POST /wd/hub/session/ea305563-c7a2-4b7d-a8ba-68632b8692ef/element/00000000-0000-0392-ffff-ffff000002b9/value [39m[32m200[39m [90m1059 ms - 14[39m
[35m[HTTP][39m [90m[39m
[35m[HTTP][39m [37m-->[39m [37mPOST[39m [37m/wd/hub/session/ea305563-c7a2-4b7d-a8ba-68632b8692ef/timeouts[39m
[35m[HTTP][39m [90m{"implicit":50}[39m
[35m[HTTP][39m [37m<-- POST /wd/hub/session/ea305563-c7a2-4b7d-a8ba-68632b8692ef/timeouts [39m[32m200[39m [90m1 ms - 14[39m
[35m[HTTP][39m [90m[39m
[35m[HTTP][39m [37m-->[39m [37mGET[39m [37m/wd/hub/session/ea305563-c7a2-4b7d-a8ba-68632b8692ef/window/rect[39m
[35m[HTTP][39m [90m{}[39m
[35m[HTTP][39m [37m<-- GET /wd/hub/session/ea305563-c7a2-4b7d-a8ba-68632b8692ef/window/rect [39m[32m200[39m [90m35 ms - 50[39m
[35m[HTTP][39m [90m[39m
[35m[HTTP][39m [37m-->[39m [37mPOST[39m [37m/wd/hub/session/ea305563-c7a2-4b7d-a8ba-68632b8692ef/elements[39m
[35m[HTTP][39m [90m{"using":"xpath","value":"//*[@class = 'android.widget.Button' and (@text = 'Log in' or . = 'Log in') and @resource-id = 'com.she.sehatq:id/btn_login']"}[39m
[35m[HTTP][39m [37m<-- POST /wd/hub/session/ea305563-c7a2-4b7d-a8ba-68632b8692ef/elements [39m[32m200[39m [90m569 ms - 139[39m
[35m[HTTP][39m [90m[39m
[35m[HTTP][39m [37m-->[39m [37mGET[39m [37m/wd/hub/session/ea305563-c7a2-4b7d-a8ba-68632b8692ef/element/00000000-0000-0392-ffff-ffff000002d2/location[39m
[35m[HTTP][39m [90m{}[39m
[35m[W3C (ea305563)][39m Driver proxy active, passing request on via HTTP proxy
[35m[WD Proxy][39m Replacing sessionId 4e4c20a5-3965-44d0-b960-9643d50975fd with ea305563-c7a2-4b7d-a8ba-68632b8692ef
[35m[HTTP][39m [37m<-- GET /wd/hub/session/ea305563-c7a2-4b7d-a8ba-68632b8692ef/element/00000000-0000-0392-ffff-ffff000002d2/location [39m[32m200[39m [90m40 ms - 78[39m
[35m[HTTP][39m [90m[39m
[35m[HTTP][39m [37m-->[39m [37mPOST[39m [37m/wd/hub/session/ea305563-c7a2-4b7d-a8ba-68632b8692ef/timeouts[39m
[35m[HTTP][39m [90m{"implicit":30000}[39m
[35m[HTTP][39m [37m<-- POST /wd/hub/session/ea305563-c7a2-4b7d-a8ba-68632b8692ef/timeouts [39m[32m200[39m [90m2 ms - 14[39m
[35m[HTTP][39m [90m[39m
[35m[HTTP][39m [37m-->[39m [37mPOST[39m [37m/wd/hub/session/ea305563-c7a2-4b7d-a8ba-68632b8692ef/touch/perform[39m
[35m[HTTP][39m [90m{"actions":[{"action":"tap","options":{"x":1,"y":1,"element":"00000000-0000-0392-ffff-ffff000002d2"}},{"action":"release","options":{}}]}[39m
[35m[UiAutomator2][39m calling get location: 00000000-0000-0392-ffff-ffff000002d2
[35m[HTTP][39m [37m<-- POST /wd/hub/session/ea305563-c7a2-4b7d-a8ba-68632b8692ef/touch/perform [39m[32m200[39m [90m314 ms - 14[39m
[35m[HTTP][39m [90m[39m
[35m[HTTP][39m [37m-->[39m [37mPOST[39m [37m/wd/hub/session/ea305563-c7a2-4b7d-a8ba-68632b8692ef/timeouts[39m
[35m[HTTP][39m [90m{"implicit":50}[39m
[35m[HTTP][39m [37m<-- POST /wd/hub/session/ea305563-c7a2-4b7d-a8ba-68632b8692ef/timeouts [39m[32m200[39m [90m1 ms - 14[39m
[35m[HTTP][39m [90m[39m
[35m[HTTP][39m [37m-->[39m [37mGET[39m [37m/wd/hub/session/ea305563-c7a2-4b7d-a8ba-68632b8692ef/window/rect[39m
[35m[HTTP][39m [90m{}[39m
[35m[HTTP][39m [37m<-- GET /wd/hub/session/ea305563-c7a2-4b7d-a8ba-68632b8692ef/window/rect [39m[32m200[39m [90m40 ms - 50[39m
[35m[HTTP][39m [90m[39m
[35m[HTTP][39m [37m-->[39m [37mPOST[39m [37m/wd/hub/session/ea305563-c7a2-4b7d-a8ba-68632b8692ef/elements[39m
[35m[HTTP][39m [90m{"using":"xpath","value":"//*[@class = 'android.widget.TextView' and (@text = 'Lewati' or . = 'Lewati') and @resource-id = 'com.she.sehatq:id/tvSkip']"}[39m
[35m[HTTP][39m [37m<-- POST /wd/hub/session/ea305563-c7a2-4b7d-a8ba-68632b8692ef/elements [39m[32m200[39m [90m504 ms - 12[39m
[35m[HTTP][39m [90m[39m
[35m[HTTP][39m [37m-->[39m [37mPOST[39m [37m/wd/hub/session/ea305563-c7a2-4b7d-a8ba-68632b8692ef/elements[39m
[35m[HTTP][39m [90m{"using":"xpath","value":"//*[@class = 'android.widget.TextView' and (@text = 'Lewati' or . = 'Lewati') and @resource-id = 'com.she.sehatq:id/tvSkip']"}[39m
[35m[HTTP][39m [37m<-- POST /wd/hub/session/ea305563-c7a2-4b7d-a8ba-68632b8692ef/elements [39m[32m200[39m [90m164 ms - 12[39m
[35m[HTTP][39m [90m[39m
[35m[HTTP][39m [37m-->[39m [37mPOST[39m [37m/wd/hub/session/ea305563-c7a2-4b7d-a8ba-68632b8692ef/elements[39m
[35m[HTTP][39m [90m{"using":"xpath","value":"//*[@class = 'android.widget.TextView' and (@text = 'Lewati' or . = 'Lewati') and @resource-id = 'com.she.sehatq:id/tvSkip']"}[39m
[35m[HTTP][39m [37m<-- POST /wd/hub/session/ea305563-c7a2-4b7d-a8ba-68632b8692ef/elements [39m[32m200[39m [90m146 ms - 12[39m
[35m[HTTP][39m [90m[39m
[35m[HTTP][39m [37m-->[39m [37mPOST[39m [37m/wd/hub/session/ea305563-c7a2-4b7d-a8ba-68632b8692ef/elements[39m
[35m[HTTP][39m [90m{"using":"xpath","value":"//*[@class = 'android.widget.TextView' and (@text = 'Lewati' or . = 'Lewati') and @resource-id = 'com.she.sehatq:id/tvSkip']"}[39m
[35m[HTTP][39m [37m<-- POST /wd/hub/session/ea305563-c7a2-4b7d-a8ba-68632b8692ef/elements [39m[32m200[39m [90m133 ms - 12[39m
[35m[HTTP][39m [90m[39m
[35m[HTTP][39m [37m-->[39m [37mPOST[39m [37m/wd/hub/session/ea305563-c7a2-4b7d-a8ba-68632b8692ef/elements[39m
[35m[HTTP][39m [90m{"using":"xpath","value":"//*[@class = 'android.widget.TextView' and (@text = 'Lewati' or . = 'Lewati') and @resource-id = 'com.she.sehatq:id/tvSkip']"}[39m
[35m[HTTP][39m [37m<-- POST /wd/hub/session/ea305563-c7a2-4b7d-a8ba-68632b8692ef/elements [39m[32m200[39m [90m63 ms - 12[39m
[35m[HTTP][39m [90m[39m
[35m[HTTP][39m [37m-->[39m [37mPOST[39m [37m/wd/hub/session/ea305563-c7a2-4b7d-a8ba-68632b8692ef/elements[39m
[35m[HTTP][39m [90m{"using":"xpath","value":"//*[@class = 'android.widget.TextView' and (@text = 'Lewati' or . = 'Lewati') and @resource-id = 'com.she.sehatq:id/tvSkip']"}[39m
[35m[HTTP][39m [37m<-- POST /wd/hub/session/ea305563-c7a2-4b7d-a8ba-68632b8692ef/elements [39m[32m200[39m [90m85 ms - 12[39m
[35m[HTTP][39m [90m[39m
[35m[HTTP][39m [37m-->[39m [37mPOST[39m [37m/wd/hub/session/ea305563-c7a2-4b7d-a8ba-68632b8692ef/elements[39m
[35m[HTTP][39m [90m{"using":"xpath","value":"//*[@class = 'android.widget.TextView' and (@text = 'Lewati' or . = 'Lewati') and @resource-id = 'com.she.sehatq:id/tvSkip']"}[39m
[35m[HTTP][39m [37m<-- POST /wd/hub/session/ea305563-c7a2-4b7d-a8ba-68632b8692ef/elements [39m[32m200[39m [90m321 ms - 12[39m
[35m[HTTP][39m [90m[39m
[35m[HTTP][39m [37m-->[39m [37mPOST[39m [37m/wd/hub/session/ea305563-c7a2-4b7d-a8ba-68632b8692ef/elements[39m
[35m[HTTP][39m [90m{"using":"xpath","value":"//*[@class = 'android.widget.TextView' and (@text = 'Lewati' or . = 'Lewati') and @resource-id = 'com.she.sehatq:id/tvSkip']"}[39m
[35m[HTTP][39m [37m<-- POST /wd/hub/session/ea305563-c7a2-4b7d-a8ba-68632b8692ef/elements [39m[32m200[39m [90m876 ms - 139[39m
[35m[HTTP][39m [90m[39m
[35m[HTTP][39m [37m-->[39m [37mGET[39m [37m/wd/hub/session/ea305563-c7a2-4b7d-a8ba-68632b8692ef/element/00000000-0000-0392-ffff-ffff00000395/location[39m
[35m[HTTP][39m [90m{}[39m
[35m[W3C (ea305563)][39m Driver proxy active, passing request on via HTTP proxy
[35m[WD Proxy][39m Replacing sessionId 4e4c20a5-3965-44d0-b960-9643d50975fd with ea305563-c7a2-4b7d-a8ba-68632b8692ef
[35m[HTTP][39m [37m<-- GET /wd/hub/session/ea305563-c7a2-4b7d-a8ba-68632b8692ef/element/00000000-0000-0392-ffff-ffff00000395/location [39m[32m200[39m [90m581 ms - 79[39m
[35m[HTTP][39m [90m[39m
[35m[HTTP][39m [37m-->[39m [37mPOST[39m [37m/wd/hub/session/ea305563-c7a2-4b7d-a8ba-68632b8692ef/timeouts[39m
[35m[HTTP][39m [90m{"implicit":30000}[39m
[35m[HTTP][39m [37m<-- POST /wd/hub/session/ea305563-c7a2-4b7d-a8ba-68632b8692ef/timeouts [39m[32m200[39m [90m2 ms - 14[39m
[35m[HTTP][39m [90m[39m
[35m[HTTP][39m [37m-->[39m [37mPOST[39m [37m/wd/hub/session/ea305563-c7a2-4b7d-a8ba-68632b8692ef/touch/perform[39m
[35m[HTTP][39m [90m{"actions":[{"action":"tap","options":{"x":1,"y":1,"element":"00000000-0000-0392-ffff-ffff00000395"}},{"action":"release","options":{}}]}[39m
[35m[UiAutomator2][39m calling get location: 00000000-0000-0392-ffff-ffff00000395
[35m[HTTP][39m [37m<-- POST /wd/hub/session/ea305563-c7a2-4b7d-a8ba-68632b8692ef/touch/perform [39m[32m200[39m [90m263 ms - 14[39m
[35m[HTTP][39m [90m[39m
[35m[HTTP][39m [37m-->[39m [37mPOST[39m [37m/wd/hub/session/ea305563-c7a2-4b7d-a8ba-68632b8692ef/timeouts[39m
[35m[HTTP][39m [90m{"implicit":50}[39m
[35m[HTTP][39m [37m<-- POST /wd/hub/session/ea305563-c7a2-4b7d-a8ba-68632b8692ef/timeouts [39m[32m200[39m [90m1 ms - 14[39m
[35m[HTTP][39m [90m[39m
[35m[HTTP][39m [37m-->[39m [37mGET[39m [37m/wd/hub/session/ea305563-c7a2-4b7d-a8ba-68632b8692ef/window/rect[39m
[35m[HTTP][39m [90m{}[39m
[35m[HTTP][39m [37m<-- GET /wd/hub/session/ea305563-c7a2-4b7d-a8ba-68632b8692ef/window/rect [39m[32m200[39m [90m25 ms - 50[39m
[35m[HTTP][39m [90m[39m
[35m[HTTP][39m [37m-->[39m [37mPOST[39m [37m/wd/hub/session/ea305563-c7a2-4b7d-a8ba-68632b8692ef/elements[39m
[35m[HTTP][39m [90m{"using":"xpath","value":"//*[@class = 'android.widget.TextView' and (@text = 'Ya' or . = 'Ya') and @resource-id = 'com.she.sehatq:id/btn_yes']"}[39m
[35m[HTTP][39m [37m<-- POST /wd/hub/session/ea305563-c7a2-4b7d-a8ba-68632b8692ef/elements [39m[32m200[39m [90m534 ms - 139[39m
[35m[HTTP][39m [90m[39m
[35m[HTTP][39m [37m-->[39m [37mGET[39m [37m/wd/hub/session/ea305563-c7a2-4b7d-a8ba-68632b8692ef/element/00000000-0000-0393-ffff-ffff000003b0/location[39m
[35m[HTTP][39m [90m{}[39m
[35m[W3C (ea305563)][39m Driver proxy active, passing request on via HTTP proxy
[35m[WD Proxy][39m Replacing sessionId 4e4c20a5-3965-44d0-b960-9643d50975fd with ea305563-c7a2-4b7d-a8ba-68632b8692ef
[35m[HTTP][39m [37m<-- GET /wd/hub/session/ea305563-c7a2-4b7d-a8ba-68632b8692ef/element/00000000-0000-0393-ffff-ffff000003b0/location [39m[32m200[39m [90m30 ms - 78[39m
[35m[HTTP][39m [90m[39m
[35m[HTTP][39m [37m-->[39m [37mPOST[39m [37m/wd/hub/session/ea305563-c7a2-4b7d-a8ba-68632b8692ef/timeouts[39m
[35m[HTTP][39m [90m{"implicit":30000}[39m
[35m[HTTP][39m [37m<-- POST /wd/hub/session/ea305563-c7a2-4b7d-a8ba-68632b8692ef/timeouts [39m[32m200[39m [90m1 ms - 14[39m
[35m[HTTP][39m [90m[39m
[35m[HTTP][39m [37m-->[39m [37mPOST[39m [37m/wd/hub/session/ea305563-c7a2-4b7d-a8ba-68632b8692ef/touch/perform[39m
[35m[HTTP][39m [90m{"actions":[{"action":"tap","options":{"x":1,"y":1,"element":"00000000-0000-0393-ffff-ffff000003b0"}},{"action":"release","options":{}}]}[39m
[35m[UiAutomator2][39m calling get location: 00000000-0000-0393-ffff-ffff000003b0
[35m[HTTP][39m [37m<-- POST /wd/hub/session/ea305563-c7a2-4b7d-a8ba-68632b8692ef/touch/perform [39m[32m200[39m [90m240 ms - 14[39m
[35m[HTTP][39m [90m[39m
[35m[HTTP][39m [37m-->[39m [37mPOST[39m [37m/wd/hub/session/ea305563-c7a2-4b7d-a8ba-68632b8692ef/timeouts[39m
[35m[HTTP][39m [90m{"implicit":50}[39m
[35m[HTTP][39m [37m<-- POST /wd/hub/session/ea305563-c7a2-4b7d-a8ba-68632b8692ef/timeouts [39m[32m200[39m [90m1 ms - 14[39m
[35m[HTTP][39m [90m[39m
[35m[HTTP][39m [37m-->[39m [37mGET[39m [37m/wd/hub/session/ea305563-c7a2-4b7d-a8ba-68632b8692ef/window/rect[39m
[35m[HTTP][39m [90m{}[39m
[35m[HTTP][39m [37m<-- GET /wd/hub/session/ea305563-c7a2-4b7d-a8ba-68632b8692ef/window/rect [39m[32m200[39m [90m22 ms - 50[39m
[35m[HTTP][39m [90m[39m
[35m[HTTP][39m [37m-->[39m [37mPOST[39m [37m/wd/hub/session/ea305563-c7a2-4b7d-a8ba-68632b8692ef/elements[39m
[35m[HTTP][39m [90m{"using":"xpath","value":"//*[@class = 'android.widget.ImageView' and @resource-id = 'com.she.sehatq:id/ivBack' and (@text = '' or . = '')]"}[39m
[35m[HTTP][39m [37m<-- POST /wd/hub/session/ea305563-c7a2-4b7d-a8ba-68632b8692ef/elements [39m[32m200[39m [90m1502 ms - 139[39m
[35m[HTTP][39m [90m[39m
[35m[HTTP][39m [37m-->[39m [37mGET[39m [37m/wd/hub/session/ea305563-c7a2-4b7d-a8ba-68632b8692ef/element/00000000-0000-0394-ffff-ffff000003be/location[39m
[35m[HTTP][39m [90m{}[39m
[35m[W3C (ea305563)][39m Driver proxy active, passing request on via HTTP proxy
[35m[WD Proxy][39m Replacing sessionId 4e4c20a5-3965-44d0-b960-9643d50975fd with ea305563-c7a2-4b7d-a8ba-68632b8692ef
[35m[HTTP][39m [37m<-- GET /wd/hub/session/ea305563-c7a2-4b7d-a8ba-68632b8692ef/element/00000000-0000-0394-ffff-ffff000003be/location [39m[32m200[39m [90m23 ms - 77[39m
[35m[HTTP][39m [90m[39m
[35m[HTTP][39m [37m-->[39m [37mPOST[39m [37m/wd/hub/session/ea305563-c7a2-4b7d-a8ba-68632b8692ef/timeouts[39m
[35m[HTTP][39m [90m{"implicit":30000}[39m
[35m[HTTP][39m [37m<-- POST /wd/hub/session/ea305563-c7a2-4b7d-a8ba-68632b8692ef/timeouts [39m[32m200[39m [90m2 ms - 14[39m
[35m[HTTP][39m [90m[39m
[35m[HTTP][39m [37m-->[39m [37mPOST[39m [37m/wd/hub/session/ea305563-c7a2-4b7d-a8ba-68632b8692ef/touch/perform[39m
[35m[HTTP][39m [90m{"actions":[{"action":"tap","options":{"x":1,"y":1,"element":"00000000-0000-0394-ffff-ffff000003be"}},{"action":"release","options":{}}]}[39m
[35m[UiAutomator2][39m calling get location: 00000000-0000-0394-ffff-ffff000003be
[35m[HTTP][39m [37m<-- POST /wd/hub/session/ea305563-c7a2-4b7d-a8ba-68632b8692ef/touch/perform [39m[32m200[39m [90m265 ms - 14[39m
[35m[HTTP][39m [90m[39m
[35m[HTTP][39m [37m-->[39m [37mPOST[39m [37m/wd/hub/session/ea305563-c7a2-4b7d-a8ba-68632b8692ef/timeouts[39m
[35m[HTTP][39m [90m{"implicit":50}[39m
[35m[HTTP][39m [37m<-- POST /wd/hub/session/ea305563-c7a2-4b7d-a8ba-68632b8692ef/timeouts [39m[32m200[39m [90m1 ms - 14[39m
[35m[HTTP][39m [90m[39m
[35m[HTTP][39m [37m-->[39m [37mGET[39m [37m/wd/hub/session/ea305563-c7a2-4b7d-a8ba-68632b8692ef/window/rect[39m
[35m[HTTP][39m [90m{}[39m
[35m[HTTP][39m [37m<-- GET /wd/hub/session/ea305563-c7a2-4b7d-a8ba-68632b8692ef/window/rect [39m[32m200[39m [90m19 ms - 50[39m
[35m[HTTP][39m [90m[39m
[35m[HTTP][39m [37m-->[39m [37mPOST[39m [37m/wd/hub/session/ea305563-c7a2-4b7d-a8ba-68632b8692ef/elements[39m
[35m[HTTP][39m [90m{"using":"xpath","value":"//*[@class = 'android.widget.ImageView' and @resource-id = 'com.she.sehatq:id/iv_cart_top_nav' and (@text = '' or . = '')]"}[39m
[35m[HTTP][39m [37m<-- POST /wd/hub/session/ea305563-c7a2-4b7d-a8ba-68632b8692ef/elements [39m[32m200[39m [90m2177 ms - 139[39m
[35m[HTTP][39m [90m[39m
[35m[HTTP][39m [37m-->[39m [37mGET[39m [37m/wd/hub/session/ea305563-c7a2-4b7d-a8ba-68632b8692ef/element/00000000-0000-0391-ffff-ffff0000002e/location[39m
[35m[HTTP][39m [90m{}[39m
[35m[W3C (ea305563)][39m Driver proxy active, passing request on via HTTP proxy
[35m[WD Proxy][39m Replacing sessionId 4e4c20a5-3965-44d0-b960-9643d50975fd with ea305563-c7a2-4b7d-a8ba-68632b8692ef
[35m[HTTP][39m [37m<-- GET /wd/hub/session/ea305563-c7a2-4b7d-a8ba-68632b8692ef/element/00000000-0000-0391-ffff-ffff0000002e/location [39m[32m200[39m [90m221 ms - 78[39m
[35m[HTTP][39m [90m[39m
[35m[HTTP][39m [37m-->[39m [37mPOST[39m [37m/wd/hub/session/ea305563-c7a2-4b7d-a8ba-68632b8692ef/timeouts[39m
[35m[HTTP][39m [90m{"implicit":30000}[39m
[35m[HTTP][39m [37m<-- POST /wd/hub/session/ea305563-c7a2-4b7d-a8ba-68632b8692ef/timeouts [39m[32m200[39m [90m2 ms - 14[39m
[35m[HTTP][39m [90m[39m
[35m[HTTP][39m [37m-->[39m [37mPOST[39m [37m/wd/hub/session/ea305563-c7a2-4b7d-a8ba-68632b8692ef/touch/perform[39m
[35m[HTTP][39m [90m{"actions":[{"action":"tap","options":{"x":1,"y":1,"element":"00000000-0000-0391-ffff-ffff0000002e"}},{"action":"release","options":{}}]}[39m
[35m[UiAutomator2][39m calling get location: 00000000-0000-0391-ffff-ffff0000002e
[35m[HTTP][39m [37m<-- POST /wd/hub/session/ea305563-c7a2-4b7d-a8ba-68632b8692ef/touch/perform [39m[32m200[39m [90m258 ms - 14[39m
[35m[HTTP][39m [90m[39m
[35m[HTTP][39m [37m-->[39m [37mPOST[39m [37m/wd/hub/session/ea305563-c7a2-4b7d-a8ba-68632b8692ef/timeouts[39m
[35m[HTTP][39m [90m{"implicit":50}[39m
[35m[HTTP][39m [37m<-- POST /wd/hub/session/ea305563-c7a2-4b7d-a8ba-68632b8692ef/timeouts [39m[32m200[39m [90m1 ms - 14[39m
[35m[HTTP][39m [90m[39m
[35m[HTTP][39m [37m-->[39m [37mGET[39m [37m/wd/hub/session/ea305563-c7a2-4b7d-a8ba-68632b8692ef/window/rect[39m
[35m[HTTP][39m [90m{}[39m
[35m[HTTP][39m [37m<-- GET /wd/hub/session/ea305563-c7a2-4b7d-a8ba-68632b8692ef/window/rect [39m[32m200[39m [90m11 ms - 50[39m
[35m[HTTP][39m [90m[39m
[35m[HTTP][39m [37m-->[39m [37mPOST[39m [37m/wd/hub/session/ea305563-c7a2-4b7d-a8ba-68632b8692ef/elements[39m
[35m[HTTP][39m [90m{"using":"xpath","value":"//*[@class = 'android.widget.Button' and (@text = 'Belanja Sekarang' or . = 'Belanja Sekarang') and @resource-id = 'com.she.sehatq:id/btnShopping']"}[39m
[35m[HTTP][39m [37m<-- POST /wd/hub/session/ea305563-c7a2-4b7d-a8ba-68632b8692ef/elements [39m[32m200[39m [90m209 ms - 12[39m
[35m[HTTP][39m [90m[39m
[35m[HTTP][39m [37m-->[39m [37mPOST[39m [37m/wd/hub/session/ea305563-c7a2-4b7d-a8ba-68632b8692ef/elements[39m
[35m[HTTP][39m [90m{"using":"xpath","value":"//*[@class = 'android.widget.Button' and (@text = 'Belanja Sekarang' or . = 'Belanja Sekarang') and @resource-id = 'com.she.sehatq:id/btnShopping']"}[39m
[35m[HTTP][39m [37m<-- POST /wd/hub/session/ea305563-c7a2-4b7d-a8ba-68632b8692ef/elements [39m[32m200[39m [90m982 ms - 12[39m
[35m[HTTP][39m [90m[39m
[35m[HTTP][39m [37m-->[39m [37mPOST[39m [37m/wd/hub/session/ea305563-c7a2-4b7d-a8ba-68632b8692ef/elements[39m
[35m[HTTP][39m [90m{"using":"xpath","value":"//*[@class = 'android.widget.Button' and (@text = 'Belanja Sekarang' or . = 'Belanja Sekarang') and @resource-id = 'com.she.sehatq:id/btnShopping']"}[39m
[35m[HTTP][39m [37m<-- POST /wd/hub/session/ea305563-c7a2-4b7d-a8ba-68632b8692ef/elements [39m[32m200[39m [90m95 ms - 12[39m
[35m[HTTP][39m [90m[39m
[35m[HTTP][39m [37m-->[39m [37mPOST[39m [37m/wd/hub/session/ea305563-c7a2-4b7d-a8ba-68632b8692ef/elements[39m
[35m[HTTP][39m [90m{"using":"xpath","value":"//*[@class = 'android.widget.Button' and (@text = 'Belanja Sekarang' or . = 'Belanja Sekarang') and @resource-id = 'com.she.sehatq:id/btnShopping']"}[39m
[35m[HTTP][39m [37m<-- POST /wd/hub/session/ea305563-c7a2-4b7d-a8ba-68632b8692ef/elements [39m[32m200[39m [90m53 ms - 12[39m
[35m[HTTP][39m [90m[39m
[35m[HTTP][39m [37m-->[39m [37mPOST[39m [37m/wd/hub/session/ea305563-c7a2-4b7d-a8ba-68632b8692ef/elements[39m
[35m[HTTP][39m [90m{"using":"xpath","value":"//*[@class = 'android.widget.Button' and (@text = 'Belanja Sekarang' or . = 'Belanja Sekarang') and @resource-id = 'com.she.sehatq:id/btnShopping']"}[39m
[35m[HTTP][39m [37m<-- POST /wd/hub/session/ea305563-c7a2-4b7d-a8ba-68632b8692ef/elements [39m[32m200[39m [90m113 ms - 12[39m
[35m[HTTP][39m [90m[39m
[35m[HTTP][39m [37m-->[39m [37mPOST[39m [37m/wd/hub/session/ea305563-c7a2-4b7d-a8ba-68632b8692ef/elements[39m
[35m[HTTP][39m [90m{"using":"xpath","value":"//*[@class = 'android.widget.Button' and (@text = 'Belanja Sekarang' or . = 'Belanja Sekarang') and @resource-id = 'com.she.sehatq:id/btnShopping']"}[39m
[35m[HTTP][39m [37m<-- POST /wd/hub/session/ea305563-c7a2-4b7d-a8ba-68632b8692ef/elements [39m[32m200[39m [90m186 ms - 12[39m
[35m[HTTP][39m [90m[39m
[35m[HTTP][39m [37m-->[39m [37mPOST[39m [37m/wd/hub/session/ea305563-c7a2-4b7d-a8ba-68632b8692ef/elements[39m
[35m[HTTP][39m [90m{"using":"xpath","value":"//*[@class = 'android.widget.Button' and (@text = 'Belanja Sekarang' or . = 'Belanja Sekarang') and @resource-id = 'com.she.sehatq:id/btnShopping']"}[39m
[35m[HTTP][39m [37m<-- POST /wd/hub/session/ea305563-c7a2-4b7d-a8ba-68632b8692ef/elements [39m[32m200[39m [90m1063 ms - 12[39m
[35m[HTTP][39m [90m[39m
[35m[HTTP][39m [37m-->[39m [37mPOST[39m [37m/wd/hub/session/ea305563-c7a2-4b7d-a8ba-68632b8692ef/elements[39m
[35m[HTTP][39m [90m{"using":"xpath","value":"//*[@class = 'android.widget.Button' and (@text = 'Belanja Sekarang' or . = 'Belanja Sekarang') and @resource-id = 'com.she.sehatq:id/btnShopping']"}[39m
[35m[HTTP][39m [37m<-- POST /wd/hub/session/ea305563-c7a2-4b7d-a8ba-68632b8692ef/elements [39m[32m200[39m [90m85 ms - 12[39m
[35m[HTTP][39m [90m[39m
[35m[HTTP][39m [37m-->[39m [37mPOST[39m [37m/wd/hub/session/ea305563-c7a2-4b7d-a8ba-68632b8692ef/elements[39m
[35m[HTTP][39m [90m{"using":"xpath","value":"//*[@class = 'android.widget.Button' and (@text = 'Belanja Sekarang' or . = 'Belanja Sekarang') and @resource-id = 'com.she.sehatq:id/btnShopping']"}[39m
[35m[HTTP][39m [37m<-- POST /wd/hub/session/ea305563-c7a2-4b7d-a8ba-68632b8692ef/elements [39m[32m200[39m [90m82 ms - 12[39m
[35m[HTTP][39m [90m[39m
[35m[HTTP][39m [37m-->[39m [37mPOST[39m [37m/wd/hub/session/ea305563-c7a2-4b7d-a8ba-68632b8692ef/elements[39m
[35m[HTTP][39m [90m{"using":"xpath","value":"//*[@class = 'android.widget.Button' and (@text = 'Belanja Sekarang' or . = 'Belanja Sekarang') and @resource-id = 'com.she.sehatq:id/btnShopping']"}[39m
[35m[HTTP][39m [37m<-- POST /wd/hub/session/ea305563-c7a2-4b7d-a8ba-68632b8692ef/elements [39m[32m200[39m [90m106 ms - 12[39m
[35m[HTTP][39m [90m[39m
[35m[HTTP][39m [37m-->[39m [37mPOST[39m [37m/wd/hub/session/ea305563-c7a2-4b7d-a8ba-68632b8692ef/elements[39m
[35m[HTTP][39m [90m{"using":"xpath","value":"//*[@class = 'android.widget.Button' and (@text = 'Belanja Sekarang' or . = 'Belanja Sekarang') and @resource-id = 'com.she.sehatq:id/btnShopping']"}[39m
[35m[HTTP][39m [37m<-- POST /wd/hub/session/ea305563-c7a2-4b7d-a8ba-68632b8692ef/elements [39m[32m200[39m [90m83 ms - 12[39m
[35m[HTTP][39m [90m[39m
[35m[HTTP][39m [37m-->[39m [37mPOST[39m [37m/wd/hub/session/ea305563-c7a2-4b7d-a8ba-68632b8692ef/elements[39m
[35m[HTTP][39m [90m{"using":"xpath","value":"//*[@class = 'android.widget.Button' and (@text = 'Belanja Sekarang' or . = 'Belanja Sekarang') and @resource-id = 'com.she.sehatq:id/btnShopping']"}[39m
[35m[HTTP][39m [37m<-- POST /wd/hub/session/ea305563-c7a2-4b7d-a8ba-68632b8692ef/elements [39m[32m200[39m [90m82 ms - 12[39m
[35m[HTTP][39m [90m[39m
[35m[HTTP][39m [37m-->[39m [37mPOST[39m [37m/wd/hub/session/ea305563-c7a2-4b7d-a8ba-68632b8692ef/elements[39m
[35m[HTTP][39m [90m{"using":"xpath","value":"//*[@class = 'android.widget.Button' and (@text = 'Belanja Sekarang' or . = 'Belanja Sekarang') and @resource-id = 'com.she.sehatq:id/btnShopping']"}[39m
[35m[HTTP][39m [37m<-- POST /wd/hub/session/ea305563-c7a2-4b7d-a8ba-68632b8692ef/elements [39m[32m200[39m [90m96 ms - 12[39m
[35m[HTTP][39m [90m[39m
[35m[HTTP][39m [37m-->[39m [37mPOST[39m [37m/wd/hub/session/ea305563-c7a2-4b7d-a8ba-68632b8692ef/elements[39m
[35m[HTTP][39m [90m{"using":"xpath","value":"//*[@class = 'android.widget.Button' and (@text = 'Belanja Sekarang' or . = 'Belanja Sekarang') and @resource-id = 'com.she.sehatq:id/btnShopping']"}[39m
[35m[HTTP][39m [37m<-- POST /wd/hub/session/ea305563-c7a2-4b7d-a8ba-68632b8692ef/elements [39m[32m200[39m [90m64 ms - 12[39m
[35m[HTTP][39m [90m[39m
[35m[HTTP][39m [37m-->[39m [37mPOST[39m [37m/wd/hub/session/ea305563-c7a2-4b7d-a8ba-68632b8692ef/elements[39m
[35m[HTTP][39m [90m{"using":"xpath","value":"//*[@class = 'android.widget.Button' and (@text = 'Belanja Sekarang' or . = 'Belanja Sekarang') and @resource-id = 'com.she.sehatq:id/btnShopping']"}[39m
[35m[HTTP][39m [37m<-- POST /wd/hub/session/ea305563-c7a2-4b7d-a8ba-68632b8692ef/elements [39m[32m200[39m [90m93 ms - 12[39m
[35m[HTTP][39m [90m[39m
[35m[HTTP][39m [37m-->[39m [37mPOST[39m [37m/wd/hub/session/ea305563-c7a2-4b7d-a8ba-68632b8692ef/elements[39m
[35m[HTTP][39m [90m{"using":"xpath","value":"//*[@class = 'android.widget.Button' and (@text = 'Belanja Sekarang' or . = 'Belanja Sekarang') and @resource-id = 'com.she.sehatq:id/btnShopping']"}[39m
[35m[HTTP][39m [37m<-- POST /wd/hub/session/ea305563-c7a2-4b7d-a8ba-68632b8692ef/elements [39m[32m200[39m [90m114 ms - 12[39m
[35m[HTTP][39m [90m[39m
[35m[HTTP][39m [37m-->[39m [37mPOST[39m [37m/wd/hub/session/ea305563-c7a2-4b7d-a8ba-68632b8692ef/elements[39m
[35m[HTTP][39m [90m{"using":"xpath","value":"//*[@class = 'android.widget.Button' and (@text = 'Belanja Sekarang' or . = 'Belanja Sekarang') and @resource-id = 'com.she.sehatq:id/btnShopping']"}[39m
[35m[HTTP][39m [37m<-- POST /wd/hub/session/ea305563-c7a2-4b7d-a8ba-68632b8692ef/elements [39m[32m200[39m [90m104 ms - 12[39m
[35m[HTTP][39m [90m[39m
[35m[HTTP][39m [37m-->[39m [37mPOST[39m [37m/wd/hub/session/ea305563-c7a2-4b7d-a8ba-68632b8692ef/elements[39m
[35m[HTTP][39m [90m{"using":"xpath","value":"//*[@class = 'android.widget.Button' and (@text = 'Belanja Sekarang' or . = 'Belanja Sekarang') and @resource-id = 'com.she.sehatq:id/btnShopping']"}[39m
[35m[HTTP][39m [37m<-- POST /wd/hub/session/ea305563-c7a2-4b7d-a8ba-68632b8692ef/elements [39m[32m200[39m [90m93 ms - 12[39m
[35m[HTTP][39m [90m[39m
[35m[HTTP][39m [37m-->[39m [37mPOST[39m [37m/wd/hub/session/ea305563-c7a2-4b7d-a8ba-68632b8692ef/elements[39m
[35m[HTTP][39m [90m{"using":"xpath","value":"//*[@class = 'android.widget.Button' and (@text = 'Belanja Sekarang' or . = 'Belanja Sekarang') and @resource-id = 'com.she.sehatq:id/btnShopping']"}[39m
[35m[HTTP][39m [37m<-- POST /wd/hub/session/ea305563-c7a2-4b7d-a8ba-68632b8692ef/elements [39m[32m200[39m [90m115 ms - 12[39m
[35m[HTTP][39m [90m[39m
[35m[HTTP][39m [37m-->[39m [37mPOST[39m [37m/wd/hub/session/ea305563-c7a2-4b7d-a8ba-68632b8692ef/elements[39m
[35m[HTTP][39m [90m{"using":"xpath","value":"//*[@class = 'android.widget.Button' and (@text = 'Belanja Sekarang' or . = 'Belanja Sekarang') and @resource-id = 'com.she.sehatq:id/btnShopping']"}[39m
[35m[HTTP][39m [37m<-- POST /wd/hub/session/ea305563-c7a2-4b7d-a8ba-68632b8692ef/elements [39m[32m200[39m [90m73 ms - 12[39m
[35m[HTTP][39m [90m[39m
[35m[HTTP][39m [37m-->[39m [37mPOST[39m [37m/wd/hub/session/ea305563-c7a2-4b7d-a8ba-68632b8692ef/elements[39m
[35m[HTTP][39m [90m{"using":"xpath","value":"//*[@class = 'android.widget.Button' and (@text = 'Belanja Sekarang' or . = 'Belanja Sekarang') and @resource-id = 'com.she.sehatq:id/btnShopping']"}[39m
[35m[HTTP][39m [37m<-- POST /wd/hub/session/ea305563-c7a2-4b7d-a8ba-68632b8692ef/elements [39m[32m200[39m [90m62 ms - 12[39m
[35m[HTTP][39m [90m[39m
[35m[HTTP][39m [37m-->[39m [37mPOST[39m [37m/wd/hub/session/ea305563-c7a2-4b7d-a8ba-68632b8692ef/elements[39m
[35m[HTTP][39m [90m{"using":"xpath","value":"//*[@class = 'android.widget.Button' and (@text = 'Belanja Sekarang' or . = 'Belanja Sekarang') and @resource-id = 'com.she.sehatq:id/btnShopping']"}[39m
[35m[HTTP][39m [37m<-- POST /wd/hub/session/ea305563-c7a2-4b7d-a8ba-68632b8692ef/elements [39m[32m200[39m [90m110 ms - 12[39m
[35m[HTTP][39m [90m[39m
[35m[HTTP][39m [37m-->[39m [37mPOST[39m [37m/wd/hub/session/ea305563-c7a2-4b7d-a8ba-68632b8692ef/elements[39m
[35m[HTTP][39m [90m{"using":"xpath","value":"//*[@class = 'android.widget.Button' and (@text = 'Belanja Sekarang' or . = 'Belanja Sekarang') and @resource-id = 'com.she.sehatq:id/btnShopping']"}[39m
[35m[HTTP][39m [37m<-- POST /wd/hub/session/ea305563-c7a2-4b7d-a8ba-68632b8692ef/elements [39m[32m200[39m [90m106 ms - 12[39m
[35m[HTTP][39m [90m[39m
[35m[HTTP][39m [37m-->[39m [37mPOST[39m [37m/wd/hub/session/ea305563-c7a2-4b7d-a8ba-68632b8692ef/elements[39m
[35m[HTTP][39m [90m{"using":"xpath","value":"//*[@class = 'android.widget.Button' and (@text = 'Belanja Sekarang' or . = 'Belanja Sekarang') and @resource-id = 'com.she.sehatq:id/btnShopping']"}[39m
[35m[HTTP][39m [37m<-- POST /wd/hub/session/ea305563-c7a2-4b7d-a8ba-68632b8692ef/elements [39m[32m200[39m [90m104 ms - 12[39m
[35m[HTTP][39m [90m[39m
[35m[HTTP][39m [37m-->[39m [37mPOST[39m [37m/wd/hub/session/ea305563-c7a2-4b7d-a8ba-68632b8692ef/elements[39m
[35m[HTTP][39m [90m{"using":"xpath","value":"//*[@class = 'android.widget.Button' and (@text = 'Belanja Sekarang' or . = 'Belanja Sekarang') and @resource-id = 'com.she.sehatq:id/btnShopping']"}[39m
[35m[HTTP][39m [37m<-- POST /wd/hub/session/ea305563-c7a2-4b7d-a8ba-68632b8692ef/elements [39m[32m200[39m [90m100 ms - 12[39m
[35m[HTTP][39m [90m[39m
[35m[HTTP][39m [37m-->[39m [37mPOST[39m [37m/wd/hub/session/ea305563-c7a2-4b7d-a8ba-68632b8692ef/elements[39m
[35m[HTTP][39m [90m{"using":"xpath","value":"//*[@class = 'android.widget.Button' and (@text = 'Belanja Sekarang' or . = 'Belanja Sekarang') and @resource-id = 'com.she.sehatq:id/btnShopping']"}[39m
[35m[HTTP][39m [37m<-- POST /wd/hub/session/ea305563-c7a2-4b7d-a8ba-68632b8692ef/elements [39m[32m200[39m [90m78 ms - 12[39m
[35m[HTTP][39m [90m[39m
[35m[HTTP][39m [37m-->[39m [37mPOST[39m [37m/wd/hub/session/ea305563-c7a2-4b7d-a8ba-68632b8692ef/elements[39m
[35m[HTTP][39m [90m{"using":"xpath","value":"//*[@class = 'android.widget.Button' and (@text = 'Belanja Sekarang' or . = 'Belanja Sekarang') and @resource-id = 'com.she.sehatq:id/btnShopping']"}[39m
[35m[HTTP][39m [37m<-- POST /wd/hub/session/ea305563-c7a2-4b7d-a8ba-68632b8692ef/elements [39m[32m200[39m [90m66 ms - 12[39m
[35m[HTTP][39m [90m[39m
[35m[HTTP][39m [37m-->[39m [37mPOST[39m [37m/wd/hub/session/ea305563-c7a2-4b7d-a8ba-68632b8692ef/elements[39m
[35m[HTTP][39m [90m{"using":"xpath","value":"//*[@class = 'android.widget.Button' and (@text = 'Belanja Sekarang' or . = 'Belanja Sekarang') and @resource-id = 'com.she.sehatq:id/btnShopping']"}[39m
[35m[HTTP][39m [37m<-- POST /wd/hub/session/ea305563-c7a2-4b7d-a8ba-68632b8692ef/elements [39m[32m200[39m [90m80 ms - 12[39m
[35m[HTTP][39m [90m[39m
[35m[HTTP][39m [37m-->[39m [37mPOST[39m [37m/wd/hub/session/ea305563-c7a2-4b7d-a8ba-68632b8692ef/elements[39m
[35m[HTTP][39m [90m{"using":"xpath","value":"//*[@class = 'android.widget.Button' and (@text = 'Belanja Sekarang' or . = 'Belanja Sekarang') and @resource-id = 'com.she.sehatq:id/btnShopping']"}[39m
[35m[HTTP][39m [37m<-- POST /wd/hub/session/ea305563-c7a2-4b7d-a8ba-68632b8692ef/elements [39m[32m200[39m [90m100 ms - 12[39m
[35m[HTTP][39m [90m[39m
[35m[HTTP][39m [37m-->[39m [37mPOST[39m [37m/wd/hub/session/ea305563-c7a2-4b7d-a8ba-68632b8692ef/elements[39m
[35m[HTTP][39m [90m{"using":"xpath","value":"//*[@class = 'android.widget.Button' and (@text = 'Belanja Sekarang' or . = 'Belanja Sekarang') and @resource-id = 'com.she.sehatq:id/btnShopping']"}[39m
[35m[HTTP][39m [37m<-- POST /wd/hub/session/ea305563-c7a2-4b7d-a8ba-68632b8692ef/elements [39m[32m200[39m [90m110 ms - 12[39m
[35m[HTTP][39m [90m[39m
[35m[HTTP][39m [37m-->[39m [37mPOST[39m [37m/wd/hub/session/ea305563-c7a2-4b7d-a8ba-68632b8692ef/elements[39m
[35m[HTTP][39m [90m{"using":"xpath","value":"//*[@class = 'android.widget.Button' and (@text = 'Belanja Sekarang' or . = 'Belanja Sekarang') and @resource-id = 'com.she.sehatq:id/btnShopping']"}[39m
[35m[HTTP][39m [37m<-- POST /wd/hub/session/ea305563-c7a2-4b7d-a8ba-68632b8692ef/elements [39m[32m200[39m [90m111 ms - 12[39m
[35m[HTTP][39m [90m[39m
[35m[HTTP][39m [37m-->[39m [37mPOST[39m [37m/wd/hub/session/ea305563-c7a2-4b7d-a8ba-68632b8692ef/elements[39m
[35m[HTTP][39m [90m{"using":"xpath","value":"//*[@class = 'android.widget.Button' and (@text = 'Belanja Sekarang' or . = 'Belanja Sekarang') and @resource-id = 'com.she.sehatq:id/btnShopping']"}[39m
[35m[HTTP][39m [37m<-- POST /wd/hub/session/ea305563-c7a2-4b7d-a8ba-68632b8692ef/elements [39m[32m200[39m [90m111 ms - 12[39m
[35m[HTTP][39m [90m[39m
[35m[HTTP][39m [37m-->[39m [37mPOST[39m [37m/wd/hub/session/ea305563-c7a2-4b7d-a8ba-68632b8692ef/elements[39m
[35m[HTTP][39m [90m{"using":"xpath","value":"//*[@class = 'android.widget.Button' and (@text = 'Belanja Sekarang' or . = 'Belanja Sekarang') and @resource-id = 'com.she.sehatq:id/btnShopping']"}[39m
[35m[HTTP][39m [37m<-- POST /wd/hub/session/ea305563-c7a2-4b7d-a8ba-68632b8692ef/elements [39m[32m200[39m [90m113 ms - 12[39m
[35m[HTTP][39m [90m[39m
[35m[HTTP][39m [37m-->[39m [37mPOST[39m [37m/wd/hub/session/ea305563-c7a2-4b7d-a8ba-68632b8692ef/elements[39m
[35m[HTTP][39m [90m{"using":"xpath","value":"//*[@class = 'android.widget.Button' and (@text = 'Belanja Sekarang' or . = 'Belanja Sekarang') and @resource-id = 'com.she.sehatq:id/btnShopping']"}[39m
[35m[HTTP][39m [37m<-- POST /wd/hub/session/ea305563-c7a2-4b7d-a8ba-68632b8692ef/elements [39m[32m200[39m [90m97 ms - 12[39m
[35m[HTTP][39m [90m[39m
[35m[HTTP][39m [37m-->[39m [37mPOST[39m [37m/wd/hub/session/ea305563-c7a2-4b7d-a8ba-68632b8692ef/elements[39m
[35m[HTTP][39m [90m{"using":"xpath","value":"//*[@class = 'android.widget.Button' and (@text = 'Belanja Sekarang' or . = 'Belanja Sekarang') and @resource-id = 'com.she.sehatq:id/btnShopping']"}[39m
[35m[HTTP][39m [37m<-- POST /wd/hub/session/ea305563-c7a2-4b7d-a8ba-68632b8692ef/elements [39m[32m200[39m [90m82 ms - 12[39m
[35m[HTTP][39m [90m[39m
[35m[HTTP][39m [37m-->[39m [37mPOST[39m [37m/wd/hub/session/ea305563-c7a2-4b7d-a8ba-68632b8692ef/elements[39m
[35m[HTTP][39m [90m{"using":"xpath","value":"//*[@class = 'android.widget.Button' and (@text = 'Belanja Sekarang' or . = 'Belanja Sekarang') and @resource-id = 'com.she.sehatq:id/btnShopping']"}[39m
[35m[HTTP][39m [37m<-- POST /wd/hub/session/ea305563-c7a2-4b7d-a8ba-68632b8692ef/elements [39m[32m200[39m [90m67 ms - 12[39m
[35m[HTTP][39m [90m[39m
[35m[HTTP][39m [37m-->[39m [37mPOST[39m [37m/wd/hub/session/ea305563-c7a2-4b7d-a8ba-68632b8692ef/elements[39m
[35m[HTTP][39m [90m{"using":"xpath","value":"//*[@class = 'android.widget.Button' and (@text = 'Belanja Sekarang' or . = 'Belanja Sekarang') and @resource-id = 'com.she.sehatq:id/btnShopping']"}[39m
[35m[HTTP][39m [37m<-- POST /wd/hub/session/ea305563-c7a2-4b7d-a8ba-68632b8692ef/elements [39m[32m200[39m [90m98 ms - 12[39m
[35m[HTTP][39m [90m[39m
[35m[HTTP][39m [37m-->[39m [37mPOST[39m [37m/wd/hub/session/ea305563-c7a2-4b7d-a8ba-68632b8692ef/elements[39m
[35m[HTTP][39m [90m{"using":"xpath","value":"//*[@class = 'android.widget.Button' and (@text = 'Belanja Sekarang' or . = 'Belanja Sekarang') and @resource-id = 'com.she.sehatq:id/btnShopping']"}[39m
[35m[HTTP][39m [37m<-- POST /wd/hub/session/ea305563-c7a2-4b7d-a8ba-68632b8692ef/elements [39m[32m200[39m [90m107 ms - 12[39m
[35m[HTTP][39m [90m[39m
[35m[HTTP][39m [37m-->[39m [37mPOST[39m [37m/wd/hub/session/ea305563-c7a2-4b7d-a8ba-68632b8692ef/elements[39m
[35m[HTTP][39m [90m{"using":"xpath","value":"//*[@class = 'android.widget.Button' and (@text = 'Belanja Sekarang' or . = 'Belanja Sekarang') and @resource-id = 'com.she.sehatq:id/btnShopping']"}[39m
[35m[HTTP][39m [37m<-- POST /wd/hub/session/ea305563-c7a2-4b7d-a8ba-68632b8692ef/elements [39m[32m200[39m [90m106 ms - 12[39m
[35m[HTTP][39m [90m[39m
[35m[HTTP][39m [37m-->[39m [37mPOST[39m [37m/wd/hub/session/ea305563-c7a2-4b7d-a8ba-68632b8692ef/elements[39m
[35m[HTTP][39m [90m{"using":"xpath","value":"//*[@class = 'android.widget.Button' and (@text = 'Belanja Sekarang' or . = 'Belanja Sekarang') and @resource-id = 'com.she.sehatq:id/btnShopping']"}[39m
[35m[HTTP][39m [37m<-- POST /wd/hub/session/ea305563-c7a2-4b7d-a8ba-68632b8692ef/elements [39m[32m200[39m [90m117 ms - 12[39m
[35m[HTTP][39m [90m[39m
[35m[HTTP][39m [37m-->[39m [37mPOST[39m [37m/wd/hub/session/ea305563-c7a2-4b7d-a8ba-68632b8692ef/elements[39m
[35m[HTTP][39m [90m{"using":"xpath","value":"//*[@class = 'android.widget.Button' and (@text = 'Belanja Sekarang' or . = 'Belanja Sekarang') and @resource-id = 'com.she.sehatq:id/btnShopping']"}[39m
[35m[HTTP][39m [37m<-- POST /wd/hub/session/ea305563-c7a2-4b7d-a8ba-68632b8692ef/elements [39m[32m200[39m [90m114 ms - 12[39m
[35m[HTTP][39m [90m[39m
[35m[HTTP][39m [37m-->[39m [37mPOST[39m [37m/wd/hub/session/ea305563-c7a2-4b7d-a8ba-68632b8692ef/elements[39m
[35m[HTTP][39m [90m{"using":"xpath","value":"//*[@class = 'android.widget.Button' and (@text = 'Belanja Sekarang' or . = 'Belanja Sekarang') and @resource-id = 'com.she.sehatq:id/btnShopping']"}[39m
[35m[HTTP][39m [37m<-- POST /wd/hub/session/ea305563-c7a2-4b7d-a8ba-68632b8692ef/elements [39m[32m200[39m [90m92 ms - 12[39m
[35m[HTTP][39m [90m[39m
[35m[HTTP][39m [37m-->[39m [37mPOST[39m [37m/wd/hub/session/ea305563-c7a2-4b7d-a8ba-68632b8692ef/elements[39m
[35m[HTTP][39m [90m{"using":"xpath","value":"//*[@class = 'android.widget.Button' and (@text = 'Belanja Sekarang' or . = 'Belanja Sekarang') and @resource-id = 'com.she.sehatq:id/btnShopping']"}[39m
[35m[HTTP][39m [37m<-- POST /wd/hub/session/ea305563-c7a2-4b7d-a8ba-68632b8692ef/elements [39m[32m200[39m [90m80 ms - 12[39m
[35m[HTTP][39m [90m[39m
[35m[HTTP][39m [37m-->[39m [37mPOST[39m [37m/wd/hub/session/ea305563-c7a2-4b7d-a8ba-68632b8692ef/elements[39m
[35m[HTTP][39m [90m{"using":"xpath","value":"//*[@class = 'android.widget.Button' and (@text = 'Belanja Sekarang' or . = 'Belanja Sekarang') and @resource-id = 'com.she.sehatq:id/btnShopping']"}[39m
[35m[HTTP][39m [37m<-- POST /wd/hub/session/ea305563-c7a2-4b7d-a8ba-68632b8692ef/elements [39m[32m200[39m [90m65 ms - 12[39m
[35m[HTTP][39m [90m[39m
[35m[HTTP][39m [37m-->[39m [37mPOST[39m [37m/wd/hub/session/ea305563-c7a2-4b7d-a8ba-68632b8692ef/elements[39m
[35m[HTTP][39m [90m{"using":"xpath","value":"//*[@class = 'android.widget.Button' and (@text = 'Belanja Sekarang' or . = 'Belanja Sekarang') and @resource-id = 'com.she.sehatq:id/btnShopping']"}[39m
[35m[HTTP][39m [37m<-- POST /wd/hub/session/ea305563-c7a2-4b7d-a8ba-68632b8692ef/elements [39m[32m200[39m [90m88 ms - 12[39m
[35m[HTTP][39m [90m[39m
[35m[HTTP][39m [37m-->[39m [37mPOST[39m [37m/wd/hub/session/ea305563-c7a2-4b7d-a8ba-68632b8692ef/elements[39m
[35m[HTTP][39m [90m{"using":"xpath","value":"//*[@class = 'android.widget.Button' and (@text = 'Belanja Sekarang' or . = 'Belanja Sekarang') and @resource-id = 'com.she.sehatq:id/btnShopping']"}[39m
[35m[HTTP][39m [37m<-- POST /wd/hub/session/ea305563-c7a2-4b7d-a8ba-68632b8692ef/elements [39m[32m200[39m [90m81 ms - 12[39m
[35m[HTTP][39m [90m[39m
[35m[HTTP][39m [37m-->[39m [37mPOST[39m [37m/wd/hub/session/ea305563-c7a2-4b7d-a8ba-68632b8692ef/elements[39m
[35m[HTTP][39m [90m{"using":"xpath","value":"//*[@class = 'android.widget.Button' and (@text = 'Belanja Sekarang' or . = 'Belanja Sekarang') and @resource-id = 'com.she.sehatq:id/btnShopping']"}[39m
[35m[HTTP][39m [37m<-- POST /wd/hub/session/ea305563-c7a2-4b7d-a8ba-68632b8692ef/elements [39m[32m200[39m [90m101 ms - 12[39m
[35m[HTTP][39m [90m[39m
[35m[HTTP][39m [37m-->[39m [37mPOST[39m [37m/wd/hub/session/ea305563-c7a2-4b7d-a8ba-68632b8692ef/elements[39m
[35m[HTTP][39m [90m{"using":"xpath","value":"//*[@class = 'android.widget.Button' and (@text = 'Belanja Sekarang' or . = 'Belanja Sekarang') and @resource-id = 'com.she.sehatq:id/btnShopping']"}[39m
[35m[HTTP][39m [37m<-- POST /wd/hub/session/ea305563-c7a2-4b7d-a8ba-68632b8692ef/elements [39m[32m200[39m [90m87 ms - 12[39m
[35m[HTTP][39m [90m[39m
[35m[HTTP][39m [37m-->[39m [37mPOST[39m [37m/wd/hub/session/ea305563-c7a2-4b7d-a8ba-68632b8692ef/elements[39m
[35m[HTTP][39m [90m{"using":"xpath","value":"//*[@class = 'android.widget.Button' and (@text = 'Belanja Sekarang' or . = 'Belanja Sekarang') and @resource-id = 'com.she.sehatq:id/btnShopping']"}[39m
[35m[HTTP][39m [37m<-- POST /wd/hub/session/ea305563-c7a2-4b7d-a8ba-68632b8692ef/elements [39m[32m200[39m [90m112 ms - 12[39m
[35m[HTTP][39m [90m[39m
[35m[HTTP][39m [37m-->[39m [37mPOST[39m [37m/wd/hub/session/ea305563-c7a2-4b7d-a8ba-68632b8692ef/elements[39m
[35m[HTTP][39m [90m{"using":"xpath","value":"//*[@class = 'android.widget.Button' and (@text = 'Belanja Sekarang' or . = 'Belanja Sekarang') and @resource-id = 'com.she.sehatq:id/btnShopping']"}[39m
[35m[HTTP][39m [37m<-- POST /wd/hub/session/ea305563-c7a2-4b7d-a8ba-68632b8692ef/elements [39m[32m200[39m [90m114 ms - 12[39m
[35m[HTTP][39m [90m[39m
[35m[HTTP][39m [37m-->[39m [37mPOST[39m [37m/wd/hub/session/ea305563-c7a2-4b7d-a8ba-68632b8692ef/elements[39m
[35m[HTTP][39m [90m{"using":"xpath","value":"//*[@class = 'android.widget.Button' and (@text = 'Belanja Sekarang' or . = 'Belanja Sekarang') and @resource-id = 'com.she.sehatq:id/btnShopping']"}[39m
[35m[HTTP][39m [37m<-- POST /wd/hub/session/ea305563-c7a2-4b7d-a8ba-68632b8692ef/elements [39m[32m200[39m [90m90 ms - 12[39m
[35m[HTTP][39m [90m[39m
[35m[HTTP][39m [37m-->[39m [37mPOST[39m [37m/wd/hub/session/ea305563-c7a2-4b7d-a8ba-68632b8692ef/elements[39m
[35m[HTTP][39m [90m{"using":"xpath","value":"//*[@class = 'android.widget.Button' and (@text = 'Belanja Sekarang' or . = 'Belanja Sekarang') and @resource-id = 'com.she.sehatq:id/btnShopping']"}[39m
[35m[HTTP][39m [37m<-- POST /wd/hub/session/ea305563-c7a2-4b7d-a8ba-68632b8692ef/elements [39m[32m200[39m [90m91 ms - 12[39m
[35m[HTTP][39m [90m[39m
[35m[HTTP][39m [37m-->[39m [37mPOST[39m [37m/wd/hub/session/ea305563-c7a2-4b7d-a8ba-68632b8692ef/elements[39m
[35m[HTTP][39m [90m{"using":"xpath","value":"//*[@class = 'android.widget.Button' and (@text = 'Belanja Sekarang' or . = 'Belanja Sekarang') and @resource-id = 'com.she.sehatq:id/btnShopping']"}[39m
[35m[HTTP][39m [37m<-- POST /wd/hub/session/ea305563-c7a2-4b7d-a8ba-68632b8692ef/elements [39m[32m200[39m [90m76 ms - 12[39m
[35m[HTTP][39m [90m[39m
[35m[HTTP][39m [37m-->[39m [37mPOST[39m [37m/wd/hub/session/ea305563-c7a2-4b7d-a8ba-68632b8692ef/elements[39m
[35m[HTTP][39m [90m{"using":"xpath","value":"//*[@class = 'android.widget.Button' and (@text = 'Belanja Sekarang' or . = 'Belanja Sekarang') and @resource-id = 'com.she.sehatq:id/btnShopping']"}[39m
[35m[HTTP][39m [37m<-- POST /wd/hub/session/ea305563-c7a2-4b7d-a8ba-68632b8692ef/elements [39m[32m200[39m [90m77 ms - 12[39m
[35m[HTTP][39m [90m[39m
[35m[HTTP][39m [37m-->[39m [37mPOST[39m [37m/wd/hub/session/ea305563-c7a2-4b7d-a8ba-68632b8692ef/elements[39m
[35m[HTTP][39m [90m{"using":"xpath","value":"//*[@class = 'android.widget.Button' and (@text = 'Belanja Sekarang' or . = 'Belanja Sekarang') and @resource-id = 'com.she.sehatq:id/btnShopping']"}[39m
[35m[HTTP][39m [37m<-- POST /wd/hub/session/ea305563-c7a2-4b7d-a8ba-68632b8692ef/elements [39m[32m200[39m [90m90 ms - 12[39m
[35m[HTTP][39m [90m[39m
[35m[HTTP][39m [37m-->[39m [37mPOST[39m [37m/wd/hub/session/ea305563-c7a2-4b7d-a8ba-68632b8692ef/elements[39m
[35m[HTTP][39m [90m{"using":"xpath","value":"//*[@class = 'android.widget.Button' and (@text = 'Belanja Sekarang' or . = 'Belanja Sekarang') and @resource-id = 'com.she.sehatq:id/btnShopping']"}[39m
[35m[HTTP][39m [37m<-- POST /wd/hub/session/ea305563-c7a2-4b7d-a8ba-68632b8692ef/elements [39m[32m200[39m [90m96 ms - 12[39m
[35m[HTTP][39m [90m[39m
[35m[HTTP][39m [37m-->[39m [37mPOST[39m [37m/wd/hub/session/ea305563-c7a2-4b7d-a8ba-68632b8692ef/elements[39m
[35m[HTTP][39m [90m{"using":"xpath","value":"//*[@class = 'android.widget.Button' and (@text = 'Belanja Sekarang' or . = 'Belanja Sekarang') and @resource-id = 'com.she.sehatq:id/btnShopping']"}[39m
[35m[HTTP][39m [37m<-- POST /wd/hub/session/ea305563-c7a2-4b7d-a8ba-68632b8692ef/elements [39m[32m200[39m [90m91 ms - 12[39m
[35m[HTTP][39m [90m[39m
[35m[HTTP][39m [37m-->[39m [37mPOST[39m [37m/wd/hub/session/ea305563-c7a2-4b7d-a8ba-68632b8692ef/elements[39m
[35m[HTTP][39m [90m{"using":"xpath","value":"//*[@class = 'android.widget.Button' and (@text = 'Belanja Sekarang' or . = 'Belanja Sekarang') and @resource-id = 'com.she.sehatq:id/btnShopping']"}[39m
[35m[HTTP][39m [37m<-- POST /wd/hub/session/ea305563-c7a2-4b7d-a8ba-68632b8692ef/elements [39m[32m200[39m [90m105 ms - 12[39m
[35m[HTTP][39m [90m[39m
[35m[HTTP][39m [37m-->[39m [37mPOST[39m [37m/wd/hub/session/ea305563-c7a2-4b7d-a8ba-68632b8692ef/elements[39m
[35m[HTTP][39m [90m{"using":"xpath","value":"//*[@class = 'android.widget.Button' and (@text = 'Belanja Sekarang' or . = 'Belanja Sekarang') and @resource-id = 'com.she.sehatq:id/btnShopping']"}[39m
[35m[HTTP][39m [37m<-- POST /wd/hub/session/ea305563-c7a2-4b7d-a8ba-68632b8692ef/elements [39m[32m200[39m [90m95 ms - 12[39m
[35m[HTTP][39m [90m[39m
[35m[HTTP][39m [37m-->[39m [37mPOST[39m [37m/wd/hub/session/ea305563-c7a2-4b7d-a8ba-68632b8692ef/elements[39m
[35m[HTTP][39m [90m{"using":"xpath","value":"//*[@class = 'android.widget.Button' and (@text = 'Belanja Sekarang' or . = 'Belanja Sekarang') and @resource-id = 'com.she.sehatq:id/btnShopping']"}[39m
[35m[HTTP][39m [37m<-- POST /wd/hub/session/ea305563-c7a2-4b7d-a8ba-68632b8692ef/elements [39m[32m200[39m [90m82 ms - 12[39m
[35m[HTTP][39m [90m[39m
[35m[HTTP][39m [37m-->[39m [37mPOST[39m [37m/wd/hub/session/ea305563-c7a2-4b7d-a8ba-68632b8692ef/elements[39m
[35m[HTTP][39m [90m{"using":"xpath","value":"//*[@class = 'android.widget.Button' and (@text = 'Belanja Sekarang' or . = 'Belanja Sekarang') and @resource-id = 'com.she.sehatq:id/btnShopping']"}[39m
[35m[HTTP][39m [37m<-- POST /wd/hub/session/ea305563-c7a2-4b7d-a8ba-68632b8692ef/elements [39m[32m200[39m [90m85 ms - 12[39m
[35m[HTTP][39m [90m[39m
[35m[HTTP][39m [37m-->[39m [37mPOST[39m [37m/wd/hub/session/ea305563-c7a2-4b7d-a8ba-68632b8692ef/elements[39m
[35m[HTTP][39m [90m{"using":"xpath","value":"//*[@class = 'android.widget.Button' and (@text = 'Belanja Sekarang' or . = 'Belanja Sekarang') and @resource-id = 'com.she.sehatq:id/btnShopping']"}[39m
[35m[HTTP][39m [37m<-- POST /wd/hub/session/ea305563-c7a2-4b7d-a8ba-68632b8692ef/elements [39m[32m200[39m [90m98 ms - 12[39m
[35m[HTTP][39m [90m[39m
[35m[HTTP][39m [37m-->[39m [37mPOST[39m [37m/wd/hub/session/ea305563-c7a2-4b7d-a8ba-68632b8692ef/elements[39m
[35m[HTTP][39m [90m{"using":"xpath","value":"//*[@class = 'android.widget.Button' and (@text = 'Belanja Sekarang' or . = 'Belanja Sekarang') and @resource-id = 'com.she.sehatq:id/btnShopping']"}[39m
[35m[HTTP][39m [37m<-- POST /wd/hub/session/ea305563-c7a2-4b7d-a8ba-68632b8692ef/elements [39m[32m200[39m [90m75 ms - 12[39m
[35m[HTTP][39m [90m[39m
[35m[HTTP][39m [37m-->[39m [37mPOST[39m [37m/wd/hub/session/ea305563-c7a2-4b7d-a8ba-68632b8692ef/elements[39m
[35m[HTTP][39m [90m{"using":"xpath","value":"//*[@class = 'android.widget.Button' and (@text = 'Belanja Sekarang' or . = 'Belanja Sekarang') and @resource-id = 'com.she.sehatq:id/btnShopping']"}[39m
[35m[HTTP][39m [37m<-- POST /wd/hub/session/ea305563-c7a2-4b7d-a8ba-68632b8692ef/elements [39m[32m200[39m [90m61 ms - 12[39m
[35m[HTTP][39m [90m[39m
[35m[HTTP][39m [37m-->[39m [37mPOST[39m [37m/wd/hub/session/ea305563-c7a2-4b7d-a8ba-68632b8692ef/elements[39m
[35m[HTTP][39m [90m{"using":"xpath","value":"//*[@class = 'android.widget.Button' and (@text = 'Belanja Sekarang' or . = 'Belanja Sekarang') and @resource-id = 'com.she.sehatq:id/btnShopping']"}[39m
[35m[HTTP][39m [37m<-- POST /wd/hub/session/ea305563-c7a2-4b7d-a8ba-68632b8692ef/elements [39m[32m200[39m [90m99 ms - 12[39m
[35m[HTTP][39m [90m[39m
[35m[HTTP][39m [37m-->[39m [37mPOST[39m [37m/wd/hub/session/ea305563-c7a2-4b7d-a8ba-68632b8692ef/elements[39m
[35m[HTTP][39m [90m{"using":"xpath","value":"//*[@class = 'android.widget.Button' and (@text = 'Belanja Sekarang' or . = 'Belanja Sekarang') and @resource-id = 'com.she.sehatq:id/btnShopping']"}[39m
[35m[HTTP][39m [37m<-- POST /wd/hub/session/ea305563-c7a2-4b7d-a8ba-68632b8692ef/elements [39m[32m200[39m [90m107 ms - 12[39m
[35m[HTTP][39m [90m[39m
[35m[HTTP][39m [37m-->[39m [37mPOST[39m [37m/wd/hub/session/ea305563-c7a2-4b7d-a8ba-68632b8692ef/elements[39m
[35m[HTTP][39m [90m{"using":"xpath","value":"//*[@class = 'android.widget.Button' and (@text = 'Belanja Sekarang' or . = 'Belanja Sekarang') and @resource-id = 'com.she.sehatq:id/btnShopping']"}[39m
[35m[HTTP][39m [37m<-- POST /wd/hub/session/ea305563-c7a2-4b7d-a8ba-68632b8692ef/elements [39m[32m200[39m [90m96 ms - 12[39m
[35m[HTTP][39m [90m[39m
[35m[HTTP][39m [37m-->[39m [37mPOST[39m [37m/wd/hub/session/ea305563-c7a2-4b7d-a8ba-68632b8692ef/elements[39m
[35m[HTTP][39m [90m{"using":"xpath","value":"//*[@class = 'android.widget.Button' and (@text = 'Belanja Sekarang' or . = 'Belanja Sekarang') and @resource-id = 'com.she.sehatq:id/btnShopping']"}[39m
[35m[HTTP][39m [37m<-- POST /wd/hub/session/ea305563-c7a2-4b7d-a8ba-68632b8692ef/elements [39m[32m200[39m [90m97 ms - 12[39m
[35m[HTTP][39m [90m[39m
[35m[HTTP][39m [37m-->[39m [37mPOST[39m [37m/wd/hub/session/ea305563-c7a2-4b7d-a8ba-68632b8692ef/elements[39m
[35m[HTTP][39m [90m{"using":"xpath","value":"//*[@class = 'android.widget.Button' and (@text = 'Belanja Sekarang' or . = 'Belanja Sekarang') and @resource-id = 'com.she.sehatq:id/btnShopping']"}[39m
[35m[HTTP][39m [37m<-- POST /wd/hub/session/ea305563-c7a2-4b7d-a8ba-68632b8692ef/elements [39m[32m200[39m [90m98 ms - 12[39m
[35m[HTTP][39m [90m[39m
[35m[HTTP][39m [37m-->[39m [37mPOST[39m [37m/wd/hub/session/ea305563-c7a2-4b7d-a8ba-68632b8692ef/elements[39m
[35m[HTTP][39m [90m{"using":"xpath","value":"//*[@class = 'android.widget.Button' and (@text = 'Belanja Sekarang' or . = 'Belanja Sekarang') and @resource-id = 'com.she.sehatq:id/btnShopping']"}[39m
[35m[HTTP][39m [37m<-- POST /wd/hub/session/ea305563-c7a2-4b7d-a8ba-68632b8692ef/elements [39m[32m200[39m [90m89 ms - 12[39m
[35m[HTTP][39m [90m[39m
[35m[HTTP][39m [37m-->[39m [37mPOST[39m [37m/wd/hub/session/ea305563-c7a2-4b7d-a8ba-68632b8692ef/elements[39m
[35m[HTTP][39m [90m{"using":"xpath","value":"//*[@class = 'android.widget.Button' and (@text = 'Belanja Sekarang' or . = 'Belanja Sekarang') and @resource-id = 'com.she.sehatq:id/btnShopping']"}[39m
[35m[HTTP][39m [37m<-- POST /wd/hub/session/ea305563-c7a2-4b7d-a8ba-68632b8692ef/elements [39m[32m200[39m [90m91 ms - 12[39m
[35m[HTTP][39m [90m[39m
[35m[HTTP][39m [37m-->[39m [37mPOST[39m [37m/wd/hub/session/ea305563-c7a2-4b7d-a8ba-68632b8692ef/elements[39m
[35m[HTTP][39m [90m{"using":"xpath","value":"//*[@class = 'android.widget.Button' and (@text = 'Belanja Sekarang' or . = 'Belanja Sekarang') and @resource-id = 'com.she.sehatq:id/btnShopping']"}[39m
[35m[HTTP][39m [37m<-- POST /wd/hub/session/ea305563-c7a2-4b7d-a8ba-68632b8692ef/elements [39m[32m200[39m [90m97 ms - 12[39m
[35m[HTTP][39m [90m[39m
[35m[HTTP][39m [37m-->[39m [37mPOST[39m [37m/wd/hub/session/ea305563-c7a2-4b7d-a8ba-68632b8692ef/elements[39m
[35m[HTTP][39m [90m{"using":"xpath","value":"//*[@class = 'android.widget.Button' and (@text = 'Belanja Sekarang' or . = 'Belanja Sekarang') and @resource-id = 'com.she.sehatq:id/btnShopping']"}[39m
[35m[HTTP][39m [37m<-- POST /wd/hub/session/ea305563-c7a2-4b7d-a8ba-68632b8692ef/elements [39m[32m200[39m [90m96 ms - 12[39m
[35m[HTTP][39m [90m[39m
[35m[HTTP][39m [37m-->[39m [37mPOST[39m [37m/wd/hub/session/ea305563-c7a2-4b7d-a8ba-68632b8692ef/elements[39m
[35m[HTTP][39m [90m{"using":"xpath","value":"//*[@class = 'android.widget.Button' and (@text = 'Belanja Sekarang' or . = 'Belanja Sekarang') and @resource-id = 'com.she.sehatq:id/btnShopping']"}[39m
[35m[HTTP][39m [37m<-- POST /wd/hub/session/ea305563-c7a2-4b7d-a8ba-68632b8692ef/elements [39m[32m200[39m [90m84 ms - 12[39m
[35m[HTTP][39m [90m[39m
[35m[HTTP][39m [37m-->[39m [37mPOST[39m [37m/wd/hub/session/ea305563-c7a2-4b7d-a8ba-68632b8692ef/elements[39m
[35m[HTTP][39m [90m{"using":"xpath","value":"//*[@class = 'android.widget.Button' and (@text = 'Belanja Sekarang' or . = 'Belanja Sekarang') and @resource-id = 'com.she.sehatq:id/btnShopping']"}[39m
[35m[HTTP][39m [37m<-- POST /wd/hub/session/ea305563-c7a2-4b7d-a8ba-68632b8692ef/elements [39m[32m200[39m [90m96 ms - 12[39m
[35m[HTTP][39m [90m[39m
[35m[HTTP][39m [37m-->[39m [37mPOST[39m [37m/wd/hub/session/ea305563-c7a2-4b7d-a8ba-68632b8692ef/elements[39m
[35m[HTTP][39m [90m{"using":"xpath","value":"//*[@class = 'android.widget.Button' and (@text = 'Belanja Sekarang' or . = 'Belanja Sekarang') and @resource-id = 'com.she.sehatq:id/btnShopping']"}[39m
[35m[HTTP][39m [37m<-- POST /wd/hub/session/ea305563-c7a2-4b7d-a8ba-68632b8692ef/elements [39m[32m200[39m [90m82 ms - 12[39m
[35m[HTTP][39m [90m[39m
[35m[HTTP][39m [37m-->[39m [37mPOST[39m [37m/wd/hub/session/ea305563-c7a2-4b7d-a8ba-68632b8692ef/elements[39m
[35m[HTTP][39m [90m{"using":"xpath","value":"//*[@class = 'android.widget.Button' and (@text = 'Belanja Sekarang' or . = 'Belanja Sekarang') and @resource-id = 'com.she.sehatq:id/btnShopping']"}[39m
[35m[HTTP][39m [37m<-- POST /wd/hub/session/ea305563-c7a2-4b7d-a8ba-68632b8692ef/elements [39m[32m200[39m [90m84 ms - 12[39m
[35m[HTTP][39m [90m[39m
[35m[HTTP][39m [37m-->[39m [37mPOST[39m [37m/wd/hub/session/ea305563-c7a2-4b7d-a8ba-68632b8692ef/elements[39m
[35m[HTTP][39m [90m{"using":"xpath","value":"//*[@class = 'android.widget.Button' and (@text = 'Belanja Sekarang' or . = 'Belanja Sekarang') and @resource-id = 'com.she.sehatq:id/btnShopping']"}[39m
[35m[HTTP][39m [37m<-- POST /wd/hub/session/ea305563-c7a2-4b7d-a8ba-68632b8692ef/elements [39m[32m200[39m [90m73 ms - 12[39m
[35m[HTTP][39m [90m[39m
[35m[HTTP][39m [37m-->[39m [37mPOST[39m [37m/wd/hub/session/ea305563-c7a2-4b7d-a8ba-68632b8692ef/elements[39m
[35m[HTTP][39m [90m{"using":"xpath","value":"//*[@class = 'android.widget.Button' and (@text = 'Belanja Sekarang' or . = 'Belanja Sekarang') and @resource-id = 'com.she.sehatq:id/btnShopping']"}[39m
[35m[HTTP][39m [37m<-- POST /wd/hub/session/ea305563-c7a2-4b7d-a8ba-68632b8692ef/elements [39m[32m200[39m [90m79 ms - 12[39m
[35m[HTTP][39m [90m[39m
[35m[HTTP][39m [37m-->[39m [37mPOST[39m [37m/wd/hub/session/ea305563-c7a2-4b7d-a8ba-68632b8692ef/elements[39m
[35m[HTTP][39m [90m{"using":"xpath","value":"//*[@class = 'android.widget.Button' and (@text = 'Belanja Sekarang' or . = 'Belanja Sekarang') and @resource-id = 'com.she.sehatq:id/btnShopping']"}[39m
[35m[HTTP][39m [37m<-- POST /wd/hub/session/ea305563-c7a2-4b7d-a8ba-68632b8692ef/elements [39m[32m200[39m [90m74 ms - 12[39m
[35m[HTTP][39m [90m[39m
[35m[HTTP][39m [37m-->[39m [37mPOST[39m [37m/wd/hub/session/ea305563-c7a2-4b7d-a8ba-68632b8692ef/elements[39m
[35m[HTTP][39m [90m{"using":"xpath","value":"//*[@class = 'android.widget.Button' and (@text = 'Belanja Sekarang' or . = 'Belanja Sekarang') and @resource-id = 'com.she.sehatq:id/btnShopping']"}[39m
[35m[HTTP][39m [37m<-- POST /wd/hub/session/ea305563-c7a2-4b7d-a8ba-68632b8692ef/elements [39m[32m200[39m [90m77 ms - 12[39m
[35m[HTTP][39m [90m[39m
[35m[HTTP][39m [37m-->[39m [37mPOST[39m [37m/wd/hub/session/ea305563-c7a2-4b7d-a8ba-68632b8692ef/elements[39m
[35m[HTTP][39m [90m{"using":"xpath","value":"//*[@class = 'android.widget.Button' and (@text = 'Belanja Sekarang' or . = 'Belanja Sekarang') and @resource-id = 'com.she.sehatq:id/btnShopping']"}[39m
[35m[HTTP][39m [37m<-- POST /wd/hub/session/ea305563-c7a2-4b7d-a8ba-68632b8692ef/elements [39m[32m200[39m [90m72 ms - 12[39m
[35m[HTTP][39m [90m[39m
[35m[HTTP][39m [37m-->[39m [37mPOST[39m [37m/wd/hub/session/ea305563-c7a2-4b7d-a8ba-68632b8692ef/elements[39m
[35m[HTTP][39m [90m{"using":"xpath","value":"//*[@class = 'android.widget.Button' and (@text = 'Belanja Sekarang' or . = 'Belanja Sekarang') and @resource-id = 'com.she.sehatq:id/btnShopping']"}[39m
[35m[HTTP][39m [37m<-- POST /wd/hub/session/ea305563-c7a2-4b7d-a8ba-68632b8692ef/elements [39m[32m200[39m [90m81 ms - 12[39m
[35m[HTTP][39m [90m[39m
[35m[HTTP][39m [37m-->[39m [37mPOST[39m [37m/wd/hub/session/ea305563-c7a2-4b7d-a8ba-68632b8692ef/elements[39m
[35m[HTTP][39m [90m{"using":"xpath","value":"//*[@class = 'android.widget.Button' and (@text = 'Belanja Sekarang' or . = 'Belanja Sekarang') and @resource-id = 'com.she.sehatq:id/btnShopping']"}[39m
[35m[HTTP][39m [37m<-- POST /wd/hub/session/ea305563-c7a2-4b7d-a8ba-68632b8692ef/elements [39m[32m200[39m [90m70 ms - 12[39m
[35m[HTTP][39m [90m[39m
[35m[HTTP][39m [37m-->[39m [37mPOST[39m [37m/wd/hub/session/ea305563-c7a2-4b7d-a8ba-68632b8692ef/elements[39m
[35m[HTTP][39m [90m{"using":"xpath","value":"//*[@class = 'android.widget.Button' and (@text = 'Belanja Sekarang' or . = 'Belanja Sekarang') and @resource-id = 'com.she.sehatq:id/btnShopping']"}[39m
[35m[HTTP][39m [37m<-- POST /wd/hub/session/ea305563-c7a2-4b7d-a8ba-68632b8692ef/elements [39m[32m200[39m [90m56 ms - 12[39m
[35m[HTTP][39m [90m[39m
[35m[HTTP][39m [37m-->[39m [37mPOST[39m [37m/wd/hub/session/ea305563-c7a2-4b7d-a8ba-68632b8692ef/elements[39m
[35m[HTTP][39m [90m{"using":"xpath","value":"//*[@class = 'android.widget.Button' and (@text = 'Belanja Sekarang' or . = 'Belanja Sekarang') and @resource-id = 'com.she.sehatq:id/btnShopping']"}[39m
[35m[HTTP][39m [37m<-- POST /wd/hub/session/ea305563-c7a2-4b7d-a8ba-68632b8692ef/elements [39m[32m200[39m [90m83 ms - 12[39m
[35m[HTTP][39m [90m[39m
[35m[HTTP][39m [37m-->[39m [37mPOST[39m [37m/wd/hub/session/ea305563-c7a2-4b7d-a8ba-68632b8692ef/elements[39m
[35m[HTTP][39m [90m{"using":"xpath","value":"//*[@class = 'android.widget.Button' and (@text = 'Belanja Sekarang' or . = 'Belanja Sekarang') and @resource-id = 'com.she.sehatq:id/btnShopping']"}[39m
[35m[HTTP][39m [37m<-- POST /wd/hub/session/ea305563-c7a2-4b7d-a8ba-68632b8692ef/elements [39m[32m200[39m [90m119 ms - 12[39m
[35m[HTTP][39m [90m[39m
[35m[HTTP][39m [37m-->[39m [37mPOST[39m [37m/wd/hub/session/ea305563-c7a2-4b7d-a8ba-68632b8692ef/elements[39m
[35m[HTTP][39m [90m{"using":"xpath","value":"//*[@class = 'android.widget.Button' and (@text = 'Belanja Sekarang' or . = 'Belanja Sekarang') and @resource-id = 'com.she.sehatq:id/btnShopping']"}[39m
[35m[HTTP][39m [37m<-- POST /wd/hub/session/ea305563-c7a2-4b7d-a8ba-68632b8692ef/elements [39m[32m200[39m [90m89 ms - 12[39m
[35m[HTTP][39m [90m[39m
[35m[HTTP][39m [37m-->[39m [37mPOST[39m [37m/wd/hub/session/ea305563-c7a2-4b7d-a8ba-68632b8692ef/elements[39m
[35m[HTTP][39m [90m{"using":"xpath","value":"//*[@class = 'android.widget.Button' and (@text = 'Belanja Sekarang' or . = 'Belanja Sekarang') and @resource-id = 'com.she.sehatq:id/btnShopping']"}[39m
[35m[HTTP][39m [37m<-- POST /wd/hub/session/ea305563-c7a2-4b7d-a8ba-68632b8692ef/elements [39m[32m200[39m [90m79 ms - 12[39m
[35m[HTTP][39m [90m[39m
[35m[HTTP][39m [37m-->[39m [37mPOST[39m [37m/wd/hub/session/ea305563-c7a2-4b7d-a8ba-68632b8692ef/elements[39m
[35m[HTTP][39m [90m{"using":"xpath","value":"//*[@class = 'android.widget.Button' and (@text = 'Belanja Sekarang' or . = 'Belanja Sekarang') and @resource-id = 'com.she.sehatq:id/btnShopping']"}[39m
[35m[HTTP][39m [37m<-- POST /wd/hub/session/ea305563-c7a2-4b7d-a8ba-68632b8692ef/elements [39m[32m200[39m [90m98 ms - 12[39m
[35m[HTTP][39m [90m[39m
[35m[HTTP][39m [37m-->[39m [37mPOST[39m [37m/wd/hub/session/ea305563-c7a2-4b7d-a8ba-68632b8692ef/elements[39m
[35m[HTTP][39m [90m{"using":"xpath","value":"//*[@class = 'android.widget.Button' and (@text = 'Belanja Sekarang' or . = 'Belanja Sekarang') and @resource-id = 'com.she.sehatq:id/btnShopping']"}[39m
[35m[HTTP][39m [37m<-- POST /wd/hub/session/ea305563-c7a2-4b7d-a8ba-68632b8692ef/elements [39m[32m200[39m [90m105 ms - 12[39m
[35m[HTTP][39m [90m[39m
[35m[HTTP][39m [37m-->[39m [37mPOST[39m [37m/wd/hub/session/ea305563-c7a2-4b7d-a8ba-68632b8692ef/elements[39m
[35m[HTTP][39m [90m{"using":"xpath","value":"//*[@class = 'android.widget.Button' and (@text = 'Belanja Sekarang' or . = 'Belanja Sekarang') and @resource-id = 'com.she.sehatq:id/btnShopping']"}[39m
[35m[HTTP][39m [37m<-- POST /wd/hub/session/ea305563-c7a2-4b7d-a8ba-68632b8692ef/elements [39m[32m200[39m [90m89 ms - 12[39m
[35m[HTTP][39m [90m[39m
[35m[HTTP][39m [37m-->[39m [37mPOST[39m [37m/wd/hub/session/ea305563-c7a2-4b7d-a8ba-68632b8692ef/elements[39m
[35m[HTTP][39m [90m{"using":"xpath","value":"//*[@class = 'android.widget.Button' and (@text = 'Belanja Sekarang' or . = 'Belanja Sekarang') and @resource-id = 'com.she.sehatq:id/btnShopping']"}[39m
[35m[HTTP][39m [37m<-- POST /wd/hub/session/ea305563-c7a2-4b7d-a8ba-68632b8692ef/elements [39m[32m200[39m [90m82 ms - 12[39m
[35m[HTTP][39m [90m[39m
[35m[HTTP][39m [37m-->[39m [37mPOST[39m [37m/wd/hub/session/ea305563-c7a2-4b7d-a8ba-68632b8692ef/elements[39m
[35m[HTTP][39m [90m{"using":"xpath","value":"//*[@class = 'android.widget.Button' and (@text = 'Belanja Sekarang' or . = 'Belanja Sekarang') and @resource-id = 'com.she.sehatq:id/btnShopping']"}[39m
[35m[HTTP][39m [37m<-- POST /wd/hub/session/ea305563-c7a2-4b7d-a8ba-68632b8692ef/elements [39m[32m200[39m [90m103 ms - 12[39m
[35m[HTTP][39m [90m[39m
[35m[HTTP][39m [37m-->[39m [37mPOST[39m [37m/wd/hub/session/ea305563-c7a2-4b7d-a8ba-68632b8692ef/elements[39m
[35m[HTTP][39m [90m{"using":"xpath","value":"//*[@class = 'android.widget.Button' and (@text = 'Belanja Sekarang' or . = 'Belanja Sekarang') and @resource-id = 'com.she.sehatq:id/btnShopping']"}[39m
[35m[HTTP][39m [37m<-- POST /wd/hub/session/ea305563-c7a2-4b7d-a8ba-68632b8692ef/elements [39m[32m200[39m [90m103 ms - 12[39m
[35m[HTTP][39m [90m[39m
[35m[HTTP][39m [37m-->[39m [37mPOST[39m [37m/wd/hub/session/ea305563-c7a2-4b7d-a8ba-68632b8692ef/elements[39m
[35m[HTTP][39m [90m{"using":"xpath","value":"//*[@class = 'android.widget.Button' and (@text = 'Belanja Sekarang' or . = 'Belanja Sekarang') and @resource-id = 'com.she.sehatq:id/btnShopping']"}[39m
[35m[HTTP][39m [37m<-- POST /wd/hub/session/ea305563-c7a2-4b7d-a8ba-68632b8692ef/elements [39m[32m200[39m [90m72 ms - 12[39m
[35m[HTTP][39m [90m[39m
[35m[HTTP][39m [37m-->[39m [37mPOST[39m [37m/wd/hub/session/ea305563-c7a2-4b7d-a8ba-68632b8692ef/elements[39m
[35m[HTTP][39m [90m{"using":"xpath","value":"//*[@class = 'android.widget.Button' and (@text = 'Belanja Sekarang' or . = 'Belanja Sekarang') and @resource-id = 'com.she.sehatq:id/btnShopping']"}[39m
[35m[HTTP][39m [37m<-- POST /wd/hub/session/ea305563-c7a2-4b7d-a8ba-68632b8692ef/elements [39m[32m200[39m [90m93 ms - 12[39m
[35m[HTTP][39m [90m[39m
[35m[HTTP][39m [37m-->[39m [37mPOST[39m [37m/wd/hub/session/ea305563-c7a2-4b7d-a8ba-68632b8692ef/elements[39m
[35m[HTTP][39m [90m{"using":"xpath","value":"//*[@class = 'android.widget.Button' and (@text = 'Belanja Sekarang' or . = 'Belanja Sekarang') and @resource-id = 'com.she.sehatq:id/btnShopping']"}[39m
[35m[HTTP][39m [37m<-- POST /wd/hub/session/ea305563-c7a2-4b7d-a8ba-68632b8692ef/elements [39m[32m200[39m [90m99 ms - 12[39m
[35m[HTTP][39m [90m[39m
[35m[HTTP][39m [37m-->[39m [37mPOST[39m [37m/wd/hub/session/ea305563-c7a2-4b7d-a8ba-68632b8692ef/elements[39m
[35m[HTTP][39m [90m{"using":"xpath","value":"//*[@class = 'android.widget.Button' and (@text = 'Belanja Sekarang' or . = 'Belanja Sekarang') and @resource-id = 'com.she.sehatq:id/btnShopping']"}[39m
[35m[HTTP][39m [37m<-- POST /wd/hub/session/ea305563-c7a2-4b7d-a8ba-68632b8692ef/elements [39m[32m200[39m [90m72 ms - 12[39m
[35m[HTTP][39m [90m[39m
[35m[HTTP][39m [37m-->[39m [37mPOST[39m [37m/wd/hub/session/ea305563-c7a2-4b7d-a8ba-68632b8692ef/elements[39m
[35m[HTTP][39m [90m{"using":"xpath","value":"//*[@class = 'android.widget.Button' and (@text = 'Belanja Sekarang' or . = 'Belanja Sekarang') and @resource-id = 'com.she.sehatq:id/btnShopping']"}[39m
[35m[HTTP][39m [37m<-- POST /wd/hub/session/ea305563-c7a2-4b7d-a8ba-68632b8692ef/elements [39m[32m200[39m [90m76 ms - 12[39m
[35m[HTTP][39m [90m[39m
[35m[HTTP][39m [37m-->[39m [37mPOST[39m [37m/wd/hub/session/ea305563-c7a2-4b7d-a8ba-68632b8692ef/elements[39m
[35m[HTTP][39m [90m{"using":"xpath","value":"//*[@class = 'android.widget.Button' and (@text = 'Belanja Sekarang' or . = 'Belanja Sekarang') and @resource-id = 'com.she.sehatq:id/btnShopping']"}[39m
[35m[HTTP][39m [37m<-- POST /wd/hub/session/ea305563-c7a2-4b7d-a8ba-68632b8692ef/elements [39m[32m200[39m [90m87 ms - 12[39m
[35m[HTTP][39m [90m[39m
[35m[HTTP][39m [37m-->[39m [37mPOST[39m [37m/wd/hub/session/ea305563-c7a2-4b7d-a8ba-68632b8692ef/elements[39m
[35m[HTTP][39m [90m{"using":"xpath","value":"//*[@class = 'android.widget.Button' and (@text = 'Belanja Sekarang' or . = 'Belanja Sekarang') and @resource-id = 'com.she.sehatq:id/btnShopping']"}[39m
[35m[HTTP][39m [37m<-- POST /wd/hub/session/ea305563-c7a2-4b7d-a8ba-68632b8692ef/elements [39m[32m200[39m [90m106 ms - 12[39m
[35m[HTTP][39m [90m[39m
