[35m[Appium][39m Welcome to Appium v1.22.0
[35m[Appium][39m Non-default server args:
[35m[Appium][39m   port: 62949
[35m[Appium][39m   loglevel: info
[35m[Appium][39m   tmpDir: /var/folders/wv/rdwfrh89255gqff9kdgxs_t40000gp/T//Katalon/Appium/Temp1636164895344
[35m[Appium][39m   chromedriverPort: 62950
[35m[Appium][39m Deprecated server args:
[35m[Appium][39m   [31m--chromedriver-port[39m => --default-capabilities
[35m[Appium][39m Default capabilities, which will be added to each request unless overridden by desired capabilities:
[35m[Appium][39m   chromedriverPort: 62950
[35m[Appium][39m Appium REST http interface listener started on 0.0.0.0:62949
[35m[HTTP][39m [37m-->[39m [37mGET[39m [37m/wd/hub/status[39m
[35m[HTTP][39m [90m{}[39m
[35m[HTTP][39m [37m<-- GET /wd/hub/status [39m[32m200[39m [90m5 ms - 68[39m
[35m[HTTP][39m [90m[39m
[35m[HTTP][39m [37m-->[39m [37mPOST[39m [37m/wd/hub/session[39m
[35m[HTTP][39m [90m{"desiredCapabilities":{"appActivity":".Settings","appPackage":"com.android.settings","newCommandTimeout":1800,"platformVersion":"11","automationName":"uiautomator2","autoGrantPermissions":true,"platformName":"Android","udid":"db3027ce","deviceName":"vivo V2022 (Android 11)","platform":"ANDROID","systemPort":8206},"capabilities":{"firstMatch":[{"appium:appActivity":".Settings","appium:appPackage":"com.android.settings","appium:autoGrantPermissions":true,"appium:automationName":"uiautomator2","appium:deviceName":"vivo V2022 (Android 11)","appium:newCommandTimeout":1800,"platform":"ANDROID","platformName":"android","appium:platformVersion":"11","appium:systemPort":8206,"appium:udid":"db3027ce"}]}}[39m
[35m[BaseDriver][39m The following capabilities are not standard capabilities and should have an extension prefix:
[35m[BaseDriver][39m   platform
[35m[BaseDriver][39m   chromedriverPort
[35m[Appium][39m Appium v1.22.0 creating new AndroidUiautomator2Driver (v1.69.0) session
[35m[BaseDriver][39m The following capabilities were provided, but are not recognized by Appium:
[35m[BaseDriver][39m   platform
[35m[BaseDriver][39m Session created with session id: fdc784ab-f270-4202-b30c-387845d776c4
[35m[UiAutomator2][39m Starting 'com.android.settings' directly on the device
[35m[ADB][39m Found 1 'build-tools' folders under '/Users/muhammadyaasin/.katalon/tools/android_sdk' (newest first):
[35m[ADB][39m     /Users/muhammadyaasin/.katalon/tools/android_sdk/build-tools/29.0.3
[35m[ADB][39m Using 'adb' from '/Users/muhammadyaasin/.katalon/tools/android_sdk/platform-tools/adb'
[35m[AndroidDriver][39m Retrieving device list
[35m[AndroidDriver][39m Using device: db3027ce
[35m[ADB][39m Using 'adb' from '/Users/muhammadyaasin/.katalon/tools/android_sdk/platform-tools/adb'
[35m[ADB][39m Getting device platform version
[35m[UiAutomator2][39m Relaxing hidden api policy
[35m[AndroidDriver][39m No app sent in, not parsing package/activity
[35m[ADB][39m Using 'apksigner.jar' from '/Users/muhammadyaasin/.katalon/tools/android_sdk/build-tools/29.0.3/lib/apksigner.jar'
[35m[ADB][39m '/usr/local/lib/node_modules/appium/node_modules/appium-uiautomator2-server/apks/appium-uiautomator2-server-v4.24.0.apk' is signed with the default certificate
[35m[ADB][39m '/usr/local/lib/node_modules/appium/node_modules/appium-uiautomator2-server/apks/appium-uiautomator2-server-debug-androidTest.apk' is signed with the default certificate
[35m[UiAutomator2][39m Server packages are not going to be (re)installed
[35m[ADB][39m Adding packages ["io.appium.settings","io.appium.uiautomator2.server","io.appium.uiautomator2.server.test"] to Doze whitelist
[35m[UiAutomator2][39m Starting UIAutomator2 server 4.24.0
[35m[UiAutomator2][39m Using UIAutomator2 server from '/usr/local/lib/node_modules/appium/node_modules/appium-uiautomator2-server/apks/appium-uiautomator2-server-v4.24.0.apk' and test from '/usr/local/lib/node_modules/appium/node_modules/appium-uiautomator2-server/apks/appium-uiautomator2-server-debug-androidTest.apk'
[35m[UiAutomator2][39m Waiting up to 30000ms for UiAutomator2 to be online...
[35m[WD Proxy][39m socket hang up
[35m[WD Proxy][39m socket hang up
[35m[WD Proxy][39m socket hang up
[35m[WD Proxy][39m socket hang up
[35m[WD Proxy][39m Determined the downstream protocol as 'W3C'
[35m[AndroidDriver][39m Screen already unlocked, doing nothing
[35m[UiAutomator2][39m Starting 'com.android.settings/.Settings and waiting for 'com.android.settings/.Settings'
[35m[Appium][39m New AndroidUiautomator2Driver session created successfully, session fdc784ab-f270-4202-b30c-387845d776c4 added to master session list
[35m[HTTP][39m [37m<-- POST /wd/hub/session [39m[32m200[39m [90m10550 ms - 1133[39m
[35m[HTTP][39m [90m[39m
[35m[HTTP][39m [37m-->[39m [37mGET[39m [37m/wd/hub/session/fdc784ab-f270-4202-b30c-387845d776c4[39m
[35m[HTTP][39m [90m{}[39m
[35m[HTTP][39m [37m<-- GET /wd/hub/session/fdc784ab-f270-4202-b30c-387845d776c4 [39m[32m200[39m [90m23 ms - 1087[39m
[35m[HTTP][39m [90m[39m
[35m[HTTP][39m [37m-->[39m [37mGET[39m [37m/wd/hub/session/fdc784ab-f270-4202-b30c-387845d776c4[39m
[35m[HTTP][39m [90m{}[39m
[35m[HTTP][39m [37m<-- GET /wd/hub/session/fdc784ab-f270-4202-b30c-387845d776c4 [39m[32m200[39m [90m21 ms - 1087[39m
[35m[HTTP][39m [90m[39m
[35m[HTTP][39m [37m-->[39m [37mGET[39m [37m/wd/hub/status[39m
[35m[HTTP][39m [90m{}[39m
[35m[HTTP][39m [37m<-- GET /wd/hub/status [39m[32m200[39m [90m1 ms - 68[39m
[35m[HTTP][39m [90m[39m
[35m[HTTP][39m [37m-->[39m [37mPOST[39m [37m/wd/hub/session/fdc784ab-f270-4202-b30c-387845d776c4/timeouts[39m
[35m[HTTP][39m [90m{"implicit":30000}[39m
[35m[HTTP][39m [37m<-- POST /wd/hub/session/fdc784ab-f270-4202-b30c-387845d776c4/timeouts [39m[32m200[39m [90m2 ms - 14[39m
[35m[HTTP][39m [90m[39m
[35m[HTTP][39m [37m-->[39m [37mGET[39m [37m/wd/hub/session/fdc784ab-f270-4202-b30c-387845d776c4/screenshot[39m
[35m[HTTP][39m [90m{}[39m
[35m[HTTP][39m [37m<-- GET /wd/hub/session/fdc784ab-f270-4202-b30c-387845d776c4/screenshot [39m[32m200[39m [90m770 ms - 249104[39m
[35m[HTTP][39m [90m[39m
[35m[HTTP][39m [37m-->[39m [37mGET[39m [37m/wd/hub/session/fdc784ab-f270-4202-b30c-387845d776c4/window/rect[39m
[35m[HTTP][39m [90m{}[39m
[35m[HTTP][39m [37m<-- GET /wd/hub/session/fdc784ab-f270-4202-b30c-387845d776c4/window/rect [39m[32m200[39m [90m25 ms - 50[39m
[35m[HTTP][39m [90m[39m
[35m[HTTP][39m [37m-->[39m [37mGET[39m [37m/wd/hub/session/fdc784ab-f270-4202-b30c-387845d776c4/appium/device/system_bars[39m
[35m[HTTP][39m [90m{}[39m
[35m[HTTP][39m [37m<-- GET /wd/hub/session/fdc784ab-f270-4202-b30c-387845d776c4/appium/device/system_bars [39m[32m200[39m [90m196 ms - 148[39m
[35m[HTTP][39m [90m[39m
[35m[HTTP][39m [37m-->[39m [37mPOST[39m [37m/wd/hub/session/fdc784ab-f270-4202-b30c-387845d776c4/appium/device/activate_app[39m
[35m[HTTP][39m [90m{"bundleId":"com.she.sehatq"}[39m
[35m[HTTP][39m [37m<-- POST /wd/hub/session/fdc784ab-f270-4202-b30c-387845d776c4/appium/device/activate_app [39m[32m200[39m [90m542 ms - 14[39m
[35m[HTTP][39m [90m[39m
[35m[HTTP][39m [37m-->[39m [37mPOST[39m [37m/wd/hub/session/fdc784ab-f270-4202-b30c-387845d776c4/timeouts[39m
[35m[HTTP][39m [90m{"implicit":50}[39m
[35m[HTTP][39m [37m<-- POST /wd/hub/session/fdc784ab-f270-4202-b30c-387845d776c4/timeouts [39m[32m200[39m [90m2 ms - 14[39m
[35m[HTTP][39m [90m[39m
[35m[HTTP][39m [37m-->[39m [37mGET[39m [37m/wd/hub/session/fdc784ab-f270-4202-b30c-387845d776c4/window/rect[39m
[35m[HTTP][39m [90m{}[39m
[35m[HTTP][39m [37m<-- GET /wd/hub/session/fdc784ab-f270-4202-b30c-387845d776c4/window/rect [39m[32m200[39m [90m25 ms - 50[39m
[35m[HTTP][39m [90m[39m
[35m[HTTP][39m [37m-->[39m [37mPOST[39m [37m/wd/hub/session/fdc784ab-f270-4202-b30c-387845d776c4/elements[39m
[35m[HTTP][39m [90m{"using":"xpath","value":"//*[@class = 'android.widget.TextView' and (@text = 'Tidak' or . = 'Tidak') and @resource-id = 'com.she.sehatq:id/tv_dismiss']"}[39m
[35m[HTTP][39m [37m<-- POST /wd/hub/session/fdc784ab-f270-4202-b30c-387845d776c4/elements [39m[32m200[39m [90m1545 ms - 12[39m
[35m[HTTP][39m [90m[39m
[35m[HTTP][39m [37m-->[39m [37mPOST[39m [37m/wd/hub/session/fdc784ab-f270-4202-b30c-387845d776c4/elements[39m
[35m[HTTP][39m [90m{"using":"xpath","value":"//*[@class = 'android.widget.TextView' and (@text = 'Tidak' or . = 'Tidak') and @resource-id = 'com.she.sehatq:id/tv_dismiss']"}[39m
[35m[HTTP][39m [37m<-- POST /wd/hub/session/fdc784ab-f270-4202-b30c-387845d776c4/elements [39m[32m200[39m [90m92 ms - 12[39m
[35m[HTTP][39m [90m[39m
[35m[HTTP][39m [37m-->[39m [37mPOST[39m [37m/wd/hub/session/fdc784ab-f270-4202-b30c-387845d776c4/elements[39m
[35m[HTTP][39m [90m{"using":"xpath","value":"//*[@class = 'android.widget.TextView' and (@text = 'Tidak' or . = 'Tidak') and @resource-id = 'com.she.sehatq:id/tv_dismiss']"}[39m
[35m[HTTP][39m [37m<-- POST /wd/hub/session/fdc784ab-f270-4202-b30c-387845d776c4/elements [39m[32m200[39m [90m103 ms - 12[39m
[35m[HTTP][39m [90m[39m
[35m[HTTP][39m [37m-->[39m [37mPOST[39m [37m/wd/hub/session/fdc784ab-f270-4202-b30c-387845d776c4/elements[39m
[35m[HTTP][39m [90m{"using":"xpath","value":"//*[@class = 'android.widget.TextView' and (@text = 'Tidak' or . = 'Tidak') and @resource-id = 'com.she.sehatq:id/tv_dismiss']"}[39m
[35m[HTTP][39m [37m<-- POST /wd/hub/session/fdc784ab-f270-4202-b30c-387845d776c4/elements [39m[32m200[39m [90m96 ms - 12[39m
[35m[HTTP][39m [90m[39m
[35m[HTTP][39m [37m-->[39m [37mPOST[39m [37m/wd/hub/session/fdc784ab-f270-4202-b30c-387845d776c4/elements[39m
[35m[HTTP][39m [90m{"using":"xpath","value":"//*[@class = 'android.widget.TextView' and (@text = 'Tidak' or . = 'Tidak') and @resource-id = 'com.she.sehatq:id/tv_dismiss']"}[39m
[35m[HTTP][39m [37m<-- POST /wd/hub/session/fdc784ab-f270-4202-b30c-387845d776c4/elements [39m[32m200[39m [90m83 ms - 12[39m
[35m[HTTP][39m [90m[39m
[35m[HTTP][39m [37m-->[39m [37mPOST[39m [37m/wd/hub/session/fdc784ab-f270-4202-b30c-387845d776c4/elements[39m
[35m[HTTP][39m [90m{"using":"xpath","value":"//*[@class = 'android.widget.TextView' and (@text = 'Tidak' or . = 'Tidak') and @resource-id = 'com.she.sehatq:id/tv_dismiss']"}[39m
[35m[HTTP][39m [37m<-- POST /wd/hub/session/fdc784ab-f270-4202-b30c-387845d776c4/elements [39m[32m200[39m [90m93 ms - 12[39m
[35m[HTTP][39m [90m[39m
[35m[HTTP][39m [37m-->[39m [37mPOST[39m [37m/wd/hub/session/fdc784ab-f270-4202-b30c-387845d776c4/elements[39m
[35m[HTTP][39m [90m{"using":"xpath","value":"//*[@class = 'android.widget.TextView' and (@text = 'Tidak' or . = 'Tidak') and @resource-id = 'com.she.sehatq:id/tv_dismiss']"}[39m
[35m[HTTP][39m [37m<-- POST /wd/hub/session/fdc784ab-f270-4202-b30c-387845d776c4/elements [39m[32m200[39m [90m90 ms - 12[39m
[35m[HTTP][39m [90m[39m
[35m[HTTP][39m [37m-->[39m [37mPOST[39m [37m/wd/hub/session/fdc784ab-f270-4202-b30c-387845d776c4/elements[39m
[35m[HTTP][39m [90m{"using":"xpath","value":"//*[@class = 'android.widget.TextView' and (@text = 'Tidak' or . = 'Tidak') and @resource-id = 'com.she.sehatq:id/tv_dismiss']"}[39m
[35m[HTTP][39m [37m<-- POST /wd/hub/session/fdc784ab-f270-4202-b30c-387845d776c4/elements [39m[32m200[39m [90m68 ms - 12[39m
[35m[HTTP][39m [90m[39m
[35m[HTTP][39m [37m-->[39m [37mPOST[39m [37m/wd/hub/session/fdc784ab-f270-4202-b30c-387845d776c4/elements[39m
[35m[HTTP][39m [90m{"using":"xpath","value":"//*[@class = 'android.widget.TextView' and (@text = 'Tidak' or . = 'Tidak') and @resource-id = 'com.she.sehatq:id/tv_dismiss']"}[39m
[35m[HTTP][39m [37m<-- POST /wd/hub/session/fdc784ab-f270-4202-b30c-387845d776c4/elements [39m[32m200[39m [90m474 ms - 12[39m
[35m[HTTP][39m [90m[39m
[35m[HTTP][39m [37m-->[39m [37mPOST[39m [37m/wd/hub/session/fdc784ab-f270-4202-b30c-387845d776c4/elements[39m
[35m[HTTP][39m [90m{"using":"xpath","value":"//*[@class = 'android.widget.TextView' and (@text = 'Tidak' or . = 'Tidak') and @resource-id = 'com.she.sehatq:id/tv_dismiss']"}[39m
[35m[HTTP][39m [37m<-- POST /wd/hub/session/fdc784ab-f270-4202-b30c-387845d776c4/elements [39m[32m200[39m [90m1210 ms - 139[39m
[35m[HTTP][39m [90m[39m
[35m[HTTP][39m [37m-->[39m [37mGET[39m [37m/wd/hub/session/fdc784ab-f270-4202-b30c-387845d776c4/element/00000000-0000-0847-ffff-ffff0000001b/location[39m
[35m[HTTP][39m [90m{}[39m
[35m[W3C (fdc784ab)][39m Driver proxy active, passing request on via HTTP proxy
[35m[WD Proxy][39m Replacing sessionId d8ddddf9-2bfd-4fd2-8ee2-457376a34b00 with fdc784ab-f270-4202-b30c-387845d776c4
[35m[HTTP][39m [37m<-- GET /wd/hub/session/fdc784ab-f270-4202-b30c-387845d776c4/element/00000000-0000-0847-ffff-ffff0000001b/location [39m[32m200[39m [90m287 ms - 78[39m
[35m[HTTP][39m [90m[39m
[35m[HTTP][39m [37m-->[39m [37mPOST[39m [37m/wd/hub/session/fdc784ab-f270-4202-b30c-387845d776c4/timeouts[39m
[35m[HTTP][39m [90m{"implicit":30000}[39m
[35m[HTTP][39m [37m<-- POST /wd/hub/session/fdc784ab-f270-4202-b30c-387845d776c4/timeouts [39m[32m200[39m [90m2 ms - 14[39m
[35m[HTTP][39m [90m[39m
[35m[HTTP][39m [37m-->[39m [37mPOST[39m [37m/wd/hub/session/fdc784ab-f270-4202-b30c-387845d776c4/touch/perform[39m
[35m[HTTP][39m [90m{"actions":[{"action":"tap","options":{"x":1,"y":1,"element":"00000000-0000-0847-ffff-ffff0000001b"}},{"action":"release","options":{}}]}[39m
[35m[UiAutomator2][39m calling get location: 00000000-0000-0847-ffff-ffff0000001b
[35m[HTTP][39m [37m<-- POST /wd/hub/session/fdc784ab-f270-4202-b30c-387845d776c4/touch/perform [39m[32m200[39m [90m258 ms - 14[39m
[35m[HTTP][39m [90m[39m
[35m[HTTP][39m [37m-->[39m [37mPOST[39m [37m/wd/hub/session/fdc784ab-f270-4202-b30c-387845d776c4/timeouts[39m
[35m[HTTP][39m [90m{"implicit":50}[39m
[35m[HTTP][39m [37m<-- POST /wd/hub/session/fdc784ab-f270-4202-b30c-387845d776c4/timeouts [39m[32m200[39m [90m1 ms - 14[39m
[35m[HTTP][39m [90m[39m
[35m[HTTP][39m [37m-->[39m [37mGET[39m [37m/wd/hub/session/fdc784ab-f270-4202-b30c-387845d776c4/window/rect[39m
[35m[HTTP][39m [90m{}[39m
[35m[HTTP][39m [37m<-- GET /wd/hub/session/fdc784ab-f270-4202-b30c-387845d776c4/window/rect [39m[32m200[39m [90m11 ms - 50[39m
[35m[HTTP][39m [90m[39m
[35m[HTTP][39m [37m-->[39m [37mPOST[39m [37m/wd/hub/session/fdc784ab-f270-4202-b30c-387845d776c4/elements[39m
[35m[HTTP][39m [90m{"using":"xpath","value":"//*[@class = 'android.widget.ImageView' and @resource-id = 'com.she.sehatq:id/iv_profile_nav' and (@text = '' or . = '')]"}[39m
[35m[HTTP][39m [37m<-- POST /wd/hub/session/fdc784ab-f270-4202-b30c-387845d776c4/elements [39m[32m200[39m [90m627 ms - 139[39m
[35m[HTTP][39m [90m[39m
[35m[HTTP][39m [37m-->[39m [37mGET[39m [37m/wd/hub/session/fdc784ab-f270-4202-b30c-387845d776c4/element/00000000-0000-0848-ffff-ffff0000002b/location[39m
[35m[HTTP][39m [90m{}[39m
[35m[W3C (fdc784ab)][39m Driver proxy active, passing request on via HTTP proxy
[35m[WD Proxy][39m Replacing sessionId d8ddddf9-2bfd-4fd2-8ee2-457376a34b00 with fdc784ab-f270-4202-b30c-387845d776c4
[35m[HTTP][39m [37m<-- GET /wd/hub/session/fdc784ab-f270-4202-b30c-387845d776c4/element/00000000-0000-0848-ffff-ffff0000002b/location [39m[32m200[39m [90m27 ms - 78[39m
[35m[HTTP][39m [90m[39m
[35m[HTTP][39m [37m-->[39m [37mPOST[39m [37m/wd/hub/session/fdc784ab-f270-4202-b30c-387845d776c4/timeouts[39m
[35m[HTTP][39m [90m{"implicit":30000}[39m
[35m[HTTP][39m [37m<-- POST /wd/hub/session/fdc784ab-f270-4202-b30c-387845d776c4/timeouts [39m[32m200[39m [90m2 ms - 14[39m
[35m[HTTP][39m [90m[39m
[35m[HTTP][39m [37m-->[39m [37mPOST[39m [37m/wd/hub/session/fdc784ab-f270-4202-b30c-387845d776c4/touch/perform[39m
[35m[HTTP][39m [90m{"actions":[{"action":"tap","options":{"x":1,"y":1,"element":"00000000-0000-0848-ffff-ffff0000002b"}},{"action":"release","options":{}}]}[39m
[35m[UiAutomator2][39m calling get location: 00000000-0000-0848-ffff-ffff0000002b
[35m[HTTP][39m [37m<-- POST /wd/hub/session/fdc784ab-f270-4202-b30c-387845d776c4/touch/perform [39m[32m200[39m [90m214 ms - 14[39m
[35m[HTTP][39m [90m[39m
[35m[HTTP][39m [37m-->[39m [37mPOST[39m [37m/wd/hub/session/fdc784ab-f270-4202-b30c-387845d776c4/timeouts[39m
[35m[HTTP][39m [90m{"implicit":50}[39m
[35m[HTTP][39m [37m<-- POST /wd/hub/session/fdc784ab-f270-4202-b30c-387845d776c4/timeouts [39m[32m200[39m [90m1 ms - 14[39m
[35m[HTTP][39m [90m[39m
[35m[HTTP][39m [37m-->[39m [37mGET[39m [37m/wd/hub/session/fdc784ab-f270-4202-b30c-387845d776c4/window/rect[39m
[35m[HTTP][39m [90m{}[39m
[35m[HTTP][39m [37m<-- GET /wd/hub/session/fdc784ab-f270-4202-b30c-387845d776c4/window/rect [39m[32m200[39m [90m13 ms - 50[39m
[35m[HTTP][39m [90m[39m
[35m[HTTP][39m [37m-->[39m [37mPOST[39m [37m/wd/hub/session/fdc784ab-f270-4202-b30c-387845d776c4/elements[39m
[35m[HTTP][39m [90m{"using":"xpath","value":"//*[@class = 'android.widget.EditText' and (@text = 'Email' or . = 'Email') and @resource-id = 'com.she.sehatq:id/et_input']"}[39m
[35m[HTTP][39m [37m<-- POST /wd/hub/session/fdc784ab-f270-4202-b30c-387845d776c4/elements [39m[32m200[39m [90m1342 ms - 139[39m
[35m[HTTP][39m [90m[39m
[35m[HTTP][39m [37m-->[39m [37mGET[39m [37m/wd/hub/session/fdc784ab-f270-4202-b30c-387845d776c4/element/00000000-0000-0849-ffff-ffff00000299/location[39m
[35m[HTTP][39m [90m{}[39m
[35m[W3C (fdc784ab)][39m Driver proxy active, passing request on via HTTP proxy
[35m[WD Proxy][39m Replacing sessionId d8ddddf9-2bfd-4fd2-8ee2-457376a34b00 with fdc784ab-f270-4202-b30c-387845d776c4
[35m[HTTP][39m [37m<-- GET /wd/hub/session/fdc784ab-f270-4202-b30c-387845d776c4/element/00000000-0000-0849-ffff-ffff00000299/location [39m[32m200[39m [90m587 ms - 77[39m
[35m[HTTP][39m [90m[39m
[35m[HTTP][39m [37m-->[39m [37mPOST[39m [37m/wd/hub/session/fdc784ab-f270-4202-b30c-387845d776c4/timeouts[39m
[35m[HTTP][39m [90m{"implicit":30000}[39m
[35m[HTTP][39m [37m<-- POST /wd/hub/session/fdc784ab-f270-4202-b30c-387845d776c4/timeouts [39m[32m200[39m [90m2 ms - 14[39m
[35m[HTTP][39m [90m[39m
[35m[HTTP][39m [37m-->[39m [37mPOST[39m [37m/wd/hub/session/fdc784ab-f270-4202-b30c-387845d776c4/element/00000000-0000-0849-ffff-ffff00000299/clear[39m
[35m[HTTP][39m [90m{"id":"00000000-0000-0849-ffff-ffff00000299"}[39m
[35m[HTTP][39m [37m<-- POST /wd/hub/session/fdc784ab-f270-4202-b30c-387845d776c4/element/00000000-0000-0849-ffff-ffff00000299/clear [39m[32m200[39m [90m64 ms - 14[39m
[35m[HTTP][39m [90m[39m
[35m[HTTP][39m [37m-->[39m [37mPOST[39m [37m/wd/hub/session/fdc784ab-f270-4202-b30c-387845d776c4/element/00000000-0000-0849-ffff-ffff00000299/value[39m
[35m[HTTP][39m [90m{"id":"00000000-0000-0849-ffff-ffff00000299","text":"a2@mail.com","value":["a","2","@","m","a","i","l",".","c","o","m"]}[39m
[35m[HTTP][39m [37m<-- POST /wd/hub/session/fdc784ab-f270-4202-b30c-387845d776c4/element/00000000-0000-0849-ffff-ffff00000299/value [39m[32m200[39m [90m1067 ms - 14[39m
[35m[HTTP][39m [90m[39m
[35m[HTTP][39m [37m-->[39m [37mPOST[39m [37m/wd/hub/session/fdc784ab-f270-4202-b30c-387845d776c4/timeouts[39m
[35m[HTTP][39m [90m{"implicit":50}[39m
[35m[HTTP][39m [37m<-- POST /wd/hub/session/fdc784ab-f270-4202-b30c-387845d776c4/timeouts [39m[32m200[39m [90m1 ms - 14[39m
[35m[HTTP][39m [90m[39m
[35m[HTTP][39m [37m-->[39m [37mGET[39m [37m/wd/hub/session/fdc784ab-f270-4202-b30c-387845d776c4/window/rect[39m
[35m[HTTP][39m [90m{}[39m
[35m[HTTP][39m [37m<-- GET /wd/hub/session/fdc784ab-f270-4202-b30c-387845d776c4/window/rect [39m[32m200[39m [90m32 ms - 50[39m
[35m[HTTP][39m [90m[39m
[35m[HTTP][39m [37m-->[39m [37mPOST[39m [37m/wd/hub/session/fdc784ab-f270-4202-b30c-387845d776c4/elements[39m
[35m[HTTP][39m [90m{"using":"xpath","value":"//*[@class = 'android.widget.EditText' and (@text = 'Password' or . = 'Password') and @resource-id = 'com.she.sehatq:id/et_input']"}[39m
[35m[HTTP][39m [37m<-- POST /wd/hub/session/fdc784ab-f270-4202-b30c-387845d776c4/elements [39m[32m200[39m [90m506 ms - 139[39m
[35m[HTTP][39m [90m[39m
[35m[HTTP][39m [37m-->[39m [37mGET[39m [37m/wd/hub/session/fdc784ab-f270-4202-b30c-387845d776c4/element/00000000-0000-0849-ffff-ffff000002b9/location[39m
[35m[HTTP][39m [90m{}[39m
[35m[W3C (fdc784ab)][39m Driver proxy active, passing request on via HTTP proxy
[35m[WD Proxy][39m Replacing sessionId d8ddddf9-2bfd-4fd2-8ee2-457376a34b00 with fdc784ab-f270-4202-b30c-387845d776c4
[35m[HTTP][39m [37m<-- GET /wd/hub/session/fdc784ab-f270-4202-b30c-387845d776c4/element/00000000-0000-0849-ffff-ffff000002b9/location [39m[32m200[39m [90m18 ms - 78[39m
[35m[HTTP][39m [90m[39m
[35m[HTTP][39m [37m-->[39m [37mPOST[39m [37m/wd/hub/session/fdc784ab-f270-4202-b30c-387845d776c4/timeouts[39m
[35m[HTTP][39m [90m{"implicit":30000}[39m
[35m[HTTP][39m [37m<-- POST /wd/hub/session/fdc784ab-f270-4202-b30c-387845d776c4/timeouts [39m[32m200[39m [90m1 ms - 14[39m
[35m[HTTP][39m [90m[39m
[35m[HTTP][39m [37m-->[39m [37mPOST[39m [37m/wd/hub/session/fdc784ab-f270-4202-b30c-387845d776c4/element/00000000-0000-0849-ffff-ffff000002b9/clear[39m
[35m[HTTP][39m [90m{"id":"00000000-0000-0849-ffff-ffff000002b9"}[39m
[35m[HTTP][39m [37m<-- POST /wd/hub/session/fdc784ab-f270-4202-b30c-387845d776c4/element/00000000-0000-0849-ffff-ffff000002b9/clear [39m[32m200[39m [90m30 ms - 14[39m
[35m[HTTP][39m [90m[39m
[35m[HTTP][39m [37m-->[39m [37mPOST[39m [37m/wd/hub/session/fdc784ab-f270-4202-b30c-387845d776c4/element/00000000-0000-0849-ffff-ffff000002b9/value[39m
[35m[HTTP][39m [90m{"id":"00000000-0000-0849-ffff-ffff000002b9","text":"123456","value":["1","2","3","4","5","6"]}[39m
[35m[HTTP][39m [37m<-- POST /wd/hub/session/fdc784ab-f270-4202-b30c-387845d776c4/element/00000000-0000-0849-ffff-ffff000002b9/value [39m[32m200[39m [90m1074 ms - 14[39m
[35m[HTTP][39m [90m[39m
[35m[HTTP][39m [37m-->[39m [37mPOST[39m [37m/wd/hub/session/fdc784ab-f270-4202-b30c-387845d776c4/timeouts[39m
[35m[HTTP][39m [90m{"implicit":50}[39m
[35m[HTTP][39m [37m<-- POST /wd/hub/session/fdc784ab-f270-4202-b30c-387845d776c4/timeouts [39m[32m200[39m [90m1 ms - 14[39m
[35m[HTTP][39m [90m[39m
[35m[HTTP][39m [37m-->[39m [37mGET[39m [37m/wd/hub/session/fdc784ab-f270-4202-b30c-387845d776c4/window/rect[39m
[35m[HTTP][39m [90m{}[39m
[35m[HTTP][39m [37m<-- GET /wd/hub/session/fdc784ab-f270-4202-b30c-387845d776c4/window/rect [39m[32m200[39m [90m27 ms - 50[39m
[35m[HTTP][39m [90m[39m
[35m[HTTP][39m [37m-->[39m [37mPOST[39m [37m/wd/hub/session/fdc784ab-f270-4202-b30c-387845d776c4/elements[39m
[35m[HTTP][39m [90m{"using":"xpath","value":"//*[@class = 'android.widget.Button' and (@text = 'Log in' or . = 'Log in') and @resource-id = 'com.she.sehatq:id/btn_login']"}[39m
[35m[HTTP][39m [37m<-- POST /wd/hub/session/fdc784ab-f270-4202-b30c-387845d776c4/elements [39m[32m200[39m [90m533 ms - 139[39m
[35m[HTTP][39m [90m[39m
[35m[HTTP][39m [37m-->[39m [37mGET[39m [37m/wd/hub/session/fdc784ab-f270-4202-b30c-387845d776c4/element/00000000-0000-0849-ffff-ffff000002d2/location[39m
[35m[HTTP][39m [90m{}[39m
[35m[W3C (fdc784ab)][39m Driver proxy active, passing request on via HTTP proxy
[35m[WD Proxy][39m Replacing sessionId d8ddddf9-2bfd-4fd2-8ee2-457376a34b00 with fdc784ab-f270-4202-b30c-387845d776c4
[35m[HTTP][39m [37m<-- GET /wd/hub/session/fdc784ab-f270-4202-b30c-387845d776c4/element/00000000-0000-0849-ffff-ffff000002d2/location [39m[32m200[39m [90m29 ms - 78[39m
[35m[HTTP][39m [90m[39m
[35m[HTTP][39m [37m-->[39m [37mPOST[39m [37m/wd/hub/session/fdc784ab-f270-4202-b30c-387845d776c4/timeouts[39m
[35m[HTTP][39m [90m{"implicit":30000}[39m
[35m[HTTP][39m [37m<-- POST /wd/hub/session/fdc784ab-f270-4202-b30c-387845d776c4/timeouts [39m[32m200[39m [90m2 ms - 14[39m
[35m[HTTP][39m [90m[39m
[35m[HTTP][39m [37m-->[39m [37mPOST[39m [37m/wd/hub/session/fdc784ab-f270-4202-b30c-387845d776c4/touch/perform[39m
[35m[HTTP][39m [90m{"actions":[{"action":"tap","options":{"x":1,"y":1,"element":"00000000-0000-0849-ffff-ffff000002d2"}},{"action":"release","options":{}}]}[39m
[35m[UiAutomator2][39m calling get location: 00000000-0000-0849-ffff-ffff000002d2
[35m[HTTP][39m [37m<-- POST /wd/hub/session/fdc784ab-f270-4202-b30c-387845d776c4/touch/perform [39m[32m200[39m [90m724 ms - 14[39m
[35m[HTTP][39m [90m[39m
[35m[HTTP][39m [37m-->[39m [37mPOST[39m [37m/wd/hub/session/fdc784ab-f270-4202-b30c-387845d776c4/timeouts[39m
[35m[HTTP][39m [90m{"implicit":50}[39m
[35m[HTTP][39m [37m<-- POST /wd/hub/session/fdc784ab-f270-4202-b30c-387845d776c4/timeouts [39m[32m200[39m [90m1 ms - 14[39m
[35m[HTTP][39m [90m[39m
[35m[HTTP][39m [37m-->[39m [37mGET[39m [37m/wd/hub/session/fdc784ab-f270-4202-b30c-387845d776c4/window/rect[39m
[35m[HTTP][39m [90m{}[39m
[35m[HTTP][39m [37m<-- GET /wd/hub/session/fdc784ab-f270-4202-b30c-387845d776c4/window/rect [39m[32m200[39m [90m48 ms - 50[39m
[35m[HTTP][39m [90m[39m
[35m[HTTP][39m [37m-->[39m [37mPOST[39m [37m/wd/hub/session/fdc784ab-f270-4202-b30c-387845d776c4/elements[39m
[35m[HTTP][39m [90m{"using":"xpath","value":"//*[@class = 'android.widget.TextView' and (@text = 'Lewati' or . = 'Lewati') and @resource-id = 'com.she.sehatq:id/tvSkip']"}[39m
[35m[HTTP][39m [37m<-- POST /wd/hub/session/fdc784ab-f270-4202-b30c-387845d776c4/elements [39m[32m200[39m [90m112 ms - 12[39m
[35m[HTTP][39m [90m[39m
[35m[HTTP][39m [37m-->[39m [37mPOST[39m [37m/wd/hub/session/fdc784ab-f270-4202-b30c-387845d776c4/elements[39m
[35m[HTTP][39m [90m{"using":"xpath","value":"//*[@class = 'android.widget.TextView' and (@text = 'Lewati' or . = 'Lewati') and @resource-id = 'com.she.sehatq:id/tvSkip']"}[39m
[35m[HTTP][39m [37m<-- POST /wd/hub/session/fdc784ab-f270-4202-b30c-387845d776c4/elements [39m[32m200[39m [90m82 ms - 12[39m
[35m[HTTP][39m [90m[39m
[35m[HTTP][39m [37m-->[39m [37mPOST[39m [37m/wd/hub/session/fdc784ab-f270-4202-b30c-387845d776c4/elements[39m
[35m[HTTP][39m [90m{"using":"xpath","value":"//*[@class = 'android.widget.TextView' and (@text = 'Lewati' or . = 'Lewati') and @resource-id = 'com.she.sehatq:id/tvSkip']"}[39m
[35m[HTTP][39m [37m<-- POST /wd/hub/session/fdc784ab-f270-4202-b30c-387845d776c4/elements [39m[32m200[39m [90m99 ms - 12[39m
[35m[HTTP][39m [90m[39m
[35m[HTTP][39m [37m-->[39m [37mPOST[39m [37m/wd/hub/session/fdc784ab-f270-4202-b30c-387845d776c4/elements[39m
[35m[HTTP][39m [90m{"using":"xpath","value":"//*[@class = 'android.widget.TextView' and (@text = 'Lewati' or . = 'Lewati') and @resource-id = 'com.she.sehatq:id/tvSkip']"}[39m
[35m[HTTP][39m [37m<-- POST /wd/hub/session/fdc784ab-f270-4202-b30c-387845d776c4/elements [39m[32m200[39m [90m114 ms - 12[39m
[35m[HTTP][39m [90m[39m
[35m[HTTP][39m [37m-->[39m [37mPOST[39m [37m/wd/hub/session/fdc784ab-f270-4202-b30c-387845d776c4/elements[39m
[35m[HTTP][39m [90m{"using":"xpath","value":"//*[@class = 'android.widget.TextView' and (@text = 'Lewati' or . = 'Lewati') and @resource-id = 'com.she.sehatq:id/tvSkip']"}[39m
[35m[HTTP][39m [37m<-- POST /wd/hub/session/fdc784ab-f270-4202-b30c-387845d776c4/elements [39m[32m200[39m [90m100 ms - 12[39m
[35m[HTTP][39m [90m[39m
[35m[HTTP][39m [37m-->[39m [37mPOST[39m [37m/wd/hub/session/fdc784ab-f270-4202-b30c-387845d776c4/elements[39m
[35m[HTTP][39m [90m{"using":"xpath","value":"//*[@class = 'android.widget.TextView' and (@text = 'Lewati' or . = 'Lewati') and @resource-id = 'com.she.sehatq:id/tvSkip']"}[39m
[35m[HTTP][39m [37m<-- POST /wd/hub/session/fdc784ab-f270-4202-b30c-387845d776c4/elements [39m[32m200[39m [90m54 ms - 12[39m
[35m[HTTP][39m [90m[39m
[35m[HTTP][39m [37m-->[39m [37mPOST[39m [37m/wd/hub/session/fdc784ab-f270-4202-b30c-387845d776c4/elements[39m
[35m[HTTP][39m [90m{"using":"xpath","value":"//*[@class = 'android.widget.TextView' and (@text = 'Lewati' or . = 'Lewati') and @resource-id = 'com.she.sehatq:id/tvSkip']"}[39m
[35m[HTTP][39m [37m<-- POST /wd/hub/session/fdc784ab-f270-4202-b30c-387845d776c4/elements [39m[32m200[39m [90m52 ms - 12[39m
[35m[HTTP][39m [90m[39m
[35m[HTTP][39m [37m-->[39m [37mPOST[39m [37m/wd/hub/session/fdc784ab-f270-4202-b30c-387845d776c4/elements[39m
[35m[HTTP][39m [90m{"using":"xpath","value":"//*[@class = 'android.widget.TextView' and (@text = 'Lewati' or . = 'Lewati') and @resource-id = 'com.she.sehatq:id/tvSkip']"}[39m
[35m[HTTP][39m [37m<-- POST /wd/hub/session/fdc784ab-f270-4202-b30c-387845d776c4/elements [39m[32m200[39m [90m279 ms - 12[39m
[35m[HTTP][39m [90m[39m
[35m[HTTP][39m [37m-->[39m [37mPOST[39m [37m/wd/hub/session/fdc784ab-f270-4202-b30c-387845d776c4/elements[39m
[35m[HTTP][39m [90m{"using":"xpath","value":"//*[@class = 'android.widget.TextView' and (@text = 'Lewati' or . = 'Lewati') and @resource-id = 'com.she.sehatq:id/tvSkip']"}[39m
[35m[HTTP][39m [37m<-- POST /wd/hub/session/fdc784ab-f270-4202-b30c-387845d776c4/elements [39m[32m200[39m [90m962 ms - 139[39m
[35m[HTTP][39m [90m[39m
[35m[HTTP][39m [37m-->[39m [37mGET[39m [37m/wd/hub/session/fdc784ab-f270-4202-b30c-387845d776c4/element/00000000-0000-0849-ffff-ffff00000395/location[39m
[35m[HTTP][39m [90m{}[39m
[35m[W3C (fdc784ab)][39m Driver proxy active, passing request on via HTTP proxy
[35m[WD Proxy][39m Replacing sessionId d8ddddf9-2bfd-4fd2-8ee2-457376a34b00 with fdc784ab-f270-4202-b30c-387845d776c4
[35m[HTTP][39m [37m<-- GET /wd/hub/session/fdc784ab-f270-4202-b30c-387845d776c4/element/00000000-0000-0849-ffff-ffff00000395/location [39m[32m200[39m [90m596 ms - 79[39m
[35m[HTTP][39m [90m[39m
[35m[HTTP][39m [37m-->[39m [37mPOST[39m [37m/wd/hub/session/fdc784ab-f270-4202-b30c-387845d776c4/timeouts[39m
[35m[HTTP][39m [90m{"implicit":30000}[39m
[35m[HTTP][39m [37m<-- POST /wd/hub/session/fdc784ab-f270-4202-b30c-387845d776c4/timeouts [39m[32m200[39m [90m2 ms - 14[39m
[35m[HTTP][39m [90m[39m
[35m[HTTP][39m [37m-->[39m [37mPOST[39m [37m/wd/hub/session/fdc784ab-f270-4202-b30c-387845d776c4/touch/perform[39m
[35m[HTTP][39m [90m{"actions":[{"action":"tap","options":{"x":1,"y":1,"element":"00000000-0000-0849-ffff-ffff00000395"}},{"action":"release","options":{}}]}[39m
[35m[UiAutomator2][39m calling get location: 00000000-0000-0849-ffff-ffff00000395
[35m[HTTP][39m [37m<-- POST /wd/hub/session/fdc784ab-f270-4202-b30c-387845d776c4/touch/perform [39m[32m200[39m [90m263 ms - 14[39m
[35m[HTTP][39m [90m[39m
[35m[HTTP][39m [37m-->[39m [37mPOST[39m [37m/wd/hub/session/fdc784ab-f270-4202-b30c-387845d776c4/timeouts[39m
[35m[HTTP][39m [90m{"implicit":50}[39m
[35m[HTTP][39m [37m<-- POST /wd/hub/session/fdc784ab-f270-4202-b30c-387845d776c4/timeouts [39m[32m200[39m [90m1 ms - 14[39m
[35m[HTTP][39m [90m[39m
[35m[HTTP][39m [37m-->[39m [37mGET[39m [37m/wd/hub/session/fdc784ab-f270-4202-b30c-387845d776c4/window/rect[39m
[35m[HTTP][39m [90m{}[39m
[35m[HTTP][39m [37m<-- GET /wd/hub/session/fdc784ab-f270-4202-b30c-387845d776c4/window/rect [39m[32m200[39m [90m26 ms - 50[39m
[35m[HTTP][39m [90m[39m
[35m[HTTP][39m [37m-->[39m [37mPOST[39m [37m/wd/hub/session/fdc784ab-f270-4202-b30c-387845d776c4/elements[39m
[35m[HTTP][39m [90m{"using":"xpath","value":"//*[@class = 'android.widget.TextView' and (@text = 'Ya' or . = 'Ya') and @resource-id = 'com.she.sehatq:id/btn_yes']"}[39m
[35m[HTTP][39m [37m<-- POST /wd/hub/session/fdc784ab-f270-4202-b30c-387845d776c4/elements [39m[32m200[39m [90m546 ms - 139[39m
[35m[HTTP][39m [90m[39m
[35m[HTTP][39m [37m-->[39m [37mGET[39m [37m/wd/hub/session/fdc784ab-f270-4202-b30c-387845d776c4/element/00000000-0000-084a-ffff-ffff000003b0/location[39m
[35m[HTTP][39m [90m{}[39m
[35m[W3C (fdc784ab)][39m Driver proxy active, passing request on via HTTP proxy
[35m[WD Proxy][39m Replacing sessionId d8ddddf9-2bfd-4fd2-8ee2-457376a34b00 with fdc784ab-f270-4202-b30c-387845d776c4
[35m[HTTP][39m [37m<-- GET /wd/hub/session/fdc784ab-f270-4202-b30c-387845d776c4/element/00000000-0000-084a-ffff-ffff000003b0/location [39m[32m200[39m [90m32 ms - 78[39m
[35m[HTTP][39m [90m[39m
[35m[HTTP][39m [37m-->[39m [37mPOST[39m [37m/wd/hub/session/fdc784ab-f270-4202-b30c-387845d776c4/timeouts[39m
[35m[HTTP][39m [90m{"implicit":30000}[39m
[35m[HTTP][39m [37m<-- POST /wd/hub/session/fdc784ab-f270-4202-b30c-387845d776c4/timeouts [39m[32m200[39m [90m2 ms - 14[39m
[35m[HTTP][39m [90m[39m
[35m[HTTP][39m [37m-->[39m [37mPOST[39m [37m/wd/hub/session/fdc784ab-f270-4202-b30c-387845d776c4/touch/perform[39m
[35m[HTTP][39m [90m{"actions":[{"action":"tap","options":{"x":1,"y":1,"element":"00000000-0000-084a-ffff-ffff000003b0"}},{"action":"release","options":{}}]}[39m
[35m[UiAutomator2][39m calling get location: 00000000-0000-084a-ffff-ffff000003b0
[35m[HTTP][39m [37m<-- POST /wd/hub/session/fdc784ab-f270-4202-b30c-387845d776c4/touch/perform [39m[32m200[39m [90m238 ms - 14[39m
[35m[HTTP][39m [90m[39m
[35m[HTTP][39m [37m-->[39m [37mPOST[39m [37m/wd/hub/session/fdc784ab-f270-4202-b30c-387845d776c4/timeouts[39m
[35m[HTTP][39m [90m{"implicit":50}[39m
[35m[HTTP][39m [37m<-- POST /wd/hub/session/fdc784ab-f270-4202-b30c-387845d776c4/timeouts [39m[32m200[39m [90m1 ms - 14[39m
[35m[HTTP][39m [90m[39m
[35m[HTTP][39m [37m-->[39m [37mGET[39m [37m/wd/hub/session/fdc784ab-f270-4202-b30c-387845d776c4/window/rect[39m
[35m[HTTP][39m [90m{}[39m
[35m[HTTP][39m [37m<-- GET /wd/hub/session/fdc784ab-f270-4202-b30c-387845d776c4/window/rect [39m[32m200[39m [90m16 ms - 50[39m
[35m[HTTP][39m [90m[39m
[35m[HTTP][39m [37m-->[39m [37mPOST[39m [37m/wd/hub/session/fdc784ab-f270-4202-b30c-387845d776c4/elements[39m
[35m[HTTP][39m [90m{"using":"xpath","value":"//*[@class = 'android.widget.ImageView' and @resource-id = 'com.she.sehatq:id/ivBack' and (@text = '' or . = '')]"}[39m
[35m[HTTP][39m [37m<-- POST /wd/hub/session/fdc784ab-f270-4202-b30c-387845d776c4/elements [39m[32m200[39m [90m1551 ms - 139[39m
[35m[HTTP][39m [90m[39m
[35m[HTTP][39m [37m-->[39m [37mGET[39m [37m/wd/hub/session/fdc784ab-f270-4202-b30c-387845d776c4/element/00000000-0000-084b-ffff-ffff000003be/location[39m
[35m[HTTP][39m [90m{}[39m
[35m[W3C (fdc784ab)][39m Driver proxy active, passing request on via HTTP proxy
[35m[WD Proxy][39m Replacing sessionId d8ddddf9-2bfd-4fd2-8ee2-457376a34b00 with fdc784ab-f270-4202-b30c-387845d776c4
[35m[HTTP][39m [37m<-- GET /wd/hub/session/fdc784ab-f270-4202-b30c-387845d776c4/element/00000000-0000-084b-ffff-ffff000003be/location [39m[32m200[39m [90m30 ms - 77[39m
[35m[HTTP][39m [90m[39m
[35m[HTTP][39m [37m-->[39m [37mPOST[39m [37m/wd/hub/session/fdc784ab-f270-4202-b30c-387845d776c4/timeouts[39m
[35m[HTTP][39m [90m{"implicit":30000}[39m
[35m[HTTP][39m [37m<-- POST /wd/hub/session/fdc784ab-f270-4202-b30c-387845d776c4/timeouts [39m[32m200[39m [90m1 ms - 14[39m
[35m[HTTP][39m [90m[39m
[35m[HTTP][39m [37m-->[39m [37mPOST[39m [37m/wd/hub/session/fdc784ab-f270-4202-b30c-387845d776c4/touch/perform[39m
[35m[HTTP][39m [90m{"actions":[{"action":"tap","options":{"x":1,"y":1,"element":"00000000-0000-084b-ffff-ffff000003be"}},{"action":"release","options":{}}]}[39m
[35m[UiAutomator2][39m calling get location: 00000000-0000-084b-ffff-ffff000003be
[35m[HTTP][39m [37m<-- POST /wd/hub/session/fdc784ab-f270-4202-b30c-387845d776c4/touch/perform [39m[32m200[39m [90m239 ms - 14[39m
[35m[HTTP][39m [90m[39m
[35m[HTTP][39m [37m-->[39m [37mPOST[39m [37m/wd/hub/session/fdc784ab-f270-4202-b30c-387845d776c4/timeouts[39m
[35m[HTTP][39m [90m{"implicit":50}[39m
[35m[HTTP][39m [37m<-- POST /wd/hub/session/fdc784ab-f270-4202-b30c-387845d776c4/timeouts [39m[32m200[39m [90m1 ms - 14[39m
[35m[HTTP][39m [90m[39m
[35m[HTTP][39m [37m-->[39m [37mGET[39m [37m/wd/hub/session/fdc784ab-f270-4202-b30c-387845d776c4/window/rect[39m
[35m[HTTP][39m [90m{}[39m
[35m[HTTP][39m [37m<-- GET /wd/hub/session/fdc784ab-f270-4202-b30c-387845d776c4/window/rect [39m[32m200[39m [90m26 ms - 50[39m
[35m[HTTP][39m [90m[39m
[35m[HTTP][39m [37m-->[39m [37mPOST[39m [37m/wd/hub/session/fdc784ab-f270-4202-b30c-387845d776c4/elements[39m
[35m[HTTP][39m [90m{"using":"xpath","value":"//*[@class = 'android.widget.ImageView' and @resource-id = 'com.she.sehatq:id/iv_cart_top_nav' and (@text = '' or . = '')]"}[39m
[35m[HTTP][39m [37m<-- POST /wd/hub/session/fdc784ab-f270-4202-b30c-387845d776c4/elements [39m[32m200[39m [90m1183 ms - 139[39m
[35m[HTTP][39m [90m[39m
[35m[HTTP][39m [37m-->[39m [37mGET[39m [37m/wd/hub/session/fdc784ab-f270-4202-b30c-387845d776c4/element/00000000-0000-0848-ffff-ffff0000002e/location[39m
[35m[HTTP][39m [90m{}[39m
[35m[W3C (fdc784ab)][39m Driver proxy active, passing request on via HTTP proxy
[35m[WD Proxy][39m Replacing sessionId d8ddddf9-2bfd-4fd2-8ee2-457376a34b00 with fdc784ab-f270-4202-b30c-387845d776c4
[35m[HTTP][39m [37m<-- GET /wd/hub/session/fdc784ab-f270-4202-b30c-387845d776c4/element/00000000-0000-0848-ffff-ffff0000002e/location [39m[32m200[39m [90m22 ms - 78[39m
[35m[HTTP][39m [90m[39m
[35m[HTTP][39m [37m-->[39m [37mPOST[39m [37m/wd/hub/session/fdc784ab-f270-4202-b30c-387845d776c4/timeouts[39m
[35m[HTTP][39m [90m{"implicit":30000}[39m
[35m[HTTP][39m [37m<-- POST /wd/hub/session/fdc784ab-f270-4202-b30c-387845d776c4/timeouts [39m[32m200[39m [90m1 ms - 14[39m
[35m[HTTP][39m [90m[39m
[35m[HTTP][39m [37m-->[39m [37mPOST[39m [37m/wd/hub/session/fdc784ab-f270-4202-b30c-387845d776c4/touch/perform[39m
[35m[HTTP][39m [90m{"actions":[{"action":"tap","options":{"x":1,"y":1,"element":"00000000-0000-0848-ffff-ffff0000002e"}},{"action":"release","options":{}}]}[39m
[35m[UiAutomator2][39m calling get location: 00000000-0000-0848-ffff-ffff0000002e
[35m[HTTP][39m [37m<-- POST /wd/hub/session/fdc784ab-f270-4202-b30c-387845d776c4/touch/perform [39m[32m200[39m [90m1319 ms - 14[39m
[35m[HTTP][39m [90m[39m
[35m[HTTP][39m [37m-->[39m [37mPOST[39m [37m/wd/hub/session/fdc784ab-f270-4202-b30c-387845d776c4/timeouts[39m
[35m[HTTP][39m [90m{"implicit":50}[39m
[35m[HTTP][39m [37m<-- POST /wd/hub/session/fdc784ab-f270-4202-b30c-387845d776c4/timeouts [39m[32m200[39m [90m1 ms - 14[39m
[35m[HTTP][39m [90m[39m
[35m[HTTP][39m [37m-->[39m [37mGET[39m [37m/wd/hub/session/fdc784ab-f270-4202-b30c-387845d776c4/window/rect[39m
[35m[HTTP][39m [90m{}[39m
[35m[HTTP][39m [37m<-- GET /wd/hub/session/fdc784ab-f270-4202-b30c-387845d776c4/window/rect [39m[32m200[39m [90m33 ms - 50[39m
[35m[HTTP][39m [90m[39m
[35m[HTTP][39m [37m-->[39m [37mPOST[39m [37m/wd/hub/session/fdc784ab-f270-4202-b30c-387845d776c4/elements[39m
[35m[HTTP][39m [90m{"using":"xpath","value":"//*[@class = 'android.widget.Button' and (@text = 'Belanja Sekarang' or . = 'Belanja Sekarang') and @resource-id = 'com.she.sehatq:id/btnShopping']"}[39m
[35m[HTTP][39m [37m<-- POST /wd/hub/session/fdc784ab-f270-4202-b30c-387845d776c4/elements [39m[32m200[39m [90m123 ms - 139[39m
[35m[HTTP][39m [90m[39m
[35m[HTTP][39m [37m-->[39m [37mGET[39m [37m/wd/hub/session/fdc784ab-f270-4202-b30c-387845d776c4/element/00000000-0000-084c-ffff-ffff0000043a/location[39m
[35m[HTTP][39m [90m{}[39m
[35m[W3C (fdc784ab)][39m Driver proxy active, passing request on via HTTP proxy
[35m[WD Proxy][39m Replacing sessionId d8ddddf9-2bfd-4fd2-8ee2-457376a34b00 with fdc784ab-f270-4202-b30c-387845d776c4
[35m[HTTP][39m [37m<-- GET /wd/hub/session/fdc784ab-f270-4202-b30c-387845d776c4/element/00000000-0000-084c-ffff-ffff0000043a/location [39m[32m200[39m [90m569 ms - 79[39m
[35m[HTTP][39m [90m[39m
[35m[HTTP][39m [37m-->[39m [37mPOST[39m [37m/wd/hub/session/fdc784ab-f270-4202-b30c-387845d776c4/timeouts[39m
[35m[HTTP][39m [90m{"implicit":30000}[39m
[35m[HTTP][39m [37m<-- POST /wd/hub/session/fdc784ab-f270-4202-b30c-387845d776c4/timeouts [39m[32m200[39m [90m2 ms - 14[39m
[35m[HTTP][39m [90m[39m
[35m[HTTP][39m [37m-->[39m [37mPOST[39m [37m/wd/hub/session/fdc784ab-f270-4202-b30c-387845d776c4/touch/perform[39m
[35m[HTTP][39m [90m{"actions":[{"action":"tap","options":{"x":1,"y":1,"element":"00000000-0000-084c-ffff-ffff0000043a"}},{"action":"release","options":{}}]}[39m
[35m[UiAutomator2][39m calling get location: 00000000-0000-084c-ffff-ffff0000043a
[35m[HTTP][39m [37m<-- POST /wd/hub/session/fdc784ab-f270-4202-b30c-387845d776c4/touch/perform [39m[32m200[39m [90m232 ms - 14[39m
[35m[HTTP][39m [90m[39m
[35m[HTTP][39m [37m-->[39m [37mPOST[39m [37m/wd/hub/session/fdc784ab-f270-4202-b30c-387845d776c4/timeouts[39m
[35m[HTTP][39m [90m{"implicit":50}[39m
[35m[HTTP][39m [37m<-- POST /wd/hub/session/fdc784ab-f270-4202-b30c-387845d776c4/timeouts [39m[32m200[39m [90m1 ms - 14[39m
[35m[HTTP][39m [90m[39m
[35m[HTTP][39m [37m-->[39m [37mGET[39m [37m/wd/hub/session/fdc784ab-f270-4202-b30c-387845d776c4/window/rect[39m
[35m[HTTP][39m [90m{}[39m
[35m[HTTP][39m [37m<-- GET /wd/hub/session/fdc784ab-f270-4202-b30c-387845d776c4/window/rect [39m[32m200[39m [90m11 ms - 50[39m
[35m[HTTP][39m [90m[39m
[35m[HTTP][39m [37m-->[39m [37mPOST[39m [37m/wd/hub/session/fdc784ab-f270-4202-b30c-387845d776c4/elements[39m
[35m[HTTP][39m [90m{"using":"xpath","value":"//*[@class = 'android.widget.TextView' and (@text = 'Toko' or . = 'Toko') and @resource-id = 'com.she.sehatq:id/tvNavFeature2']"}[39m
[35m[HTTP][39m [37m<-- POST /wd/hub/session/fdc784ab-f270-4202-b30c-387845d776c4/elements [39m[32m200[39m [90m1317 ms - 139[39m
[35m[HTTP][39m [90m[39m
[35m[HTTP][39m [37m-->[39m [37mGET[39m [37m/wd/hub/session/fdc784ab-f270-4202-b30c-387845d776c4/element/00000000-0000-0848-ffff-ffff00000044/location[39m
[35m[HTTP][39m [90m{}[39m
[35m[W3C (fdc784ab)][39m Driver proxy active, passing request on via HTTP proxy
[35m[WD Proxy][39m Replacing sessionId d8ddddf9-2bfd-4fd2-8ee2-457376a34b00 with fdc784ab-f270-4202-b30c-387845d776c4
[35m[HTTP][39m [37m<-- GET /wd/hub/session/fdc784ab-f270-4202-b30c-387845d776c4/element/00000000-0000-0848-ffff-ffff00000044/location [39m[32m200[39m [90m25 ms - 79[39m
[35m[HTTP][39m [90m[39m
[35m[HTTP][39m [37m-->[39m [37mPOST[39m [37m/wd/hub/session/fdc784ab-f270-4202-b30c-387845d776c4/timeouts[39m
[35m[HTTP][39m [90m{"implicit":30000}[39m
[35m[HTTP][39m [37m<-- POST /wd/hub/session/fdc784ab-f270-4202-b30c-387845d776c4/timeouts [39m[32m200[39m [90m1 ms - 14[39m
[35m[HTTP][39m [90m[39m
[35m[HTTP][39m [37m-->[39m [37mPOST[39m [37m/wd/hub/session/fdc784ab-f270-4202-b30c-387845d776c4/touch/perform[39m
[35m[HTTP][39m [90m{"actions":[{"action":"tap","options":{"x":1,"y":1,"element":"00000000-0000-0848-ffff-ffff00000044"}},{"action":"release","options":{}}]}[39m
[35m[UiAutomator2][39m calling get location: 00000000-0000-0848-ffff-ffff00000044
[35m[HTTP][39m [37m<-- POST /wd/hub/session/fdc784ab-f270-4202-b30c-387845d776c4/touch/perform [39m[32m200[39m [90m710 ms - 14[39m
[35m[HTTP][39m [90m[39m
[35m[HTTP][39m [37m-->[39m [37mPOST[39m [37m/wd/hub/session/fdc784ab-f270-4202-b30c-387845d776c4/timeouts[39m
[35m[HTTP][39m [90m{"implicit":50}[39m
[35m[HTTP][39m [37m<-- POST /wd/hub/session/fdc784ab-f270-4202-b30c-387845d776c4/timeouts [39m[32m200[39m [90m1 ms - 14[39m
[35m[HTTP][39m [90m[39m
[35m[HTTP][39m [37m-->[39m [37mGET[39m [37m/wd/hub/session/fdc784ab-f270-4202-b30c-387845d776c4/window/rect[39m
[35m[HTTP][39m [90m{}[39m
[35m[HTTP][39m [37m<-- GET /wd/hub/session/fdc784ab-f270-4202-b30c-387845d776c4/window/rect [39m[32m200[39m [90m18 ms - 50[39m
[35m[HTTP][39m [90m[39m
[35m[HTTP][39m [37m-->[39m [37mPOST[39m [37m/wd/hub/session/fdc784ab-f270-4202-b30c-387845d776c4/elements[39m
[35m[HTTP][39m [90m{"using":"xpath","value":"//*[@class = 'android.widget.TextView' and (@text = 'Vitamin, Herbal & Suplemen' or . = 'Vitamin, Herbal & Suplemen') and @resource-id = 'com.she.sehatq:id/tvCategoryName']"}[39m
[35m[HTTP][39m [37m<-- POST /wd/hub/session/fdc784ab-f270-4202-b30c-387845d776c4/elements [39m[32m200[39m [90m132 ms - 12[39m
[35m[HTTP][39m [90m[39m
[35m[HTTP][39m [37m-->[39m [37mPOST[39m [37m/wd/hub/session/fdc784ab-f270-4202-b30c-387845d776c4/elements[39m
[35m[HTTP][39m [90m{"using":"xpath","value":"//*[@class = 'android.widget.TextView' and (@text = 'Vitamin, Herbal & Suplemen' or . = 'Vitamin, Herbal & Suplemen') and @resource-id = 'com.she.sehatq:id/tvCategoryName']"}[39m
[35m[HTTP][39m [37m<-- POST /wd/hub/session/fdc784ab-f270-4202-b30c-387845d776c4/elements [39m[32m200[39m [90m107 ms - 12[39m
[35m[HTTP][39m [90m[39m
[35m[HTTP][39m [37m-->[39m [37mPOST[39m [37m/wd/hub/session/fdc784ab-f270-4202-b30c-387845d776c4/elements[39m
[35m[HTTP][39m [90m{"using":"xpath","value":"//*[@class = 'android.widget.TextView' and (@text = 'Vitamin, Herbal & Suplemen' or . = 'Vitamin, Herbal & Suplemen') and @resource-id = 'com.she.sehatq:id/tvCategoryName']"}[39m
[35m[HTTP][39m [37m<-- POST /wd/hub/session/fdc784ab-f270-4202-b30c-387845d776c4/elements [39m[32m200[39m [90m173 ms - 12[39m
[35m[HTTP][39m [90m[39m
[35m[HTTP][39m [37m-->[39m [37mPOST[39m [37m/wd/hub/session/fdc784ab-f270-4202-b30c-387845d776c4/elements[39m
[35m[HTTP][39m [90m{"using":"xpath","value":"//*[@class = 'android.widget.TextView' and (@text = 'Vitamin, Herbal & Suplemen' or . = 'Vitamin, Herbal & Suplemen') and @resource-id = 'com.she.sehatq:id/tvCategoryName']"}[39m
[35m[HTTP][39m [37m<-- POST /wd/hub/session/fdc784ab-f270-4202-b30c-387845d776c4/elements [39m[32m200[39m [90m190 ms - 12[39m
[35m[HTTP][39m [90m[39m
[35m[HTTP][39m [37m-->[39m [37mPOST[39m [37m/wd/hub/session/fdc784ab-f270-4202-b30c-387845d776c4/elements[39m
[35m[HTTP][39m [90m{"using":"xpath","value":"//*[@class = 'android.widget.TextView' and (@text = 'Vitamin, Herbal & Suplemen' or . = 'Vitamin, Herbal & Suplemen') and @resource-id = 'com.she.sehatq:id/tvCategoryName']"}[39m
[35m[HTTP][39m [37m<-- POST /wd/hub/session/fdc784ab-f270-4202-b30c-387845d776c4/elements [39m[32m200[39m [90m256 ms - 12[39m
[35m[HTTP][39m [90m[39m
[35m[HTTP][39m [37m-->[39m [37mPOST[39m [37m/wd/hub/session/fdc784ab-f270-4202-b30c-387845d776c4/elements[39m
[35m[HTTP][39m [90m{"using":"xpath","value":"//*[@class = 'android.widget.TextView' and (@text = 'Vitamin, Herbal & Suplemen' or . = 'Vitamin, Herbal & Suplemen') and @resource-id = 'com.she.sehatq:id/tvCategoryName']"}[39m
[35m[HTTP][39m [37m<-- POST /wd/hub/session/fdc784ab-f270-4202-b30c-387845d776c4/elements [39m[32m200[39m [90m153 ms - 12[39m
[35m[HTTP][39m [90m[39m
[35m[HTTP][39m [37m-->[39m [37mPOST[39m [37m/wd/hub/session/fdc784ab-f270-4202-b30c-387845d776c4/elements[39m
[35m[HTTP][39m [90m{"using":"xpath","value":"//*[@class = 'android.widget.TextView' and (@text = 'Vitamin, Herbal & Suplemen' or . = 'Vitamin, Herbal & Suplemen') and @resource-id = 'com.she.sehatq:id/tvCategoryName']"}[39m
[35m[HTTP][39m [37m<-- POST /wd/hub/session/fdc784ab-f270-4202-b30c-387845d776c4/elements [39m[32m200[39m [90m197 ms - 12[39m
[35m[HTTP][39m [90m[39m
[35m[HTTP][39m [37m-->[39m [37mPOST[39m [37m/wd/hub/session/fdc784ab-f270-4202-b30c-387845d776c4/elements[39m
[35m[HTTP][39m [90m{"using":"xpath","value":"//*[@class = 'android.widget.TextView' and (@text = 'Vitamin, Herbal & Suplemen' or . = 'Vitamin, Herbal & Suplemen') and @resource-id = 'com.she.sehatq:id/tvCategoryName']"}[39m
[35m[HTTP][39m [37m<-- POST /wd/hub/session/fdc784ab-f270-4202-b30c-387845d776c4/elements [39m[32m200[39m [90m172 ms - 12[39m
[35m[HTTP][39m [90m[39m
[35m[HTTP][39m [37m-->[39m [37mPOST[39m [37m/wd/hub/session/fdc784ab-f270-4202-b30c-387845d776c4/elements[39m
[35m[HTTP][39m [90m{"using":"xpath","value":"//*[@class = 'android.widget.TextView' and (@text = 'Vitamin, Herbal & Suplemen' or . = 'Vitamin, Herbal & Suplemen') and @resource-id = 'com.she.sehatq:id/tvCategoryName']"}[39m
[35m[HTTP][39m [37m<-- POST /wd/hub/session/fdc784ab-f270-4202-b30c-387845d776c4/elements [39m[32m200[39m [90m198 ms - 12[39m
[35m[HTTP][39m [90m[39m
[35m[HTTP][39m [37m-->[39m [37mPOST[39m [37m/wd/hub/session/fdc784ab-f270-4202-b30c-387845d776c4/elements[39m
[35m[HTTP][39m [90m{"using":"xpath","value":"//*[@class = 'android.widget.TextView' and (@text = 'Vitamin, Herbal & Suplemen' or . = 'Vitamin, Herbal & Suplemen') and @resource-id = 'com.she.sehatq:id/tvCategoryName']"}[39m
[35m[HTTP][39m [37m<-- POST /wd/hub/session/fdc784ab-f270-4202-b30c-387845d776c4/elements [39m[32m200[39m [90m173 ms - 12[39m
[35m[HTTP][39m [90m[39m
[35m[HTTP][39m [37m-->[39m [37mPOST[39m [37m/wd/hub/session/fdc784ab-f270-4202-b30c-387845d776c4/elements[39m
[35m[HTTP][39m [90m{"using":"xpath","value":"//*[@class = 'android.widget.TextView' and (@text = 'Vitamin, Herbal & Suplemen' or . = 'Vitamin, Herbal & Suplemen') and @resource-id = 'com.she.sehatq:id/tvCategoryName']"}[39m
[35m[HTTP][39m [37m<-- POST /wd/hub/session/fdc784ab-f270-4202-b30c-387845d776c4/elements [39m[32m200[39m [90m216 ms - 12[39m
[35m[HTTP][39m [90m[39m
[35m[HTTP][39m [37m-->[39m [37mPOST[39m [37m/wd/hub/session/fdc784ab-f270-4202-b30c-387845d776c4/elements[39m
[35m[HTTP][39m [90m{"using":"xpath","value":"//*[@class = 'android.widget.TextView' and (@text = 'Vitamin, Herbal & Suplemen' or . = 'Vitamin, Herbal & Suplemen') and @resource-id = 'com.she.sehatq:id/tvCategoryName']"}[39m
[35m[HTTP][39m [37m<-- POST /wd/hub/session/fdc784ab-f270-4202-b30c-387845d776c4/elements [39m[32m200[39m [90m217 ms - 12[39m
[35m[HTTP][39m [90m[39m
[35m[HTTP][39m [37m-->[39m [37mPOST[39m [37m/wd/hub/session/fdc784ab-f270-4202-b30c-387845d776c4/elements[39m
[35m[HTTP][39m [90m{"using":"xpath","value":"//*[@class = 'android.widget.TextView' and (@text = 'Vitamin, Herbal & Suplemen' or . = 'Vitamin, Herbal & Suplemen') and @resource-id = 'com.she.sehatq:id/tvCategoryName']"}[39m
[35m[HTTP][39m [37m<-- POST /wd/hub/session/fdc784ab-f270-4202-b30c-387845d776c4/elements [39m[32m200[39m [90m185 ms - 12[39m
[35m[HTTP][39m [90m[39m
[35m[HTTP][39m [37m-->[39m [37mPOST[39m [37m/wd/hub/session/fdc784ab-f270-4202-b30c-387845d776c4/elements[39m
[35m[HTTP][39m [90m{"using":"xpath","value":"//*[@class = 'android.widget.TextView' and (@text = 'Vitamin, Herbal & Suplemen' or . = 'Vitamin, Herbal & Suplemen') and @resource-id = 'com.she.sehatq:id/tvCategoryName']"}[39m
[35m[HTTP][39m [37m<-- POST /wd/hub/session/fdc784ab-f270-4202-b30c-387845d776c4/elements [39m[32m200[39m [90m177 ms - 12[39m
[35m[HTTP][39m [90m[39m
[35m[HTTP][39m [37m-->[39m [37mPOST[39m [37m/wd/hub/session/fdc784ab-f270-4202-b30c-387845d776c4/elements[39m
[35m[HTTP][39m [90m{"using":"xpath","value":"//*[@class = 'android.widget.TextView' and (@text = 'Vitamin, Herbal & Suplemen' or . = 'Vitamin, Herbal & Suplemen') and @resource-id = 'com.she.sehatq:id/tvCategoryName']"}[39m
[35m[HTTP][39m [37m<-- POST /wd/hub/session/fdc784ab-f270-4202-b30c-387845d776c4/elements [39m[32m200[39m [90m175 ms - 12[39m
[35m[HTTP][39m [90m[39m
[35m[HTTP][39m [37m-->[39m [37mPOST[39m [37m/wd/hub/session/fdc784ab-f270-4202-b30c-387845d776c4/elements[39m
[35m[HTTP][39m [90m{"using":"xpath","value":"//*[@class = 'android.widget.TextView' and (@text = 'Vitamin, Herbal & Suplemen' or . = 'Vitamin, Herbal & Suplemen') and @resource-id = 'com.she.sehatq:id/tvCategoryName']"}[39m
[35m[HTTP][39m [37m<-- POST /wd/hub/session/fdc784ab-f270-4202-b30c-387845d776c4/elements [39m[32m200[39m [90m244 ms - 12[39m
[35m[HTTP][39m [90m[39m
[35m[HTTP][39m [37m-->[39m [37mPOST[39m [37m/wd/hub/session/fdc784ab-f270-4202-b30c-387845d776c4/elements[39m
[35m[HTTP][39m [90m{"using":"xpath","value":"//*[@class = 'android.widget.TextView' and (@text = 'Vitamin, Herbal & Suplemen' or . = 'Vitamin, Herbal & Suplemen') and @resource-id = 'com.she.sehatq:id/tvCategoryName']"}[39m
[35m[HTTP][39m [37m<-- POST /wd/hub/session/fdc784ab-f270-4202-b30c-387845d776c4/elements [39m[32m200[39m [90m167 ms - 12[39m
[35m[HTTP][39m [90m[39m
[35m[HTTP][39m [37m-->[39m [37mPOST[39m [37m/wd/hub/session/fdc784ab-f270-4202-b30c-387845d776c4/elements[39m
[35m[HTTP][39m [90m{"using":"xpath","value":"//*[@class = 'android.widget.TextView' and (@text = 'Vitamin, Herbal & Suplemen' or . = 'Vitamin, Herbal & Suplemen') and @resource-id = 'com.she.sehatq:id/tvCategoryName']"}[39m
[35m[HTTP][39m [37m<-- POST /wd/hub/session/fdc784ab-f270-4202-b30c-387845d776c4/elements [39m[32m200[39m [90m166 ms - 12[39m
[35m[HTTP][39m [90m[39m
[35m[HTTP][39m [37m-->[39m [37mPOST[39m [37m/wd/hub/session/fdc784ab-f270-4202-b30c-387845d776c4/elements[39m
[35m[HTTP][39m [90m{"using":"xpath","value":"//*[@class = 'android.widget.TextView' and (@text = 'Vitamin, Herbal & Suplemen' or . = 'Vitamin, Herbal & Suplemen') and @resource-id = 'com.she.sehatq:id/tvCategoryName']"}[39m
[35m[HTTP][39m [37m<-- POST /wd/hub/session/fdc784ab-f270-4202-b30c-387845d776c4/elements [39m[32m200[39m [90m192 ms - 12[39m
[35m[HTTP][39m [90m[39m
[35m[HTTP][39m [37m-->[39m [37mPOST[39m [37m/wd/hub/session/fdc784ab-f270-4202-b30c-387845d776c4/elements[39m
[35m[HTTP][39m [90m{"using":"xpath","value":"//*[@class = 'android.widget.TextView' and (@text = 'Vitamin, Herbal & Suplemen' or . = 'Vitamin, Herbal & Suplemen') and @resource-id = 'com.she.sehatq:id/tvCategoryName']"}[39m
[35m[HTTP][39m [37m<-- POST /wd/hub/session/fdc784ab-f270-4202-b30c-387845d776c4/elements [39m[32m200[39m [90m875 ms - 12[39m
[35m[HTTP][39m [90m[39m
[35m[HTTP][39m [37m-->[39m [37mPOST[39m [37m/wd/hub/session/fdc784ab-f270-4202-b30c-387845d776c4/elements[39m
[35m[HTTP][39m [90m{"using":"xpath","value":"//*[@class = 'android.widget.TextView' and (@text = 'Vitamin, Herbal & Suplemen' or . = 'Vitamin, Herbal & Suplemen') and @resource-id = 'com.she.sehatq:id/tvCategoryName']"}[39m
[35m[HTTP][39m [37m<-- POST /wd/hub/session/fdc784ab-f270-4202-b30c-387845d776c4/elements [39m[32m200[39m [90m132 ms - 12[39m
[35m[HTTP][39m [90m[39m
[35m[HTTP][39m [37m-->[39m [37mPOST[39m [37m/wd/hub/session/fdc784ab-f270-4202-b30c-387845d776c4/elements[39m
[35m[HTTP][39m [90m{"using":"xpath","value":"//*[@class = 'android.widget.TextView' and (@text = 'Vitamin, Herbal & Suplemen' or . = 'Vitamin, Herbal & Suplemen') and @resource-id = 'com.she.sehatq:id/tvCategoryName']"}[39m
[35m[HTTP][39m [37m<-- POST /wd/hub/session/fdc784ab-f270-4202-b30c-387845d776c4/elements [39m[32m200[39m [90m135 ms - 12[39m
[35m[HTTP][39m [90m[39m
[35m[HTTP][39m [37m-->[39m [37mPOST[39m [37m/wd/hub/session/fdc784ab-f270-4202-b30c-387845d776c4/elements[39m
[35m[HTTP][39m [90m{"using":"xpath","value":"//*[@class = 'android.widget.TextView' and (@text = 'Vitamin, Herbal & Suplemen' or . = 'Vitamin, Herbal & Suplemen') and @resource-id = 'com.she.sehatq:id/tvCategoryName']"}[39m
[35m[HTTP][39m [37m<-- POST /wd/hub/session/fdc784ab-f270-4202-b30c-387845d776c4/elements [39m[32m200[39m [90m117 ms - 12[39m
[35m[HTTP][39m [90m[39m
[35m[HTTP][39m [37m-->[39m [37mPOST[39m [37m/wd/hub/session/fdc784ab-f270-4202-b30c-387845d776c4/elements[39m
[35m[HTTP][39m [90m{"using":"xpath","value":"//*[@class = 'android.widget.TextView' and (@text = 'Vitamin, Herbal & Suplemen' or . = 'Vitamin, Herbal & Suplemen') and @resource-id = 'com.she.sehatq:id/tvCategoryName']"}[39m
[35m[HTTP][39m [37m<-- POST /wd/hub/session/fdc784ab-f270-4202-b30c-387845d776c4/elements [39m[32m200[39m [90m135 ms - 12[39m
[35m[HTTP][39m [90m[39m
[35m[HTTP][39m [37m-->[39m [37mPOST[39m [37m/wd/hub/session/fdc784ab-f270-4202-b30c-387845d776c4/elements[39m
[35m[HTTP][39m [90m{"using":"xpath","value":"//*[@class = 'android.widget.TextView' and (@text = 'Vitamin, Herbal & Suplemen' or . = 'Vitamin, Herbal & Suplemen') and @resource-id = 'com.she.sehatq:id/tvCategoryName']"}[39m
[35m[HTTP][39m [37m<-- POST /wd/hub/session/fdc784ab-f270-4202-b30c-387845d776c4/elements [39m[32m200[39m [90m135 ms - 12[39m
[35m[HTTP][39m [90m[39m
[35m[HTTP][39m [37m-->[39m [37mPOST[39m [37m/wd/hub/session/fdc784ab-f270-4202-b30c-387845d776c4/elements[39m
[35m[HTTP][39m [90m{"using":"xpath","value":"//*[@class = 'android.widget.TextView' and (@text = 'Vitamin, Herbal & Suplemen' or . = 'Vitamin, Herbal & Suplemen') and @resource-id = 'com.she.sehatq:id/tvCategoryName']"}[39m
[35m[HTTP][39m [37m<-- POST /wd/hub/session/fdc784ab-f270-4202-b30c-387845d776c4/elements [39m[32m200[39m [90m133 ms - 12[39m
[35m[HTTP][39m [90m[39m
[35m[HTTP][39m [37m-->[39m [37mPOST[39m [37m/wd/hub/session/fdc784ab-f270-4202-b30c-387845d776c4/elements[39m
[35m[HTTP][39m [90m{"using":"xpath","value":"//*[@class = 'android.widget.TextView' and (@text = 'Vitamin, Herbal & Suplemen' or . = 'Vitamin, Herbal & Suplemen') and @resource-id = 'com.she.sehatq:id/tvCategoryName']"}[39m
[35m[HTTP][39m [37m<-- POST /wd/hub/session/fdc784ab-f270-4202-b30c-387845d776c4/elements [39m[32m200[39m [90m138 ms - 12[39m
[35m[HTTP][39m [90m[39m
[35m[HTTP][39m [37m-->[39m [37mPOST[39m [37m/wd/hub/session/fdc784ab-f270-4202-b30c-387845d776c4/elements[39m
[35m[HTTP][39m [90m{"using":"xpath","value":"//*[@class = 'android.widget.TextView' and (@text = 'Vitamin, Herbal & Suplemen' or . = 'Vitamin, Herbal & Suplemen') and @resource-id = 'com.she.sehatq:id/tvCategoryName']"}[39m
[35m[HTTP][39m [37m<-- POST /wd/hub/session/fdc784ab-f270-4202-b30c-387845d776c4/elements [39m[32m200[39m [90m219 ms - 12[39m
[35m[HTTP][39m [90m[39m
[35m[HTTP][39m [37m-->[39m [37mPOST[39m [37m/wd/hub/session/fdc784ab-f270-4202-b30c-387845d776c4/elements[39m
[35m[HTTP][39m [90m{"using":"xpath","value":"//*[@class = 'android.widget.TextView' and (@text = 'Vitamin, Herbal & Suplemen' or . = 'Vitamin, Herbal & Suplemen') and @resource-id = 'com.she.sehatq:id/tvCategoryName']"}[39m
[35m[HTTP][39m [37m<-- POST /wd/hub/session/fdc784ab-f270-4202-b30c-387845d776c4/elements [39m[32m200[39m [90m192 ms - 12[39m
[35m[HTTP][39m [90m[39m
[35m[HTTP][39m [37m-->[39m [37mPOST[39m [37m/wd/hub/session/fdc784ab-f270-4202-b30c-387845d776c4/elements[39m
[35m[HTTP][39m [90m{"using":"xpath","value":"//*[@class = 'android.widget.TextView' and (@text = 'Vitamin, Herbal & Suplemen' or . = 'Vitamin, Herbal & Suplemen') and @resource-id = 'com.she.sehatq:id/tvCategoryName']"}[39m
[35m[HTTP][39m [37m<-- POST /wd/hub/session/fdc784ab-f270-4202-b30c-387845d776c4/elements [39m[32m200[39m [90m200 ms - 12[39m
[35m[HTTP][39m [90m[39m
[35m[HTTP][39m [37m-->[39m [37mPOST[39m [37m/wd/hub/session/fdc784ab-f270-4202-b30c-387845d776c4/elements[39m
[35m[HTTP][39m [90m{"using":"xpath","value":"//*[@class = 'android.widget.TextView' and (@text = 'Vitamin, Herbal & Suplemen' or . = 'Vitamin, Herbal & Suplemen') and @resource-id = 'com.she.sehatq:id/tvCategoryName']"}[39m
[35m[HTTP][39m [37m<-- POST /wd/hub/session/fdc784ab-f270-4202-b30c-387845d776c4/elements [39m[32m200[39m [90m176 ms - 12[39m
[35m[HTTP][39m [90m[39m
[35m[HTTP][39m [37m-->[39m [37mPOST[39m [37m/wd/hub/session/fdc784ab-f270-4202-b30c-387845d776c4/elements[39m
[35m[HTTP][39m [90m{"using":"xpath","value":"//*[@class = 'android.widget.TextView' and (@text = 'Vitamin, Herbal & Suplemen' or . = 'Vitamin, Herbal & Suplemen') and @resource-id = 'com.she.sehatq:id/tvCategoryName']"}[39m
[35m[HTTP][39m [37m<-- POST /wd/hub/session/fdc784ab-f270-4202-b30c-387845d776c4/elements [39m[32m200[39m [90m255 ms - 12[39m
[35m[HTTP][39m [90m[39m
[35m[HTTP][39m [37m-->[39m [37mPOST[39m [37m/wd/hub/session/fdc784ab-f270-4202-b30c-387845d776c4/elements[39m
[35m[HTTP][39m [90m{"using":"xpath","value":"//*[@class = 'android.widget.TextView' and (@text = 'Vitamin, Herbal & Suplemen' or . = 'Vitamin, Herbal & Suplemen') and @resource-id = 'com.she.sehatq:id/tvCategoryName']"}[39m
[35m[HTTP][39m [37m<-- POST /wd/hub/session/fdc784ab-f270-4202-b30c-387845d776c4/elements [39m[32m200[39m [90m253 ms - 12[39m
[35m[HTTP][39m [90m[39m
[35m[HTTP][39m [37m-->[39m [37mPOST[39m [37m/wd/hub/session/fdc784ab-f270-4202-b30c-387845d776c4/elements[39m
[35m[HTTP][39m [90m{"using":"xpath","value":"//*[@class = 'android.widget.TextView' and (@text = 'Vitamin, Herbal & Suplemen' or . = 'Vitamin, Herbal & Suplemen') and @resource-id = 'com.she.sehatq:id/tvCategoryName']"}[39m
[35m[HTTP][39m [37m<-- POST /wd/hub/session/fdc784ab-f270-4202-b30c-387845d776c4/elements [39m[32m200[39m [90m230 ms - 12[39m
[35m[HTTP][39m [90m[39m
[35m[HTTP][39m [37m-->[39m [37mPOST[39m [37m/wd/hub/session/fdc784ab-f270-4202-b30c-387845d776c4/elements[39m
[35m[HTTP][39m [90m{"using":"xpath","value":"//*[@class = 'android.widget.TextView' and (@text = 'Vitamin, Herbal & Suplemen' or . = 'Vitamin, Herbal & Suplemen') and @resource-id = 'com.she.sehatq:id/tvCategoryName']"}[39m
[35m[HTTP][39m [37m<-- POST /wd/hub/session/fdc784ab-f270-4202-b30c-387845d776c4/elements [39m[32m200[39m [90m223 ms - 12[39m
[35m[HTTP][39m [90m[39m
[35m[HTTP][39m [37m-->[39m [37mPOST[39m [37m/wd/hub/session/fdc784ab-f270-4202-b30c-387845d776c4/elements[39m
[35m[HTTP][39m [90m{"using":"xpath","value":"//*[@class = 'android.widget.TextView' and (@text = 'Vitamin, Herbal & Suplemen' or . = 'Vitamin, Herbal & Suplemen') and @resource-id = 'com.she.sehatq:id/tvCategoryName']"}[39m
[35m[HTTP][39m [37m<-- POST /wd/hub/session/fdc784ab-f270-4202-b30c-387845d776c4/elements [39m[32m200[39m [90m231 ms - 12[39m
[35m[HTTP][39m [90m[39m
[35m[HTTP][39m [37m-->[39m [37mPOST[39m [37m/wd/hub/session/fdc784ab-f270-4202-b30c-387845d776c4/elements[39m
[35m[HTTP][39m [90m{"using":"xpath","value":"//*[@class = 'android.widget.TextView' and (@text = 'Vitamin, Herbal & Suplemen' or . = 'Vitamin, Herbal & Suplemen') and @resource-id = 'com.she.sehatq:id/tvCategoryName']"}[39m
[35m[HTTP][39m [37m<-- POST /wd/hub/session/fdc784ab-f270-4202-b30c-387845d776c4/elements [39m[32m200[39m [90m191 ms - 12[39m
[35m[HTTP][39m [90m[39m
[35m[HTTP][39m [37m-->[39m [37mPOST[39m [37m/wd/hub/session/fdc784ab-f270-4202-b30c-387845d776c4/elements[39m
[35m[HTTP][39m [90m{"using":"xpath","value":"//*[@class = 'android.widget.TextView' and (@text = 'Vitamin, Herbal & Suplemen' or . = 'Vitamin, Herbal & Suplemen') and @resource-id = 'com.she.sehatq:id/tvCategoryName']"}[39m
[35m[HTTP][39m [37m<-- POST /wd/hub/session/fdc784ab-f270-4202-b30c-387845d776c4/elements [39m[32m200[39m [90m174 ms - 12[39m
[35m[HTTP][39m [90m[39m
[35m[HTTP][39m [37m-->[39m [37mPOST[39m [37m/wd/hub/session/fdc784ab-f270-4202-b30c-387845d776c4/elements[39m
[35m[HTTP][39m [90m{"using":"xpath","value":"//*[@class = 'android.widget.TextView' and (@text = 'Vitamin, Herbal & Suplemen' or . = 'Vitamin, Herbal & Suplemen') and @resource-id = 'com.she.sehatq:id/tvCategoryName']"}[39m
[35m[HTTP][39m [37m<-- POST /wd/hub/session/fdc784ab-f270-4202-b30c-387845d776c4/elements [39m[32m200[39m [90m158 ms - 12[39m
[35m[HTTP][39m [90m[39m
[35m[HTTP][39m [37m-->[39m [37mPOST[39m [37m/wd/hub/session/fdc784ab-f270-4202-b30c-387845d776c4/elements[39m
[35m[HTTP][39m [90m{"using":"xpath","value":"//*[@class = 'android.widget.TextView' and (@text = 'Vitamin, Herbal & Suplemen' or . = 'Vitamin, Herbal & Suplemen') and @resource-id = 'com.she.sehatq:id/tvCategoryName']"}[39m
[35m[HTTP][39m [37m<-- POST /wd/hub/session/fdc784ab-f270-4202-b30c-387845d776c4/elements [39m[32m200[39m [90m208 ms - 12[39m
[35m[HTTP][39m [90m[39m
[35m[HTTP][39m [37m-->[39m [37mPOST[39m [37m/wd/hub/session/fdc784ab-f270-4202-b30c-387845d776c4/elements[39m
[35m[HTTP][39m [90m{"using":"xpath","value":"//*[@class = 'android.widget.TextView' and (@text = 'Vitamin, Herbal & Suplemen' or . = 'Vitamin, Herbal & Suplemen') and @resource-id = 'com.she.sehatq:id/tvCategoryName']"}[39m
[35m[HTTP][39m [37m<-- POST /wd/hub/session/fdc784ab-f270-4202-b30c-387845d776c4/elements [39m[32m200[39m [90m162 ms - 12[39m
[35m[HTTP][39m [90m[39m
[35m[HTTP][39m [37m-->[39m [37mPOST[39m [37m/wd/hub/session/fdc784ab-f270-4202-b30c-387845d776c4/elements[39m
[35m[HTTP][39m [90m{"using":"xpath","value":"//*[@class = 'android.widget.TextView' and (@text = 'Vitamin, Herbal & Suplemen' or . = 'Vitamin, Herbal & Suplemen') and @resource-id = 'com.she.sehatq:id/tvCategoryName']"}[39m
[35m[HTTP][39m [37m<-- POST /wd/hub/session/fdc784ab-f270-4202-b30c-387845d776c4/elements [39m[32m200[39m [90m187 ms - 12[39m
[35m[HTTP][39m [90m[39m
[35m[HTTP][39m [37m-->[39m [37mPOST[39m [37m/wd/hub/session/fdc784ab-f270-4202-b30c-387845d776c4/elements[39m
[35m[HTTP][39m [90m{"using":"xpath","value":"//*[@class = 'android.widget.TextView' and (@text = 'Vitamin, Herbal & Suplemen' or . = 'Vitamin, Herbal & Suplemen') and @resource-id = 'com.she.sehatq:id/tvCategoryName']"}[39m
[35m[HTTP][39m [37m<-- POST /wd/hub/session/fdc784ab-f270-4202-b30c-387845d776c4/elements [39m[32m200[39m [90m883 ms - 12[39m
[35m[HTTP][39m [90m[39m
[35m[HTTP][39m [37m-->[39m [37mPOST[39m [37m/wd/hub/session/fdc784ab-f270-4202-b30c-387845d776c4/elements[39m
[35m[HTTP][39m [90m{"using":"xpath","value":"//*[@class = 'android.widget.TextView' and (@text = 'Vitamin, Herbal & Suplemen' or . = 'Vitamin, Herbal & Suplemen') and @resource-id = 'com.she.sehatq:id/tvCategoryName']"}[39m
[35m[HTTP][39m [37m<-- POST /wd/hub/session/fdc784ab-f270-4202-b30c-387845d776c4/elements [39m[32m200[39m [90m233 ms - 12[39m
[35m[HTTP][39m [90m[39m
[35m[HTTP][39m [37m-->[39m [37mPOST[39m [37m/wd/hub/session/fdc784ab-f270-4202-b30c-387845d776c4/elements[39m
[35m[HTTP][39m [90m{"using":"xpath","value":"//*[@class = 'android.widget.TextView' and (@text = 'Vitamin, Herbal & Suplemen' or . = 'Vitamin, Herbal & Suplemen') and @resource-id = 'com.she.sehatq:id/tvCategoryName']"}[39m
[35m[HTTP][39m [37m<-- POST /wd/hub/session/fdc784ab-f270-4202-b30c-387845d776c4/elements [39m[32m200[39m [90m173 ms - 12[39m
[35m[HTTP][39m [90m[39m
[35m[HTTP][39m [37m-->[39m [37mPOST[39m [37m/wd/hub/session/fdc784ab-f270-4202-b30c-387845d776c4/elements[39m
[35m[HTTP][39m [90m{"using":"xpath","value":"//*[@class = 'android.widget.TextView' and (@text = 'Vitamin, Herbal & Suplemen' or . = 'Vitamin, Herbal & Suplemen') and @resource-id = 'com.she.sehatq:id/tvCategoryName']"}[39m
[35m[HTTP][39m [37m<-- POST /wd/hub/session/fdc784ab-f270-4202-b30c-387845d776c4/elements [39m[32m200[39m [90m196 ms - 12[39m
[35m[HTTP][39m [90m[39m
[35m[HTTP][39m [37m-->[39m [37mPOST[39m [37m/wd/hub/session/fdc784ab-f270-4202-b30c-387845d776c4/elements[39m
[35m[HTTP][39m [90m{"using":"xpath","value":"//*[@class = 'android.widget.TextView' and (@text = 'Vitamin, Herbal & Suplemen' or . = 'Vitamin, Herbal & Suplemen') and @resource-id = 'com.she.sehatq:id/tvCategoryName']"}[39m
[35m[HTTP][39m [37m<-- POST /wd/hub/session/fdc784ab-f270-4202-b30c-387845d776c4/elements [39m[32m200[39m [90m160 ms - 12[39m
[35m[HTTP][39m [90m[39m
[35m[HTTP][39m [37m-->[39m [37mPOST[39m [37m/wd/hub/session/fdc784ab-f270-4202-b30c-387845d776c4/elements[39m
[35m[HTTP][39m [90m{"using":"xpath","value":"//*[@class = 'android.widget.TextView' and (@text = 'Vitamin, Herbal & Suplemen' or . = 'Vitamin, Herbal & Suplemen') and @resource-id = 'com.she.sehatq:id/tvCategoryName']"}[39m
[35m[HTTP][39m [37m<-- POST /wd/hub/session/fdc784ab-f270-4202-b30c-387845d776c4/elements [39m[32m200[39m [90m206 ms - 12[39m
[35m[HTTP][39m [90m[39m
[35m[HTTP][39m [37m-->[39m [37mPOST[39m [37m/wd/hub/session/fdc784ab-f270-4202-b30c-387845d776c4/elements[39m
[35m[HTTP][39m [90m{"using":"xpath","value":"//*[@class = 'android.widget.TextView' and (@text = 'Vitamin, Herbal & Suplemen' or . = 'Vitamin, Herbal & Suplemen') and @resource-id = 'com.she.sehatq:id/tvCategoryName']"}[39m
[35m[HTTP][39m [37m<-- POST /wd/hub/session/fdc784ab-f270-4202-b30c-387845d776c4/elements [39m[32m200[39m [90m198 ms - 12[39m
[35m[HTTP][39m [90m[39m
[35m[HTTP][39m [37m-->[39m [37mPOST[39m [37m/wd/hub/session/fdc784ab-f270-4202-b30c-387845d776c4/elements[39m
[35m[HTTP][39m [90m{"using":"xpath","value":"//*[@class = 'android.widget.TextView' and (@text = 'Vitamin, Herbal & Suplemen' or . = 'Vitamin, Herbal & Suplemen') and @resource-id = 'com.she.sehatq:id/tvCategoryName']"}[39m
[35m[HTTP][39m [37m<-- POST /wd/hub/session/fdc784ab-f270-4202-b30c-387845d776c4/elements [39m[32m200[39m [90m192 ms - 12[39m
[35m[HTTP][39m [90m[39m
[35m[HTTP][39m [37m-->[39m [37mPOST[39m [37m/wd/hub/session/fdc784ab-f270-4202-b30c-387845d776c4/elements[39m
[35m[HTTP][39m [90m{"using":"xpath","value":"//*[@class = 'android.widget.TextView' and (@text = 'Vitamin, Herbal & Suplemen' or . = 'Vitamin, Herbal & Suplemen') and @resource-id = 'com.she.sehatq:id/tvCategoryName']"}[39m
[35m[HTTP][39m [37m<-- POST /wd/hub/session/fdc784ab-f270-4202-b30c-387845d776c4/elements [39m[32m200[39m [90m242 ms - 12[39m
[35m[HTTP][39m [90m[39m
[35m[HTTP][39m [37m-->[39m [37mPOST[39m [37m/wd/hub/session/fdc784ab-f270-4202-b30c-387845d776c4/elements[39m
[35m[HTTP][39m [90m{"using":"xpath","value":"//*[@class = 'android.widget.TextView' and (@text = 'Vitamin, Herbal & Suplemen' or . = 'Vitamin, Herbal & Suplemen') and @resource-id = 'com.she.sehatq:id/tvCategoryName']"}[39m
[35m[HTTP][39m [37m<-- POST /wd/hub/session/fdc784ab-f270-4202-b30c-387845d776c4/elements [39m[32m200[39m [90m190 ms - 12[39m
[35m[HTTP][39m [90m[39m
[35m[HTTP][39m [37m-->[39m [37mPOST[39m [37m/wd/hub/session/fdc784ab-f270-4202-b30c-387845d776c4/elements[39m
[35m[HTTP][39m [90m{"using":"xpath","value":"//*[@class = 'android.widget.TextView' and (@text = 'Vitamin, Herbal & Suplemen' or . = 'Vitamin, Herbal & Suplemen') and @resource-id = 'com.she.sehatq:id/tvCategoryName']"}[39m
[35m[HTTP][39m [37m<-- POST /wd/hub/session/fdc784ab-f270-4202-b30c-387845d776c4/elements [39m[32m200[39m [90m213 ms - 12[39m
[35m[HTTP][39m [90m[39m
[35m[HTTP][39m [37m-->[39m [37mPOST[39m [37m/wd/hub/session/fdc784ab-f270-4202-b30c-387845d776c4/elements[39m
[35m[HTTP][39m [90m{"using":"xpath","value":"//*[@class = 'android.widget.TextView' and (@text = 'Vitamin, Herbal & Suplemen' or . = 'Vitamin, Herbal & Suplemen') and @resource-id = 'com.she.sehatq:id/tvCategoryName']"}[39m
[35m[HTTP][39m [37m<-- POST /wd/hub/session/fdc784ab-f270-4202-b30c-387845d776c4/elements [39m[32m200[39m [90m176 ms - 12[39m
[35m[HTTP][39m [90m[39m
[35m[HTTP][39m [37m-->[39m [37mPOST[39m [37m/wd/hub/session/fdc784ab-f270-4202-b30c-387845d776c4/elements[39m
[35m[HTTP][39m [90m{"using":"xpath","value":"//*[@class = 'android.widget.TextView' and (@text = 'Vitamin, Herbal & Suplemen' or . = 'Vitamin, Herbal & Suplemen') and @resource-id = 'com.she.sehatq:id/tvCategoryName']"}[39m
[35m[HTTP][39m [37m<-- POST /wd/hub/session/fdc784ab-f270-4202-b30c-387845d776c4/elements [39m[32m200[39m [90m194 ms - 12[39m
[35m[HTTP][39m [90m[39m
[35m[HTTP][39m [37m-->[39m [37mPOST[39m [37m/wd/hub/session/fdc784ab-f270-4202-b30c-387845d776c4/elements[39m
[35m[HTTP][39m [90m{"using":"xpath","value":"//*[@class = 'android.widget.TextView' and (@text = 'Vitamin, Herbal & Suplemen' or . = 'Vitamin, Herbal & Suplemen') and @resource-id = 'com.she.sehatq:id/tvCategoryName']"}[39m
[35m[HTTP][39m [37m<-- POST /wd/hub/session/fdc784ab-f270-4202-b30c-387845d776c4/elements [39m[32m200[39m [90m168 ms - 12[39m
[35m[HTTP][39m [90m[39m
[35m[HTTP][39m [37m-->[39m [37mPOST[39m [37m/wd/hub/session/fdc784ab-f270-4202-b30c-387845d776c4/elements[39m
[35m[HTTP][39m [90m{"using":"xpath","value":"//*[@class = 'android.widget.TextView' and (@text = 'Vitamin, Herbal & Suplemen' or . = 'Vitamin, Herbal & Suplemen') and @resource-id = 'com.she.sehatq:id/tvCategoryName']"}[39m
[35m[HTTP][39m [37m<-- POST /wd/hub/session/fdc784ab-f270-4202-b30c-387845d776c4/elements [39m[32m200[39m [90m165 ms - 12[39m
[35m[HTTP][39m [90m[39m
[35m[HTTP][39m [37m-->[39m [37mPOST[39m [37m/wd/hub/session/fdc784ab-f270-4202-b30c-387845d776c4/elements[39m
[35m[HTTP][39m [90m{"using":"xpath","value":"//*[@class = 'android.widget.TextView' and (@text = 'Vitamin, Herbal & Suplemen' or . = 'Vitamin, Herbal & Suplemen') and @resource-id = 'com.she.sehatq:id/tvCategoryName']"}[39m
[35m[HTTP][39m [37m<-- POST /wd/hub/session/fdc784ab-f270-4202-b30c-387845d776c4/elements [39m[32m200[39m [90m209 ms - 12[39m
[35m[HTTP][39m [90m[39m
[35m[HTTP][39m [37m-->[39m [37mPOST[39m [37m/wd/hub/session/fdc784ab-f270-4202-b30c-387845d776c4/elements[39m
[35m[HTTP][39m [90m{"using":"xpath","value":"//*[@class = 'android.widget.TextView' and (@text = 'Vitamin, Herbal & Suplemen' or . = 'Vitamin, Herbal & Suplemen') and @resource-id = 'com.she.sehatq:id/tvCategoryName']"}[39m
[35m[HTTP][39m [37m<-- POST /wd/hub/session/fdc784ab-f270-4202-b30c-387845d776c4/elements [39m[32m200[39m [90m170 ms - 12[39m
[35m[HTTP][39m [90m[39m
[35m[HTTP][39m [37m-->[39m [37mPOST[39m [37m/wd/hub/session/fdc784ab-f270-4202-b30c-387845d776c4/elements[39m
[35m[HTTP][39m [90m{"using":"xpath","value":"//*[@class = 'android.widget.TextView' and (@text = 'Vitamin, Herbal & Suplemen' or . = 'Vitamin, Herbal & Suplemen') and @resource-id = 'com.she.sehatq:id/tvCategoryName']"}[39m
[35m[HTTP][39m [37m<-- POST /wd/hub/session/fdc784ab-f270-4202-b30c-387845d776c4/elements [39m[32m200[39m [90m219 ms - 12[39m
[35m[HTTP][39m [90m[39m
[35m[HTTP][39m [37m-->[39m [37mPOST[39m [37m/wd/hub/session/fdc784ab-f270-4202-b30c-387845d776c4/elements[39m
[35m[HTTP][39m [90m{"using":"xpath","value":"//*[@class = 'android.widget.TextView' and (@text = 'Vitamin, Herbal & Suplemen' or . = 'Vitamin, Herbal & Suplemen') and @resource-id = 'com.she.sehatq:id/tvCategoryName']"}[39m
[35m[HTTP][39m [37m<-- POST /wd/hub/session/fdc784ab-f270-4202-b30c-387845d776c4/elements [39m[32m200[39m [90m187 ms - 12[39m
[35m[HTTP][39m [90m[39m
[35m[HTTP][39m [37m-->[39m [37mPOST[39m [37m/wd/hub/session/fdc784ab-f270-4202-b30c-387845d776c4/elements[39m
[35m[HTTP][39m [90m{"using":"xpath","value":"//*[@class = 'android.widget.TextView' and (@text = 'Vitamin, Herbal & Suplemen' or . = 'Vitamin, Herbal & Suplemen') and @resource-id = 'com.she.sehatq:id/tvCategoryName']"}[39m
[35m[HTTP][39m [37m<-- POST /wd/hub/session/fdc784ab-f270-4202-b30c-387845d776c4/elements [39m[32m200[39m [90m178 ms - 12[39m
[35m[HTTP][39m [90m[39m
[35m[HTTP][39m [37m-->[39m [37mPOST[39m [37m/wd/hub/session/fdc784ab-f270-4202-b30c-387845d776c4/elements[39m
[35m[HTTP][39m [90m{"using":"xpath","value":"//*[@class = 'android.widget.TextView' and (@text = 'Vitamin, Herbal & Suplemen' or . = 'Vitamin, Herbal & Suplemen') and @resource-id = 'com.she.sehatq:id/tvCategoryName']"}[39m
[35m[HTTP][39m [37m<-- POST /wd/hub/session/fdc784ab-f270-4202-b30c-387845d776c4/elements [39m[32m200[39m [90m203 ms - 12[39m
[35m[HTTP][39m [90m[39m
[35m[HTTP][39m [37m-->[39m [37mPOST[39m [37m/wd/hub/session/fdc784ab-f270-4202-b30c-387845d776c4/elements[39m
[35m[HTTP][39m [90m{"using":"xpath","value":"//*[@class = 'android.widget.TextView' and (@text = 'Vitamin, Herbal & Suplemen' or . = 'Vitamin, Herbal & Suplemen') and @resource-id = 'com.she.sehatq:id/tvCategoryName']"}[39m
[35m[HTTP][39m [37m<-- POST /wd/hub/session/fdc784ab-f270-4202-b30c-387845d776c4/elements [39m[32m200[39m [90m148 ms - 12[39m
[35m[HTTP][39m [90m[39m
[35m[HTTP][39m [37m-->[39m [37mPOST[39m [37m/wd/hub/session/fdc784ab-f270-4202-b30c-387845d776c4/elements[39m
[35m[HTTP][39m [90m{"using":"xpath","value":"//*[@class = 'android.widget.TextView' and (@text = 'Vitamin, Herbal & Suplemen' or . = 'Vitamin, Herbal & Suplemen') and @resource-id = 'com.she.sehatq:id/tvCategoryName']"}[39m
[35m[HTTP][39m [37m<-- POST /wd/hub/session/fdc784ab-f270-4202-b30c-387845d776c4/elements [39m[32m200[39m [90m839 ms - 12[39m
[35m[HTTP][39m [90m[39m
[35m[HTTP][39m [37m-->[39m [37mPOST[39m [37m/wd/hub/session/fdc784ab-f270-4202-b30c-387845d776c4/elements[39m
[35m[HTTP][39m [90m{"using":"xpath","value":"//*[@class = 'android.widget.TextView' and (@text = 'Vitamin, Herbal & Suplemen' or . = 'Vitamin, Herbal & Suplemen') and @resource-id = 'com.she.sehatq:id/tvCategoryName']"}[39m
[35m[HTTP][39m [37m<-- POST /wd/hub/session/fdc784ab-f270-4202-b30c-387845d776c4/elements [39m[32m200[39m [90m167 ms - 12[39m
[35m[HTTP][39m [90m[39m
[35m[HTTP][39m [37m-->[39m [37mPOST[39m [37m/wd/hub/session/fdc784ab-f270-4202-b30c-387845d776c4/elements[39m
[35m[HTTP][39m [90m{"using":"xpath","value":"//*[@class = 'android.widget.TextView' and (@text = 'Vitamin, Herbal & Suplemen' or . = 'Vitamin, Herbal & Suplemen') and @resource-id = 'com.she.sehatq:id/tvCategoryName']"}[39m
[35m[HTTP][39m [37m<-- POST /wd/hub/session/fdc784ab-f270-4202-b30c-387845d776c4/elements [39m[32m200[39m [90m212 ms - 12[39m
[35m[HTTP][39m [90m[39m
[35m[HTTP][39m [37m-->[39m [37mPOST[39m [37m/wd/hub/session/fdc784ab-f270-4202-b30c-387845d776c4/elements[39m
[35m[HTTP][39m [90m{"using":"xpath","value":"//*[@class = 'android.widget.TextView' and (@text = 'Vitamin, Herbal & Suplemen' or . = 'Vitamin, Herbal & Suplemen') and @resource-id = 'com.she.sehatq:id/tvCategoryName']"}[39m
[35m[HTTP][39m [37m<-- POST /wd/hub/session/fdc784ab-f270-4202-b30c-387845d776c4/elements [39m[32m200[39m [90m209 ms - 12[39m
[35m[HTTP][39m [90m[39m
[35m[HTTP][39m [37m-->[39m [37mPOST[39m [37m/wd/hub/session/fdc784ab-f270-4202-b30c-387845d776c4/elements[39m
[35m[HTTP][39m [90m{"using":"xpath","value":"//*[@class = 'android.widget.TextView' and (@text = 'Vitamin, Herbal & Suplemen' or . = 'Vitamin, Herbal & Suplemen') and @resource-id = 'com.she.sehatq:id/tvCategoryName']"}[39m
[35m[HTTP][39m [37m<-- POST /wd/hub/session/fdc784ab-f270-4202-b30c-387845d776c4/elements [39m[32m200[39m [90m220 ms - 12[39m
[35m[HTTP][39m [90m[39m
[35m[HTTP][39m [37m-->[39m [37mPOST[39m [37m/wd/hub/session/fdc784ab-f270-4202-b30c-387845d776c4/elements[39m
[35m[HTTP][39m [90m{"using":"xpath","value":"//*[@class = 'android.widget.TextView' and (@text = 'Vitamin, Herbal & Suplemen' or . = 'Vitamin, Herbal & Suplemen') and @resource-id = 'com.she.sehatq:id/tvCategoryName']"}[39m
[35m[HTTP][39m [37m<-- POST /wd/hub/session/fdc784ab-f270-4202-b30c-387845d776c4/elements [39m[32m200[39m [90m186 ms - 12[39m
[35m[HTTP][39m [90m[39m
[35m[HTTP][39m [37m-->[39m [37mPOST[39m [37m/wd/hub/session/fdc784ab-f270-4202-b30c-387845d776c4/elements[39m
[35m[HTTP][39m [90m{"using":"xpath","value":"//*[@class = 'android.widget.TextView' and (@text = 'Vitamin, Herbal & Suplemen' or . = 'Vitamin, Herbal & Suplemen') and @resource-id = 'com.she.sehatq:id/tvCategoryName']"}[39m
[35m[HTTP][39m [37m<-- POST /wd/hub/session/fdc784ab-f270-4202-b30c-387845d776c4/elements [39m[32m200[39m [90m220 ms - 12[39m
[35m[HTTP][39m [90m[39m
[35m[HTTP][39m [37m-->[39m [37mPOST[39m [37m/wd/hub/session/fdc784ab-f270-4202-b30c-387845d776c4/elements[39m
[35m[HTTP][39m [90m{"using":"xpath","value":"//*[@class = 'android.widget.TextView' and (@text = 'Vitamin, Herbal & Suplemen' or . = 'Vitamin, Herbal & Suplemen') and @resource-id = 'com.she.sehatq:id/tvCategoryName']"}[39m
[35m[HTTP][39m [37m<-- POST /wd/hub/session/fdc784ab-f270-4202-b30c-387845d776c4/elements [39m[32m200[39m [90m222 ms - 12[39m
[35m[HTTP][39m [90m[39m
[35m[HTTP][39m [37m-->[39m [37mPOST[39m [37m/wd/hub/session/fdc784ab-f270-4202-b30c-387845d776c4/elements[39m
[35m[HTTP][39m [90m{"using":"xpath","value":"//*[@class = 'android.widget.TextView' and (@text = 'Vitamin, Herbal & Suplemen' or . = 'Vitamin, Herbal & Suplemen') and @resource-id = 'com.she.sehatq:id/tvCategoryName']"}[39m
[35m[HTTP][39m [37m<-- POST /wd/hub/session/fdc784ab-f270-4202-b30c-387845d776c4/elements [39m[32m200[39m [90m215 ms - 12[39m
[35m[HTTP][39m [90m[39m
[35m[HTTP][39m [37m-->[39m [37mPOST[39m [37m/wd/hub/session/fdc784ab-f270-4202-b30c-387845d776c4/elements[39m
[35m[HTTP][39m [90m{"using":"xpath","value":"//*[@class = 'android.widget.TextView' and (@text = 'Vitamin, Herbal & Suplemen' or . = 'Vitamin, Herbal & Suplemen') and @resource-id = 'com.she.sehatq:id/tvCategoryName']"}[39m
[35m[HTTP][39m [37m<-- POST /wd/hub/session/fdc784ab-f270-4202-b30c-387845d776c4/elements [39m[32m200[39m [90m194 ms - 12[39m
[35m[HTTP][39m [90m[39m
[35m[HTTP][39m [37m-->[39m [37mPOST[39m [37m/wd/hub/session/fdc784ab-f270-4202-b30c-387845d776c4/elements[39m
[35m[HTTP][39m [90m{"using":"xpath","value":"//*[@class = 'android.widget.TextView' and (@text = 'Vitamin, Herbal & Suplemen' or . = 'Vitamin, Herbal & Suplemen') and @resource-id = 'com.she.sehatq:id/tvCategoryName']"}[39m
[35m[HTTP][39m [37m<-- POST /wd/hub/session/fdc784ab-f270-4202-b30c-387845d776c4/elements [39m[32m200[39m [90m177 ms - 12[39m
[35m[HTTP][39m [90m[39m
[35m[HTTP][39m [37m-->[39m [37mPOST[39m [37m/wd/hub/session/fdc784ab-f270-4202-b30c-387845d776c4/elements[39m
[35m[HTTP][39m [90m{"using":"xpath","value":"//*[@class = 'android.widget.TextView' and (@text = 'Vitamin, Herbal & Suplemen' or . = 'Vitamin, Herbal & Suplemen') and @resource-id = 'com.she.sehatq:id/tvCategoryName']"}[39m
[35m[HTTP][39m [37m<-- POST /wd/hub/session/fdc784ab-f270-4202-b30c-387845d776c4/elements [39m[32m200[39m [90m250 ms - 12[39m
[35m[HTTP][39m [90m[39m
[35m[HTTP][39m [37m-->[39m [37mPOST[39m [37m/wd/hub/session/fdc784ab-f270-4202-b30c-387845d776c4/elements[39m
[35m[HTTP][39m [90m{"using":"xpath","value":"//*[@class = 'android.widget.TextView' and (@text = 'Vitamin, Herbal & Suplemen' or . = 'Vitamin, Herbal & Suplemen') and @resource-id = 'com.she.sehatq:id/tvCategoryName']"}[39m
[35m[HTTP][39m [37m<-- POST /wd/hub/session/fdc784ab-f270-4202-b30c-387845d776c4/elements [39m[32m200[39m [90m198 ms - 12[39m
[35m[HTTP][39m [90m[39m
[35m[HTTP][39m [37m-->[39m [37mPOST[39m [37m/wd/hub/session/fdc784ab-f270-4202-b30c-387845d776c4/elements[39m
[35m[HTTP][39m [90m{"using":"xpath","value":"//*[@class = 'android.widget.TextView' and (@text = 'Vitamin, Herbal & Suplemen' or . = 'Vitamin, Herbal & Suplemen') and @resource-id = 'com.she.sehatq:id/tvCategoryName']"}[39m
[35m[HTTP][39m [37m<-- POST /wd/hub/session/fdc784ab-f270-4202-b30c-387845d776c4/elements [39m[32m200[39m [90m198 ms - 12[39m
[35m[HTTP][39m [90m[39m
[35m[HTTP][39m [37m-->[39m [37mPOST[39m [37m/wd/hub/session/fdc784ab-f270-4202-b30c-387845d776c4/elements[39m
[35m[HTTP][39m [90m{"using":"xpath","value":"//*[@class = 'android.widget.TextView' and (@text = 'Vitamin, Herbal & Suplemen' or . = 'Vitamin, Herbal & Suplemen') and @resource-id = 'com.she.sehatq:id/tvCategoryName']"}[39m
[35m[HTTP][39m [37m<-- POST /wd/hub/session/fdc784ab-f270-4202-b30c-387845d776c4/elements [39m[32m200[39m [90m176 ms - 12[39m
[35m[HTTP][39m [90m[39m
[35m[HTTP][39m [37m-->[39m [37mPOST[39m [37m/wd/hub/session/fdc784ab-f270-4202-b30c-387845d776c4/elements[39m
[35m[HTTP][39m [90m{"using":"xpath","value":"//*[@class = 'android.widget.TextView' and (@text = 'Vitamin, Herbal & Suplemen' or . = 'Vitamin, Herbal & Suplemen') and @resource-id = 'com.she.sehatq:id/tvCategoryName']"}[39m
[35m[HTTP][39m [37m<-- POST /wd/hub/session/fdc784ab-f270-4202-b30c-387845d776c4/elements [39m[32m200[39m [90m195 ms - 12[39m
[35m[HTTP][39m [90m[39m
[35m[HTTP][39m [37m-->[39m [37mPOST[39m [37m/wd/hub/session/fdc784ab-f270-4202-b30c-387845d776c4/elements[39m
[35m[HTTP][39m [90m{"using":"xpath","value":"//*[@class = 'android.widget.TextView' and (@text = 'Vitamin, Herbal & Suplemen' or . = 'Vitamin, Herbal & Suplemen') and @resource-id = 'com.she.sehatq:id/tvCategoryName']"}[39m
[35m[HTTP][39m [37m<-- POST /wd/hub/session/fdc784ab-f270-4202-b30c-387845d776c4/elements [39m[32m200[39m [90m219 ms - 12[39m
[35m[HTTP][39m [90m[39m
[35m[HTTP][39m [37m-->[39m [37mPOST[39m [37m/wd/hub/session/fdc784ab-f270-4202-b30c-387845d776c4/elements[39m
[35m[HTTP][39m [90m{"using":"xpath","value":"//*[@class = 'android.widget.TextView' and (@text = 'Vitamin, Herbal & Suplemen' or . = 'Vitamin, Herbal & Suplemen') and @resource-id = 'com.she.sehatq:id/tvCategoryName']"}[39m
[35m[HTTP][39m [37m<-- POST /wd/hub/session/fdc784ab-f270-4202-b30c-387845d776c4/elements [39m[32m200[39m [90m235 ms - 12[39m
[35m[HTTP][39m [90m[39m
[35m[HTTP][39m [37m-->[39m [37mPOST[39m [37m/wd/hub/session/fdc784ab-f270-4202-b30c-387845d776c4/elements[39m
[35m[HTTP][39m [90m{"using":"xpath","value":"//*[@class = 'android.widget.TextView' and (@text = 'Vitamin, Herbal & Suplemen' or . = 'Vitamin, Herbal & Suplemen') and @resource-id = 'com.she.sehatq:id/tvCategoryName']"}[39m
[35m[HTTP][39m [37m<-- POST /wd/hub/session/fdc784ab-f270-4202-b30c-387845d776c4/elements [39m[32m200[39m [90m248 ms - 12[39m
[35m[HTTP][39m [90m[39m
[35m[HTTP][39m [37m-->[39m [37mPOST[39m [37m/wd/hub/session/fdc784ab-f270-4202-b30c-387845d776c4/elements[39m
[35m[HTTP][39m [90m{"using":"xpath","value":"//*[@class = 'android.widget.TextView' and (@text = 'Vitamin, Herbal & Suplemen' or . = 'Vitamin, Herbal & Suplemen') and @resource-id = 'com.she.sehatq:id/tvCategoryName']"}[39m
[35m[HTTP][39m [37m<-- POST /wd/hub/session/fdc784ab-f270-4202-b30c-387845d776c4/elements [39m[32m200[39m [90m251 ms - 12[39m
[35m[HTTP][39m [90m[39m
[35m[BaseDriver][39m Shutting down because we waited 1800 seconds for a command
[35m[Appium][39m Closing session, cause was 'New Command Timeout of 1800 seconds expired. Try customizing the timeout using the 'newCommandTimeout' desired capability'
[35m[Appium][39m Removing session 'fdc784ab-f270-4202-b30c-387845d776c4' from our master session list
[35m[UiAutomator2][39m Did not get confirmation UiAutomator2 deleteSession worked; Error was: UnknownError: An unknown server-side error occurred while processing the command. Original error: 'DELETE /' cannot be proxied to UiAutomator2 server because the instrumentation process is not running (probably crashed). Check the server log and/or the logcat output for more details
[35m[UiAutomator2][39m Restoring hidden api policy to the device default configuration
