[35m[Appium][39m Welcome to Appium v1.22.0
[35m[Appium][39m Non-default server args:
[35m[Appium][39m   port: 57253
[35m[Appium][39m   loglevel: info
[35m[Appium][39m   tmpDir: /var/folders/wv/rdwfrh89255gqff9kdgxs_t40000gp/T//Katalon/Appium/Temp1636138740084
[35m[Appium][39m   chromedriverPort: 57254
[35m[Appium][39m Deprecated server args:
[35m[Appium][39m   [31m--chromedriver-port[39m => --default-capabilities
[35m[Appium][39m Default capabilities, which will be added to each request unless overridden by desired capabilities:
[35m[Appium][39m   chromedriverPort: 57254
[35m[Appium][39m Appium REST http interface listener started on 0.0.0.0:57253
[35m[HTTP][39m [37m-->[39m [37mGET[39m [37m/wd/hub/status[39m
[35m[HTTP][39m [90m{}[39m
[35m[HTTP][39m [37m<-- GET /wd/hub/status [39m[32m200[39m [90m5 ms - 68[39m
[35m[HTTP][39m [90m[39m
[35m[HTTP][39m [37m-->[39m [37mPOST[39m [37m/wd/hub/session[39m
[35m[HTTP][39m [90m{"desiredCapabilities":{"appActivity":".Settings","appPackage":"com.android.settings","newCommandTimeout":1800,"platformVersion":"11","automationName":"uiautomator2","autoGrantPermissions":true,"platformName":"Android","udid":"db3027ce","deviceName":"vivo V2022 (Android 11)","platform":"ANDROID","systemPort":8293},"capabilities":{"firstMatch":[{"appium:appActivity":".Settings","appium:appPackage":"com.android.settings","appium:autoGrantPermissions":true,"appium:automationName":"uiautomator2","appium:deviceName":"vivo V2022 (Android 11)","appium:newCommandTimeout":1800,"platform":"ANDROID","platformName":"android","appium:platformVersion":"11","appium:systemPort":8293,"appium:udid":"db3027ce"}]}}[39m
[35m[BaseDriver][39m The following capabilities are not standard capabilities and should have an extension prefix:
[35m[BaseDriver][39m   platform
[35m[BaseDriver][39m   chromedriverPort
[35m[Appium][39m Appium v1.22.0 creating new AndroidUiautomator2Driver (v1.69.0) session
[35m[BaseDriver][39m The following capabilities were provided, but are not recognized by Appium:
[35m[BaseDriver][39m   platform
[35m[BaseDriver][39m Session created with session id: 6a611d43-bef0-4e16-85b8-85138e1a1111
[35m[UiAutomator2][39m Starting 'com.android.settings' directly on the device
[35m[ADB][39m Found 1 'build-tools' folders under '/Users/muhammadyaasin/.katalon/tools/android_sdk' (newest first):
[35m[ADB][39m     /Users/muhammadyaasin/.katalon/tools/android_sdk/build-tools/29.0.3
[35m[ADB][39m Using 'adb' from '/Users/muhammadyaasin/.katalon/tools/android_sdk/platform-tools/adb'
[35m[AndroidDriver][39m Retrieving device list
[35m[AndroidDriver][39m Using device: db3027ce
[35m[ADB][39m Using 'adb' from '/Users/muhammadyaasin/.katalon/tools/android_sdk/platform-tools/adb'
[35m[ADB][39m Getting device platform version
[35m[UiAutomator2][39m Relaxing hidden api policy
[35m[AndroidDriver][39m No app sent in, not parsing package/activity
[35m[ADB][39m Using 'apksigner.jar' from '/Users/muhammadyaasin/.katalon/tools/android_sdk/build-tools/29.0.3/lib/apksigner.jar'
[35m[ADB][39m '/usr/local/lib/node_modules/appium/node_modules/appium-uiautomator2-server/apks/appium-uiautomator2-server-v4.24.0.apk' is signed with the default certificate
[35m[ADB][39m '/usr/local/lib/node_modules/appium/node_modules/appium-uiautomator2-server/apks/appium-uiautomator2-server-debug-androidTest.apk' is signed with the default certificate
[35m[UiAutomator2][39m Server packages are not going to be (re)installed
[35m[ADB][39m Adding packages ["io.appium.settings","io.appium.uiautomator2.server","io.appium.uiautomator2.server.test"] to Doze whitelist
[35m[UiAutomator2][39m Starting UIAutomator2 server 4.24.0
[35m[UiAutomator2][39m Using UIAutomator2 server from '/usr/local/lib/node_modules/appium/node_modules/appium-uiautomator2-server/apks/appium-uiautomator2-server-v4.24.0.apk' and test from '/usr/local/lib/node_modules/appium/node_modules/appium-uiautomator2-server/apks/appium-uiautomator2-server-debug-androidTest.apk'
[35m[UiAutomator2][39m Waiting up to 30000ms for UiAutomator2 to be online...
[35m[WD Proxy][39m socket hang up
[35m[WD Proxy][39m socket hang up
[35m[WD Proxy][39m socket hang up
[35m[WD Proxy][39m socket hang up
[35m[WD Proxy][39m Determined the downstream protocol as 'W3C'
[35m[AndroidDriver][39m Screen already unlocked, doing nothing
[35m[UiAutomator2][39m Starting 'com.android.settings/.Settings and waiting for 'com.android.settings/.Settings'
[35m[Appium][39m New AndroidUiautomator2Driver session created successfully, session 6a611d43-bef0-4e16-85b8-85138e1a1111 added to master session list
[35m[HTTP][39m [37m<-- POST /wd/hub/session [39m[32m200[39m [90m10607 ms - 1133[39m
[35m[HTTP][39m [90m[39m
[35m[HTTP][39m [37m-->[39m [37mGET[39m [37m/wd/hub/session/6a611d43-bef0-4e16-85b8-85138e1a1111[39m
[35m[HTTP][39m [90m{}[39m
[35m[HTTP][39m [37m<-- GET /wd/hub/session/6a611d43-bef0-4e16-85b8-85138e1a1111 [39m[32m200[39m [90m20 ms - 1087[39m
[35m[HTTP][39m [90m[39m
[35m[HTTP][39m [37m-->[39m [37mGET[39m [37m/wd/hub/session/6a611d43-bef0-4e16-85b8-85138e1a1111[39m
[35m[HTTP][39m [90m{}[39m
[35m[HTTP][39m [37m<-- GET /wd/hub/session/6a611d43-bef0-4e16-85b8-85138e1a1111 [39m[32m200[39m [90m19 ms - 1087[39m
[35m[HTTP][39m [90m[39m
[35m[HTTP][39m [37m-->[39m [37mGET[39m [37m/wd/hub/status[39m
[35m[HTTP][39m [90m{}[39m
[35m[HTTP][39m [37m<-- GET /wd/hub/status [39m[32m200[39m [90m1 ms - 68[39m
[35m[HTTP][39m [90m[39m
[35m[HTTP][39m [37m-->[39m [37mPOST[39m [37m/wd/hub/session/6a611d43-bef0-4e16-85b8-85138e1a1111/timeouts[39m
[35m[HTTP][39m [90m{"implicit":30000}[39m
[35m[HTTP][39m [37m<-- POST /wd/hub/session/6a611d43-bef0-4e16-85b8-85138e1a1111/timeouts [39m[32m200[39m [90m2 ms - 14[39m
[35m[HTTP][39m [90m[39m
[35m[HTTP][39m [37m-->[39m [37mGET[39m [37m/wd/hub/session/6a611d43-bef0-4e16-85b8-85138e1a1111/screenshot[39m
[35m[HTTP][39m [90m{}[39m
[35m[HTTP][39m [37m<-- GET /wd/hub/session/6a611d43-bef0-4e16-85b8-85138e1a1111/screenshot [39m[32m200[39m [90m742 ms - 249062[39m
[35m[HTTP][39m [90m[39m
[35m[HTTP][39m [37m-->[39m [37mGET[39m [37m/wd/hub/session/6a611d43-bef0-4e16-85b8-85138e1a1111/window/rect[39m
[35m[HTTP][39m [90m{}[39m
[35m[HTTP][39m [37m<-- GET /wd/hub/session/6a611d43-bef0-4e16-85b8-85138e1a1111/window/rect [39m[32m200[39m [90m48 ms - 50[39m
[35m[HTTP][39m [90m[39m
[35m[HTTP][39m [37m-->[39m [37mGET[39m [37m/wd/hub/session/6a611d43-bef0-4e16-85b8-85138e1a1111/appium/device/system_bars[39m
[35m[HTTP][39m [90m{}[39m
[35m[HTTP][39m [37m<-- GET /wd/hub/session/6a611d43-bef0-4e16-85b8-85138e1a1111/appium/device/system_bars [39m[32m200[39m [90m122 ms - 148[39m
[35m[HTTP][39m [90m[39m
[35m[HTTP][39m [37m-->[39m [37mPOST[39m [37m/wd/hub/session/6a611d43-bef0-4e16-85b8-85138e1a1111/appium/device/activate_app[39m
[35m[HTTP][39m [90m{"bundleId":"com.she.sehatq"}[39m
[35m[HTTP][39m [37m<-- POST /wd/hub/session/6a611d43-bef0-4e16-85b8-85138e1a1111/appium/device/activate_app [39m[32m200[39m [90m559 ms - 14[39m
[35m[HTTP][39m [90m[39m
[35m[HTTP][39m [37m-->[39m [37mPOST[39m [37m/wd/hub/session/6a611d43-bef0-4e16-85b8-85138e1a1111/timeouts[39m
[35m[HTTP][39m [90m{"implicit":50}[39m
[35m[HTTP][39m [37m<-- POST /wd/hub/session/6a611d43-bef0-4e16-85b8-85138e1a1111/timeouts [39m[32m200[39m [90m2 ms - 14[39m
[35m[HTTP][39m [90m[39m
[35m[HTTP][39m [37m-->[39m [37mGET[39m [37m/wd/hub/session/6a611d43-bef0-4e16-85b8-85138e1a1111/window/rect[39m
[35m[HTTP][39m [90m{}[39m
[35m[HTTP][39m [37m<-- GET /wd/hub/session/6a611d43-bef0-4e16-85b8-85138e1a1111/window/rect [39m[32m200[39m [90m26 ms - 50[39m
[35m[HTTP][39m [90m[39m
[35m[HTTP][39m [37m-->[39m [37mPOST[39m [37m/wd/hub/session/6a611d43-bef0-4e16-85b8-85138e1a1111/elements[39m
[35m[HTTP][39m [90m{"using":"xpath","value":"//*[@class = 'android.widget.TextView' and (@text = 'Aktifkan Lokasimu' or . = 'Aktifkan Lokasimu') and @resource-id = 'com.she.sehatq:id/tv_title']"}[39m
[35m[HTTP][39m [37m<-- POST /wd/hub/session/6a611d43-bef0-4e16-85b8-85138e1a1111/elements [39m[32m200[39m [90m749 ms - 12[39m
[35m[HTTP][39m [90m[39m
[35m[HTTP][39m [37m-->[39m [37mPOST[39m [37m/wd/hub/session/6a611d43-bef0-4e16-85b8-85138e1a1111/elements[39m
[35m[HTTP][39m [90m{"using":"xpath","value":"//*[@class = 'android.widget.TextView' and (@text = 'Aktifkan Lokasimu' or . = 'Aktifkan Lokasimu') and @resource-id = 'com.she.sehatq:id/tv_title']"}[39m
[35m[HTTP][39m [37m<-- POST /wd/hub/session/6a611d43-bef0-4e16-85b8-85138e1a1111/elements [39m[32m200[39m [90m827 ms - 12[39m
[35m[HTTP][39m [90m[39m
[35m[HTTP][39m [37m-->[39m [37mPOST[39m [37m/wd/hub/session/6a611d43-bef0-4e16-85b8-85138e1a1111/elements[39m
[35m[HTTP][39m [90m{"using":"xpath","value":"//*[@class = 'android.widget.TextView' and (@text = 'Aktifkan Lokasimu' or . = 'Aktifkan Lokasimu') and @resource-id = 'com.she.sehatq:id/tv_title']"}[39m
[35m[HTTP][39m [37m<-- POST /wd/hub/session/6a611d43-bef0-4e16-85b8-85138e1a1111/elements [39m[32m200[39m [90m60 ms - 12[39m
[35m[HTTP][39m [90m[39m
[35m[HTTP][39m [37m-->[39m [37mPOST[39m [37m/wd/hub/session/6a611d43-bef0-4e16-85b8-85138e1a1111/elements[39m
[35m[HTTP][39m [90m{"using":"xpath","value":"//*[@class = 'android.widget.TextView' and (@text = 'Aktifkan Lokasimu' or . = 'Aktifkan Lokasimu') and @resource-id = 'com.she.sehatq:id/tv_title']"}[39m
[35m[HTTP][39m [37m<-- POST /wd/hub/session/6a611d43-bef0-4e16-85b8-85138e1a1111/elements [39m[32m200[39m [90m97 ms - 12[39m
[35m[HTTP][39m [90m[39m
[35m[HTTP][39m [37m-->[39m [37mPOST[39m [37m/wd/hub/session/6a611d43-bef0-4e16-85b8-85138e1a1111/elements[39m
[35m[HTTP][39m [90m{"using":"xpath","value":"//*[@class = 'android.widget.TextView' and (@text = 'Aktifkan Lokasimu' or . = 'Aktifkan Lokasimu') and @resource-id = 'com.she.sehatq:id/tv_title']"}[39m
[35m[HTTP][39m [37m<-- POST /wd/hub/session/6a611d43-bef0-4e16-85b8-85138e1a1111/elements [39m[32m200[39m [90m87 ms - 12[39m
[35m[HTTP][39m [90m[39m
[35m[HTTP][39m [37m-->[39m [37mPOST[39m [37m/wd/hub/session/6a611d43-bef0-4e16-85b8-85138e1a1111/elements[39m
[35m[HTTP][39m [90m{"using":"xpath","value":"//*[@class = 'android.widget.TextView' and (@text = 'Aktifkan Lokasimu' or . = 'Aktifkan Lokasimu') and @resource-id = 'com.she.sehatq:id/tv_title']"}[39m
[35m[HTTP][39m [37m<-- POST /wd/hub/session/6a611d43-bef0-4e16-85b8-85138e1a1111/elements [39m[32m200[39m [90m99 ms - 12[39m
[35m[HTTP][39m [90m[39m
[35m[HTTP][39m [37m-->[39m [37mPOST[39m [37m/wd/hub/session/6a611d43-bef0-4e16-85b8-85138e1a1111/elements[39m
[35m[HTTP][39m [90m{"using":"xpath","value":"//*[@class = 'android.widget.TextView' and (@text = 'Aktifkan Lokasimu' or . = 'Aktifkan Lokasimu') and @resource-id = 'com.she.sehatq:id/tv_title']"}[39m
[35m[HTTP][39m [37m<-- POST /wd/hub/session/6a611d43-bef0-4e16-85b8-85138e1a1111/elements [39m[32m200[39m [90m52 ms - 12[39m
[35m[HTTP][39m [90m[39m
[35m[HTTP][39m [37m-->[39m [37mPOST[39m [37m/wd/hub/session/6a611d43-bef0-4e16-85b8-85138e1a1111/elements[39m
[35m[HTTP][39m [90m{"using":"xpath","value":"//*[@class = 'android.widget.TextView' and (@text = 'Aktifkan Lokasimu' or . = 'Aktifkan Lokasimu') and @resource-id = 'com.she.sehatq:id/tv_title']"}[39m
[35m[HTTP][39m [37m<-- POST /wd/hub/session/6a611d43-bef0-4e16-85b8-85138e1a1111/elements [39m[32m200[39m [90m90 ms - 12[39m
[35m[HTTP][39m [90m[39m
[35m[HTTP][39m [37m-->[39m [37mPOST[39m [37m/wd/hub/session/6a611d43-bef0-4e16-85b8-85138e1a1111/elements[39m
[35m[HTTP][39m [90m{"using":"xpath","value":"//*[@class = 'android.widget.TextView' and (@text = 'Aktifkan Lokasimu' or . = 'Aktifkan Lokasimu') and @resource-id = 'com.she.sehatq:id/tv_title']"}[39m
[35m[HTTP][39m [37m<-- POST /wd/hub/session/6a611d43-bef0-4e16-85b8-85138e1a1111/elements [39m[32m200[39m [90m508 ms - 12[39m
[35m[HTTP][39m [90m[39m
[35m[HTTP][39m [37m-->[39m [37mPOST[39m [37m/wd/hub/session/6a611d43-bef0-4e16-85b8-85138e1a1111/elements[39m
[35m[HTTP][39m [90m{"using":"xpath","value":"//*[@class = 'android.widget.TextView' and (@text = 'Aktifkan Lokasimu' or . = 'Aktifkan Lokasimu') and @resource-id = 'com.she.sehatq:id/tv_title']"}[39m
[35m[HTTP][39m [37m<-- POST /wd/hub/session/6a611d43-bef0-4e16-85b8-85138e1a1111/elements [39m[32m200[39m [90m1352 ms - 139[39m
[35m[HTTP][39m [90m[39m
[35m[HTTP][39m [37m-->[39m [37mGET[39m [37m/wd/hub/session/6a611d43-bef0-4e16-85b8-85138e1a1111/element/00000000-0000-068f-ffff-ffff00000018/location[39m
[35m[HTTP][39m [90m{}[39m
[35m[W3C (6a611d43)][39m Driver proxy active, passing request on via HTTP proxy
[35m[WD Proxy][39m Replacing sessionId fcf299b5-826f-46d3-9906-c99342f013e8 with 6a611d43-bef0-4e16-85b8-85138e1a1111
[35m[HTTP][39m [37m<-- GET /wd/hub/session/6a611d43-bef0-4e16-85b8-85138e1a1111/element/00000000-0000-068f-ffff-ffff00000018/location [39m[32m200[39m [90m265 ms - 78[39m
[35m[HTTP][39m [90m[39m
[35m[HTTP][39m [37m-->[39m [37mPOST[39m [37m/wd/hub/session/6a611d43-bef0-4e16-85b8-85138e1a1111/timeouts[39m
[35m[HTTP][39m [90m{"implicit":30000}[39m
[35m[HTTP][39m [37m<-- POST /wd/hub/session/6a611d43-bef0-4e16-85b8-85138e1a1111/timeouts [39m[32m200[39m [90m1 ms - 14[39m
[35m[HTTP][39m [90m[39m
[35m[HTTP][39m [37m-->[39m [37mPOST[39m [37m/wd/hub/session/6a611d43-bef0-4e16-85b8-85138e1a1111/timeouts[39m
[35m[HTTP][39m [90m{"implicit":50}[39m
[35m[HTTP][39m [37m<-- POST /wd/hub/session/6a611d43-bef0-4e16-85b8-85138e1a1111/timeouts [39m[32m200[39m [90m1 ms - 14[39m
[35m[HTTP][39m [90m[39m
[35m[HTTP][39m [37m-->[39m [37mGET[39m [37m/wd/hub/session/6a611d43-bef0-4e16-85b8-85138e1a1111/window/rect[39m
[35m[HTTP][39m [90m{}[39m
[35m[HTTP][39m [37m<-- GET /wd/hub/session/6a611d43-bef0-4e16-85b8-85138e1a1111/window/rect [39m[32m200[39m [90m27 ms - 50[39m
[35m[HTTP][39m [90m[39m
[35m[HTTP][39m [37m-->[39m [37mPOST[39m [37m/wd/hub/session/6a611d43-bef0-4e16-85b8-85138e1a1111/elements[39m
[35m[HTTP][39m [90m{"using":"xpath","value":"//*[@class = 'android.widget.TextView' and (@text = 'Tidak' or . = 'Tidak') and @resource-id = 'com.she.sehatq:id/tv_dismiss']"}[39m
[35m[HTTP][39m [37m<-- POST /wd/hub/session/6a611d43-bef0-4e16-85b8-85138e1a1111/elements [39m[32m200[39m [90m90 ms - 139[39m
[35m[HTTP][39m [90m[39m
[35m[HTTP][39m [37m-->[39m [37mGET[39m [37m/wd/hub/session/6a611d43-bef0-4e16-85b8-85138e1a1111/element/00000000-0000-068f-ffff-ffff0000001b/location[39m
[35m[HTTP][39m [90m{}[39m
[35m[W3C (6a611d43)][39m Driver proxy active, passing request on via HTTP proxy
[35m[WD Proxy][39m Replacing sessionId fcf299b5-826f-46d3-9906-c99342f013e8 with 6a611d43-bef0-4e16-85b8-85138e1a1111
[35m[HTTP][39m [37m<-- GET /wd/hub/session/6a611d43-bef0-4e16-85b8-85138e1a1111/element/00000000-0000-068f-ffff-ffff0000001b/location [39m[32m200[39m [90m28 ms - 78[39m
[35m[HTTP][39m [90m[39m
[35m[HTTP][39m [37m-->[39m [37mPOST[39m [37m/wd/hub/session/6a611d43-bef0-4e16-85b8-85138e1a1111/timeouts[39m
[35m[HTTP][39m [90m{"implicit":30000}[39m
[35m[HTTP][39m [37m<-- POST /wd/hub/session/6a611d43-bef0-4e16-85b8-85138e1a1111/timeouts [39m[32m200[39m [90m1 ms - 14[39m
[35m[HTTP][39m [90m[39m
[35m[HTTP][39m [37m-->[39m [37mPOST[39m [37m/wd/hub/session/6a611d43-bef0-4e16-85b8-85138e1a1111/touch/perform[39m
[35m[HTTP][39m [90m{"actions":[{"action":"tap","options":{"x":1,"y":1,"element":"00000000-0000-068f-ffff-ffff0000001b"}},{"action":"release","options":{}}]}[39m
[35m[UiAutomator2][39m calling get location: 00000000-0000-068f-ffff-ffff0000001b
[35m[HTTP][39m [37m<-- POST /wd/hub/session/6a611d43-bef0-4e16-85b8-85138e1a1111/touch/perform [39m[32m200[39m [90m226 ms - 14[39m
[35m[HTTP][39m [90m[39m
[35m[HTTP][39m [37m-->[39m [37mPOST[39m [37m/wd/hub/session/6a611d43-bef0-4e16-85b8-85138e1a1111/timeouts[39m
[35m[HTTP][39m [90m{"implicit":50}[39m
[35m[HTTP][39m [37m<-- POST /wd/hub/session/6a611d43-bef0-4e16-85b8-85138e1a1111/timeouts [39m[32m200[39m [90m1 ms - 14[39m
[35m[HTTP][39m [90m[39m
[35m[HTTP][39m [37m-->[39m [37mGET[39m [37m/wd/hub/session/6a611d43-bef0-4e16-85b8-85138e1a1111/window/rect[39m
[35m[HTTP][39m [90m{}[39m
[35m[HTTP][39m [37m<-- GET /wd/hub/session/6a611d43-bef0-4e16-85b8-85138e1a1111/window/rect [39m[32m200[39m [90m9 ms - 50[39m
[35m[HTTP][39m [90m[39m
[35m[HTTP][39m [37m-->[39m [37mPOST[39m [37m/wd/hub/session/6a611d43-bef0-4e16-85b8-85138e1a1111/elements[39m
[35m[HTTP][39m [90m{"using":"xpath","value":"//*[@class = 'android.widget.TextView' and (@text = 'Email atau Password yang Anda masukkan salah' or . = 'Email atau Password yang Anda masukkan salah') and @resource-id = 'com.she.sehatq:id/tv_detail']"}[39m
[35m[HTTP][39m [37m<-- POST /wd/hub/session/6a611d43-bef0-4e16-85b8-85138e1a1111/elements [39m[32m200[39m [90m625 ms - 12[39m
[35m[HTTP][39m [90m[39m
[35m[HTTP][39m [37m-->[39m [37mPOST[39m [37m/wd/hub/session/6a611d43-bef0-4e16-85b8-85138e1a1111/elements[39m
[35m[HTTP][39m [90m{"using":"xpath","value":"//*[@class = 'android.widget.TextView' and (@text = 'Email atau Password yang Anda masukkan salah' or . = 'Email atau Password yang Anda masukkan salah') and @resource-id = 'com.she.sehatq:id/tv_detail']"}[39m
[35m[HTTP][39m [37m<-- POST /wd/hub/session/6a611d43-bef0-4e16-85b8-85138e1a1111/elements [39m[32m200[39m [90m223 ms - 12[39m
[35m[HTTP][39m [90m[39m
[35m[HTTP][39m [37m-->[39m [37mPOST[39m [37m/wd/hub/session/6a611d43-bef0-4e16-85b8-85138e1a1111/elements[39m
[35m[HTTP][39m [90m{"using":"xpath","value":"//*[@class = 'android.widget.TextView' and (@text = 'Email atau Password yang Anda masukkan salah' or . = 'Email atau Password yang Anda masukkan salah') and @resource-id = 'com.she.sehatq:id/tv_detail']"}[39m
[35m[HTTP][39m [37m<-- POST /wd/hub/session/6a611d43-bef0-4e16-85b8-85138e1a1111/elements [39m[32m200[39m [90m154 ms - 12[39m
[35m[HTTP][39m [90m[39m
[35m[HTTP][39m [37m-->[39m [37mPOST[39m [37m/wd/hub/session/6a611d43-bef0-4e16-85b8-85138e1a1111/elements[39m
[35m[HTTP][39m [90m{"using":"xpath","value":"//*[@class = 'android.widget.TextView' and (@text = 'Email atau Password yang Anda masukkan salah' or . = 'Email atau Password yang Anda masukkan salah') and @resource-id = 'com.she.sehatq:id/tv_detail']"}[39m
[35m[HTTP][39m [37m<-- POST /wd/hub/session/6a611d43-bef0-4e16-85b8-85138e1a1111/elements [39m[32m200[39m [90m172 ms - 12[39m
[35m[HTTP][39m [90m[39m
[35m[HTTP][39m [37m-->[39m [37mPOST[39m [37m/wd/hub/session/6a611d43-bef0-4e16-85b8-85138e1a1111/elements[39m
[35m[HTTP][39m [90m{"using":"xpath","value":"//*[@class = 'android.widget.TextView' and (@text = 'Email atau Password yang Anda masukkan salah' or . = 'Email atau Password yang Anda masukkan salah') and @resource-id = 'com.she.sehatq:id/tv_detail']"}[39m
[35m[HTTP][39m [37m<-- POST /wd/hub/session/6a611d43-bef0-4e16-85b8-85138e1a1111/elements [39m[32m200[39m [90m206 ms - 12[39m
[35m[HTTP][39m [90m[39m
[35m[HTTP][39m [37m-->[39m [37mPOST[39m [37m/wd/hub/session/6a611d43-bef0-4e16-85b8-85138e1a1111/elements[39m
[35m[HTTP][39m [90m{"using":"xpath","value":"//*[@class = 'android.widget.TextView' and (@text = 'Email atau Password yang Anda masukkan salah' or . = 'Email atau Password yang Anda masukkan salah') and @resource-id = 'com.she.sehatq:id/tv_detail']"}[39m
[35m[HTTP][39m [37m<-- POST /wd/hub/session/6a611d43-bef0-4e16-85b8-85138e1a1111/elements [39m[32m200[39m [90m107 ms - 12[39m
[35m[HTTP][39m [90m[39m
[35m[HTTP][39m [37m-->[39m [37mPOST[39m [37m/wd/hub/session/6a611d43-bef0-4e16-85b8-85138e1a1111/elements[39m
[35m[HTTP][39m [90m{"using":"xpath","value":"//*[@class = 'android.widget.TextView' and (@text = 'Email atau Password yang Anda masukkan salah' or . = 'Email atau Password yang Anda masukkan salah') and @resource-id = 'com.she.sehatq:id/tv_detail']"}[39m
[35m[HTTP][39m [37m<-- POST /wd/hub/session/6a611d43-bef0-4e16-85b8-85138e1a1111/elements [39m[32m200[39m [90m91 ms - 12[39m
[35m[HTTP][39m [90m[39m
[35m[HTTP][39m [37m-->[39m [37mPOST[39m [37m/wd/hub/session/6a611d43-bef0-4e16-85b8-85138e1a1111/elements[39m
[35m[HTTP][39m [90m{"using":"xpath","value":"//*[@class = 'android.widget.TextView' and (@text = 'Email atau Password yang Anda masukkan salah' or . = 'Email atau Password yang Anda masukkan salah') and @resource-id = 'com.she.sehatq:id/tv_detail']"}[39m
[35m[HTTP][39m [37m<-- POST /wd/hub/session/6a611d43-bef0-4e16-85b8-85138e1a1111/elements [39m[32m200[39m [90m95 ms - 12[39m
[35m[HTTP][39m [90m[39m
[35m[HTTP][39m [37m-->[39m [37mPOST[39m [37m/wd/hub/session/6a611d43-bef0-4e16-85b8-85138e1a1111/elements[39m
[35m[HTTP][39m [90m{"using":"xpath","value":"//*[@class = 'android.widget.TextView' and (@text = 'Email atau Password yang Anda masukkan salah' or . = 'Email atau Password yang Anda masukkan salah') and @resource-id = 'com.she.sehatq:id/tv_detail']"}[39m
[35m[HTTP][39m [37m<-- POST /wd/hub/session/6a611d43-bef0-4e16-85b8-85138e1a1111/elements [39m[32m200[39m [90m143 ms - 12[39m
[35m[HTTP][39m [90m[39m
[35m[HTTP][39m [37m-->[39m [37mPOST[39m [37m/wd/hub/session/6a611d43-bef0-4e16-85b8-85138e1a1111/elements[39m
[35m[HTTP][39m [90m{"using":"xpath","value":"//*[@class = 'android.widget.TextView' and (@text = 'Email atau Password yang Anda masukkan salah' or . = 'Email atau Password yang Anda masukkan salah') and @resource-id = 'com.she.sehatq:id/tv_detail']"}[39m
[35m[HTTP][39m [37m<-- POST /wd/hub/session/6a611d43-bef0-4e16-85b8-85138e1a1111/elements [39m[32m200[39m [90m87 ms - 12[39m
[35m[HTTP][39m [90m[39m
[35m[HTTP][39m [37m-->[39m [37mPOST[39m [37m/wd/hub/session/6a611d43-bef0-4e16-85b8-85138e1a1111/elements[39m
[35m[HTTP][39m [90m{"using":"xpath","value":"//*[@class = 'android.widget.TextView' and (@text = 'Email atau Password yang Anda masukkan salah' or . = 'Email atau Password yang Anda masukkan salah') and @resource-id = 'com.she.sehatq:id/tv_detail']"}[39m
[35m[HTTP][39m [37m<-- POST /wd/hub/session/6a611d43-bef0-4e16-85b8-85138e1a1111/elements [39m[32m200[39m [90m90 ms - 12[39m
[35m[HTTP][39m [90m[39m
[35m[HTTP][39m [37m-->[39m [37mPOST[39m [37m/wd/hub/session/6a611d43-bef0-4e16-85b8-85138e1a1111/elements[39m
[35m[HTTP][39m [90m{"using":"xpath","value":"//*[@class = 'android.widget.TextView' and (@text = 'Email atau Password yang Anda masukkan salah' or . = 'Email atau Password yang Anda masukkan salah') and @resource-id = 'com.she.sehatq:id/tv_detail']"}[39m
[35m[HTTP][39m [37m<-- POST /wd/hub/session/6a611d43-bef0-4e16-85b8-85138e1a1111/elements [39m[32m200[39m [90m63 ms - 12[39m
[35m[HTTP][39m [90m[39m
[35m[HTTP][39m [37m-->[39m [37mPOST[39m [37m/wd/hub/session/6a611d43-bef0-4e16-85b8-85138e1a1111/elements[39m
[35m[HTTP][39m [90m{"using":"xpath","value":"//*[@class = 'android.widget.TextView' and (@text = 'Email atau Password yang Anda masukkan salah' or . = 'Email atau Password yang Anda masukkan salah') and @resource-id = 'com.she.sehatq:id/tv_detail']"}[39m
[35m[HTTP][39m [37m<-- POST /wd/hub/session/6a611d43-bef0-4e16-85b8-85138e1a1111/elements [39m[32m200[39m [90m112 ms - 12[39m
[35m[HTTP][39m [90m[39m
[35m[HTTP][39m [37m-->[39m [37mPOST[39m [37m/wd/hub/session/6a611d43-bef0-4e16-85b8-85138e1a1111/elements[39m
[35m[HTTP][39m [90m{"using":"xpath","value":"//*[@class = 'android.widget.TextView' and (@text = 'Email atau Password yang Anda masukkan salah' or . = 'Email atau Password yang Anda masukkan salah') and @resource-id = 'com.she.sehatq:id/tv_detail']"}[39m
[35m[HTTP][39m [37m<-- POST /wd/hub/session/6a611d43-bef0-4e16-85b8-85138e1a1111/elements [39m[32m200[39m [90m162 ms - 12[39m
[35m[HTTP][39m [90m[39m
[35m[HTTP][39m [37m-->[39m [37mPOST[39m [37m/wd/hub/session/6a611d43-bef0-4e16-85b8-85138e1a1111/elements[39m
[35m[HTTP][39m [90m{"using":"xpath","value":"//*[@class = 'android.widget.TextView' and (@text = 'Email atau Password yang Anda masukkan salah' or . = 'Email atau Password yang Anda masukkan salah') and @resource-id = 'com.she.sehatq:id/tv_detail']"}[39m
[35m[HTTP][39m [37m<-- POST /wd/hub/session/6a611d43-bef0-4e16-85b8-85138e1a1111/elements [39m[32m200[39m [90m197 ms - 12[39m
[35m[HTTP][39m [90m[39m
[35m[HTTP][39m [37m-->[39m [37mPOST[39m [37m/wd/hub/session/6a611d43-bef0-4e16-85b8-85138e1a1111/elements[39m
[35m[HTTP][39m [90m{"using":"xpath","value":"//*[@class = 'android.widget.TextView' and (@text = 'Email atau Password yang Anda masukkan salah' or . = 'Email atau Password yang Anda masukkan salah') and @resource-id = 'com.she.sehatq:id/tv_detail']"}[39m
[35m[HTTP][39m [37m<-- POST /wd/hub/session/6a611d43-bef0-4e16-85b8-85138e1a1111/elements [39m[32m200[39m [90m158 ms - 12[39m
[35m[HTTP][39m [90m[39m
[35m[HTTP][39m [37m-->[39m [37mPOST[39m [37m/wd/hub/session/6a611d43-bef0-4e16-85b8-85138e1a1111/elements[39m
[35m[HTTP][39m [90m{"using":"xpath","value":"//*[@class = 'android.widget.TextView' and (@text = 'Email atau Password yang Anda masukkan salah' or . = 'Email atau Password yang Anda masukkan salah') and @resource-id = 'com.she.sehatq:id/tv_detail']"}[39m
[35m[HTTP][39m [37m<-- POST /wd/hub/session/6a611d43-bef0-4e16-85b8-85138e1a1111/elements [39m[32m200[39m [90m133 ms - 12[39m
[35m[HTTP][39m [90m[39m
[35m[HTTP][39m [37m-->[39m [37mPOST[39m [37m/wd/hub/session/6a611d43-bef0-4e16-85b8-85138e1a1111/elements[39m
[35m[HTTP][39m [90m{"using":"xpath","value":"//*[@class = 'android.widget.TextView' and (@text = 'Email atau Password yang Anda masukkan salah' or . = 'Email atau Password yang Anda masukkan salah') and @resource-id = 'com.she.sehatq:id/tv_detail']"}[39m
[35m[HTTP][39m [37m<-- POST /wd/hub/session/6a611d43-bef0-4e16-85b8-85138e1a1111/elements [39m[32m200[39m [90m154 ms - 12[39m
[35m[HTTP][39m [90m[39m
[35m[HTTP][39m [37m-->[39m [37mPOST[39m [37m/wd/hub/session/6a611d43-bef0-4e16-85b8-85138e1a1111/elements[39m
[35m[HTTP][39m [90m{"using":"xpath","value":"//*[@class = 'android.widget.TextView' and (@text = 'Email atau Password yang Anda masukkan salah' or . = 'Email atau Password yang Anda masukkan salah') and @resource-id = 'com.she.sehatq:id/tv_detail']"}[39m
[35m[HTTP][39m [37m<-- POST /wd/hub/session/6a611d43-bef0-4e16-85b8-85138e1a1111/elements [39m[32m200[39m [90m138 ms - 12[39m
[35m[HTTP][39m [90m[39m
[35m[HTTP][39m [37m-->[39m [37mPOST[39m [37m/wd/hub/session/6a611d43-bef0-4e16-85b8-85138e1a1111/elements[39m
[35m[HTTP][39m [90m{"using":"xpath","value":"//*[@class = 'android.widget.TextView' and (@text = 'Email atau Password yang Anda masukkan salah' or . = 'Email atau Password yang Anda masukkan salah') and @resource-id = 'com.she.sehatq:id/tv_detail']"}[39m
[35m[HTTP][39m [37m<-- POST /wd/hub/session/6a611d43-bef0-4e16-85b8-85138e1a1111/elements [39m[32m200[39m [90m158 ms - 12[39m
[35m[HTTP][39m [90m[39m
[35m[HTTP][39m [37m-->[39m [37mPOST[39m [37m/wd/hub/session/6a611d43-bef0-4e16-85b8-85138e1a1111/elements[39m
[35m[HTTP][39m [90m{"using":"xpath","value":"//*[@class = 'android.widget.TextView' and (@text = 'Email atau Password yang Anda masukkan salah' or . = 'Email atau Password yang Anda masukkan salah') and @resource-id = 'com.she.sehatq:id/tv_detail']"}[39m
[35m[HTTP][39m [37m<-- POST /wd/hub/session/6a611d43-bef0-4e16-85b8-85138e1a1111/elements [39m[32m200[39m [90m175 ms - 12[39m
[35m[HTTP][39m [90m[39m
[35m[HTTP][39m [37m-->[39m [37mPOST[39m [37m/wd/hub/session/6a611d43-bef0-4e16-85b8-85138e1a1111/elements[39m
[35m[HTTP][39m [90m{"using":"xpath","value":"//*[@class = 'android.widget.TextView' and (@text = 'Email atau Password yang Anda masukkan salah' or . = 'Email atau Password yang Anda masukkan salah') and @resource-id = 'com.she.sehatq:id/tv_detail']"}[39m
[35m[HTTP][39m [37m<-- POST /wd/hub/session/6a611d43-bef0-4e16-85b8-85138e1a1111/elements [39m[32m200[39m [90m158 ms - 12[39m
[35m[HTTP][39m [90m[39m
[35m[HTTP][39m [37m-->[39m [37mPOST[39m [37m/wd/hub/session/6a611d43-bef0-4e16-85b8-85138e1a1111/elements[39m
[35m[HTTP][39m [90m{"using":"xpath","value":"//*[@class = 'android.widget.TextView' and (@text = 'Email atau Password yang Anda masukkan salah' or . = 'Email atau Password yang Anda masukkan salah') and @resource-id = 'com.she.sehatq:id/tv_detail']"}[39m
[35m[HTTP][39m [37m<-- POST /wd/hub/session/6a611d43-bef0-4e16-85b8-85138e1a1111/elements [39m[32m200[39m [90m148 ms - 12[39m
[35m[HTTP][39m [90m[39m
[35m[HTTP][39m [37m-->[39m [37mPOST[39m [37m/wd/hub/session/6a611d43-bef0-4e16-85b8-85138e1a1111/elements[39m
[35m[HTTP][39m [90m{"using":"xpath","value":"//*[@class = 'android.widget.TextView' and (@text = 'Email atau Password yang Anda masukkan salah' or . = 'Email atau Password yang Anda masukkan salah') and @resource-id = 'com.she.sehatq:id/tv_detail']"}[39m
[35m[HTTP][39m [37m<-- POST /wd/hub/session/6a611d43-bef0-4e16-85b8-85138e1a1111/elements [39m[32m200[39m [90m154 ms - 12[39m
[35m[HTTP][39m [90m[39m
[35m[HTTP][39m [37m-->[39m [37mPOST[39m [37m/wd/hub/session/6a611d43-bef0-4e16-85b8-85138e1a1111/elements[39m
[35m[HTTP][39m [90m{"using":"xpath","value":"//*[@class = 'android.widget.TextView' and (@text = 'Email atau Password yang Anda masukkan salah' or . = 'Email atau Password yang Anda masukkan salah') and @resource-id = 'com.she.sehatq:id/tv_detail']"}[39m
[35m[HTTP][39m [37m<-- POST /wd/hub/session/6a611d43-bef0-4e16-85b8-85138e1a1111/elements [39m[32m200[39m [90m1087 ms - 12[39m
[35m[HTTP][39m [90m[39m
[35m[HTTP][39m [37m-->[39m [37mPOST[39m [37m/wd/hub/session/6a611d43-bef0-4e16-85b8-85138e1a1111/elements[39m
[35m[HTTP][39m [90m{"using":"xpath","value":"//*[@class = 'android.widget.TextView' and (@text = 'Email atau Password yang Anda masukkan salah' or . = 'Email atau Password yang Anda masukkan salah') and @resource-id = 'com.she.sehatq:id/tv_detail']"}[39m
[35m[HTTP][39m [37m<-- POST /wd/hub/session/6a611d43-bef0-4e16-85b8-85138e1a1111/elements [39m[32m200[39m [90m159 ms - 12[39m
[35m[HTTP][39m [90m[39m
[35m[HTTP][39m [37m-->[39m [37mPOST[39m [37m/wd/hub/session/6a611d43-bef0-4e16-85b8-85138e1a1111/elements[39m
[35m[HTTP][39m [90m{"using":"xpath","value":"//*[@class = 'android.widget.TextView' and (@text = 'Email atau Password yang Anda masukkan salah' or . = 'Email atau Password yang Anda masukkan salah') and @resource-id = 'com.she.sehatq:id/tv_detail']"}[39m
[35m[HTTP][39m [37m<-- POST /wd/hub/session/6a611d43-bef0-4e16-85b8-85138e1a1111/elements [39m[32m200[39m [90m188 ms - 12[39m
[35m[HTTP][39m [90m[39m
[35m[HTTP][39m [37m-->[39m [37mPOST[39m [37m/wd/hub/session/6a611d43-bef0-4e16-85b8-85138e1a1111/elements[39m
[35m[HTTP][39m [90m{"using":"xpath","value":"//*[@class = 'android.widget.TextView' and (@text = 'Email atau Password yang Anda masukkan salah' or . = 'Email atau Password yang Anda masukkan salah') and @resource-id = 'com.she.sehatq:id/tv_detail']"}[39m
[35m[HTTP][39m [37m<-- POST /wd/hub/session/6a611d43-bef0-4e16-85b8-85138e1a1111/elements [39m[32m200[39m [90m145 ms - 12[39m
[35m[HTTP][39m [90m[39m
[35m[HTTP][39m [37m-->[39m [37mPOST[39m [37m/wd/hub/session/6a611d43-bef0-4e16-85b8-85138e1a1111/elements[39m
[35m[HTTP][39m [90m{"using":"xpath","value":"//*[@class = 'android.widget.TextView' and (@text = 'Email atau Password yang Anda masukkan salah' or . = 'Email atau Password yang Anda masukkan salah') and @resource-id = 'com.she.sehatq:id/tv_detail']"}[39m
[35m[HTTP][39m [37m<-- POST /wd/hub/session/6a611d43-bef0-4e16-85b8-85138e1a1111/elements [39m[32m200[39m [90m161 ms - 12[39m
[35m[HTTP][39m [90m[39m
[35m[HTTP][39m [37m-->[39m [37mPOST[39m [37m/wd/hub/session/6a611d43-bef0-4e16-85b8-85138e1a1111/elements[39m
[35m[HTTP][39m [90m{"using":"xpath","value":"//*[@class = 'android.widget.TextView' and (@text = 'Email atau Password yang Anda masukkan salah' or . = 'Email atau Password yang Anda masukkan salah') and @resource-id = 'com.she.sehatq:id/tv_detail']"}[39m
[35m[HTTP][39m [37m<-- POST /wd/hub/session/6a611d43-bef0-4e16-85b8-85138e1a1111/elements [39m[32m200[39m [90m147 ms - 12[39m
[35m[HTTP][39m [90m[39m
[35m[HTTP][39m [37m-->[39m [37mPOST[39m [37m/wd/hub/session/6a611d43-bef0-4e16-85b8-85138e1a1111/elements[39m
[35m[HTTP][39m [90m{"using":"xpath","value":"//*[@class = 'android.widget.TextView' and (@text = 'Email atau Password yang Anda masukkan salah' or . = 'Email atau Password yang Anda masukkan salah') and @resource-id = 'com.she.sehatq:id/tv_detail']"}[39m
[35m[HTTP][39m [37m<-- POST /wd/hub/session/6a611d43-bef0-4e16-85b8-85138e1a1111/elements [39m[32m200[39m [90m245 ms - 12[39m
[35m[HTTP][39m [90m[39m
[35m[HTTP][39m [37m-->[39m [37mPOST[39m [37m/wd/hub/session/6a611d43-bef0-4e16-85b8-85138e1a1111/elements[39m
[35m[HTTP][39m [90m{"using":"xpath","value":"//*[@class = 'android.widget.TextView' and (@text = 'Email atau Password yang Anda masukkan salah' or . = 'Email atau Password yang Anda masukkan salah') and @resource-id = 'com.she.sehatq:id/tv_detail']"}[39m
[35m[HTTP][39m [37m<-- POST /wd/hub/session/6a611d43-bef0-4e16-85b8-85138e1a1111/elements [39m[32m200[39m [90m239 ms - 12[39m
[35m[HTTP][39m [90m[39m
[35m[HTTP][39m [37m-->[39m [37mPOST[39m [37m/wd/hub/session/6a611d43-bef0-4e16-85b8-85138e1a1111/elements[39m
[35m[HTTP][39m [90m{"using":"xpath","value":"//*[@class = 'android.widget.TextView' and (@text = 'Email atau Password yang Anda masukkan salah' or . = 'Email atau Password yang Anda masukkan salah') and @resource-id = 'com.she.sehatq:id/tv_detail']"}[39m
[35m[HTTP][39m [37m<-- POST /wd/hub/session/6a611d43-bef0-4e16-85b8-85138e1a1111/elements [39m[32m200[39m [90m210 ms - 12[39m
[35m[HTTP][39m [90m[39m
[35m[HTTP][39m [37m-->[39m [37mPOST[39m [37m/wd/hub/session/6a611d43-bef0-4e16-85b8-85138e1a1111/elements[39m
[35m[HTTP][39m [90m{"using":"xpath","value":"//*[@class = 'android.widget.TextView' and (@text = 'Email atau Password yang Anda masukkan salah' or . = 'Email atau Password yang Anda masukkan salah') and @resource-id = 'com.she.sehatq:id/tv_detail']"}[39m
[35m[HTTP][39m [37m<-- POST /wd/hub/session/6a611d43-bef0-4e16-85b8-85138e1a1111/elements [39m[32m200[39m [90m217 ms - 12[39m
[35m[HTTP][39m [90m[39m
[35m[HTTP][39m [37m-->[39m [37mPOST[39m [37m/wd/hub/session/6a611d43-bef0-4e16-85b8-85138e1a1111/elements[39m
[35m[HTTP][39m [90m{"using":"xpath","value":"//*[@class = 'android.widget.TextView' and (@text = 'Email atau Password yang Anda masukkan salah' or . = 'Email atau Password yang Anda masukkan salah') and @resource-id = 'com.she.sehatq:id/tv_detail']"}[39m
[35m[HTTP][39m [37m<-- POST /wd/hub/session/6a611d43-bef0-4e16-85b8-85138e1a1111/elements [39m[32m200[39m [90m174 ms - 12[39m
[35m[HTTP][39m [90m[39m
[35m[HTTP][39m [37m-->[39m [37mPOST[39m [37m/wd/hub/session/6a611d43-bef0-4e16-85b8-85138e1a1111/elements[39m
[35m[HTTP][39m [90m{"using":"xpath","value":"//*[@class = 'android.widget.TextView' and (@text = 'Email atau Password yang Anda masukkan salah' or . = 'Email atau Password yang Anda masukkan salah') and @resource-id = 'com.she.sehatq:id/tv_detail']"}[39m
[35m[HTTP][39m [37m<-- POST /wd/hub/session/6a611d43-bef0-4e16-85b8-85138e1a1111/elements [39m[32m200[39m [90m252 ms - 12[39m
[35m[HTTP][39m [90m[39m
[35m[HTTP][39m [37m-->[39m [37mPOST[39m [37m/wd/hub/session/6a611d43-bef0-4e16-85b8-85138e1a1111/elements[39m
[35m[HTTP][39m [90m{"using":"xpath","value":"//*[@class = 'android.widget.TextView' and (@text = 'Email atau Password yang Anda masukkan salah' or . = 'Email atau Password yang Anda masukkan salah') and @resource-id = 'com.she.sehatq:id/tv_detail']"}[39m
[35m[HTTP][39m [37m<-- POST /wd/hub/session/6a611d43-bef0-4e16-85b8-85138e1a1111/elements [39m[32m200[39m [90m254 ms - 12[39m
[35m[HTTP][39m [90m[39m
[35m[HTTP][39m [37m-->[39m [37mPOST[39m [37m/wd/hub/session/6a611d43-bef0-4e16-85b8-85138e1a1111/elements[39m
[35m[HTTP][39m [90m{"using":"xpath","value":"//*[@class = 'android.widget.TextView' and (@text = 'Email atau Password yang Anda masukkan salah' or . = 'Email atau Password yang Anda masukkan salah') and @resource-id = 'com.she.sehatq:id/tv_detail']"}[39m
[35m[HTTP][39m [37m<-- POST /wd/hub/session/6a611d43-bef0-4e16-85b8-85138e1a1111/elements [39m[32m200[39m [90m214 ms - 12[39m
[35m[HTTP][39m [90m[39m
[35m[HTTP][39m [37m-->[39m [37mPOST[39m [37m/wd/hub/session/6a611d43-bef0-4e16-85b8-85138e1a1111/elements[39m
[35m[HTTP][39m [90m{"using":"xpath","value":"//*[@class = 'android.widget.TextView' and (@text = 'Email atau Password yang Anda masukkan salah' or . = 'Email atau Password yang Anda masukkan salah') and @resource-id = 'com.she.sehatq:id/tv_detail']"}[39m
[35m[HTTP][39m [37m<-- POST /wd/hub/session/6a611d43-bef0-4e16-85b8-85138e1a1111/elements [39m[32m200[39m [90m239 ms - 12[39m
[35m[HTTP][39m [90m[39m
[35m[HTTP][39m [37m-->[39m [37mPOST[39m [37m/wd/hub/session/6a611d43-bef0-4e16-85b8-85138e1a1111/elements[39m
[35m[HTTP][39m [90m{"using":"xpath","value":"//*[@class = 'android.widget.TextView' and (@text = 'Email atau Password yang Anda masukkan salah' or . = 'Email atau Password yang Anda masukkan salah') and @resource-id = 'com.she.sehatq:id/tv_detail']"}[39m
[35m[HTTP][39m [37m<-- POST /wd/hub/session/6a611d43-bef0-4e16-85b8-85138e1a1111/elements [39m[32m200[39m [90m205 ms - 12[39m
[35m[HTTP][39m [90m[39m
[35m[HTTP][39m [37m-->[39m [37mPOST[39m [37m/wd/hub/session/6a611d43-bef0-4e16-85b8-85138e1a1111/elements[39m
[35m[HTTP][39m [90m{"using":"xpath","value":"//*[@class = 'android.widget.TextView' and (@text = 'Email atau Password yang Anda masukkan salah' or . = 'Email atau Password yang Anda masukkan salah') and @resource-id = 'com.she.sehatq:id/tv_detail']"}[39m
[35m[HTTP][39m [37m<-- POST /wd/hub/session/6a611d43-bef0-4e16-85b8-85138e1a1111/elements [39m[32m200[39m [90m266 ms - 12[39m
[35m[HTTP][39m [90m[39m
[35m[HTTP][39m [37m-->[39m [37mPOST[39m [37m/wd/hub/session/6a611d43-bef0-4e16-85b8-85138e1a1111/elements[39m
[35m[HTTP][39m [90m{"using":"xpath","value":"//*[@class = 'android.widget.TextView' and (@text = 'Email atau Password yang Anda masukkan salah' or . = 'Email atau Password yang Anda masukkan salah') and @resource-id = 'com.she.sehatq:id/tv_detail']"}[39m
[35m[HTTP][39m [37m<-- POST /wd/hub/session/6a611d43-bef0-4e16-85b8-85138e1a1111/elements [39m[32m200[39m [90m164 ms - 12[39m
[35m[HTTP][39m [90m[39m
[35m[HTTP][39m [37m-->[39m [37mPOST[39m [37m/wd/hub/session/6a611d43-bef0-4e16-85b8-85138e1a1111/elements[39m
[35m[HTTP][39m [90m{"using":"xpath","value":"//*[@class = 'android.widget.TextView' and (@text = 'Email atau Password yang Anda masukkan salah' or . = 'Email atau Password yang Anda masukkan salah') and @resource-id = 'com.she.sehatq:id/tv_detail']"}[39m
[35m[HTTP][39m [37m<-- POST /wd/hub/session/6a611d43-bef0-4e16-85b8-85138e1a1111/elements [39m[32m200[39m [90m158 ms - 12[39m
[35m[HTTP][39m [90m[39m
[35m[HTTP][39m [37m-->[39m [37mPOST[39m [37m/wd/hub/session/6a611d43-bef0-4e16-85b8-85138e1a1111/elements[39m
[35m[HTTP][39m [90m{"using":"xpath","value":"//*[@class = 'android.widget.TextView' and (@text = 'Email atau Password yang Anda masukkan salah' or . = 'Email atau Password yang Anda masukkan salah') and @resource-id = 'com.she.sehatq:id/tv_detail']"}[39m
[35m[HTTP][39m [37m<-- POST /wd/hub/session/6a611d43-bef0-4e16-85b8-85138e1a1111/elements [39m[32m200[39m [90m248 ms - 12[39m
[35m[HTTP][39m [90m[39m
[35m[HTTP][39m [37m-->[39m [37mPOST[39m [37m/wd/hub/session/6a611d43-bef0-4e16-85b8-85138e1a1111/elements[39m
[35m[HTTP][39m [90m{"using":"xpath","value":"//*[@class = 'android.widget.TextView' and (@text = 'Email atau Password yang Anda masukkan salah' or . = 'Email atau Password yang Anda masukkan salah') and @resource-id = 'com.she.sehatq:id/tv_detail']"}[39m
[35m[HTTP][39m [37m<-- POST /wd/hub/session/6a611d43-bef0-4e16-85b8-85138e1a1111/elements [39m[32m200[39m [90m864 ms - 12[39m
[35m[HTTP][39m [90m[39m
[35m[HTTP][39m [37m-->[39m [37mPOST[39m [37m/wd/hub/session/6a611d43-bef0-4e16-85b8-85138e1a1111/elements[39m
[35m[HTTP][39m [90m{"using":"xpath","value":"//*[@class = 'android.widget.TextView' and (@text = 'Email atau Password yang Anda masukkan salah' or . = 'Email atau Password yang Anda masukkan salah') and @resource-id = 'com.she.sehatq:id/tv_detail']"}[39m
[35m[HTTP][39m [37m<-- POST /wd/hub/session/6a611d43-bef0-4e16-85b8-85138e1a1111/elements [39m[32m200[39m [90m214 ms - 12[39m
[35m[HTTP][39m [90m[39m
[35m[HTTP][39m [37m-->[39m [37mPOST[39m [37m/wd/hub/session/6a611d43-bef0-4e16-85b8-85138e1a1111/elements[39m
[35m[HTTP][39m [90m{"using":"xpath","value":"//*[@class = 'android.widget.TextView' and (@text = 'Email atau Password yang Anda masukkan salah' or . = 'Email atau Password yang Anda masukkan salah') and @resource-id = 'com.she.sehatq:id/tv_detail']"}[39m
[35m[HTTP][39m [37m<-- POST /wd/hub/session/6a611d43-bef0-4e16-85b8-85138e1a1111/elements [39m[32m200[39m [90m237 ms - 12[39m
[35m[HTTP][39m [90m[39m
[35m[HTTP][39m [37m-->[39m [37mPOST[39m [37m/wd/hub/session/6a611d43-bef0-4e16-85b8-85138e1a1111/elements[39m
[35m[HTTP][39m [90m{"using":"xpath","value":"//*[@class = 'android.widget.TextView' and (@text = 'Email atau Password yang Anda masukkan salah' or . = 'Email atau Password yang Anda masukkan salah') and @resource-id = 'com.she.sehatq:id/tv_detail']"}[39m
[35m[HTTP][39m [37m<-- POST /wd/hub/session/6a611d43-bef0-4e16-85b8-85138e1a1111/elements [39m[32m200[39m [90m255 ms - 12[39m
[35m[HTTP][39m [90m[39m
[35m[HTTP][39m [37m-->[39m [37mPOST[39m [37m/wd/hub/session/6a611d43-bef0-4e16-85b8-85138e1a1111/elements[39m
[35m[HTTP][39m [90m{"using":"xpath","value":"//*[@class = 'android.widget.TextView' and (@text = 'Email atau Password yang Anda masukkan salah' or . = 'Email atau Password yang Anda masukkan salah') and @resource-id = 'com.she.sehatq:id/tv_detail']"}[39m
[35m[HTTP][39m [37m<-- POST /wd/hub/session/6a611d43-bef0-4e16-85b8-85138e1a1111/elements [39m[32m200[39m [90m276 ms - 12[39m
[35m[HTTP][39m [90m[39m
[35m[HTTP][39m [37m-->[39m [37mPOST[39m [37m/wd/hub/session/6a611d43-bef0-4e16-85b8-85138e1a1111/elements[39m
[35m[HTTP][39m [90m{"using":"xpath","value":"//*[@class = 'android.widget.TextView' and (@text = 'Email atau Password yang Anda masukkan salah' or . = 'Email atau Password yang Anda masukkan salah') and @resource-id = 'com.she.sehatq:id/tv_detail']"}[39m
[35m[HTTP][39m [37m<-- POST /wd/hub/session/6a611d43-bef0-4e16-85b8-85138e1a1111/elements [39m[32m200[39m [90m190 ms - 12[39m
[35m[HTTP][39m [90m[39m
[35m[HTTP][39m [37m-->[39m [37mPOST[39m [37m/wd/hub/session/6a611d43-bef0-4e16-85b8-85138e1a1111/elements[39m
[35m[HTTP][39m [90m{"using":"xpath","value":"//*[@class = 'android.widget.TextView' and (@text = 'Email atau Password yang Anda masukkan salah' or . = 'Email atau Password yang Anda masukkan salah') and @resource-id = 'com.she.sehatq:id/tv_detail']"}[39m
[35m[HTTP][39m [37m<-- POST /wd/hub/session/6a611d43-bef0-4e16-85b8-85138e1a1111/elements [39m[32m200[39m [90m212 ms - 12[39m
[35m[HTTP][39m [90m[39m
[35m[HTTP][39m [37m-->[39m [37mPOST[39m [37m/wd/hub/session/6a611d43-bef0-4e16-85b8-85138e1a1111/elements[39m
[35m[HTTP][39m [90m{"using":"xpath","value":"//*[@class = 'android.widget.TextView' and (@text = 'Email atau Password yang Anda masukkan salah' or . = 'Email atau Password yang Anda masukkan salah') and @resource-id = 'com.she.sehatq:id/tv_detail']"}[39m
[35m[HTTP][39m [37m<-- POST /wd/hub/session/6a611d43-bef0-4e16-85b8-85138e1a1111/elements [39m[32m200[39m [90m153 ms - 12[39m
[35m[HTTP][39m [90m[39m
[35m[HTTP][39m [37m-->[39m [37mPOST[39m [37m/wd/hub/session/6a611d43-bef0-4e16-85b8-85138e1a1111/elements[39m
[35m[HTTP][39m [90m{"using":"xpath","value":"//*[@class = 'android.widget.TextView' and (@text = 'Email atau Password yang Anda masukkan salah' or . = 'Email atau Password yang Anda masukkan salah') and @resource-id = 'com.she.sehatq:id/tv_detail']"}[39m
[35m[HTTP][39m [37m<-- POST /wd/hub/session/6a611d43-bef0-4e16-85b8-85138e1a1111/elements [39m[32m200[39m [90m210 ms - 12[39m
[35m[HTTP][39m [90m[39m
[35m[HTTP][39m [37m-->[39m [37mPOST[39m [37m/wd/hub/session/6a611d43-bef0-4e16-85b8-85138e1a1111/elements[39m
[35m[HTTP][39m [90m{"using":"xpath","value":"//*[@class = 'android.widget.TextView' and (@text = 'Email atau Password yang Anda masukkan salah' or . = 'Email atau Password yang Anda masukkan salah') and @resource-id = 'com.she.sehatq:id/tv_detail']"}[39m
[35m[HTTP][39m [37m<-- POST /wd/hub/session/6a611d43-bef0-4e16-85b8-85138e1a1111/elements [39m[32m200[39m [90m144 ms - 12[39m
[35m[HTTP][39m [90m[39m
[35m[HTTP][39m [37m-->[39m [37mPOST[39m [37m/wd/hub/session/6a611d43-bef0-4e16-85b8-85138e1a1111/elements[39m
[35m[HTTP][39m [90m{"using":"xpath","value":"//*[@class = 'android.widget.TextView' and (@text = 'Email atau Password yang Anda masukkan salah' or . = 'Email atau Password yang Anda masukkan salah') and @resource-id = 'com.she.sehatq:id/tv_detail']"}[39m
[35m[HTTP][39m [37m<-- POST /wd/hub/session/6a611d43-bef0-4e16-85b8-85138e1a1111/elements [39m[32m200[39m [90m257 ms - 12[39m
[35m[HTTP][39m [90m[39m
[35m[HTTP][39m [37m-->[39m [37mPOST[39m [37m/wd/hub/session/6a611d43-bef0-4e16-85b8-85138e1a1111/elements[39m
[35m[HTTP][39m [90m{"using":"xpath","value":"//*[@class = 'android.widget.TextView' and (@text = 'Email atau Password yang Anda masukkan salah' or . = 'Email atau Password yang Anda masukkan salah') and @resource-id = 'com.she.sehatq:id/tv_detail']"}[39m
[35m[HTTP][39m [37m<-- POST /wd/hub/session/6a611d43-bef0-4e16-85b8-85138e1a1111/elements [39m[32m200[39m [90m260 ms - 12[39m
[35m[HTTP][39m [90m[39m
[35m[HTTP][39m [37m-->[39m [37mPOST[39m [37m/wd/hub/session/6a611d43-bef0-4e16-85b8-85138e1a1111/elements[39m
[35m[HTTP][39m [90m{"using":"xpath","value":"//*[@class = 'android.widget.TextView' and (@text = 'Email atau Password yang Anda masukkan salah' or . = 'Email atau Password yang Anda masukkan salah') and @resource-id = 'com.she.sehatq:id/tv_detail']"}[39m
[35m[HTTP][39m [37m<-- POST /wd/hub/session/6a611d43-bef0-4e16-85b8-85138e1a1111/elements [39m[32m200[39m [90m258 ms - 12[39m
[35m[HTTP][39m [90m[39m
[35m[HTTP][39m [37m-->[39m [37mPOST[39m [37m/wd/hub/session/6a611d43-bef0-4e16-85b8-85138e1a1111/elements[39m
[35m[HTTP][39m [90m{"using":"xpath","value":"//*[@class = 'android.widget.TextView' and (@text = 'Email atau Password yang Anda masukkan salah' or . = 'Email atau Password yang Anda masukkan salah') and @resource-id = 'com.she.sehatq:id/tv_detail']"}[39m
[35m[HTTP][39m [37m<-- POST /wd/hub/session/6a611d43-bef0-4e16-85b8-85138e1a1111/elements [39m[32m200[39m [90m155 ms - 12[39m
[35m[HTTP][39m [90m[39m
[35m[HTTP][39m [37m-->[39m [37mPOST[39m [37m/wd/hub/session/6a611d43-bef0-4e16-85b8-85138e1a1111/elements[39m
[35m[HTTP][39m [90m{"using":"xpath","value":"//*[@class = 'android.widget.TextView' and (@text = 'Email atau Password yang Anda masukkan salah' or . = 'Email atau Password yang Anda masukkan salah') and @resource-id = 'com.she.sehatq:id/tv_detail']"}[39m
[35m[HTTP][39m [37m<-- POST /wd/hub/session/6a611d43-bef0-4e16-85b8-85138e1a1111/elements [39m[32m200[39m [90m272 ms - 12[39m
[35m[HTTP][39m [90m[39m
[35m[HTTP][39m [37m-->[39m [37mPOST[39m [37m/wd/hub/session/6a611d43-bef0-4e16-85b8-85138e1a1111/elements[39m
[35m[HTTP][39m [90m{"using":"xpath","value":"//*[@class = 'android.widget.TextView' and (@text = 'Email atau Password yang Anda masukkan salah' or . = 'Email atau Password yang Anda masukkan salah') and @resource-id = 'com.she.sehatq:id/tv_detail']"}[39m
[35m[HTTP][39m [37m<-- POST /wd/hub/session/6a611d43-bef0-4e16-85b8-85138e1a1111/elements [39m[32m200[39m [90m254 ms - 12[39m
[35m[HTTP][39m [90m[39m
[35m[HTTP][39m [37m-->[39m [37mPOST[39m [37m/wd/hub/session/6a611d43-bef0-4e16-85b8-85138e1a1111/elements[39m
[35m[HTTP][39m [90m{"using":"xpath","value":"//*[@class = 'android.widget.TextView' and (@text = 'Email atau Password yang Anda masukkan salah' or . = 'Email atau Password yang Anda masukkan salah') and @resource-id = 'com.she.sehatq:id/tv_detail']"}[39m
[35m[HTTP][39m [37m<-- POST /wd/hub/session/6a611d43-bef0-4e16-85b8-85138e1a1111/elements [39m[32m200[39m [90m255 ms - 12[39m
[35m[HTTP][39m [90m[39m
[35m[HTTP][39m [37m-->[39m [37mPOST[39m [37m/wd/hub/session/6a611d43-bef0-4e16-85b8-85138e1a1111/elements[39m
[35m[HTTP][39m [90m{"using":"xpath","value":"//*[@class = 'android.widget.TextView' and (@text = 'Email atau Password yang Anda masukkan salah' or . = 'Email atau Password yang Anda masukkan salah') and @resource-id = 'com.she.sehatq:id/tv_detail']"}[39m
[35m[HTTP][39m [37m<-- POST /wd/hub/session/6a611d43-bef0-4e16-85b8-85138e1a1111/elements [39m[32m200[39m [90m257 ms - 12[39m
[35m[HTTP][39m [90m[39m
[35m[HTTP][39m [37m-->[39m [37mPOST[39m [37m/wd/hub/session/6a611d43-bef0-4e16-85b8-85138e1a1111/elements[39m
[35m[HTTP][39m [90m{"using":"xpath","value":"//*[@class = 'android.widget.TextView' and (@text = 'Email atau Password yang Anda masukkan salah' or . = 'Email atau Password yang Anda masukkan salah') and @resource-id = 'com.she.sehatq:id/tv_detail']"}[39m
[35m[HTTP][39m [37m<-- POST /wd/hub/session/6a611d43-bef0-4e16-85b8-85138e1a1111/elements [39m[32m200[39m [90m225 ms - 12[39m
[35m[HTTP][39m [90m[39m
[35m[HTTP][39m [37m-->[39m [37mPOST[39m [37m/wd/hub/session/6a611d43-bef0-4e16-85b8-85138e1a1111/elements[39m
[35m[HTTP][39m [90m{"using":"xpath","value":"//*[@class = 'android.widget.TextView' and (@text = 'Email atau Password yang Anda masukkan salah' or . = 'Email atau Password yang Anda masukkan salah') and @resource-id = 'com.she.sehatq:id/tv_detail']"}[39m
[35m[HTTP][39m [37m<-- POST /wd/hub/session/6a611d43-bef0-4e16-85b8-85138e1a1111/elements [39m[32m200[39m [90m825 ms - 12[39m
[35m[HTTP][39m [90m[39m
[35m[HTTP][39m [37m-->[39m [37mPOST[39m [37m/wd/hub/session/6a611d43-bef0-4e16-85b8-85138e1a1111/elements[39m
[35m[HTTP][39m [90m{"using":"xpath","value":"//*[@class = 'android.widget.TextView' and (@text = 'Email atau Password yang Anda masukkan salah' or . = 'Email atau Password yang Anda masukkan salah') and @resource-id = 'com.she.sehatq:id/tv_detail']"}[39m
[35m[HTTP][39m [37m<-- POST /wd/hub/session/6a611d43-bef0-4e16-85b8-85138e1a1111/elements [39m[32m200[39m [90m142 ms - 12[39m
[35m[HTTP][39m [90m[39m
[35m[HTTP][39m [37m-->[39m [37mPOST[39m [37m/wd/hub/session/6a611d43-bef0-4e16-85b8-85138e1a1111/elements[39m
[35m[HTTP][39m [90m{"using":"xpath","value":"//*[@class = 'android.widget.TextView' and (@text = 'Email atau Password yang Anda masukkan salah' or . = 'Email atau Password yang Anda masukkan salah') and @resource-id = 'com.she.sehatq:id/tv_detail']"}[39m
[35m[WD Proxy][39m socket hang up
[35m[HTTP][39m [37m<-- POST /wd/hub/session/6a611d43-bef0-4e16-85b8-85138e1a1111/elements [39m[31m500[39m [90m84 ms - 1884[39m
[35m[HTTP][39m [90m[39m
[35m[HTTP][39m [37m-->[39m [37mPOST[39m [37m/wd/hub/session/6a611d43-bef0-4e16-85b8-85138e1a1111/timeouts[39m
[35m[HTTP][39m [90m{"implicit":30000}[39m
[35m[HTTP][39m [37m<-- POST /wd/hub/session/6a611d43-bef0-4e16-85b8-85138e1a1111/timeouts [39m[32m200[39m [90m1 ms - 14[39m
[35m[HTTP][39m [90m[39m
[35m[HTTP][39m [37m-->[39m [37mGET[39m [37m/wd/hub/session/6a611d43-bef0-4e16-85b8-85138e1a1111/context[39m
[35m[HTTP][39m [90m{}[39m
[35m[HTTP][39m [37m<-- GET /wd/hub/session/6a611d43-bef0-4e16-85b8-85138e1a1111/context [39m[32m200[39m [90m1 ms - 22[39m
[35m[HTTP][39m [90m[39m
[35m[HTTP][39m [37m-->[39m [37mGET[39m [37m/wd/hub/session/6a611d43-bef0-4e16-85b8-85138e1a1111/contexts[39m
[35m[HTTP][39m [90m{}[39m
[35m[HTTP][39m [37m<-- GET /wd/hub/session/6a611d43-bef0-4e16-85b8-85138e1a1111/contexts [39m[32m200[39m [90m99 ms - 24[39m
[35m[HTTP][39m [90m[39m
[35m[HTTP][39m [37m-->[39m [37mPOST[39m [37m/wd/hub/session/6a611d43-bef0-4e16-85b8-85138e1a1111/context[39m
[35m[HTTP][39m [90m{"name":"NATIVE_APP"}[39m
[35m[HTTP][39m [37m<-- POST /wd/hub/session/6a611d43-bef0-4e16-85b8-85138e1a1111/context [39m[32m200[39m [90m1 ms - 14[39m
[35m[HTTP][39m [90m[39m
[35m[HTTP][39m [37m-->[39m [37mGET[39m [37m/wd/hub/session/6a611d43-bef0-4e16-85b8-85138e1a1111/screenshot[39m
[35m[HTTP][39m [90m{}[39m
[35m[WD Proxy][39m socket hang up
[35m[HTTP][39m [37m<-- GET /wd/hub/session/6a611d43-bef0-4e16-85b8-85138e1a1111/screenshot [39m[31m500[39m [90m26 ms - 802[39m
[35m[HTTP][39m [90m[39m
[35m[HTTP][39m [37m-->[39m [37mPOST[39m [37m/wd/hub/session/6a611d43-bef0-4e16-85b8-85138e1a1111/context[39m
[35m[HTTP][39m [90m{"name":"NATIVE_APP"}[39m
[35m[HTTP][39m [37m<-- POST /wd/hub/session/6a611d43-bef0-4e16-85b8-85138e1a1111/context [39m[32m200[39m [90m2 ms - 14[39m
[35m[HTTP][39m [90m[39m
[35m[HTTP][39m [37m-->[39m [37mGET[39m [37m/wd/hub/status[39m
[35m[HTTP][39m [90m{}[39m
[35m[HTTP][39m [37m<-- GET /wd/hub/status [39m[32m200[39m [90m1 ms - 68[39m
[35m[HTTP][39m [90m[39m
[35m[HTTP][39m [37m-->[39m [37mPOST[39m [37m/wd/hub/session[39m
[35m[HTTP][39m [90m{"desiredCapabilities":{"appActivity":".Settings","appPackage":"com.android.settings","newCommandTimeout":1800,"platformVersion":"11","automationName":"uiautomator2","autoGrantPermissions":true,"platformName":"Android","udid":"db3027ce","deviceName":"vivo V2022 (Android 11)","platform":"ANDROID","systemPort":8240},"capabilities":{"firstMatch":[{"appium:appActivity":".Settings","appium:appPackage":"com.android.settings","appium:autoGrantPermissions":true,"appium:automationName":"uiautomator2","appium:deviceName":"vivo V2022 (Android 11)","appium:newCommandTimeout":1800,"platform":"ANDROID","platformName":"android","appium:platformVersion":"11","appium:systemPort":8240,"appium:udid":"db3027ce"}]}}[39m
[35m[BaseDriver][39m The following capabilities are not standard capabilities and should have an extension prefix:
[35m[BaseDriver][39m   platform
[35m[BaseDriver][39m   chromedriverPort
[35m[Appium][39m Appium v1.22.0 creating new AndroidUiautomator2Driver (v1.69.0) session
[35m[BaseDriver][39m The following capabilities were provided, but are not recognized by Appium:
[35m[BaseDriver][39m   platform
[35m[BaseDriver][39m Session created with session id: 0d8706b0-ffd5-490b-8815-64fceaf92093
[35m[UiAutomator2][39m Starting 'com.android.settings' directly on the device
[35m[ADB][39m Using 'adb' from '/Users/muhammadyaasin/.katalon/tools/android_sdk/platform-tools/adb'
[35m[AndroidDriver][39m Retrieving device list
[35m[AndroidDriver][39m Using device: db3027ce
[35m[ADB][39m Using 'adb' from '/Users/muhammadyaasin/.katalon/tools/android_sdk/platform-tools/adb'
[35m[ADB][39m Getting device platform version
[35m[UiAutomator2][39m Relaxing hidden api policy
[35m[AndroidDriver][39m No app sent in, not parsing package/activity
[35m[UiAutomator2][39m Server packages are not going to be (re)installed
[35m[ADB][39m Adding packages ["io.appium.settings","io.appium.uiautomator2.server","io.appium.uiautomator2.server.test"] to Doze whitelist
[35m[UiAutomator2][39m Starting UIAutomator2 server 4.24.0
[35m[UiAutomator2][39m Using UIAutomator2 server from '/usr/local/lib/node_modules/appium/node_modules/appium-uiautomator2-server/apks/appium-uiautomator2-server-v4.24.0.apk' and test from '/usr/local/lib/node_modules/appium/node_modules/appium-uiautomator2-server/apks/appium-uiautomator2-server-debug-androidTest.apk'
[35m[UiAutomator2][39m Waiting up to 30000ms for UiAutomator2 to be online...
[35m[WD Proxy][39m socket hang up
[35m[WD Proxy][39m socket hang up
[35m[WD Proxy][39m socket hang up
[35m[HTTP][39m [37m<-- POST /wd/hub/session [39m[32m-[39m [90m- ms - -[39m
[35m[HTTP][39m [90m[39m
[35m[WD Proxy][39m Determined the downstream protocol as 'W3C'
[35m[AndroidDriver][39m Screen already unlocked, doing nothing
[35m[UiAutomator2][39m Starting 'com.android.settings/.Settings and waiting for 'com.android.settings/.Settings'
[35m[Appium][39m New AndroidUiautomator2Driver session created successfully, session 0d8706b0-ffd5-490b-8815-64fceaf92093 added to master session list
