[35m[Appium][39m Welcome to Appium v1.22.0
[35m[Appium][39m Non-default server args:
[35m[Appium][39m   port: 58180
[35m[Appium][39m   loglevel: info
[35m[Appium][39m   tmpDir: /var/folders/wv/rdwfrh89255gqff9kdgxs_t40000gp/T//Katalon/Appium/Temp1636163862343
[35m[Appium][39m   chromedriverPort: 58181
[35m[Appium][39m Deprecated server args:
[35m[Appium][39m   [31m--chromedriver-port[39m => --default-capabilities
[35m[Appium][39m Default capabilities, which will be added to each request unless overridden by desired capabilities:
[35m[Appium][39m   chromedriverPort: 58181
[35m[Appium][39m Appium REST http interface listener started on 0.0.0.0:58180
[35m[HTTP][39m [37m-->[39m [37mGET[39m [37m/wd/hub/status[39m
[35m[HTTP][39m [90m{}[39m
[35m[HTTP][39m [37m<-- GET /wd/hub/status [39m[32m200[39m [90m6 ms - 68[39m
[35m[HTTP][39m [90m[39m
[35m[HTTP][39m [37m-->[39m [37mPOST[39m [37m/wd/hub/session[39m
[35m[HTTP][39m [90m{"desiredCapabilities":{"appActivity":".Settings","appPackage":"com.android.settings","newCommandTimeout":1800,"platformVersion":"11","automationName":"uiautomator2","autoGrantPermissions":true,"platformName":"Android","udid":"db3027ce","deviceName":"vivo V2022 (Android 11)","platform":"ANDROID","systemPort":8262},"capabilities":{"firstMatch":[{"appium:appActivity":".Settings","appium:appPackage":"com.android.settings","appium:autoGrantPermissions":true,"appium:automationName":"uiautomator2","appium:deviceName":"vivo V2022 (Android 11)","appium:newCommandTimeout":1800,"platform":"ANDROID","platformName":"android","appium:platformVersion":"11","appium:systemPort":8262,"appium:udid":"db3027ce"}]}}[39m
[35m[BaseDriver][39m The following capabilities are not standard capabilities and should have an extension prefix:
[35m[BaseDriver][39m   platform
[35m[BaseDriver][39m   chromedriverPort
[35m[Appium][39m Appium v1.22.0 creating new AndroidUiautomator2Driver (v1.69.0) session
[35m[BaseDriver][39m The following capabilities were provided, but are not recognized by Appium:
[35m[BaseDriver][39m   platform
[35m[BaseDriver][39m Session created with session id: a0465b15-c522-4f33-8dc0-211b942b94aa
[35m[UiAutomator2][39m Starting 'com.android.settings' directly on the device
[35m[ADB][39m Found 1 'build-tools' folders under '/Users/muhammadyaasin/.katalon/tools/android_sdk' (newest first):
[35m[ADB][39m     /Users/muhammadyaasin/.katalon/tools/android_sdk/build-tools/29.0.3
[35m[ADB][39m Using 'adb' from '/Users/muhammadyaasin/.katalon/tools/android_sdk/platform-tools/adb'
[35m[AndroidDriver][39m Retrieving device list
[35m[AndroidDriver][39m Using device: db3027ce
[35m[ADB][39m Using 'adb' from '/Users/muhammadyaasin/.katalon/tools/android_sdk/platform-tools/adb'
[35m[ADB][39m Getting device platform version
[35m[UiAutomator2][39m Relaxing hidden api policy
[35m[AndroidDriver][39m No app sent in, not parsing package/activity
[35m[ADB][39m Using 'apksigner.jar' from '/Users/muhammadyaasin/.katalon/tools/android_sdk/build-tools/29.0.3/lib/apksigner.jar'
[35m[ADB][39m '/usr/local/lib/node_modules/appium/node_modules/appium-uiautomator2-server/apks/appium-uiautomator2-server-v4.24.0.apk' is signed with the default certificate
[35m[ADB][39m '/usr/local/lib/node_modules/appium/node_modules/appium-uiautomator2-server/apks/appium-uiautomator2-server-debug-androidTest.apk' is signed with the default certificate
[35m[UiAutomator2][39m Server packages are not going to be (re)installed
[35m[ADB][39m Adding packages ["io.appium.settings","io.appium.uiautomator2.server","io.appium.uiautomator2.server.test"] to Doze whitelist
[35m[UiAutomator2][39m Starting UIAutomator2 server 4.24.0
[35m[UiAutomator2][39m Using UIAutomator2 server from '/usr/local/lib/node_modules/appium/node_modules/appium-uiautomator2-server/apks/appium-uiautomator2-server-v4.24.0.apk' and test from '/usr/local/lib/node_modules/appium/node_modules/appium-uiautomator2-server/apks/appium-uiautomator2-server-debug-androidTest.apk'
[35m[UiAutomator2][39m Waiting up to 30000ms for UiAutomator2 to be online...
[35m[WD Proxy][39m socket hang up
[35m[WD Proxy][39m socket hang up
[35m[WD Proxy][39m socket hang up
[35m[WD Proxy][39m socket hang up
[35m[WD Proxy][39m Determined the downstream protocol as 'W3C'
[35m[AndroidDriver][39m Screen already unlocked, doing nothing
[35m[UiAutomator2][39m Starting 'com.android.settings/.Settings and waiting for 'com.android.settings/.Settings'
[35m[Appium][39m New AndroidUiautomator2Driver session created successfully, session a0465b15-c522-4f33-8dc0-211b942b94aa added to master session list
[35m[HTTP][39m [37m<-- POST /wd/hub/session [39m[32m200[39m [90m11567 ms - 1133[39m
[35m[HTTP][39m [90m[39m
[35m[HTTP][39m [37m-->[39m [37mGET[39m [37m/wd/hub/session/a0465b15-c522-4f33-8dc0-211b942b94aa[39m
[35m[HTTP][39m [90m{}[39m
[35m[HTTP][39m [37m<-- GET /wd/hub/session/a0465b15-c522-4f33-8dc0-211b942b94aa [39m[32m200[39m [90m25 ms - 1087[39m
[35m[HTTP][39m [90m[39m
[35m[HTTP][39m [37m-->[39m [37mGET[39m [37m/wd/hub/session/a0465b15-c522-4f33-8dc0-211b942b94aa[39m
[35m[HTTP][39m [90m{}[39m
[35m[HTTP][39m [37m<-- GET /wd/hub/session/a0465b15-c522-4f33-8dc0-211b942b94aa [39m[32m200[39m [90m16 ms - 1087[39m
[35m[HTTP][39m [90m[39m
[35m[HTTP][39m [37m-->[39m [37mGET[39m [37m/wd/hub/status[39m
[35m[HTTP][39m [90m{}[39m
[35m[HTTP][39m [37m<-- GET /wd/hub/status [39m[32m200[39m [90m1 ms - 68[39m
[35m[HTTP][39m [90m[39m
[35m[HTTP][39m [37m-->[39m [37mPOST[39m [37m/wd/hub/session/a0465b15-c522-4f33-8dc0-211b942b94aa/timeouts[39m
[35m[HTTP][39m [90m{"implicit":30000}[39m
[35m[HTTP][39m [37m<-- POST /wd/hub/session/a0465b15-c522-4f33-8dc0-211b942b94aa/timeouts [39m[32m200[39m [90m2 ms - 14[39m
[35m[HTTP][39m [90m[39m
[35m[HTTP][39m [37m-->[39m [37mGET[39m [37m/wd/hub/session/a0465b15-c522-4f33-8dc0-211b942b94aa/screenshot[39m
[35m[HTTP][39m [90m{}[39m
[35m[HTTP][39m [37m<-- GET /wd/hub/session/a0465b15-c522-4f33-8dc0-211b942b94aa/screenshot [39m[32m200[39m [90m791 ms - 249994[39m
[35m[HTTP][39m [90m[39m
[35m[HTTP][39m [37m-->[39m [37mGET[39m [37m/wd/hub/session/a0465b15-c522-4f33-8dc0-211b942b94aa/window/rect[39m
[35m[HTTP][39m [90m{}[39m
[35m[HTTP][39m [37m<-- GET /wd/hub/session/a0465b15-c522-4f33-8dc0-211b942b94aa/window/rect [39m[32m200[39m [90m54 ms - 50[39m
[35m[HTTP][39m [90m[39m
[35m[HTTP][39m [37m-->[39m [37mGET[39m [37m/wd/hub/session/a0465b15-c522-4f33-8dc0-211b942b94aa/appium/device/system_bars[39m
[35m[HTTP][39m [90m{}[39m
[35m[HTTP][39m [37m<-- GET /wd/hub/session/a0465b15-c522-4f33-8dc0-211b942b94aa/appium/device/system_bars [39m[32m200[39m [90m139 ms - 148[39m
[35m[HTTP][39m [90m[39m
[35m[HTTP][39m [37m-->[39m [37mPOST[39m [37m/wd/hub/session/a0465b15-c522-4f33-8dc0-211b942b94aa/appium/device/activate_app[39m
[35m[HTTP][39m [90m{"bundleId":"com.she.sehatq"}[39m
[35m[HTTP][39m [37m<-- POST /wd/hub/session/a0465b15-c522-4f33-8dc0-211b942b94aa/appium/device/activate_app [39m[32m200[39m [90m578 ms - 14[39m
[35m[HTTP][39m [90m[39m
[35m[HTTP][39m [37m-->[39m [37mPOST[39m [37m/wd/hub/session/a0465b15-c522-4f33-8dc0-211b942b94aa/timeouts[39m
[35m[HTTP][39m [90m{"implicit":50}[39m
[35m[HTTP][39m [37m<-- POST /wd/hub/session/a0465b15-c522-4f33-8dc0-211b942b94aa/timeouts [39m[32m200[39m [90m2 ms - 14[39m
[35m[HTTP][39m [90m[39m
[35m[HTTP][39m [37m-->[39m [37mGET[39m [37m/wd/hub/session/a0465b15-c522-4f33-8dc0-211b942b94aa/window/rect[39m
[35m[HTTP][39m [90m{}[39m
[35m[HTTP][39m [37m<-- GET /wd/hub/session/a0465b15-c522-4f33-8dc0-211b942b94aa/window/rect [39m[32m200[39m [90m22 ms - 50[39m
[35m[HTTP][39m [90m[39m
[35m[HTTP][39m [37m-->[39m [37mPOST[39m [37m/wd/hub/session/a0465b15-c522-4f33-8dc0-211b942b94aa/elements[39m
[35m[HTTP][39m [90m{"using":"xpath","value":"//*[@class = 'android.widget.TextView' and (@text = 'Tidak' or . = 'Tidak') and @resource-id = 'com.she.sehatq:id/tv_dismiss']"}[39m
[35m[HTTP][39m [37m<-- POST /wd/hub/session/a0465b15-c522-4f33-8dc0-211b942b94aa/elements [39m[32m200[39m [90m802 ms - 12[39m
[35m[HTTP][39m [90m[39m
[35m[HTTP][39m [37m-->[39m [37mPOST[39m [37m/wd/hub/session/a0465b15-c522-4f33-8dc0-211b942b94aa/elements[39m
[35m[HTTP][39m [90m{"using":"xpath","value":"//*[@class = 'android.widget.TextView' and (@text = 'Tidak' or . = 'Tidak') and @resource-id = 'com.she.sehatq:id/tv_dismiss']"}[39m
[35m[HTTP][39m [37m<-- POST /wd/hub/session/a0465b15-c522-4f33-8dc0-211b942b94aa/elements [39m[32m200[39m [90m820 ms - 12[39m
[35m[HTTP][39m [90m[39m
[35m[HTTP][39m [37m-->[39m [37mPOST[39m [37m/wd/hub/session/a0465b15-c522-4f33-8dc0-211b942b94aa/elements[39m
[35m[HTTP][39m [90m{"using":"xpath","value":"//*[@class = 'android.widget.TextView' and (@text = 'Tidak' or . = 'Tidak') and @resource-id = 'com.she.sehatq:id/tv_dismiss']"}[39m
[35m[HTTP][39m [37m<-- POST /wd/hub/session/a0465b15-c522-4f33-8dc0-211b942b94aa/elements [39m[32m200[39m [90m304 ms - 12[39m
[35m[HTTP][39m [90m[39m
[35m[HTTP][39m [37m-->[39m [37mPOST[39m [37m/wd/hub/session/a0465b15-c522-4f33-8dc0-211b942b94aa/elements[39m
[35m[HTTP][39m [90m{"using":"xpath","value":"//*[@class = 'android.widget.TextView' and (@text = 'Tidak' or . = 'Tidak') and @resource-id = 'com.she.sehatq:id/tv_dismiss']"}[39m
[35m[HTTP][39m [37m<-- POST /wd/hub/session/a0465b15-c522-4f33-8dc0-211b942b94aa/elements [39m[32m200[39m [90m59 ms - 12[39m
[35m[HTTP][39m [90m[39m
[35m[HTTP][39m [37m-->[39m [37mPOST[39m [37m/wd/hub/session/a0465b15-c522-4f33-8dc0-211b942b94aa/elements[39m
[35m[HTTP][39m [90m{"using":"xpath","value":"//*[@class = 'android.widget.TextView' and (@text = 'Tidak' or . = 'Tidak') and @resource-id = 'com.she.sehatq:id/tv_dismiss']"}[39m
[35m[HTTP][39m [37m<-- POST /wd/hub/session/a0465b15-c522-4f33-8dc0-211b942b94aa/elements [39m[32m200[39m [90m94 ms - 12[39m
[35m[HTTP][39m [90m[39m
[35m[HTTP][39m [37m-->[39m [37mPOST[39m [37m/wd/hub/session/a0465b15-c522-4f33-8dc0-211b942b94aa/elements[39m
[35m[HTTP][39m [90m{"using":"xpath","value":"//*[@class = 'android.widget.TextView' and (@text = 'Tidak' or . = 'Tidak') and @resource-id = 'com.she.sehatq:id/tv_dismiss']"}[39m
[35m[HTTP][39m [37m<-- POST /wd/hub/session/a0465b15-c522-4f33-8dc0-211b942b94aa/elements [39m[32m200[39m [90m130 ms - 12[39m
[35m[HTTP][39m [90m[39m
[35m[HTTP][39m [37m-->[39m [37mPOST[39m [37m/wd/hub/session/a0465b15-c522-4f33-8dc0-211b942b94aa/elements[39m
[35m[HTTP][39m [90m{"using":"xpath","value":"//*[@class = 'android.widget.TextView' and (@text = 'Tidak' or . = 'Tidak') and @resource-id = 'com.she.sehatq:id/tv_dismiss']"}[39m
[35m[HTTP][39m [37m<-- POST /wd/hub/session/a0465b15-c522-4f33-8dc0-211b942b94aa/elements [39m[32m200[39m [90m457 ms - 12[39m
[35m[HTTP][39m [90m[39m
[35m[HTTP][39m [37m-->[39m [37mPOST[39m [37m/wd/hub/session/a0465b15-c522-4f33-8dc0-211b942b94aa/elements[39m
[35m[HTTP][39m [90m{"using":"xpath","value":"//*[@class = 'android.widget.TextView' and (@text = 'Tidak' or . = 'Tidak') and @resource-id = 'com.she.sehatq:id/tv_dismiss']"}[39m
[35m[HTTP][39m [37m<-- POST /wd/hub/session/a0465b15-c522-4f33-8dc0-211b942b94aa/elements [39m[32m200[39m [90m644 ms - 139[39m
[35m[HTTP][39m [90m[39m
[35m[HTTP][39m [37m-->[39m [37mGET[39m [37m/wd/hub/session/a0465b15-c522-4f33-8dc0-211b942b94aa/element/00000000-0000-0804-ffff-ffff0000001b/location[39m
[35m[HTTP][39m [90m{}[39m
[35m[W3C (a0465b15)][39m Driver proxy active, passing request on via HTTP proxy
[35m[WD Proxy][39m Replacing sessionId 9a0a06d1-cb9f-4bab-99ef-66418646ee4c with a0465b15-c522-4f33-8dc0-211b942b94aa
[35m[HTTP][39m [37m<-- GET /wd/hub/session/a0465b15-c522-4f33-8dc0-211b942b94aa/element/00000000-0000-0804-ffff-ffff0000001b/location [39m[32m200[39m [90m24 ms - 78[39m
[35m[HTTP][39m [90m[39m
[35m[HTTP][39m [37m-->[39m [37mPOST[39m [37m/wd/hub/session/a0465b15-c522-4f33-8dc0-211b942b94aa/timeouts[39m
[35m[HTTP][39m [90m{"implicit":30000}[39m
[35m[HTTP][39m [37m<-- POST /wd/hub/session/a0465b15-c522-4f33-8dc0-211b942b94aa/timeouts [39m[32m200[39m [90m2 ms - 14[39m
[35m[HTTP][39m [90m[39m
[35m[HTTP][39m [37m-->[39m [37mPOST[39m [37m/wd/hub/session/a0465b15-c522-4f33-8dc0-211b942b94aa/touch/perform[39m
[35m[HTTP][39m [90m{"actions":[{"action":"tap","options":{"x":1,"y":1,"element":"00000000-0000-0804-ffff-ffff0000001b"}},{"action":"release","options":{}}]}[39m
[35m[UiAutomator2][39m calling get location: 00000000-0000-0804-ffff-ffff0000001b
[35m[HTTP][39m [37m<-- POST /wd/hub/session/a0465b15-c522-4f33-8dc0-211b942b94aa/touch/perform [39m[32m200[39m [90m615 ms - 14[39m
[35m[HTTP][39m [90m[39m
[35m[HTTP][39m [37m-->[39m [37mPOST[39m [37m/wd/hub/session/a0465b15-c522-4f33-8dc0-211b942b94aa/timeouts[39m
[35m[HTTP][39m [90m{"implicit":50}[39m
[35m[HTTP][39m [37m<-- POST /wd/hub/session/a0465b15-c522-4f33-8dc0-211b942b94aa/timeouts [39m[32m200[39m [90m1 ms - 14[39m
[35m[HTTP][39m [90m[39m
[35m[HTTP][39m [37m-->[39m [37mGET[39m [37m/wd/hub/session/a0465b15-c522-4f33-8dc0-211b942b94aa/window/rect[39m
[35m[HTTP][39m [90m{}[39m
[35m[HTTP][39m [37m<-- GET /wd/hub/session/a0465b15-c522-4f33-8dc0-211b942b94aa/window/rect [39m[32m200[39m [90m21 ms - 50[39m
[35m[HTTP][39m [90m[39m
[35m[HTTP][39m [37m-->[39m [37mPOST[39m [37m/wd/hub/session/a0465b15-c522-4f33-8dc0-211b942b94aa/elements[39m
[35m[HTTP][39m [90m{"using":"xpath","value":"//*[@class = 'android.widget.ImageView' and @resource-id = 'com.she.sehatq:id/iv_profile_nav' and (@text = '' or . = '')]"}[39m
[35m[HTTP][39m [37m<-- POST /wd/hub/session/a0465b15-c522-4f33-8dc0-211b942b94aa/elements [39m[32m200[39m [90m867 ms - 139[39m
[35m[HTTP][39m [90m[39m
[35m[HTTP][39m [37m-->[39m [37mGET[39m [37m/wd/hub/session/a0465b15-c522-4f33-8dc0-211b942b94aa/element/00000000-0000-0805-ffff-ffff0000002b/location[39m
[35m[HTTP][39m [90m{}[39m
[35m[W3C (a0465b15)][39m Driver proxy active, passing request on via HTTP proxy
[35m[WD Proxy][39m Replacing sessionId 9a0a06d1-cb9f-4bab-99ef-66418646ee4c with a0465b15-c522-4f33-8dc0-211b942b94aa
[35m[HTTP][39m [37m<-- GET /wd/hub/session/a0465b15-c522-4f33-8dc0-211b942b94aa/element/00000000-0000-0805-ffff-ffff0000002b/location [39m[32m200[39m [90m325 ms - 78[39m
[35m[HTTP][39m [90m[39m
[35m[HTTP][39m [37m-->[39m [37mPOST[39m [37m/wd/hub/session/a0465b15-c522-4f33-8dc0-211b942b94aa/timeouts[39m
[35m[HTTP][39m [90m{"implicit":30000}[39m
[35m[HTTP][39m [37m<-- POST /wd/hub/session/a0465b15-c522-4f33-8dc0-211b942b94aa/timeouts [39m[32m200[39m [90m2 ms - 14[39m
[35m[HTTP][39m [90m[39m
[35m[HTTP][39m [37m-->[39m [37mPOST[39m [37m/wd/hub/session/a0465b15-c522-4f33-8dc0-211b942b94aa/touch/perform[39m
[35m[HTTP][39m [90m{"actions":[{"action":"tap","options":{"x":1,"y":1,"element":"00000000-0000-0805-ffff-ffff0000002b"}},{"action":"release","options":{}}]}[39m
[35m[UiAutomator2][39m calling get location: 00000000-0000-0805-ffff-ffff0000002b
[35m[HTTP][39m [37m<-- POST /wd/hub/session/a0465b15-c522-4f33-8dc0-211b942b94aa/touch/perform [39m[32m200[39m [90m253 ms - 14[39m
[35m[HTTP][39m [90m[39m
[35m[HTTP][39m [37m-->[39m [37mPOST[39m [37m/wd/hub/session/a0465b15-c522-4f33-8dc0-211b942b94aa/timeouts[39m
[35m[HTTP][39m [90m{"implicit":50}[39m
[35m[HTTP][39m [37m<-- POST /wd/hub/session/a0465b15-c522-4f33-8dc0-211b942b94aa/timeouts [39m[32m200[39m [90m2 ms - 14[39m
[35m[HTTP][39m [90m[39m
[35m[HTTP][39m [37m-->[39m [37mGET[39m [37m/wd/hub/session/a0465b15-c522-4f33-8dc0-211b942b94aa/window/rect[39m
[35m[HTTP][39m [90m{}[39m
[35m[HTTP][39m [37m<-- GET /wd/hub/session/a0465b15-c522-4f33-8dc0-211b942b94aa/window/rect [39m[32m200[39m [90m16 ms - 50[39m
[35m[HTTP][39m [90m[39m
[35m[HTTP][39m [37m-->[39m [37mPOST[39m [37m/wd/hub/session/a0465b15-c522-4f33-8dc0-211b942b94aa/elements[39m
[35m[HTTP][39m [90m{"using":"xpath","value":"//*[@class = 'android.widget.EditText' and (@text = 'Email' or . = 'Email') and @resource-id = 'com.she.sehatq:id/et_input']"}[39m
[35m[HTTP][39m [37m<-- POST /wd/hub/session/a0465b15-c522-4f33-8dc0-211b942b94aa/elements [39m[32m200[39m [90m1433 ms - 139[39m
[35m[HTTP][39m [90m[39m
[35m[HTTP][39m [37m-->[39m [37mGET[39m [37m/wd/hub/session/a0465b15-c522-4f33-8dc0-211b942b94aa/element/00000000-0000-0806-ffff-ffff00000299/location[39m
[35m[HTTP][39m [90m{}[39m
[35m[W3C (a0465b15)][39m Driver proxy active, passing request on via HTTP proxy
[35m[WD Proxy][39m Replacing sessionId 9a0a06d1-cb9f-4bab-99ef-66418646ee4c with a0465b15-c522-4f33-8dc0-211b942b94aa
[35m[HTTP][39m [37m<-- GET /wd/hub/session/a0465b15-c522-4f33-8dc0-211b942b94aa/element/00000000-0000-0806-ffff-ffff00000299/location [39m[32m200[39m [90m484 ms - 77[39m
[35m[HTTP][39m [90m[39m
[35m[HTTP][39m [37m-->[39m [37mPOST[39m [37m/wd/hub/session/a0465b15-c522-4f33-8dc0-211b942b94aa/timeouts[39m
[35m[HTTP][39m [90m{"implicit":30000}[39m
[35m[HTTP][39m [37m<-- POST /wd/hub/session/a0465b15-c522-4f33-8dc0-211b942b94aa/timeouts [39m[32m200[39m [90m4 ms - 14[39m
[35m[HTTP][39m [90m[39m
[35m[HTTP][39m [37m-->[39m [37mPOST[39m [37m/wd/hub/session/a0465b15-c522-4f33-8dc0-211b942b94aa/element/00000000-0000-0806-ffff-ffff00000299/clear[39m
[35m[HTTP][39m [90m{"id":"00000000-0000-0806-ffff-ffff00000299"}[39m
[35m[HTTP][39m [37m<-- POST /wd/hub/session/a0465b15-c522-4f33-8dc0-211b942b94aa/element/00000000-0000-0806-ffff-ffff00000299/clear [39m[32m200[39m [90m66 ms - 14[39m
[35m[HTTP][39m [90m[39m
[35m[HTTP][39m [37m-->[39m [37mPOST[39m [37m/wd/hub/session/a0465b15-c522-4f33-8dc0-211b942b94aa/element/00000000-0000-0806-ffff-ffff00000299/value[39m
[35m[HTTP][39m [90m{"id":"00000000-0000-0806-ffff-ffff00000299","text":"a2@mail.com","value":["a","2","@","m","a","i","l",".","c","o","m"]}[39m
[35m[HTTP][39m [37m<-- POST /wd/hub/session/a0465b15-c522-4f33-8dc0-211b942b94aa/element/00000000-0000-0806-ffff-ffff00000299/value [39m[32m200[39m [90m581 ms - 14[39m
[35m[HTTP][39m [90m[39m
[35m[HTTP][39m [37m-->[39m [37mPOST[39m [37m/wd/hub/session/a0465b15-c522-4f33-8dc0-211b942b94aa/timeouts[39m
[35m[HTTP][39m [90m{"implicit":50}[39m
[35m[HTTP][39m [37m<-- POST /wd/hub/session/a0465b15-c522-4f33-8dc0-211b942b94aa/timeouts [39m[32m200[39m [90m1 ms - 14[39m
[35m[HTTP][39m [90m[39m
[35m[HTTP][39m [37m-->[39m [37mGET[39m [37m/wd/hub/session/a0465b15-c522-4f33-8dc0-211b942b94aa/window/rect[39m
[35m[HTTP][39m [90m{}[39m
[35m[HTTP][39m [37m<-- GET /wd/hub/session/a0465b15-c522-4f33-8dc0-211b942b94aa/window/rect [39m[32m200[39m [90m23 ms - 50[39m
[35m[HTTP][39m [90m[39m
[35m[HTTP][39m [37m-->[39m [37mPOST[39m [37m/wd/hub/session/a0465b15-c522-4f33-8dc0-211b942b94aa/elements[39m
[35m[HTTP][39m [90m{"using":"xpath","value":"//*[@class = 'android.widget.EditText' and (@text = 'Password' or . = 'Password') and @resource-id = 'com.she.sehatq:id/et_input']"}[39m
[35m[HTTP][39m [37m<-- POST /wd/hub/session/a0465b15-c522-4f33-8dc0-211b942b94aa/elements [39m[32m200[39m [90m559 ms - 139[39m
[35m[HTTP][39m [90m[39m
[35m[HTTP][39m [37m-->[39m [37mGET[39m [37m/wd/hub/session/a0465b15-c522-4f33-8dc0-211b942b94aa/element/00000000-0000-0806-ffff-ffff000002b9/location[39m
[35m[HTTP][39m [90m{}[39m
[35m[W3C (a0465b15)][39m Driver proxy active, passing request on via HTTP proxy
[35m[WD Proxy][39m Replacing sessionId 9a0a06d1-cb9f-4bab-99ef-66418646ee4c with a0465b15-c522-4f33-8dc0-211b942b94aa
[35m[HTTP][39m [37m<-- GET /wd/hub/session/a0465b15-c522-4f33-8dc0-211b942b94aa/element/00000000-0000-0806-ffff-ffff000002b9/location [39m[32m200[39m [90m37 ms - 78[39m
[35m[HTTP][39m [90m[39m
[35m[HTTP][39m [37m-->[39m [37mPOST[39m [37m/wd/hub/session/a0465b15-c522-4f33-8dc0-211b942b94aa/timeouts[39m
[35m[HTTP][39m [90m{"implicit":30000}[39m
[35m[HTTP][39m [37m<-- POST /wd/hub/session/a0465b15-c522-4f33-8dc0-211b942b94aa/timeouts [39m[32m200[39m [90m1 ms - 14[39m
[35m[HTTP][39m [90m[39m
[35m[HTTP][39m [37m-->[39m [37mPOST[39m [37m/wd/hub/session/a0465b15-c522-4f33-8dc0-211b942b94aa/element/00000000-0000-0806-ffff-ffff000002b9/clear[39m
[35m[HTTP][39m [90m{"id":"00000000-0000-0806-ffff-ffff000002b9"}[39m
[35m[HTTP][39m [37m<-- POST /wd/hub/session/a0465b15-c522-4f33-8dc0-211b942b94aa/element/00000000-0000-0806-ffff-ffff000002b9/clear [39m[32m200[39m [90m45 ms - 14[39m
[35m[HTTP][39m [90m[39m
[35m[HTTP][39m [37m-->[39m [37mPOST[39m [37m/wd/hub/session/a0465b15-c522-4f33-8dc0-211b942b94aa/element/00000000-0000-0806-ffff-ffff000002b9/value[39m
[35m[HTTP][39m [90m{"id":"00000000-0000-0806-ffff-ffff000002b9","text":"123456","value":["1","2","3","4","5","6"]}[39m
[35m[HTTP][39m [37m<-- POST /wd/hub/session/a0465b15-c522-4f33-8dc0-211b942b94aa/element/00000000-0000-0806-ffff-ffff000002b9/value [39m[32m200[39m [90m1062 ms - 14[39m
[35m[HTTP][39m [90m[39m
[35m[HTTP][39m [37m-->[39m [37mPOST[39m [37m/wd/hub/session/a0465b15-c522-4f33-8dc0-211b942b94aa/timeouts[39m
[35m[HTTP][39m [90m{"implicit":50}[39m
[35m[HTTP][39m [37m<-- POST /wd/hub/session/a0465b15-c522-4f33-8dc0-211b942b94aa/timeouts [39m[32m200[39m [90m1 ms - 14[39m
[35m[HTTP][39m [90m[39m
[35m[HTTP][39m [37m-->[39m [37mGET[39m [37m/wd/hub/session/a0465b15-c522-4f33-8dc0-211b942b94aa/window/rect[39m
[35m[HTTP][39m [90m{}[39m
[35m[HTTP][39m [37m<-- GET /wd/hub/session/a0465b15-c522-4f33-8dc0-211b942b94aa/window/rect [39m[32m200[39m [90m26 ms - 50[39m
[35m[HTTP][39m [90m[39m
[35m[HTTP][39m [37m-->[39m [37mPOST[39m [37m/wd/hub/session/a0465b15-c522-4f33-8dc0-211b942b94aa/elements[39m
[35m[HTTP][39m [90m{"using":"xpath","value":"//*[@class = 'android.widget.Button' and (@text = 'Log in' or . = 'Log in') and @resource-id = 'com.she.sehatq:id/btn_login']"}[39m
[35m[HTTP][39m [37m<-- POST /wd/hub/session/a0465b15-c522-4f33-8dc0-211b942b94aa/elements [39m[32m200[39m [90m569 ms - 139[39m
[35m[HTTP][39m [90m[39m
[35m[HTTP][39m [37m-->[39m [37mGET[39m [37m/wd/hub/session/a0465b15-c522-4f33-8dc0-211b942b94aa/element/00000000-0000-0806-ffff-ffff000002d2/location[39m
[35m[HTTP][39m [90m{}[39m
[35m[W3C (a0465b15)][39m Driver proxy active, passing request on via HTTP proxy
[35m[WD Proxy][39m Replacing sessionId 9a0a06d1-cb9f-4bab-99ef-66418646ee4c with a0465b15-c522-4f33-8dc0-211b942b94aa
[35m[HTTP][39m [37m<-- GET /wd/hub/session/a0465b15-c522-4f33-8dc0-211b942b94aa/element/00000000-0000-0806-ffff-ffff000002d2/location [39m[32m200[39m [90m36 ms - 78[39m
[35m[HTTP][39m [90m[39m
[35m[HTTP][39m [37m-->[39m [37mPOST[39m [37m/wd/hub/session/a0465b15-c522-4f33-8dc0-211b942b94aa/timeouts[39m
[35m[HTTP][39m [90m{"implicit":30000}[39m
[35m[HTTP][39m [37m<-- POST /wd/hub/session/a0465b15-c522-4f33-8dc0-211b942b94aa/timeouts [39m[32m200[39m [90m2 ms - 14[39m
[35m[HTTP][39m [90m[39m
[35m[HTTP][39m [37m-->[39m [37mPOST[39m [37m/wd/hub/session/a0465b15-c522-4f33-8dc0-211b942b94aa/touch/perform[39m
[35m[HTTP][39m [90m{"actions":[{"action":"tap","options":{"x":1,"y":1,"element":"00000000-0000-0806-ffff-ffff000002d2"}},{"action":"release","options":{}}]}[39m
[35m[UiAutomator2][39m calling get location: 00000000-0000-0806-ffff-ffff000002d2
[35m[HTTP][39m [37m<-- POST /wd/hub/session/a0465b15-c522-4f33-8dc0-211b942b94aa/touch/perform [39m[32m200[39m [90m253 ms - 14[39m
[35m[HTTP][39m [90m[39m
[35m[HTTP][39m [37m-->[39m [37mPOST[39m [37m/wd/hub/session/a0465b15-c522-4f33-8dc0-211b942b94aa/timeouts[39m
[35m[HTTP][39m [90m{"implicit":50}[39m
[35m[HTTP][39m [37m<-- POST /wd/hub/session/a0465b15-c522-4f33-8dc0-211b942b94aa/timeouts [39m[32m200[39m [90m1 ms - 14[39m
[35m[HTTP][39m [90m[39m
[35m[HTTP][39m [37m-->[39m [37mGET[39m [37m/wd/hub/session/a0465b15-c522-4f33-8dc0-211b942b94aa/window/rect[39m
[35m[HTTP][39m [90m{}[39m
[35m[HTTP][39m [37m<-- GET /wd/hub/session/a0465b15-c522-4f33-8dc0-211b942b94aa/window/rect [39m[32m200[39m [90m35 ms - 50[39m
[35m[HTTP][39m [90m[39m
[35m[HTTP][39m [37m-->[39m [37mPOST[39m [37m/wd/hub/session/a0465b15-c522-4f33-8dc0-211b942b94aa/elements[39m
[35m[HTTP][39m [90m{"using":"xpath","value":"//*[@class = 'android.widget.TextView' and (@text = 'Lewati' or . = 'Lewati') and @resource-id = 'com.she.sehatq:id/tvSkip']"}[39m
[35m[HTTP][39m [37m<-- POST /wd/hub/session/a0465b15-c522-4f33-8dc0-211b942b94aa/elements [39m[32m200[39m [90m511 ms - 12[39m
[35m[HTTP][39m [90m[39m
[35m[HTTP][39m [37m-->[39m [37mPOST[39m [37m/wd/hub/session/a0465b15-c522-4f33-8dc0-211b942b94aa/elements[39m
[35m[HTTP][39m [90m{"using":"xpath","value":"//*[@class = 'android.widget.TextView' and (@text = 'Lewati' or . = 'Lewati') and @resource-id = 'com.she.sehatq:id/tvSkip']"}[39m
[35m[HTTP][39m [37m<-- POST /wd/hub/session/a0465b15-c522-4f33-8dc0-211b942b94aa/elements [39m[32m200[39m [90m156 ms - 12[39m
[35m[HTTP][39m [90m[39m
[35m[HTTP][39m [37m-->[39m [37mPOST[39m [37m/wd/hub/session/a0465b15-c522-4f33-8dc0-211b942b94aa/elements[39m
[35m[HTTP][39m [90m{"using":"xpath","value":"//*[@class = 'android.widget.TextView' and (@text = 'Lewati' or . = 'Lewati') and @resource-id = 'com.she.sehatq:id/tvSkip']"}[39m
[35m[HTTP][39m [37m<-- POST /wd/hub/session/a0465b15-c522-4f33-8dc0-211b942b94aa/elements [39m[32m200[39m [90m152 ms - 12[39m
[35m[HTTP][39m [90m[39m
[35m[HTTP][39m [37m-->[39m [37mPOST[39m [37m/wd/hub/session/a0465b15-c522-4f33-8dc0-211b942b94aa/elements[39m
[35m[HTTP][39m [90m{"using":"xpath","value":"//*[@class = 'android.widget.TextView' and (@text = 'Lewati' or . = 'Lewati') and @resource-id = 'com.she.sehatq:id/tvSkip']"}[39m
[35m[HTTP][39m [37m<-- POST /wd/hub/session/a0465b15-c522-4f33-8dc0-211b942b94aa/elements [39m[32m200[39m [90m141 ms - 12[39m
[35m[HTTP][39m [90m[39m
[35m[HTTP][39m [37m-->[39m [37mPOST[39m [37m/wd/hub/session/a0465b15-c522-4f33-8dc0-211b942b94aa/elements[39m
[35m[HTTP][39m [90m{"using":"xpath","value":"//*[@class = 'android.widget.TextView' and (@text = 'Lewati' or . = 'Lewati') and @resource-id = 'com.she.sehatq:id/tvSkip']"}[39m
[35m[HTTP][39m [37m<-- POST /wd/hub/session/a0465b15-c522-4f33-8dc0-211b942b94aa/elements [39m[32m200[39m [90m124 ms - 12[39m
[35m[HTTP][39m [90m[39m
[35m[HTTP][39m [37m-->[39m [37mPOST[39m [37m/wd/hub/session/a0465b15-c522-4f33-8dc0-211b942b94aa/elements[39m
[35m[HTTP][39m [90m{"using":"xpath","value":"//*[@class = 'android.widget.TextView' and (@text = 'Lewati' or . = 'Lewati') and @resource-id = 'com.she.sehatq:id/tvSkip']"}[39m
[35m[HTTP][39m [37m<-- POST /wd/hub/session/a0465b15-c522-4f33-8dc0-211b942b94aa/elements [39m[32m200[39m [90m107 ms - 12[39m
[35m[HTTP][39m [90m[39m
[35m[HTTP][39m [37m-->[39m [37mPOST[39m [37m/wd/hub/session/a0465b15-c522-4f33-8dc0-211b942b94aa/elements[39m
[35m[HTTP][39m [90m{"using":"xpath","value":"//*[@class = 'android.widget.TextView' and (@text = 'Lewati' or . = 'Lewati') and @resource-id = 'com.she.sehatq:id/tvSkip']"}[39m
[35m[HTTP][39m [37m<-- POST /wd/hub/session/a0465b15-c522-4f33-8dc0-211b942b94aa/elements [39m[32m200[39m [90m297 ms - 12[39m
[35m[HTTP][39m [90m[39m
[35m[HTTP][39m [37m-->[39m [37mPOST[39m [37m/wd/hub/session/a0465b15-c522-4f33-8dc0-211b942b94aa/elements[39m
[35m[HTTP][39m [90m{"using":"xpath","value":"//*[@class = 'android.widget.TextView' and (@text = 'Lewati' or . = 'Lewati') and @resource-id = 'com.she.sehatq:id/tvSkip']"}[39m
[35m[HTTP][39m [37m<-- POST /wd/hub/session/a0465b15-c522-4f33-8dc0-211b942b94aa/elements [39m[32m200[39m [90m923 ms - 139[39m
[35m[HTTP][39m [90m[39m
[35m[HTTP][39m [37m-->[39m [37mGET[39m [37m/wd/hub/session/a0465b15-c522-4f33-8dc0-211b942b94aa/element/00000000-0000-0806-ffff-ffff00000395/location[39m
[35m[HTTP][39m [90m{}[39m
[35m[W3C (a0465b15)][39m Driver proxy active, passing request on via HTTP proxy
[35m[WD Proxy][39m Replacing sessionId 9a0a06d1-cb9f-4bab-99ef-66418646ee4c with a0465b15-c522-4f33-8dc0-211b942b94aa
[35m[HTTP][39m [37m<-- GET /wd/hub/session/a0465b15-c522-4f33-8dc0-211b942b94aa/element/00000000-0000-0806-ffff-ffff00000395/location [39m[32m200[39m [90m582 ms - 79[39m
[35m[HTTP][39m [90m[39m
[35m[HTTP][39m [37m-->[39m [37mPOST[39m [37m/wd/hub/session/a0465b15-c522-4f33-8dc0-211b942b94aa/timeouts[39m
[35m[HTTP][39m [90m{"implicit":30000}[39m
[35m[HTTP][39m [37m<-- POST /wd/hub/session/a0465b15-c522-4f33-8dc0-211b942b94aa/timeouts [39m[32m200[39m [90m2 ms - 14[39m
[35m[HTTP][39m [90m[39m
[35m[HTTP][39m [37m-->[39m [37mPOST[39m [37m/wd/hub/session/a0465b15-c522-4f33-8dc0-211b942b94aa/touch/perform[39m
[35m[HTTP][39m [90m{"actions":[{"action":"tap","options":{"x":1,"y":1,"element":"00000000-0000-0806-ffff-ffff00000395"}},{"action":"release","options":{}}]}[39m
[35m[UiAutomator2][39m calling get location: 00000000-0000-0806-ffff-ffff00000395
[35m[HTTP][39m [37m<-- POST /wd/hub/session/a0465b15-c522-4f33-8dc0-211b942b94aa/touch/perform [39m[32m200[39m [90m271 ms - 14[39m
[35m[HTTP][39m [90m[39m
[35m[HTTP][39m [37m-->[39m [37mPOST[39m [37m/wd/hub/session/a0465b15-c522-4f33-8dc0-211b942b94aa/timeouts[39m
[35m[HTTP][39m [90m{"implicit":50}[39m
[35m[HTTP][39m [37m<-- POST /wd/hub/session/a0465b15-c522-4f33-8dc0-211b942b94aa/timeouts [39m[32m200[39m [90m1 ms - 14[39m
[35m[HTTP][39m [90m[39m
[35m[HTTP][39m [37m-->[39m [37mGET[39m [37m/wd/hub/session/a0465b15-c522-4f33-8dc0-211b942b94aa/window/rect[39m
[35m[HTTP][39m [90m{}[39m
[35m[HTTP][39m [37m<-- GET /wd/hub/session/a0465b15-c522-4f33-8dc0-211b942b94aa/window/rect [39m[32m200[39m [90m13 ms - 50[39m
[35m[HTTP][39m [90m[39m
[35m[HTTP][39m [37m-->[39m [37mPOST[39m [37m/wd/hub/session/a0465b15-c522-4f33-8dc0-211b942b94aa/elements[39m
[35m[HTTP][39m [90m{"using":"xpath","value":"//*[@class = 'android.widget.TextView' and (@text = 'Ya' or . = 'Ya') and @resource-id = 'com.she.sehatq:id/btn_yes']"}[39m
[35m[HTTP][39m [37m<-- POST /wd/hub/session/a0465b15-c522-4f33-8dc0-211b942b94aa/elements [39m[32m200[39m [90m534 ms - 139[39m
[35m[HTTP][39m [90m[39m
[35m[HTTP][39m [37m-->[39m [37mGET[39m [37m/wd/hub/session/a0465b15-c522-4f33-8dc0-211b942b94aa/element/00000000-0000-0807-ffff-ffff000003b0/location[39m
[35m[HTTP][39m [90m{}[39m
[35m[W3C (a0465b15)][39m Driver proxy active, passing request on via HTTP proxy
[35m[WD Proxy][39m Replacing sessionId 9a0a06d1-cb9f-4bab-99ef-66418646ee4c with a0465b15-c522-4f33-8dc0-211b942b94aa
[35m[HTTP][39m [37m<-- GET /wd/hub/session/a0465b15-c522-4f33-8dc0-211b942b94aa/element/00000000-0000-0807-ffff-ffff000003b0/location [39m[32m200[39m [90m28 ms - 78[39m
[35m[HTTP][39m [90m[39m
[35m[HTTP][39m [37m-->[39m [37mPOST[39m [37m/wd/hub/session/a0465b15-c522-4f33-8dc0-211b942b94aa/timeouts[39m
[35m[HTTP][39m [90m{"implicit":30000}[39m
[35m[HTTP][39m [37m<-- POST /wd/hub/session/a0465b15-c522-4f33-8dc0-211b942b94aa/timeouts [39m[32m200[39m [90m1 ms - 14[39m
[35m[HTTP][39m [90m[39m
[35m[HTTP][39m [37m-->[39m [37mPOST[39m [37m/wd/hub/session/a0465b15-c522-4f33-8dc0-211b942b94aa/touch/perform[39m
[35m[HTTP][39m [90m{"actions":[{"action":"tap","options":{"x":1,"y":1,"element":"00000000-0000-0807-ffff-ffff000003b0"}},{"action":"release","options":{}}]}[39m
[35m[UiAutomator2][39m calling get location: 00000000-0000-0807-ffff-ffff000003b0
[35m[HTTP][39m [37m<-- POST /wd/hub/session/a0465b15-c522-4f33-8dc0-211b942b94aa/touch/perform [39m[32m200[39m [90m234 ms - 14[39m
[35m[HTTP][39m [90m[39m
[35m[HTTP][39m [37m-->[39m [37mPOST[39m [37m/wd/hub/session/a0465b15-c522-4f33-8dc0-211b942b94aa/timeouts[39m
[35m[HTTP][39m [90m{"implicit":50}[39m
[35m[HTTP][39m [37m<-- POST /wd/hub/session/a0465b15-c522-4f33-8dc0-211b942b94aa/timeouts [39m[32m200[39m [90m1 ms - 14[39m
[35m[HTTP][39m [90m[39m
[35m[HTTP][39m [37m-->[39m [37mGET[39m [37m/wd/hub/session/a0465b15-c522-4f33-8dc0-211b942b94aa/window/rect[39m
[35m[HTTP][39m [90m{}[39m
[35m[HTTP][39m [37m<-- GET /wd/hub/session/a0465b15-c522-4f33-8dc0-211b942b94aa/window/rect [39m[32m200[39m [90m38 ms - 50[39m
[35m[HTTP][39m [90m[39m
[35m[HTTP][39m [37m-->[39m [37mPOST[39m [37m/wd/hub/session/a0465b15-c522-4f33-8dc0-211b942b94aa/elements[39m
[35m[HTTP][39m [90m{"using":"xpath","value":"//*[@class = 'android.widget.ImageView' and @resource-id = 'com.she.sehatq:id/ivBack' and (@text = '' or . = '')]"}[39m
[35m[HTTP][39m [37m<-- POST /wd/hub/session/a0465b15-c522-4f33-8dc0-211b942b94aa/elements [39m[32m200[39m [90m1565 ms - 139[39m
[35m[HTTP][39m [90m[39m
[35m[HTTP][39m [37m-->[39m [37mGET[39m [37m/wd/hub/session/a0465b15-c522-4f33-8dc0-211b942b94aa/element/00000000-0000-0808-ffff-ffff000003be/location[39m
[35m[HTTP][39m [90m{}[39m
[35m[W3C (a0465b15)][39m Driver proxy active, passing request on via HTTP proxy
[35m[WD Proxy][39m Replacing sessionId 9a0a06d1-cb9f-4bab-99ef-66418646ee4c with a0465b15-c522-4f33-8dc0-211b942b94aa
[35m[HTTP][39m [37m<-- GET /wd/hub/session/a0465b15-c522-4f33-8dc0-211b942b94aa/element/00000000-0000-0808-ffff-ffff000003be/location [39m[32m200[39m [90m40 ms - 77[39m
[35m[HTTP][39m [90m[39m
[35m[HTTP][39m [37m-->[39m [37mPOST[39m [37m/wd/hub/session/a0465b15-c522-4f33-8dc0-211b942b94aa/timeouts[39m
[35m[HTTP][39m [90m{"implicit":30000}[39m
[35m[HTTP][39m [37m<-- POST /wd/hub/session/a0465b15-c522-4f33-8dc0-211b942b94aa/timeouts [39m[32m200[39m [90m2 ms - 14[39m
[35m[HTTP][39m [90m[39m
[35m[HTTP][39m [37m-->[39m [37mPOST[39m [37m/wd/hub/session/a0465b15-c522-4f33-8dc0-211b942b94aa/touch/perform[39m
[35m[HTTP][39m [90m{"actions":[{"action":"tap","options":{"x":1,"y":1,"element":"00000000-0000-0808-ffff-ffff000003be"}},{"action":"release","options":{}}]}[39m
[35m[UiAutomator2][39m calling get location: 00000000-0000-0808-ffff-ffff000003be
[35m[HTTP][39m [37m<-- POST /wd/hub/session/a0465b15-c522-4f33-8dc0-211b942b94aa/touch/perform [39m[32m200[39m [90m250 ms - 14[39m
[35m[HTTP][39m [90m[39m
[35m[HTTP][39m [37m-->[39m [37mPOST[39m [37m/wd/hub/session/a0465b15-c522-4f33-8dc0-211b942b94aa/timeouts[39m
[35m[HTTP][39m [90m{"implicit":50}[39m
[35m[HTTP][39m [37m<-- POST /wd/hub/session/a0465b15-c522-4f33-8dc0-211b942b94aa/timeouts [39m[32m200[39m [90m1 ms - 14[39m
[35m[HTTP][39m [90m[39m
[35m[HTTP][39m [37m-->[39m [37mGET[39m [37m/wd/hub/session/a0465b15-c522-4f33-8dc0-211b942b94aa/window/rect[39m
[35m[HTTP][39m [90m{}[39m
[35m[HTTP][39m [37m<-- GET /wd/hub/session/a0465b15-c522-4f33-8dc0-211b942b94aa/window/rect [39m[32m200[39m [90m12 ms - 50[39m
[35m[HTTP][39m [90m[39m
[35m[HTTP][39m [37m-->[39m [37mPOST[39m [37m/wd/hub/session/a0465b15-c522-4f33-8dc0-211b942b94aa/elements[39m
[35m[HTTP][39m [90m{"using":"xpath","value":"//*[@class = 'android.widget.ImageView' and @resource-id = 'com.she.sehatq:id/iv_cart_top_nav' and (@text = '' or . = '')]"}[39m
[35m[HTTP][39m [37m<-- POST /wd/hub/session/a0465b15-c522-4f33-8dc0-211b942b94aa/elements [39m[32m200[39m [90m1358 ms - 139[39m
[35m[HTTP][39m [90m[39m
[35m[HTTP][39m [37m-->[39m [37mGET[39m [37m/wd/hub/session/a0465b15-c522-4f33-8dc0-211b942b94aa/element/00000000-0000-0805-ffff-ffff0000002e/location[39m
[35m[HTTP][39m [90m{}[39m
[35m[W3C (a0465b15)][39m Driver proxy active, passing request on via HTTP proxy
[35m[WD Proxy][39m Replacing sessionId 9a0a06d1-cb9f-4bab-99ef-66418646ee4c with a0465b15-c522-4f33-8dc0-211b942b94aa
[35m[HTTP][39m [37m<-- GET /wd/hub/session/a0465b15-c522-4f33-8dc0-211b942b94aa/element/00000000-0000-0805-ffff-ffff0000002e/location [39m[32m200[39m [90m36 ms - 78[39m
[35m[HTTP][39m [90m[39m
[35m[HTTP][39m [37m-->[39m [37mPOST[39m [37m/wd/hub/session/a0465b15-c522-4f33-8dc0-211b942b94aa/timeouts[39m
[35m[HTTP][39m [90m{"implicit":30000}[39m
[35m[HTTP][39m [37m<-- POST /wd/hub/session/a0465b15-c522-4f33-8dc0-211b942b94aa/timeouts [39m[32m200[39m [90m2 ms - 14[39m
[35m[HTTP][39m [90m[39m
[35m[HTTP][39m [37m-->[39m [37mPOST[39m [37m/wd/hub/session/a0465b15-c522-4f33-8dc0-211b942b94aa/touch/perform[39m
[35m[HTTP][39m [90m{"actions":[{"action":"tap","options":{"x":1,"y":1,"element":"00000000-0000-0805-ffff-ffff0000002e"}},{"action":"release","options":{}}]}[39m
[35m[UiAutomator2][39m calling get location: 00000000-0000-0805-ffff-ffff0000002e
[35m[HTTP][39m [37m<-- POST /wd/hub/session/a0465b15-c522-4f33-8dc0-211b942b94aa/touch/perform [39m[32m200[39m [90m247 ms - 14[39m
[35m[HTTP][39m [90m[39m
[35m[HTTP][39m [37m-->[39m [37mPOST[39m [37m/wd/hub/session/a0465b15-c522-4f33-8dc0-211b942b94aa/timeouts[39m
[35m[HTTP][39m [90m{"implicit":50}[39m
[35m[HTTP][39m [37m<-- POST /wd/hub/session/a0465b15-c522-4f33-8dc0-211b942b94aa/timeouts [39m[32m200[39m [90m1 ms - 14[39m
[35m[HTTP][39m [90m[39m
[35m[HTTP][39m [37m-->[39m [37mGET[39m [37m/wd/hub/session/a0465b15-c522-4f33-8dc0-211b942b94aa/window/rect[39m
[35m[HTTP][39m [90m{}[39m
[35m[HTTP][39m [37m<-- GET /wd/hub/session/a0465b15-c522-4f33-8dc0-211b942b94aa/window/rect [39m[32m200[39m [90m12 ms - 50[39m
[35m[HTTP][39m [90m[39m
[35m[HTTP][39m [37m-->[39m [37mPOST[39m [37m/wd/hub/session/a0465b15-c522-4f33-8dc0-211b942b94aa/elements[39m
[35m[HTTP][39m [90m{"using":"xpath","value":"//*[@class = 'android.widget.Button' and (@text = 'Belanja Sekarang' or . = 'Belanja Sekarang') and @resource-id = 'com.she.sehatq:id/btnShopping']"}[39m
[35m[HTTP][39m [37m<-- POST /wd/hub/session/a0465b15-c522-4f33-8dc0-211b942b94aa/elements [39m[32m200[39m [90m209 ms - 12[39m
[35m[HTTP][39m [90m[39m
[35m[HTTP][39m [37m-->[39m [37mPOST[39m [37m/wd/hub/session/a0465b15-c522-4f33-8dc0-211b942b94aa/elements[39m
[35m[HTTP][39m [90m{"using":"xpath","value":"//*[@class = 'android.widget.Button' and (@text = 'Belanja Sekarang' or . = 'Belanja Sekarang') and @resource-id = 'com.she.sehatq:id/btnShopping']"}[39m
[35m[HTTP][39m [37m<-- POST /wd/hub/session/a0465b15-c522-4f33-8dc0-211b942b94aa/elements [39m[32m200[39m [90m897 ms - 12[39m
[35m[HTTP][39m [90m[39m
[35m[HTTP][39m [37m-->[39m [37mPOST[39m [37m/wd/hub/session/a0465b15-c522-4f33-8dc0-211b942b94aa/elements[39m
[35m[HTTP][39m [90m{"using":"xpath","value":"//*[@class = 'android.widget.Button' and (@text = 'Belanja Sekarang' or . = 'Belanja Sekarang') and @resource-id = 'com.she.sehatq:id/btnShopping']"}[39m
[35m[HTTP][39m [37m<-- POST /wd/hub/session/a0465b15-c522-4f33-8dc0-211b942b94aa/elements [39m[32m200[39m [90m55 ms - 12[39m
[35m[HTTP][39m [90m[39m
[35m[HTTP][39m [37m-->[39m [37mPOST[39m [37m/wd/hub/session/a0465b15-c522-4f33-8dc0-211b942b94aa/elements[39m
[35m[HTTP][39m [90m{"using":"xpath","value":"//*[@class = 'android.widget.Button' and (@text = 'Belanja Sekarang' or . = 'Belanja Sekarang') and @resource-id = 'com.she.sehatq:id/btnShopping']"}[39m
[35m[HTTP][39m [37m<-- POST /wd/hub/session/a0465b15-c522-4f33-8dc0-211b942b94aa/elements [39m[32m200[39m [90m673 ms - 139[39m
[35m[HTTP][39m [90m[39m
[35m[HTTP][39m [37m-->[39m [37mGET[39m [37m/wd/hub/session/a0465b15-c522-4f33-8dc0-211b942b94aa/element/00000000-0000-0809-ffff-ffff00000433/location[39m
[35m[HTTP][39m [90m{}[39m
[35m[W3C (a0465b15)][39m Driver proxy active, passing request on via HTTP proxy
[35m[WD Proxy][39m Replacing sessionId 9a0a06d1-cb9f-4bab-99ef-66418646ee4c with a0465b15-c522-4f33-8dc0-211b942b94aa
[35m[HTTP][39m [37m<-- GET /wd/hub/session/a0465b15-c522-4f33-8dc0-211b942b94aa/element/00000000-0000-0809-ffff-ffff00000433/location [39m[32m200[39m [90m38 ms - 79[39m
[35m[HTTP][39m [90m[39m
[35m[HTTP][39m [37m-->[39m [37mPOST[39m [37m/wd/hub/session/a0465b15-c522-4f33-8dc0-211b942b94aa/timeouts[39m
[35m[HTTP][39m [90m{"implicit":30000}[39m
[35m[HTTP][39m [37m<-- POST /wd/hub/session/a0465b15-c522-4f33-8dc0-211b942b94aa/timeouts [39m[32m200[39m [90m2 ms - 14[39m
[35m[HTTP][39m [90m[39m
[35m[HTTP][39m [37m-->[39m [37mPOST[39m [37m/wd/hub/session/a0465b15-c522-4f33-8dc0-211b942b94aa/touch/perform[39m
[35m[HTTP][39m [90m{"actions":[{"action":"tap","options":{"x":1,"y":1,"element":"00000000-0000-0809-ffff-ffff00000433"}},{"action":"release","options":{}}]}[39m
[35m[UiAutomator2][39m calling get location: 00000000-0000-0809-ffff-ffff00000433
[35m[HTTP][39m [37m<-- POST /wd/hub/session/a0465b15-c522-4f33-8dc0-211b942b94aa/touch/perform [39m[32m200[39m [90m261 ms - 14[39m
[35m[HTTP][39m [90m[39m
[35m[HTTP][39m [37m-->[39m [37mPOST[39m [37m/wd/hub/session/a0465b15-c522-4f33-8dc0-211b942b94aa/timeouts[39m
[35m[HTTP][39m [90m{"implicit":50}[39m
[35m[HTTP][39m [37m<-- POST /wd/hub/session/a0465b15-c522-4f33-8dc0-211b942b94aa/timeouts [39m[32m200[39m [90m1 ms - 14[39m
[35m[HTTP][39m [90m[39m
[35m[HTTP][39m [37m-->[39m [37mGET[39m [37m/wd/hub/session/a0465b15-c522-4f33-8dc0-211b942b94aa/window/rect[39m
[35m[HTTP][39m [90m{}[39m
[35m[HTTP][39m [37m<-- GET /wd/hub/session/a0465b15-c522-4f33-8dc0-211b942b94aa/window/rect [39m[32m200[39m [90m28 ms - 50[39m
[35m[HTTP][39m [90m[39m
[35m[HTTP][39m [37m-->[39m [37mPOST[39m [37m/wd/hub/session/a0465b15-c522-4f33-8dc0-211b942b94aa/elements[39m
[35m[HTTP][39m [90m{"using":"xpath","value":"//*[@class = 'android.widget.TextView' and (@text = 'Toko' or . = 'Toko') and @resource-id = 'com.she.sehatq:id/tvNavFeature2']"}[39m
[35m[HTTP][39m [37m<-- POST /wd/hub/session/a0465b15-c522-4f33-8dc0-211b942b94aa/elements [39m[32m200[39m [90m1294 ms - 139[39m
[35m[HTTP][39m [90m[39m
[35m[HTTP][39m [37m-->[39m [37mGET[39m [37m/wd/hub/session/a0465b15-c522-4f33-8dc0-211b942b94aa/element/00000000-0000-0805-ffff-ffff00000044/location[39m
[35m[HTTP][39m [90m{}[39m
[35m[W3C (a0465b15)][39m Driver proxy active, passing request on via HTTP proxy
[35m[WD Proxy][39m Replacing sessionId 9a0a06d1-cb9f-4bab-99ef-66418646ee4c with a0465b15-c522-4f33-8dc0-211b942b94aa
[35m[HTTP][39m [37m<-- GET /wd/hub/session/a0465b15-c522-4f33-8dc0-211b942b94aa/element/00000000-0000-0805-ffff-ffff00000044/location [39m[32m200[39m [90m28 ms - 79[39m
[35m[HTTP][39m [90m[39m
[35m[HTTP][39m [37m-->[39m [37mPOST[39m [37m/wd/hub/session/a0465b15-c522-4f33-8dc0-211b942b94aa/timeouts[39m
[35m[HTTP][39m [90m{"implicit":30000}[39m
[35m[HTTP][39m [37m<-- POST /wd/hub/session/a0465b15-c522-4f33-8dc0-211b942b94aa/timeouts [39m[32m200[39m [90m1 ms - 14[39m
[35m[HTTP][39m [90m[39m
[35m[HTTP][39m [37m-->[39m [37mPOST[39m [37m/wd/hub/session/a0465b15-c522-4f33-8dc0-211b942b94aa/touch/perform[39m
[35m[HTTP][39m [90m{"actions":[{"action":"tap","options":{"x":1,"y":1,"element":"00000000-0000-0805-ffff-ffff00000044"}},{"action":"release","options":{}}]}[39m
[35m[UiAutomator2][39m calling get location: 00000000-0000-0805-ffff-ffff00000044
[35m[HTTP][39m [37m<-- POST /wd/hub/session/a0465b15-c522-4f33-8dc0-211b942b94aa/touch/perform [39m[32m200[39m [90m742 ms - 14[39m
[35m[HTTP][39m [90m[39m
[35m[HTTP][39m [37m-->[39m [37mPOST[39m [37m/wd/hub/session/a0465b15-c522-4f33-8dc0-211b942b94aa/timeouts[39m
[35m[HTTP][39m [90m{"implicit":50}[39m
[35m[HTTP][39m [37m<-- POST /wd/hub/session/a0465b15-c522-4f33-8dc0-211b942b94aa/timeouts [39m[32m200[39m [90m1 ms - 14[39m
[35m[HTTP][39m [90m[39m
[35m[HTTP][39m [37m-->[39m [37mGET[39m [37m/wd/hub/session/a0465b15-c522-4f33-8dc0-211b942b94aa/window/rect[39m
[35m[HTTP][39m [90m{}[39m
[35m[HTTP][39m [37m<-- GET /wd/hub/session/a0465b15-c522-4f33-8dc0-211b942b94aa/window/rect [39m[32m200[39m [90m23 ms - 50[39m
[35m[HTTP][39m [90m[39m
[35m[HTTP][39m [37m-->[39m [37mPOST[39m [37m/wd/hub/session/a0465b15-c522-4f33-8dc0-211b942b94aa/elements[39m
[35m[HTTP][39m [90m{"using":"xpath","value":"//*[@class = 'android.widget.TextView' and (@text = 'Vitamin, Herbal & Suplemen' or . = 'Vitamin, Herbal & Suplemen') and @resource-id = 'com.she.sehatq:id/tvCategoryName']"}[39m
[35m[HTTP][39m [37m<-- POST /wd/hub/session/a0465b15-c522-4f33-8dc0-211b942b94aa/elements [39m[32m200[39m [90m281 ms - 12[39m
[35m[HTTP][39m [90m[39m
[35m[HTTP][39m [37m-->[39m [37mPOST[39m [37m/wd/hub/session/a0465b15-c522-4f33-8dc0-211b942b94aa/elements[39m
[35m[HTTP][39m [90m{"using":"xpath","value":"//*[@class = 'android.widget.TextView' and (@text = 'Vitamin, Herbal & Suplemen' or . = 'Vitamin, Herbal & Suplemen') and @resource-id = 'com.she.sehatq:id/tvCategoryName']"}[39m
[35m[HTTP][39m [37m<-- POST /wd/hub/session/a0465b15-c522-4f33-8dc0-211b942b94aa/elements [39m[32m200[39m [90m313 ms - 12[39m
[35m[HTTP][39m [90m[39m
[35m[HTTP][39m [37m-->[39m [37mPOST[39m [37m/wd/hub/session/a0465b15-c522-4f33-8dc0-211b942b94aa/elements[39m
[35m[HTTP][39m [90m{"using":"xpath","value":"//*[@class = 'android.widget.TextView' and (@text = 'Vitamin, Herbal & Suplemen' or . = 'Vitamin, Herbal & Suplemen') and @resource-id = 'com.she.sehatq:id/tvCategoryName']"}[39m
[35m[HTTP][39m [37m<-- POST /wd/hub/session/a0465b15-c522-4f33-8dc0-211b942b94aa/elements [39m[32m200[39m [90m243 ms - 12[39m
[35m[HTTP][39m [90m[39m
[35m[HTTP][39m [37m-->[39m [37mPOST[39m [37m/wd/hub/session/a0465b15-c522-4f33-8dc0-211b942b94aa/elements[39m
[35m[HTTP][39m [90m{"using":"xpath","value":"//*[@class = 'android.widget.TextView' and (@text = 'Vitamin, Herbal & Suplemen' or . = 'Vitamin, Herbal & Suplemen') and @resource-id = 'com.she.sehatq:id/tvCategoryName']"}[39m
[35m[HTTP][39m [37m<-- POST /wd/hub/session/a0465b15-c522-4f33-8dc0-211b942b94aa/elements [39m[32m200[39m [90m903 ms - 12[39m
[35m[HTTP][39m [90m[39m
[35m[HTTP][39m [37m-->[39m [37mPOST[39m [37m/wd/hub/session/a0465b15-c522-4f33-8dc0-211b942b94aa/elements[39m
[35m[HTTP][39m [90m{"using":"xpath","value":"//*[@class = 'android.widget.TextView' and (@text = 'Vitamin, Herbal & Suplemen' or . = 'Vitamin, Herbal & Suplemen') and @resource-id = 'com.she.sehatq:id/tvCategoryName']"}[39m
[35m[HTTP][39m [37m<-- POST /wd/hub/session/a0465b15-c522-4f33-8dc0-211b942b94aa/elements [39m[32m200[39m [90m223 ms - 12[39m
[35m[HTTP][39m [90m[39m
[35m[HTTP][39m [37m-->[39m [37mPOST[39m [37m/wd/hub/session/a0465b15-c522-4f33-8dc0-211b942b94aa/elements[39m
[35m[HTTP][39m [90m{"using":"xpath","value":"//*[@class = 'android.widget.TextView' and (@text = 'Vitamin, Herbal & Suplemen' or . = 'Vitamin, Herbal & Suplemen') and @resource-id = 'com.she.sehatq:id/tvCategoryName']"}[39m
[35m[HTTP][39m [37m<-- POST /wd/hub/session/a0465b15-c522-4f33-8dc0-211b942b94aa/elements [39m[32m200[39m [90m165 ms - 12[39m
[35m[HTTP][39m [90m[39m
[35m[HTTP][39m [37m-->[39m [37mPOST[39m [37m/wd/hub/session/a0465b15-c522-4f33-8dc0-211b942b94aa/elements[39m
[35m[HTTP][39m [90m{"using":"xpath","value":"//*[@class = 'android.widget.TextView' and (@text = 'Vitamin, Herbal & Suplemen' or . = 'Vitamin, Herbal & Suplemen') and @resource-id = 'com.she.sehatq:id/tvCategoryName']"}[39m
[35m[HTTP][39m [37m<-- POST /wd/hub/session/a0465b15-c522-4f33-8dc0-211b942b94aa/elements [39m[32m200[39m [90m295 ms - 12[39m
[35m[HTTP][39m [90m[39m
[35m[HTTP][39m [37m-->[39m [37mPOST[39m [37m/wd/hub/session/a0465b15-c522-4f33-8dc0-211b942b94aa/elements[39m
[35m[HTTP][39m [90m{"using":"xpath","value":"//*[@class = 'android.widget.TextView' and (@text = 'Vitamin, Herbal & Suplemen' or . = 'Vitamin, Herbal & Suplemen') and @resource-id = 'com.she.sehatq:id/tvCategoryName']"}[39m
[35m[HTTP][39m [37m<-- POST /wd/hub/session/a0465b15-c522-4f33-8dc0-211b942b94aa/elements [39m[32m200[39m [90m315 ms - 12[39m
[35m[HTTP][39m [90m[39m
[35m[HTTP][39m [37m-->[39m [37mPOST[39m [37m/wd/hub/session/a0465b15-c522-4f33-8dc0-211b942b94aa/elements[39m
[35m[HTTP][39m [90m{"using":"xpath","value":"//*[@class = 'android.widget.TextView' and (@text = 'Vitamin, Herbal & Suplemen' or . = 'Vitamin, Herbal & Suplemen') and @resource-id = 'com.she.sehatq:id/tvCategoryName']"}[39m
[35m[HTTP][39m [37m<-- POST /wd/hub/session/a0465b15-c522-4f33-8dc0-211b942b94aa/elements [39m[32m200[39m [90m290 ms - 12[39m
[35m[HTTP][39m [90m[39m
[35m[HTTP][39m [37m-->[39m [37mPOST[39m [37m/wd/hub/session/a0465b15-c522-4f33-8dc0-211b942b94aa/elements[39m
[35m[HTTP][39m [90m{"using":"xpath","value":"//*[@class = 'android.widget.TextView' and (@text = 'Vitamin, Herbal & Suplemen' or . = 'Vitamin, Herbal & Suplemen') and @resource-id = 'com.she.sehatq:id/tvCategoryName']"}[39m
[35m[HTTP][39m [37m<-- POST /wd/hub/session/a0465b15-c522-4f33-8dc0-211b942b94aa/elements [39m[32m200[39m [90m256 ms - 12[39m
[35m[HTTP][39m [90m[39m
[35m[HTTP][39m [37m-->[39m [37mPOST[39m [37m/wd/hub/session/a0465b15-c522-4f33-8dc0-211b942b94aa/elements[39m
[35m[HTTP][39m [90m{"using":"xpath","value":"//*[@class = 'android.widget.TextView' and (@text = 'Vitamin, Herbal & Suplemen' or . = 'Vitamin, Herbal & Suplemen') and @resource-id = 'com.she.sehatq:id/tvCategoryName']"}[39m
[35m[HTTP][39m [37m<-- POST /wd/hub/session/a0465b15-c522-4f33-8dc0-211b942b94aa/elements [39m[32m200[39m [90m297 ms - 12[39m
[35m[HTTP][39m [90m[39m
[35m[HTTP][39m [37m-->[39m [37mPOST[39m [37m/wd/hub/session/a0465b15-c522-4f33-8dc0-211b942b94aa/elements[39m
[35m[HTTP][39m [90m{"using":"xpath","value":"//*[@class = 'android.widget.TextView' and (@text = 'Vitamin, Herbal & Suplemen' or . = 'Vitamin, Herbal & Suplemen') and @resource-id = 'com.she.sehatq:id/tvCategoryName']"}[39m
[35m[HTTP][39m [37m<-- POST /wd/hub/session/a0465b15-c522-4f33-8dc0-211b942b94aa/elements [39m[32m200[39m [90m310 ms - 12[39m
[35m[HTTP][39m [90m[39m
[35m[HTTP][39m [37m-->[39m [37mPOST[39m [37m/wd/hub/session/a0465b15-c522-4f33-8dc0-211b942b94aa/elements[39m
[35m[HTTP][39m [90m{"using":"xpath","value":"//*[@class = 'android.widget.TextView' and (@text = 'Vitamin, Herbal & Suplemen' or . = 'Vitamin, Herbal & Suplemen') and @resource-id = 'com.she.sehatq:id/tvCategoryName']"}[39m
[35m[HTTP][39m [37m<-- POST /wd/hub/session/a0465b15-c522-4f33-8dc0-211b942b94aa/elements [39m[32m200[39m [90m294 ms - 12[39m
[35m[HTTP][39m [90m[39m
[35m[HTTP][39m [37m-->[39m [37mPOST[39m [37m/wd/hub/session/a0465b15-c522-4f33-8dc0-211b942b94aa/elements[39m
[35m[HTTP][39m [90m{"using":"xpath","value":"//*[@class = 'android.widget.TextView' and (@text = 'Vitamin, Herbal & Suplemen' or . = 'Vitamin, Herbal & Suplemen') and @resource-id = 'com.she.sehatq:id/tvCategoryName']"}[39m
[35m[HTTP][39m [37m<-- POST /wd/hub/session/a0465b15-c522-4f33-8dc0-211b942b94aa/elements [39m[32m200[39m [90m222 ms - 12[39m
[35m[HTTP][39m [90m[39m
[35m[HTTP][39m [37m-->[39m [37mPOST[39m [37m/wd/hub/session/a0465b15-c522-4f33-8dc0-211b942b94aa/elements[39m
[35m[HTTP][39m [90m{"using":"xpath","value":"//*[@class = 'android.widget.TextView' and (@text = 'Vitamin, Herbal & Suplemen' or . = 'Vitamin, Herbal & Suplemen') and @resource-id = 'com.she.sehatq:id/tvCategoryName']"}[39m
[35m[HTTP][39m [37m<-- POST /wd/hub/session/a0465b15-c522-4f33-8dc0-211b942b94aa/elements [39m[32m200[39m [90m252 ms - 12[39m
[35m[HTTP][39m [90m[39m
[35m[HTTP][39m [37m-->[39m [37mPOST[39m [37m/wd/hub/session/a0465b15-c522-4f33-8dc0-211b942b94aa/elements[39m
[35m[HTTP][39m [90m{"using":"xpath","value":"//*[@class = 'android.widget.TextView' and (@text = 'Vitamin, Herbal & Suplemen' or . = 'Vitamin, Herbal & Suplemen') and @resource-id = 'com.she.sehatq:id/tvCategoryName']"}[39m
[35m[HTTP][39m [37m<-- POST /wd/hub/session/a0465b15-c522-4f33-8dc0-211b942b94aa/elements [39m[32m200[39m [90m292 ms - 12[39m
[35m[HTTP][39m [90m[39m
[35m[HTTP][39m [37m-->[39m [37mPOST[39m [37m/wd/hub/session/a0465b15-c522-4f33-8dc0-211b942b94aa/elements[39m
[35m[HTTP][39m [90m{"using":"xpath","value":"//*[@class = 'android.widget.TextView' and (@text = 'Vitamin, Herbal & Suplemen' or . = 'Vitamin, Herbal & Suplemen') and @resource-id = 'com.she.sehatq:id/tvCategoryName']"}[39m
[35m[HTTP][39m [37m<-- POST /wd/hub/session/a0465b15-c522-4f33-8dc0-211b942b94aa/elements [39m[32m200[39m [90m254 ms - 12[39m
[35m[HTTP][39m [90m[39m
[35m[HTTP][39m [37m-->[39m [37mPOST[39m [37m/wd/hub/session/a0465b15-c522-4f33-8dc0-211b942b94aa/elements[39m
[35m[HTTP][39m [90m{"using":"xpath","value":"//*[@class = 'android.widget.TextView' and (@text = 'Vitamin, Herbal & Suplemen' or . = 'Vitamin, Herbal & Suplemen') and @resource-id = 'com.she.sehatq:id/tvCategoryName']"}[39m
[35m[HTTP][39m [37m<-- POST /wd/hub/session/a0465b15-c522-4f33-8dc0-211b942b94aa/elements [39m[32m200[39m [90m294 ms - 12[39m
[35m[HTTP][39m [90m[39m
[35m[HTTP][39m [37m-->[39m [37mPOST[39m [37m/wd/hub/session/a0465b15-c522-4f33-8dc0-211b942b94aa/elements[39m
[35m[HTTP][39m [90m{"using":"xpath","value":"//*[@class = 'android.widget.TextView' and (@text = 'Vitamin, Herbal & Suplemen' or . = 'Vitamin, Herbal & Suplemen') and @resource-id = 'com.she.sehatq:id/tvCategoryName']"}[39m
[35m[HTTP][39m [37m<-- POST /wd/hub/session/a0465b15-c522-4f33-8dc0-211b942b94aa/elements [39m[32m200[39m [90m281 ms - 12[39m
[35m[HTTP][39m [90m[39m
[35m[HTTP][39m [37m-->[39m [37mPOST[39m [37m/wd/hub/session/a0465b15-c522-4f33-8dc0-211b942b94aa/elements[39m
[35m[HTTP][39m [90m{"using":"xpath","value":"//*[@class = 'android.widget.TextView' and (@text = 'Vitamin, Herbal & Suplemen' or . = 'Vitamin, Herbal & Suplemen') and @resource-id = 'com.she.sehatq:id/tvCategoryName']"}[39m
[35m[HTTP][39m [37m<-- POST /wd/hub/session/a0465b15-c522-4f33-8dc0-211b942b94aa/elements [39m[32m200[39m [90m847 ms - 12[39m
[35m[HTTP][39m [90m[39m
[35m[HTTP][39m [37m-->[39m [37mPOST[39m [37m/wd/hub/session/a0465b15-c522-4f33-8dc0-211b942b94aa/elements[39m
[35m[HTTP][39m [90m{"using":"xpath","value":"//*[@class = 'android.widget.TextView' and (@text = 'Vitamin, Herbal & Suplemen' or . = 'Vitamin, Herbal & Suplemen') and @resource-id = 'com.she.sehatq:id/tvCategoryName']"}[39m
[35m[HTTP][39m [37m<-- POST /wd/hub/session/a0465b15-c522-4f33-8dc0-211b942b94aa/elements [39m[32m200[39m [90m247 ms - 12[39m
[35m[HTTP][39m [90m[39m
[35m[HTTP][39m [37m-->[39m [37mPOST[39m [37m/wd/hub/session/a0465b15-c522-4f33-8dc0-211b942b94aa/elements[39m
[35m[HTTP][39m [90m{"using":"xpath","value":"//*[@class = 'android.widget.TextView' and (@text = 'Vitamin, Herbal & Suplemen' or . = 'Vitamin, Herbal & Suplemen') and @resource-id = 'com.she.sehatq:id/tvCategoryName']"}[39m
[35m[HTTP][39m [37m<-- POST /wd/hub/session/a0465b15-c522-4f33-8dc0-211b942b94aa/elements [39m[32m200[39m [90m284 ms - 12[39m
[35m[HTTP][39m [90m[39m
[35m[HTTP][39m [37m-->[39m [37mPOST[39m [37m/wd/hub/session/a0465b15-c522-4f33-8dc0-211b942b94aa/elements[39m
[35m[HTTP][39m [90m{"using":"xpath","value":"//*[@class = 'android.widget.TextView' and (@text = 'Vitamin, Herbal & Suplemen' or . = 'Vitamin, Herbal & Suplemen') and @resource-id = 'com.she.sehatq:id/tvCategoryName']"}[39m
[35m[HTTP][39m [37m<-- POST /wd/hub/session/a0465b15-c522-4f33-8dc0-211b942b94aa/elements [39m[32m200[39m [90m297 ms - 12[39m
[35m[HTTP][39m [90m[39m
[35m[HTTP][39m [37m-->[39m [37mPOST[39m [37m/wd/hub/session/a0465b15-c522-4f33-8dc0-211b942b94aa/elements[39m
[35m[HTTP][39m [90m{"using":"xpath","value":"//*[@class = 'android.widget.TextView' and (@text = 'Vitamin, Herbal & Suplemen' or . = 'Vitamin, Herbal & Suplemen') and @resource-id = 'com.she.sehatq:id/tvCategoryName']"}[39m
[35m[HTTP][39m [37m<-- POST /wd/hub/session/a0465b15-c522-4f33-8dc0-211b942b94aa/elements [39m[32m200[39m [90m280 ms - 12[39m
[35m[HTTP][39m [90m[39m
[35m[HTTP][39m [37m-->[39m [37mPOST[39m [37m/wd/hub/session/a0465b15-c522-4f33-8dc0-211b942b94aa/elements[39m
[35m[HTTP][39m [90m{"using":"xpath","value":"//*[@class = 'android.widget.TextView' and (@text = 'Vitamin, Herbal & Suplemen' or . = 'Vitamin, Herbal & Suplemen') and @resource-id = 'com.she.sehatq:id/tvCategoryName']"}[39m
[35m[HTTP][39m [37m<-- POST /wd/hub/session/a0465b15-c522-4f33-8dc0-211b942b94aa/elements [39m[32m200[39m [90m196 ms - 12[39m
[35m[HTTP][39m [90m[39m
[35m[HTTP][39m [37m-->[39m [37mPOST[39m [37m/wd/hub/session/a0465b15-c522-4f33-8dc0-211b942b94aa/elements[39m
[35m[HTTP][39m [90m{"using":"xpath","value":"//*[@class = 'android.widget.TextView' and (@text = 'Vitamin, Herbal & Suplemen' or . = 'Vitamin, Herbal & Suplemen') and @resource-id = 'com.she.sehatq:id/tvCategoryName']"}[39m
[35m[HTTP][39m [37m<-- POST /wd/hub/session/a0465b15-c522-4f33-8dc0-211b942b94aa/elements [39m[32m200[39m [90m280 ms - 12[39m
[35m[HTTP][39m [90m[39m
[35m[HTTP][39m [37m-->[39m [37mPOST[39m [37m/wd/hub/session/a0465b15-c522-4f33-8dc0-211b942b94aa/elements[39m
[35m[HTTP][39m [90m{"using":"xpath","value":"//*[@class = 'android.widget.TextView' and (@text = 'Vitamin, Herbal & Suplemen' or . = 'Vitamin, Herbal & Suplemen') and @resource-id = 'com.she.sehatq:id/tvCategoryName']"}[39m
[35m[HTTP][39m [37m<-- POST /wd/hub/session/a0465b15-c522-4f33-8dc0-211b942b94aa/elements [39m[32m200[39m [90m215 ms - 12[39m
[35m[HTTP][39m [90m[39m
[35m[HTTP][39m [37m-->[39m [37mPOST[39m [37m/wd/hub/session/a0465b15-c522-4f33-8dc0-211b942b94aa/elements[39m
[35m[HTTP][39m [90m{"using":"xpath","value":"//*[@class = 'android.widget.TextView' and (@text = 'Vitamin, Herbal & Suplemen' or . = 'Vitamin, Herbal & Suplemen') and @resource-id = 'com.she.sehatq:id/tvCategoryName']"}[39m
[35m[HTTP][39m [37m<-- POST /wd/hub/session/a0465b15-c522-4f33-8dc0-211b942b94aa/elements [39m[32m200[39m [90m236 ms - 12[39m
[35m[HTTP][39m [90m[39m
[35m[HTTP][39m [37m-->[39m [37mPOST[39m [37m/wd/hub/session/a0465b15-c522-4f33-8dc0-211b942b94aa/elements[39m
[35m[HTTP][39m [90m{"using":"xpath","value":"//*[@class = 'android.widget.TextView' and (@text = 'Vitamin, Herbal & Suplemen' or . = 'Vitamin, Herbal & Suplemen') and @resource-id = 'com.she.sehatq:id/tvCategoryName']"}[39m
[35m[HTTP][39m [37m<-- POST /wd/hub/session/a0465b15-c522-4f33-8dc0-211b942b94aa/elements [39m[32m200[39m [90m279 ms - 12[39m
[35m[HTTP][39m [90m[39m
[35m[HTTP][39m [37m-->[39m [37mPOST[39m [37m/wd/hub/session/a0465b15-c522-4f33-8dc0-211b942b94aa/elements[39m
[35m[HTTP][39m [90m{"using":"xpath","value":"//*[@class = 'android.widget.TextView' and (@text = 'Vitamin, Herbal & Suplemen' or . = 'Vitamin, Herbal & Suplemen') and @resource-id = 'com.she.sehatq:id/tvCategoryName']"}[39m
[35m[HTTP][39m [37m<-- POST /wd/hub/session/a0465b15-c522-4f33-8dc0-211b942b94aa/elements [39m[32m200[39m [90m274 ms - 12[39m
[35m[HTTP][39m [90m[39m
[35m[HTTP][39m [37m-->[39m [37mPOST[39m [37m/wd/hub/session/a0465b15-c522-4f33-8dc0-211b942b94aa/elements[39m
[35m[HTTP][39m [90m{"using":"xpath","value":"//*[@class = 'android.widget.TextView' and (@text = 'Vitamin, Herbal & Suplemen' or . = 'Vitamin, Herbal & Suplemen') and @resource-id = 'com.she.sehatq:id/tvCategoryName']"}[39m
[35m[HTTP][39m [37m<-- POST /wd/hub/session/a0465b15-c522-4f33-8dc0-211b942b94aa/elements [39m[32m200[39m [90m294 ms - 12[39m
[35m[HTTP][39m [90m[39m
[35m[HTTP][39m [37m-->[39m [37mPOST[39m [37m/wd/hub/session/a0465b15-c522-4f33-8dc0-211b942b94aa/elements[39m
[35m[HTTP][39m [90m{"using":"xpath","value":"//*[@class = 'android.widget.TextView' and (@text = 'Vitamin, Herbal & Suplemen' or . = 'Vitamin, Herbal & Suplemen') and @resource-id = 'com.she.sehatq:id/tvCategoryName']"}[39m
[35m[HTTP][39m [37m<-- POST /wd/hub/session/a0465b15-c522-4f33-8dc0-211b942b94aa/elements [39m[32m200[39m [90m256 ms - 12[39m
[35m[HTTP][39m [90m[39m
[35m[HTTP][39m [37m-->[39m [37mPOST[39m [37m/wd/hub/session/a0465b15-c522-4f33-8dc0-211b942b94aa/elements[39m
[35m[HTTP][39m [90m{"using":"xpath","value":"//*[@class = 'android.widget.TextView' and (@text = 'Vitamin, Herbal & Suplemen' or . = 'Vitamin, Herbal & Suplemen') and @resource-id = 'com.she.sehatq:id/tvCategoryName']"}[39m
[35m[HTTP][39m [37m<-- POST /wd/hub/session/a0465b15-c522-4f33-8dc0-211b942b94aa/elements [39m[32m200[39m [90m294 ms - 12[39m
[35m[HTTP][39m [90m[39m
[35m[HTTP][39m [37m-->[39m [37mPOST[39m [37m/wd/hub/session/a0465b15-c522-4f33-8dc0-211b942b94aa/elements[39m
[35m[HTTP][39m [90m{"using":"xpath","value":"//*[@class = 'android.widget.TextView' and (@text = 'Vitamin, Herbal & Suplemen' or . = 'Vitamin, Herbal & Suplemen') and @resource-id = 'com.she.sehatq:id/tvCategoryName']"}[39m
[35m[HTTP][39m [37m<-- POST /wd/hub/session/a0465b15-c522-4f33-8dc0-211b942b94aa/elements [39m[32m200[39m [90m229 ms - 12[39m
[35m[HTTP][39m [90m[39m
[35m[HTTP][39m [37m-->[39m [37mPOST[39m [37m/wd/hub/session/a0465b15-c522-4f33-8dc0-211b942b94aa/elements[39m
[35m[HTTP][39m [90m{"using":"xpath","value":"//*[@class = 'android.widget.TextView' and (@text = 'Vitamin, Herbal & Suplemen' or . = 'Vitamin, Herbal & Suplemen') and @resource-id = 'com.she.sehatq:id/tvCategoryName']"}[39m
[35m[HTTP][39m [37m<-- POST /wd/hub/session/a0465b15-c522-4f33-8dc0-211b942b94aa/elements [39m[32m200[39m [90m297 ms - 12[39m
[35m[HTTP][39m [90m[39m
[35m[HTTP][39m [37m-->[39m [37mPOST[39m [37m/wd/hub/session/a0465b15-c522-4f33-8dc0-211b942b94aa/elements[39m
[35m[HTTP][39m [90m{"using":"xpath","value":"//*[@class = 'android.widget.TextView' and (@text = 'Vitamin, Herbal & Suplemen' or . = 'Vitamin, Herbal & Suplemen') and @resource-id = 'com.she.sehatq:id/tvCategoryName']"}[39m
[35m[HTTP][39m [37m<-- POST /wd/hub/session/a0465b15-c522-4f33-8dc0-211b942b94aa/elements [39m[32m200[39m [90m933 ms - 12[39m
[35m[HTTP][39m [90m[39m
[35m[HTTP][39m [37m-->[39m [37mPOST[39m [37m/wd/hub/session/a0465b15-c522-4f33-8dc0-211b942b94aa/elements[39m
[35m[HTTP][39m [90m{"using":"xpath","value":"//*[@class = 'android.widget.TextView' and (@text = 'Vitamin, Herbal & Suplemen' or . = 'Vitamin, Herbal & Suplemen') and @resource-id = 'com.she.sehatq:id/tvCategoryName']"}[39m
[35m[HTTP][39m [37m<-- POST /wd/hub/session/a0465b15-c522-4f33-8dc0-211b942b94aa/elements [39m[32m200[39m [90m141 ms - 12[39m
[35m[HTTP][39m [90m[39m
[35m[HTTP][39m [37m-->[39m [37mPOST[39m [37m/wd/hub/session/a0465b15-c522-4f33-8dc0-211b942b94aa/elements[39m
[35m[HTTP][39m [90m{"using":"xpath","value":"//*[@class = 'android.widget.TextView' and (@text = 'Vitamin, Herbal & Suplemen' or . = 'Vitamin, Herbal & Suplemen') and @resource-id = 'com.she.sehatq:id/tvCategoryName']"}[39m
[35m[HTTP][39m [37m<-- POST /wd/hub/session/a0465b15-c522-4f33-8dc0-211b942b94aa/elements [39m[32m200[39m [90m83 ms - 12[39m
[35m[HTTP][39m [90m[39m
[35m[HTTP][39m [37m-->[39m [37mPOST[39m [37m/wd/hub/session/a0465b15-c522-4f33-8dc0-211b942b94aa/elements[39m
[35m[HTTP][39m [90m{"using":"xpath","value":"//*[@class = 'android.widget.TextView' and (@text = 'Vitamin, Herbal & Suplemen' or . = 'Vitamin, Herbal & Suplemen') and @resource-id = 'com.she.sehatq:id/tvCategoryName']"}[39m
[35m[HTTP][39m [37m<-- POST /wd/hub/session/a0465b15-c522-4f33-8dc0-211b942b94aa/elements [39m[32m200[39m [90m156 ms - 12[39m
[35m[HTTP][39m [90m[39m
[35m[HTTP][39m [37m-->[39m [37mPOST[39m [37m/wd/hub/session/a0465b15-c522-4f33-8dc0-211b942b94aa/elements[39m
[35m[HTTP][39m [90m{"using":"xpath","value":"//*[@class = 'android.widget.TextView' and (@text = 'Vitamin, Herbal & Suplemen' or . = 'Vitamin, Herbal & Suplemen') and @resource-id = 'com.she.sehatq:id/tvCategoryName']"}[39m
[35m[HTTP][39m [37m<-- POST /wd/hub/session/a0465b15-c522-4f33-8dc0-211b942b94aa/elements [39m[32m200[39m [90m199 ms - 12[39m
[35m[HTTP][39m [90m[39m
[35m[HTTP][39m [37m-->[39m [37mPOST[39m [37m/wd/hub/session/a0465b15-c522-4f33-8dc0-211b942b94aa/elements[39m
[35m[HTTP][39m [90m{"using":"xpath","value":"//*[@class = 'android.widget.TextView' and (@text = 'Vitamin, Herbal & Suplemen' or . = 'Vitamin, Herbal & Suplemen') and @resource-id = 'com.she.sehatq:id/tvCategoryName']"}[39m
[35m[HTTP][39m [37m<-- POST /wd/hub/session/a0465b15-c522-4f33-8dc0-211b942b94aa/elements [39m[32m200[39m [90m207 ms - 12[39m
[35m[HTTP][39m [90m[39m
[35m[HTTP][39m [37m-->[39m [37mPOST[39m [37m/wd/hub/session/a0465b15-c522-4f33-8dc0-211b942b94aa/elements[39m
[35m[HTTP][39m [90m{"using":"xpath","value":"//*[@class = 'android.widget.TextView' and (@text = 'Vitamin, Herbal & Suplemen' or . = 'Vitamin, Herbal & Suplemen') and @resource-id = 'com.she.sehatq:id/tvCategoryName']"}[39m
[35m[HTTP][39m [37m<-- POST /wd/hub/session/a0465b15-c522-4f33-8dc0-211b942b94aa/elements [39m[32m200[39m [90m171 ms - 12[39m
[35m[HTTP][39m [90m[39m
[35m[HTTP][39m [37m-->[39m [37mPOST[39m [37m/wd/hub/session/a0465b15-c522-4f33-8dc0-211b942b94aa/elements[39m
[35m[HTTP][39m [90m{"using":"xpath","value":"//*[@class = 'android.widget.TextView' and (@text = 'Vitamin, Herbal & Suplemen' or . = 'Vitamin, Herbal & Suplemen') and @resource-id = 'com.she.sehatq:id/tvCategoryName']"}[39m
[35m[HTTP][39m [37m<-- POST /wd/hub/session/a0465b15-c522-4f33-8dc0-211b942b94aa/elements [39m[32m200[39m [90m259 ms - 12[39m
[35m[HTTP][39m [90m[39m
[35m[HTTP][39m [37m-->[39m [37mPOST[39m [37m/wd/hub/session/a0465b15-c522-4f33-8dc0-211b942b94aa/elements[39m
[35m[HTTP][39m [90m{"using":"xpath","value":"//*[@class = 'android.widget.TextView' and (@text = 'Vitamin, Herbal & Suplemen' or . = 'Vitamin, Herbal & Suplemen') and @resource-id = 'com.she.sehatq:id/tvCategoryName']"}[39m
[35m[HTTP][39m [37m<-- POST /wd/hub/session/a0465b15-c522-4f33-8dc0-211b942b94aa/elements [39m[32m200[39m [90m186 ms - 12[39m
[35m[HTTP][39m [90m[39m
[35m[HTTP][39m [37m-->[39m [37mPOST[39m [37m/wd/hub/session/a0465b15-c522-4f33-8dc0-211b942b94aa/elements[39m
[35m[HTTP][39m [90m{"using":"xpath","value":"//*[@class = 'android.widget.TextView' and (@text = 'Vitamin, Herbal & Suplemen' or . = 'Vitamin, Herbal & Suplemen') and @resource-id = 'com.she.sehatq:id/tvCategoryName']"}[39m
[35m[HTTP][39m [37m<-- POST /wd/hub/session/a0465b15-c522-4f33-8dc0-211b942b94aa/elements [39m[32m200[39m [90m201 ms - 12[39m
[35m[HTTP][39m [90m[39m
[35m[HTTP][39m [37m-->[39m [37mPOST[39m [37m/wd/hub/session/a0465b15-c522-4f33-8dc0-211b942b94aa/elements[39m
[35m[HTTP][39m [90m{"using":"xpath","value":"//*[@class = 'android.widget.TextView' and (@text = 'Vitamin, Herbal & Suplemen' or . = 'Vitamin, Herbal & Suplemen') and @resource-id = 'com.she.sehatq:id/tvCategoryName']"}[39m
[35m[HTTP][39m [37m<-- POST /wd/hub/session/a0465b15-c522-4f33-8dc0-211b942b94aa/elements [39m[32m200[39m [90m227 ms - 12[39m
[35m[HTTP][39m [90m[39m
[35m[HTTP][39m [37m-->[39m [37mPOST[39m [37m/wd/hub/session/a0465b15-c522-4f33-8dc0-211b942b94aa/elements[39m
[35m[HTTP][39m [90m{"using":"xpath","value":"//*[@class = 'android.widget.TextView' and (@text = 'Vitamin, Herbal & Suplemen' or . = 'Vitamin, Herbal & Suplemen') and @resource-id = 'com.she.sehatq:id/tvCategoryName']"}[39m
[35m[HTTP][39m [37m<-- POST /wd/hub/session/a0465b15-c522-4f33-8dc0-211b942b94aa/elements [39m[32m200[39m [90m920 ms - 12[39m
[35m[HTTP][39m [90m[39m
[35m[HTTP][39m [37m-->[39m [37mPOST[39m [37m/wd/hub/session/a0465b15-c522-4f33-8dc0-211b942b94aa/elements[39m
[35m[HTTP][39m [90m{"using":"xpath","value":"//*[@class = 'android.widget.TextView' and (@text = 'Vitamin, Herbal & Suplemen' or . = 'Vitamin, Herbal & Suplemen') and @resource-id = 'com.she.sehatq:id/tvCategoryName']"}[39m
[35m[HTTP][39m [37m<-- POST /wd/hub/session/a0465b15-c522-4f33-8dc0-211b942b94aa/elements [39m[32m200[39m [90m286 ms - 12[39m
[35m[HTTP][39m [90m[39m
[35m[HTTP][39m [37m-->[39m [37mPOST[39m [37m/wd/hub/session/a0465b15-c522-4f33-8dc0-211b942b94aa/elements[39m
[35m[HTTP][39m [90m{"using":"xpath","value":"//*[@class = 'android.widget.TextView' and (@text = 'Vitamin, Herbal & Suplemen' or . = 'Vitamin, Herbal & Suplemen') and @resource-id = 'com.she.sehatq:id/tvCategoryName']"}[39m
[35m[HTTP][39m [37m<-- POST /wd/hub/session/a0465b15-c522-4f33-8dc0-211b942b94aa/elements [39m[32m200[39m [90m213 ms - 12[39m
[35m[HTTP][39m [90m[39m
[35m[HTTP][39m [37m-->[39m [37mPOST[39m [37m/wd/hub/session/a0465b15-c522-4f33-8dc0-211b942b94aa/elements[39m
[35m[HTTP][39m [90m{"using":"xpath","value":"//*[@class = 'android.widget.TextView' and (@text = 'Vitamin, Herbal & Suplemen' or . = 'Vitamin, Herbal & Suplemen') and @resource-id = 'com.she.sehatq:id/tvCategoryName']"}[39m
[35m[HTTP][39m [37m<-- POST /wd/hub/session/a0465b15-c522-4f33-8dc0-211b942b94aa/elements [39m[32m200[39m [90m306 ms - 12[39m
[35m[HTTP][39m [90m[39m
[35m[HTTP][39m [37m-->[39m [37mPOST[39m [37m/wd/hub/session/a0465b15-c522-4f33-8dc0-211b942b94aa/elements[39m
[35m[HTTP][39m [90m{"using":"xpath","value":"//*[@class = 'android.widget.TextView' and (@text = 'Vitamin, Herbal & Suplemen' or . = 'Vitamin, Herbal & Suplemen') and @resource-id = 'com.she.sehatq:id/tvCategoryName']"}[39m
[35m[HTTP][39m [37m<-- POST /wd/hub/session/a0465b15-c522-4f33-8dc0-211b942b94aa/elements [39m[32m200[39m [90m1421 ms - 12[39m
[35m[HTTP][39m [90m[39m
[35m[HTTP][39m [37m-->[39m [37mPOST[39m [37m/wd/hub/session/a0465b15-c522-4f33-8dc0-211b942b94aa/elements[39m
[35m[HTTP][39m [90m{"using":"xpath","value":"//*[@class = 'android.widget.TextView' and (@text = 'Vitamin, Herbal & Suplemen' or . = 'Vitamin, Herbal & Suplemen') and @resource-id = 'com.she.sehatq:id/tvCategoryName']"}[39m
[35m[HTTP][39m [37m<-- POST /wd/hub/session/a0465b15-c522-4f33-8dc0-211b942b94aa/elements [39m[32m200[39m [90m236 ms - 12[39m
[35m[HTTP][39m [90m[39m
[35m[HTTP][39m [37m-->[39m [37mPOST[39m [37m/wd/hub/session/a0465b15-c522-4f33-8dc0-211b942b94aa/elements[39m
[35m[HTTP][39m [90m{"using":"xpath","value":"//*[@class = 'android.widget.TextView' and (@text = 'Vitamin, Herbal & Suplemen' or . = 'Vitamin, Herbal & Suplemen') and @resource-id = 'com.she.sehatq:id/tvCategoryName']"}[39m
[35m[HTTP][39m [37m<-- POST /wd/hub/session/a0465b15-c522-4f33-8dc0-211b942b94aa/elements [39m[32m200[39m [90m234 ms - 12[39m
[35m[HTTP][39m [90m[39m
[35m[HTTP][39m [37m-->[39m [37mPOST[39m [37m/wd/hub/session/a0465b15-c522-4f33-8dc0-211b942b94aa/elements[39m
[35m[HTTP][39m [90m{"using":"xpath","value":"//*[@class = 'android.widget.TextView' and (@text = 'Vitamin, Herbal & Suplemen' or . = 'Vitamin, Herbal & Suplemen') and @resource-id = 'com.she.sehatq:id/tvCategoryName']"}[39m
[35m[HTTP][39m [37m<-- POST /wd/hub/session/a0465b15-c522-4f33-8dc0-211b942b94aa/elements [39m[32m200[39m [90m233 ms - 12[39m
[35m[HTTP][39m [90m[39m
[35m[HTTP][39m [37m-->[39m [37mPOST[39m [37m/wd/hub/session/a0465b15-c522-4f33-8dc0-211b942b94aa/elements[39m
[35m[HTTP][39m [90m{"using":"xpath","value":"//*[@class = 'android.widget.TextView' and (@text = 'Vitamin, Herbal & Suplemen' or . = 'Vitamin, Herbal & Suplemen') and @resource-id = 'com.she.sehatq:id/tvCategoryName']"}[39m
[35m[HTTP][39m [37m<-- POST /wd/hub/session/a0465b15-c522-4f33-8dc0-211b942b94aa/elements [39m[32m200[39m [90m295 ms - 12[39m
[35m[HTTP][39m [90m[39m
[35m[HTTP][39m [37m-->[39m [37mPOST[39m [37m/wd/hub/session/a0465b15-c522-4f33-8dc0-211b942b94aa/elements[39m
[35m[HTTP][39m [90m{"using":"xpath","value":"//*[@class = 'android.widget.TextView' and (@text = 'Vitamin, Herbal & Suplemen' or . = 'Vitamin, Herbal & Suplemen') and @resource-id = 'com.she.sehatq:id/tvCategoryName']"}[39m
[35m[HTTP][39m [37m<-- POST /wd/hub/session/a0465b15-c522-4f33-8dc0-211b942b94aa/elements [39m[32m200[39m [90m279 ms - 12[39m
[35m[HTTP][39m [90m[39m
[35m[HTTP][39m [37m-->[39m [37mPOST[39m [37m/wd/hub/session/a0465b15-c522-4f33-8dc0-211b942b94aa/elements[39m
[35m[HTTP][39m [90m{"using":"xpath","value":"//*[@class = 'android.widget.TextView' and (@text = 'Vitamin, Herbal & Suplemen' or . = 'Vitamin, Herbal & Suplemen') and @resource-id = 'com.she.sehatq:id/tvCategoryName']"}[39m
[35m[HTTP][39m [37m<-- POST /wd/hub/session/a0465b15-c522-4f33-8dc0-211b942b94aa/elements [39m[32m200[39m [90m274 ms - 12[39m
[35m[HTTP][39m [90m[39m
[35m[HTTP][39m [37m-->[39m [37mPOST[39m [37m/wd/hub/session/a0465b15-c522-4f33-8dc0-211b942b94aa/elements[39m
[35m[HTTP][39m [90m{"using":"xpath","value":"//*[@class = 'android.widget.TextView' and (@text = 'Vitamin, Herbal & Suplemen' or . = 'Vitamin, Herbal & Suplemen') and @resource-id = 'com.she.sehatq:id/tvCategoryName']"}[39m
[35m[HTTP][39m [37m<-- POST /wd/hub/session/a0465b15-c522-4f33-8dc0-211b942b94aa/elements [39m[32m200[39m [90m218 ms - 12[39m
[35m[HTTP][39m [90m[39m
[35m[HTTP][39m [37m-->[39m [37mPOST[39m [37m/wd/hub/session/a0465b15-c522-4f33-8dc0-211b942b94aa/elements[39m
[35m[HTTP][39m [90m{"using":"xpath","value":"//*[@class = 'android.widget.TextView' and (@text = 'Vitamin, Herbal & Suplemen' or . = 'Vitamin, Herbal & Suplemen') and @resource-id = 'com.she.sehatq:id/tvCategoryName']"}[39m
[35m[HTTP][39m [37m<-- POST /wd/hub/session/a0465b15-c522-4f33-8dc0-211b942b94aa/elements [39m[32m200[39m [90m292 ms - 12[39m
[35m[HTTP][39m [90m[39m
[35m[HTTP][39m [37m-->[39m [37mPOST[39m [37m/wd/hub/session/a0465b15-c522-4f33-8dc0-211b942b94aa/elements[39m
[35m[HTTP][39m [90m{"using":"xpath","value":"//*[@class = 'android.widget.TextView' and (@text = 'Vitamin, Herbal & Suplemen' or . = 'Vitamin, Herbal & Suplemen') and @resource-id = 'com.she.sehatq:id/tvCategoryName']"}[39m
[35m[HTTP][39m [37m<-- POST /wd/hub/session/a0465b15-c522-4f33-8dc0-211b942b94aa/elements [39m[32m200[39m [90m204 ms - 12[39m
[35m[HTTP][39m [90m[39m
[35m[HTTP][39m [37m-->[39m [37mPOST[39m [37m/wd/hub/session/a0465b15-c522-4f33-8dc0-211b942b94aa/elements[39m
[35m[HTTP][39m [90m{"using":"xpath","value":"//*[@class = 'android.widget.TextView' and (@text = 'Vitamin, Herbal & Suplemen' or . = 'Vitamin, Herbal & Suplemen') and @resource-id = 'com.she.sehatq:id/tvCategoryName']"}[39m
[35m[HTTP][39m [37m<-- POST /wd/hub/session/a0465b15-c522-4f33-8dc0-211b942b94aa/elements [39m[32m200[39m [90m607 ms - 12[39m
[35m[HTTP][39m [90m[39m
[35m[HTTP][39m [37m-->[39m [37mPOST[39m [37m/wd/hub/session/a0465b15-c522-4f33-8dc0-211b942b94aa/elements[39m
[35m[HTTP][39m [90m{"using":"xpath","value":"//*[@class = 'android.widget.TextView' and (@text = 'Vitamin, Herbal & Suplemen' or . = 'Vitamin, Herbal & Suplemen') and @resource-id = 'com.she.sehatq:id/tvCategoryName']"}[39m
[35m[HTTP][39m [37m<-- POST /wd/hub/session/a0465b15-c522-4f33-8dc0-211b942b94aa/elements [39m[32m200[39m [90m161 ms - 12[39m
[35m[HTTP][39m [90m[39m
[35m[HTTP][39m [37m-->[39m [37mPOST[39m [37m/wd/hub/session/a0465b15-c522-4f33-8dc0-211b942b94aa/elements[39m
[35m[HTTP][39m [90m{"using":"xpath","value":"//*[@class = 'android.widget.TextView' and (@text = 'Vitamin, Herbal & Suplemen' or . = 'Vitamin, Herbal & Suplemen') and @resource-id = 'com.she.sehatq:id/tvCategoryName']"}[39m
[35m[HTTP][39m [37m<-- POST /wd/hub/session/a0465b15-c522-4f33-8dc0-211b942b94aa/elements [39m[32m200[39m [90m178 ms - 12[39m
[35m[HTTP][39m [90m[39m
[35m[HTTP][39m [37m-->[39m [37mPOST[39m [37m/wd/hub/session/a0465b15-c522-4f33-8dc0-211b942b94aa/elements[39m
[35m[HTTP][39m [90m{"using":"xpath","value":"//*[@class = 'android.widget.TextView' and (@text = 'Vitamin, Herbal & Suplemen' or . = 'Vitamin, Herbal & Suplemen') and @resource-id = 'com.she.sehatq:id/tvCategoryName']"}[39m
[35m[HTTP][39m [37m<-- POST /wd/hub/session/a0465b15-c522-4f33-8dc0-211b942b94aa/elements [39m[32m200[39m [90m211 ms - 12[39m
[35m[HTTP][39m [90m[39m
[35m[HTTP][39m [37m-->[39m [37mPOST[39m [37m/wd/hub/session/a0465b15-c522-4f33-8dc0-211b942b94aa/elements[39m
[35m[HTTP][39m [90m{"using":"xpath","value":"//*[@class = 'android.widget.TextView' and (@text = 'Vitamin, Herbal & Suplemen' or . = 'Vitamin, Herbal & Suplemen') and @resource-id = 'com.she.sehatq:id/tvCategoryName']"}[39m
[35m[HTTP][39m [37m<-- POST /wd/hub/session/a0465b15-c522-4f33-8dc0-211b942b94aa/elements [39m[32m200[39m [90m313 ms - 12[39m
[35m[HTTP][39m [90m[39m
[35m[HTTP][39m [37m-->[39m [37mPOST[39m [37m/wd/hub/session/a0465b15-c522-4f33-8dc0-211b942b94aa/elements[39m
[35m[HTTP][39m [90m{"using":"xpath","value":"//*[@class = 'android.widget.TextView' and (@text = 'Vitamin, Herbal & Suplemen' or . = 'Vitamin, Herbal & Suplemen') and @resource-id = 'com.she.sehatq:id/tvCategoryName']"}[39m
[35m[HTTP][39m [37m<-- POST /wd/hub/session/a0465b15-c522-4f33-8dc0-211b942b94aa/elements [39m[32m200[39m [90m313 ms - 12[39m
[35m[HTTP][39m [90m[39m
[35m[HTTP][39m [37m-->[39m [37mPOST[39m [37m/wd/hub/session/a0465b15-c522-4f33-8dc0-211b942b94aa/elements[39m
[35m[HTTP][39m [90m{"using":"xpath","value":"//*[@class = 'android.widget.TextView' and (@text = 'Vitamin, Herbal & Suplemen' or . = 'Vitamin, Herbal & Suplemen') and @resource-id = 'com.she.sehatq:id/tvCategoryName']"}[39m
[35m[HTTP][39m [37m<-- POST /wd/hub/session/a0465b15-c522-4f33-8dc0-211b942b94aa/elements [39m[32m200[39m [90m801 ms - 12[39m
[35m[HTTP][39m [90m[39m
[35m[BaseDriver][39m Shutting down because we waited 1800 seconds for a command
[35m[Appium][39m Closing session, cause was 'New Command Timeout of 1800 seconds expired. Try customizing the timeout using the 'newCommandTimeout' desired capability'
[35m[Appium][39m Removing session 'a0465b15-c522-4f33-8dc0-211b942b94aa' from our master session list
[35m[UiAutomator2][39m Did not get confirmation UiAutomator2 deleteSession worked; Error was: UnknownError: An unknown server-side error occurred while processing the command. Original error: 'DELETE /' cannot be proxied to UiAutomator2 server because the instrumentation process is not running (probably crashed). Check the server log and/or the logcat output for more details
[35m[UiAutomator2][39m Restoring hidden api policy to the device default configuration
