[35m[Appium][39m Welcome to Appium v1.22.0
[35m[Appium][39m Non-default server args:
[35m[Appium][39m   port: 59247
[35m[Appium][39m   loglevel: info
[35m[Appium][39m   tmpDir: /var/folders/wv/rdwfrh89255gqff9kdgxs_t40000gp/T//Katalon/Appium/Temp1636170423404
[35m[Appium][39m   chromedriverPort: 59248
[35m[Appium][39m Deprecated server args:
[35m[Appium][39m   [31m--chromedriver-port[39m => --default-capabilities
[35m[Appium][39m Default capabilities, which will be added to each request unless overridden by desired capabilities:
[35m[Appium][39m   chromedriverPort: 59248
[35m[Appium][39m Appium REST http interface listener started on 0.0.0.0:59247
[35m[HTTP][39m [37m-->[39m [37mGET[39m [37m/wd/hub/status[39m
[35m[HTTP][39m [90m{}[39m
[35m[HTTP][39m [37m<-- GET /wd/hub/status [39m[32m200[39m [90m6 ms - 68[39m
[35m[HTTP][39m [90m[39m
[35m[HTTP][39m [37m-->[39m [37mPOST[39m [37m/wd/hub/session[39m
[35m[HTTP][39m [90m{"desiredCapabilities":{"appActivity":".Settings","appPackage":"com.android.settings","newCommandTimeout":1800,"platformVersion":"11","automationName":"uiautomator2","autoGrantPermissions":true,"platformName":"Android","udid":"db3027ce","deviceName":"vivo V2022 (Android 11)","platform":"ANDROID","systemPort":8239},"capabilities":{"firstMatch":[{"appium:appActivity":".Settings","appium:appPackage":"com.android.settings","appium:autoGrantPermissions":true,"appium:automationName":"uiautomator2","appium:deviceName":"vivo V2022 (Android 11)","appium:newCommandTimeout":1800,"platform":"ANDROID","platformName":"android","appium:platformVersion":"11","appium:systemPort":8239,"appium:udid":"db3027ce"}]}}[39m
[35m[BaseDriver][39m The following capabilities are not standard capabilities and should have an extension prefix:
[35m[BaseDriver][39m   platform
[35m[BaseDriver][39m   chromedriverPort
[35m[Appium][39m Appium v1.22.0 creating new AndroidUiautomator2Driver (v1.69.0) session
[35m[BaseDriver][39m The following capabilities were provided, but are not recognized by Appium:
[35m[BaseDriver][39m   platform
[35m[BaseDriver][39m Session created with session id: a08b5545-63d9-4050-a741-fe345ebd6e1b
[35m[UiAutomator2][39m Starting 'com.android.settings' directly on the device
[35m[ADB][39m Found 1 'build-tools' folders under '/Users/muhammadyaasin/.katalon/tools/android_sdk' (newest first):
[35m[ADB][39m     /Users/muhammadyaasin/.katalon/tools/android_sdk/build-tools/29.0.3
[35m[ADB][39m Using 'adb' from '/Users/muhammadyaasin/.katalon/tools/android_sdk/platform-tools/adb'
[35m[AndroidDriver][39m Retrieving device list
[35m[AndroidDriver][39m Using device: db3027ce
[35m[ADB][39m Using 'adb' from '/Users/muhammadyaasin/.katalon/tools/android_sdk/platform-tools/adb'
[35m[ADB][39m Getting device platform version
[35m[UiAutomator2][39m Relaxing hidden api policy
[35m[AndroidDriver][39m No app sent in, not parsing package/activity
[35m[ADB][39m Using 'apksigner.jar' from '/Users/muhammadyaasin/.katalon/tools/android_sdk/build-tools/29.0.3/lib/apksigner.jar'
[35m[ADB][39m '/usr/local/lib/node_modules/appium/node_modules/appium-uiautomator2-server/apks/appium-uiautomator2-server-v4.24.0.apk' is signed with the default certificate
[35m[ADB][39m '/usr/local/lib/node_modules/appium/node_modules/appium-uiautomator2-server/apks/appium-uiautomator2-server-debug-androidTest.apk' is signed with the default certificate
[35m[UiAutomator2][39m Server packages are not going to be (re)installed
[35m[ADB][39m Adding packages ["io.appium.settings","io.appium.uiautomator2.server","io.appium.uiautomator2.server.test"] to Doze whitelist
[35m[UiAutomator2][39m Starting UIAutomator2 server 4.24.0
[35m[UiAutomator2][39m Using UIAutomator2 server from '/usr/local/lib/node_modules/appium/node_modules/appium-uiautomator2-server/apks/appium-uiautomator2-server-v4.24.0.apk' and test from '/usr/local/lib/node_modules/appium/node_modules/appium-uiautomator2-server/apks/appium-uiautomator2-server-debug-androidTest.apk'
[35m[UiAutomator2][39m Waiting up to 30000ms for UiAutomator2 to be online...
[35m[WD Proxy][39m socket hang up
[35m[WD Proxy][39m socket hang up
[35m[WD Proxy][39m socket hang up
[35m[WD Proxy][39m Determined the downstream protocol as 'W3C'
[35m[AndroidDriver][39m Screen already unlocked, doing nothing
[35m[UiAutomator2][39m Starting 'com.android.settings/.Settings and waiting for 'com.android.settings/.Settings'
[35m[Appium][39m New AndroidUiautomator2Driver session created successfully, session a08b5545-63d9-4050-a741-fe345ebd6e1b added to master session list
[35m[HTTP][39m [37m<-- POST /wd/hub/session [39m[32m200[39m [90m9366 ms - 1133[39m
[35m[HTTP][39m [90m[39m
[35m[HTTP][39m [37m-->[39m [37mGET[39m [37m/wd/hub/session/a08b5545-63d9-4050-a741-fe345ebd6e1b[39m
[35m[HTTP][39m [90m{}[39m
[35m[HTTP][39m [37m<-- GET /wd/hub/session/a08b5545-63d9-4050-a741-fe345ebd6e1b [39m[32m200[39m [90m14 ms - 1087[39m
[35m[HTTP][39m [90m[39m
[35m[HTTP][39m [37m-->[39m [37mGET[39m [37m/wd/hub/session/a08b5545-63d9-4050-a741-fe345ebd6e1b[39m
[35m[HTTP][39m [90m{}[39m
[35m[HTTP][39m [37m<-- GET /wd/hub/session/a08b5545-63d9-4050-a741-fe345ebd6e1b [39m[32m200[39m [90m24 ms - 1087[39m
[35m[HTTP][39m [90m[39m
[35m[HTTP][39m [37m-->[39m [37mGET[39m [37m/wd/hub/status[39m
[35m[HTTP][39m [90m{}[39m
[35m[HTTP][39m [37m<-- GET /wd/hub/status [39m[32m200[39m [90m1 ms - 68[39m
[35m[HTTP][39m [90m[39m
[35m[HTTP][39m [37m-->[39m [37mPOST[39m [37m/wd/hub/session/a08b5545-63d9-4050-a741-fe345ebd6e1b/timeouts[39m
[35m[HTTP][39m [90m{"implicit":30000}[39m
[35m[HTTP][39m [37m<-- POST /wd/hub/session/a08b5545-63d9-4050-a741-fe345ebd6e1b/timeouts [39m[32m200[39m [90m2 ms - 14[39m
[35m[HTTP][39m [90m[39m
[35m[HTTP][39m [37m-->[39m [37mGET[39m [37m/wd/hub/session/a08b5545-63d9-4050-a741-fe345ebd6e1b/screenshot[39m
[35m[HTTP][39m [90m{}[39m
[35m[HTTP][39m [37m<-- GET /wd/hub/session/a08b5545-63d9-4050-a741-fe345ebd6e1b/screenshot [39m[32m200[39m [90m784 ms - 249756[39m
[35m[HTTP][39m [90m[39m
[35m[HTTP][39m [37m-->[39m [37mGET[39m [37m/wd/hub/session/a08b5545-63d9-4050-a741-fe345ebd6e1b/window/rect[39m
[35m[HTTP][39m [90m{}[39m
[35m[HTTP][39m [37m<-- GET /wd/hub/session/a08b5545-63d9-4050-a741-fe345ebd6e1b/window/rect [39m[32m200[39m [90m47 ms - 50[39m
[35m[HTTP][39m [90m[39m
[35m[HTTP][39m [37m-->[39m [37mGET[39m [37m/wd/hub/session/a08b5545-63d9-4050-a741-fe345ebd6e1b/appium/device/system_bars[39m
[35m[HTTP][39m [90m{}[39m
[35m[HTTP][39m [37m<-- GET /wd/hub/session/a08b5545-63d9-4050-a741-fe345ebd6e1b/appium/device/system_bars [39m[32m200[39m [90m198 ms - 148[39m
[35m[HTTP][39m [90m[39m
[35m[HTTP][39m [37m-->[39m [37mPOST[39m [37m/wd/hub/session/a08b5545-63d9-4050-a741-fe345ebd6e1b/appium/device/activate_app[39m
[35m[HTTP][39m [90m{"bundleId":"com.she.sehatq"}[39m
[35m[HTTP][39m [37m<-- POST /wd/hub/session/a08b5545-63d9-4050-a741-fe345ebd6e1b/appium/device/activate_app [39m[32m200[39m [90m571 ms - 14[39m
[35m[HTTP][39m [90m[39m
[35m[HTTP][39m [37m-->[39m [37mPOST[39m [37m/wd/hub/session/a08b5545-63d9-4050-a741-fe345ebd6e1b/timeouts[39m
[35m[HTTP][39m [90m{"implicit":50}[39m
[35m[HTTP][39m [37m<-- POST /wd/hub/session/a08b5545-63d9-4050-a741-fe345ebd6e1b/timeouts [39m[32m200[39m [90m3 ms - 14[39m
[35m[HTTP][39m [90m[39m
[35m[HTTP][39m [37m-->[39m [37mGET[39m [37m/wd/hub/session/a08b5545-63d9-4050-a741-fe345ebd6e1b/window/rect[39m
[35m[HTTP][39m [90m{}[39m
[35m[HTTP][39m [37m<-- GET /wd/hub/session/a08b5545-63d9-4050-a741-fe345ebd6e1b/window/rect [39m[32m200[39m [90m20 ms - 50[39m
[35m[HTTP][39m [90m[39m
[35m[HTTP][39m [37m-->[39m [37mPOST[39m [37m/wd/hub/session/a08b5545-63d9-4050-a741-fe345ebd6e1b/elements[39m
[35m[HTTP][39m [90m{"using":"xpath","value":"//*[@class = 'android.widget.TextView' and (@text = 'Tidak' or . = 'Tidak') and @resource-id = 'com.she.sehatq:id/tv_dismiss']"}[39m
[35m[HTTP][39m [37m<-- POST /wd/hub/session/a08b5545-63d9-4050-a741-fe345ebd6e1b/elements [39m[32m200[39m [90m880 ms - 12[39m
[35m[HTTP][39m [90m[39m
[35m[HTTP][39m [37m-->[39m [37mPOST[39m [37m/wd/hub/session/a08b5545-63d9-4050-a741-fe345ebd6e1b/elements[39m
[35m[HTTP][39m [90m{"using":"xpath","value":"//*[@class = 'android.widget.TextView' and (@text = 'Tidak' or . = 'Tidak') and @resource-id = 'com.she.sehatq:id/tv_dismiss']"}[39m
[35m[HTTP][39m [37m<-- POST /wd/hub/session/a08b5545-63d9-4050-a741-fe345ebd6e1b/elements [39m[32m200[39m [90m373 ms - 12[39m
[35m[HTTP][39m [90m[39m
[35m[HTTP][39m [37m-->[39m [37mPOST[39m [37m/wd/hub/session/a08b5545-63d9-4050-a741-fe345ebd6e1b/elements[39m
[35m[HTTP][39m [90m{"using":"xpath","value":"//*[@class = 'android.widget.TextView' and (@text = 'Tidak' or . = 'Tidak') and @resource-id = 'com.she.sehatq:id/tv_dismiss']"}[39m
[35m[HTTP][39m [37m<-- POST /wd/hub/session/a08b5545-63d9-4050-a741-fe345ebd6e1b/elements [39m[32m200[39m [90m408 ms - 12[39m
[35m[HTTP][39m [90m[39m
[35m[HTTP][39m [37m-->[39m [37mPOST[39m [37m/wd/hub/session/a08b5545-63d9-4050-a741-fe345ebd6e1b/elements[39m
[35m[HTTP][39m [90m{"using":"xpath","value":"//*[@class = 'android.widget.TextView' and (@text = 'Tidak' or . = 'Tidak') and @resource-id = 'com.she.sehatq:id/tv_dismiss']"}[39m
[35m[HTTP][39m [37m<-- POST /wd/hub/session/a08b5545-63d9-4050-a741-fe345ebd6e1b/elements [39m[32m200[39m [90m92 ms - 12[39m
[35m[HTTP][39m [90m[39m
[35m[HTTP][39m [37m-->[39m [37mPOST[39m [37m/wd/hub/session/a08b5545-63d9-4050-a741-fe345ebd6e1b/elements[39m
[35m[HTTP][39m [90m{"using":"xpath","value":"//*[@class = 'android.widget.TextView' and (@text = 'Tidak' or . = 'Tidak') and @resource-id = 'com.she.sehatq:id/tv_dismiss']"}[39m
[35m[HTTP][39m [37m<-- POST /wd/hub/session/a08b5545-63d9-4050-a741-fe345ebd6e1b/elements [39m[32m200[39m [90m96 ms - 12[39m
[35m[HTTP][39m [90m[39m
[35m[HTTP][39m [37m-->[39m [37mPOST[39m [37m/wd/hub/session/a08b5545-63d9-4050-a741-fe345ebd6e1b/elements[39m
[35m[HTTP][39m [90m{"using":"xpath","value":"//*[@class = 'android.widget.TextView' and (@text = 'Tidak' or . = 'Tidak') and @resource-id = 'com.she.sehatq:id/tv_dismiss']"}[39m
[35m[HTTP][39m [37m<-- POST /wd/hub/session/a08b5545-63d9-4050-a741-fe345ebd6e1b/elements [39m[32m200[39m [90m100 ms - 12[39m
[35m[HTTP][39m [90m[39m
[35m[HTTP][39m [37m-->[39m [37mPOST[39m [37m/wd/hub/session/a08b5545-63d9-4050-a741-fe345ebd6e1b/elements[39m
[35m[HTTP][39m [90m{"using":"xpath","value":"//*[@class = 'android.widget.TextView' and (@text = 'Tidak' or . = 'Tidak') and @resource-id = 'com.she.sehatq:id/tv_dismiss']"}[39m
[35m[HTTP][39m [37m<-- POST /wd/hub/session/a08b5545-63d9-4050-a741-fe345ebd6e1b/elements [39m[32m200[39m [90m84 ms - 12[39m
[35m[HTTP][39m [90m[39m
[35m[HTTP][39m [37m-->[39m [37mPOST[39m [37m/wd/hub/session/a08b5545-63d9-4050-a741-fe345ebd6e1b/elements[39m
[35m[HTTP][39m [90m{"using":"xpath","value":"//*[@class = 'android.widget.TextView' and (@text = 'Tidak' or . = 'Tidak') and @resource-id = 'com.she.sehatq:id/tv_dismiss']"}[39m
[35m[HTTP][39m [37m<-- POST /wd/hub/session/a08b5545-63d9-4050-a741-fe345ebd6e1b/elements [39m[32m200[39m [90m553 ms - 12[39m
[35m[HTTP][39m [90m[39m
[35m[HTTP][39m [37m-->[39m [37mPOST[39m [37m/wd/hub/session/a08b5545-63d9-4050-a741-fe345ebd6e1b/elements[39m
[35m[HTTP][39m [90m{"using":"xpath","value":"//*[@class = 'android.widget.TextView' and (@text = 'Tidak' or . = 'Tidak') and @resource-id = 'com.she.sehatq:id/tv_dismiss']"}[39m
[35m[HTTP][39m [37m<-- POST /wd/hub/session/a08b5545-63d9-4050-a741-fe345ebd6e1b/elements [39m[32m200[39m [90m1163 ms - 139[39m
[35m[HTTP][39m [90m[39m
[35m[HTTP][39m [37m-->[39m [37mGET[39m [37m/wd/hub/session/a08b5545-63d9-4050-a741-fe345ebd6e1b/element/00000000-0000-0b1c-ffff-ffff0000001b/location[39m
[35m[HTTP][39m [90m{}[39m
[35m[W3C (a08b5545)][39m Driver proxy active, passing request on via HTTP proxy
[35m[WD Proxy][39m Replacing sessionId 49f6765e-7802-49ef-a3c4-48f6545d5872 with a08b5545-63d9-4050-a741-fe345ebd6e1b
[35m[HTTP][39m [37m<-- GET /wd/hub/session/a08b5545-63d9-4050-a741-fe345ebd6e1b/element/00000000-0000-0b1c-ffff-ffff0000001b/location [39m[32m200[39m [90m299 ms - 78[39m
[35m[HTTP][39m [90m[39m
[35m[HTTP][39m [37m-->[39m [37mPOST[39m [37m/wd/hub/session/a08b5545-63d9-4050-a741-fe345ebd6e1b/timeouts[39m
[35m[HTTP][39m [90m{"implicit":30000}[39m
[35m[HTTP][39m [37m<-- POST /wd/hub/session/a08b5545-63d9-4050-a741-fe345ebd6e1b/timeouts [39m[32m200[39m [90m1 ms - 14[39m
[35m[HTTP][39m [90m[39m
[35m[HTTP][39m [37m-->[39m [37mPOST[39m [37m/wd/hub/session/a08b5545-63d9-4050-a741-fe345ebd6e1b/touch/perform[39m
[35m[HTTP][39m [90m{"actions":[{"action":"tap","options":{"x":1,"y":1,"element":"00000000-0000-0b1c-ffff-ffff0000001b"}},{"action":"release","options":{}}]}[39m
[35m[UiAutomator2][39m calling get location: 00000000-0000-0b1c-ffff-ffff0000001b
[35m[HTTP][39m [37m<-- POST /wd/hub/session/a08b5545-63d9-4050-a741-fe345ebd6e1b/touch/perform [39m[32m200[39m [90m258 ms - 14[39m
[35m[HTTP][39m [90m[39m
[35m[HTTP][39m [37m-->[39m [37mPOST[39m [37m/wd/hub/session/a08b5545-63d9-4050-a741-fe345ebd6e1b/timeouts[39m
[35m[HTTP][39m [90m{"implicit":50}[39m
[35m[HTTP][39m [37m<-- POST /wd/hub/session/a08b5545-63d9-4050-a741-fe345ebd6e1b/timeouts [39m[32m200[39m [90m2 ms - 14[39m
[35m[HTTP][39m [90m[39m
[35m[HTTP][39m [37m-->[39m [37mGET[39m [37m/wd/hub/session/a08b5545-63d9-4050-a741-fe345ebd6e1b/window/rect[39m
[35m[HTTP][39m [90m{}[39m
[35m[HTTP][39m [37m<-- GET /wd/hub/session/a08b5545-63d9-4050-a741-fe345ebd6e1b/window/rect [39m[32m200[39m [90m15 ms - 50[39m
[35m[HTTP][39m [90m[39m
[35m[HTTP][39m [37m-->[39m [37mPOST[39m [37m/wd/hub/session/a08b5545-63d9-4050-a741-fe345ebd6e1b/elements[39m
[35m[HTTP][39m [90m{"using":"xpath","value":"//*[@class = 'android.widget.ImageView' and @resource-id = 'com.she.sehatq:id/iv_profile_nav' and (@text = '' or . = '')]"}[39m
[35m[HTTP][39m [37m<-- POST /wd/hub/session/a08b5545-63d9-4050-a741-fe345ebd6e1b/elements [39m[32m200[39m [90m618 ms - 139[39m
[35m[HTTP][39m [90m[39m
[35m[HTTP][39m [37m-->[39m [37mGET[39m [37m/wd/hub/session/a08b5545-63d9-4050-a741-fe345ebd6e1b/element/00000000-0000-0b1d-ffff-ffff0000002b/location[39m
[35m[HTTP][39m [90m{}[39m
[35m[W3C (a08b5545)][39m Driver proxy active, passing request on via HTTP proxy
[35m[WD Proxy][39m Replacing sessionId 49f6765e-7802-49ef-a3c4-48f6545d5872 with a08b5545-63d9-4050-a741-fe345ebd6e1b
[35m[HTTP][39m [37m<-- GET /wd/hub/session/a08b5545-63d9-4050-a741-fe345ebd6e1b/element/00000000-0000-0b1d-ffff-ffff0000002b/location [39m[32m200[39m [90m30 ms - 78[39m
[35m[HTTP][39m [90m[39m
[35m[HTTP][39m [37m-->[39m [37mPOST[39m [37m/wd/hub/session/a08b5545-63d9-4050-a741-fe345ebd6e1b/timeouts[39m
[35m[HTTP][39m [90m{"implicit":30000}[39m
[35m[HTTP][39m [37m<-- POST /wd/hub/session/a08b5545-63d9-4050-a741-fe345ebd6e1b/timeouts [39m[32m200[39m [90m1 ms - 14[39m
[35m[HTTP][39m [90m[39m
[35m[HTTP][39m [37m-->[39m [37mPOST[39m [37m/wd/hub/session/a08b5545-63d9-4050-a741-fe345ebd6e1b/touch/perform[39m
[35m[HTTP][39m [90m{"actions":[{"action":"tap","options":{"x":1,"y":1,"element":"00000000-0000-0b1d-ffff-ffff0000002b"}},{"action":"release","options":{}}]}[39m
[35m[UiAutomator2][39m calling get location: 00000000-0000-0b1d-ffff-ffff0000002b
[35m[HTTP][39m [37m<-- POST /wd/hub/session/a08b5545-63d9-4050-a741-fe345ebd6e1b/touch/perform [39m[32m200[39m [90m219 ms - 14[39m
[35m[HTTP][39m [90m[39m
[35m[HTTP][39m [37m-->[39m [37mPOST[39m [37m/wd/hub/session/a08b5545-63d9-4050-a741-fe345ebd6e1b/timeouts[39m
[35m[HTTP][39m [90m{"implicit":50}[39m
[35m[HTTP][39m [37m<-- POST /wd/hub/session/a08b5545-63d9-4050-a741-fe345ebd6e1b/timeouts [39m[32m200[39m [90m1 ms - 14[39m
[35m[HTTP][39m [90m[39m
[35m[HTTP][39m [37m-->[39m [37mGET[39m [37m/wd/hub/session/a08b5545-63d9-4050-a741-fe345ebd6e1b/window/rect[39m
[35m[HTTP][39m [90m{}[39m
[35m[HTTP][39m [37m<-- GET /wd/hub/session/a08b5545-63d9-4050-a741-fe345ebd6e1b/window/rect [39m[32m200[39m [90m14 ms - 50[39m
[35m[HTTP][39m [90m[39m
[35m[HTTP][39m [37m-->[39m [37mPOST[39m [37m/wd/hub/session/a08b5545-63d9-4050-a741-fe345ebd6e1b/elements[39m
[35m[HTTP][39m [90m{"using":"xpath","value":"//*[@class = 'android.widget.TextView' and (@text = 'Daftar' or . = 'Daftar') and @resource-id = 'com.she.sehatq:id/tv_signup']"}[39m
[35m[HTTP][39m [37m<-- POST /wd/hub/session/a08b5545-63d9-4050-a741-fe345ebd6e1b/elements [39m[32m200[39m [90m1376 ms - 139[39m
[35m[HTTP][39m [90m[39m
[35m[HTTP][39m [37m-->[39m [37mGET[39m [37m/wd/hub/session/a08b5545-63d9-4050-a741-fe345ebd6e1b/element/00000000-0000-0b1e-ffff-ffff000002e1/location[39m
[35m[HTTP][39m [90m{}[39m
[35m[W3C (a08b5545)][39m Driver proxy active, passing request on via HTTP proxy
[35m[WD Proxy][39m Replacing sessionId 49f6765e-7802-49ef-a3c4-48f6545d5872 with a08b5545-63d9-4050-a741-fe345ebd6e1b
[35m[HTTP][39m [37m<-- GET /wd/hub/session/a08b5545-63d9-4050-a741-fe345ebd6e1b/element/00000000-0000-0b1e-ffff-ffff000002e1/location [39m[32m200[39m [90m547 ms - 79[39m
[35m[HTTP][39m [90m[39m
[35m[HTTP][39m [37m-->[39m [37mPOST[39m [37m/wd/hub/session/a08b5545-63d9-4050-a741-fe345ebd6e1b/timeouts[39m
[35m[HTTP][39m [90m{"implicit":30000}[39m
[35m[HTTP][39m [37m<-- POST /wd/hub/session/a08b5545-63d9-4050-a741-fe345ebd6e1b/timeouts [39m[32m200[39m [90m4 ms - 14[39m
[35m[HTTP][39m [90m[39m
[35m[HTTP][39m [37m-->[39m [37mPOST[39m [37m/wd/hub/session/a08b5545-63d9-4050-a741-fe345ebd6e1b/touch/perform[39m
[35m[HTTP][39m [90m{"actions":[{"action":"tap","options":{"x":1,"y":1,"element":"00000000-0000-0b1e-ffff-ffff000002e1"}},{"action":"release","options":{}}]}[39m
[35m[UiAutomator2][39m calling get location: 00000000-0000-0b1e-ffff-ffff000002e1
[35m[HTTP][39m [37m<-- POST /wd/hub/session/a08b5545-63d9-4050-a741-fe345ebd6e1b/touch/perform [39m[32m200[39m [90m243 ms - 14[39m
[35m[HTTP][39m [90m[39m
[35m[HTTP][39m [37m-->[39m [37mPOST[39m [37m/wd/hub/session/a08b5545-63d9-4050-a741-fe345ebd6e1b/timeouts[39m
[35m[HTTP][39m [90m{"implicit":50}[39m
[35m[HTTP][39m [37m<-- POST /wd/hub/session/a08b5545-63d9-4050-a741-fe345ebd6e1b/timeouts [39m[32m200[39m [90m1 ms - 14[39m
[35m[HTTP][39m [90m[39m
[35m[HTTP][39m [37m-->[39m [37mGET[39m [37m/wd/hub/session/a08b5545-63d9-4050-a741-fe345ebd6e1b/window/rect[39m
[35m[HTTP][39m [90m{}[39m
[35m[HTTP][39m [37m<-- GET /wd/hub/session/a08b5545-63d9-4050-a741-fe345ebd6e1b/window/rect [39m[32m200[39m [90m11 ms - 50[39m
[35m[HTTP][39m [90m[39m
[35m[HTTP][39m [37m-->[39m [37mPOST[39m [37m/wd/hub/session/a08b5545-63d9-4050-a741-fe345ebd6e1b/elements[39m
[35m[HTTP][39m [90m{"using":"xpath","value":"//*[@class = 'android.widget.EditText' and (@text = 'Nama Lengkap' or . = 'Nama Lengkap') and @resource-id = 'com.she.sehatq:id/et_input']"}[39m
[35m[HTTP][39m [37m<-- POST /wd/hub/session/a08b5545-63d9-4050-a741-fe345ebd6e1b/elements [39m[32m200[39m [90m1013 ms - 139[39m
[35m[HTTP][39m [90m[39m
[35m[HTTP][39m [37m-->[39m [37mGET[39m [37m/wd/hub/session/a08b5545-63d9-4050-a741-fe345ebd6e1b/element/00000000-0000-0b1e-ffff-ffff000002ed/location[39m
[35m[HTTP][39m [90m{}[39m
[35m[W3C (a08b5545)][39m Driver proxy active, passing request on via HTTP proxy
[35m[WD Proxy][39m Replacing sessionId 49f6765e-7802-49ef-a3c4-48f6545d5872 with a08b5545-63d9-4050-a741-fe345ebd6e1b
[35m[HTTP][39m [37m<-- GET /wd/hub/session/a08b5545-63d9-4050-a741-fe345ebd6e1b/element/00000000-0000-0b1e-ffff-ffff000002ed/location [39m[32m200[39m [90m544 ms - 77[39m
[35m[HTTP][39m [90m[39m
[35m[HTTP][39m [37m-->[39m [37mPOST[39m [37m/wd/hub/session/a08b5545-63d9-4050-a741-fe345ebd6e1b/timeouts[39m
[35m[HTTP][39m [90m{"implicit":30000}[39m
[35m[HTTP][39m [37m<-- POST /wd/hub/session/a08b5545-63d9-4050-a741-fe345ebd6e1b/timeouts [39m[32m200[39m [90m2 ms - 14[39m
[35m[HTTP][39m [90m[39m
[35m[HTTP][39m [37m-->[39m [37mPOST[39m [37m/wd/hub/session/a08b5545-63d9-4050-a741-fe345ebd6e1b/element/00000000-0000-0b1e-ffff-ffff000002ed/clear[39m
[35m[HTTP][39m [90m{"id":"00000000-0000-0b1e-ffff-ffff000002ed"}[39m
[35m[HTTP][39m [37m<-- POST /wd/hub/session/a08b5545-63d9-4050-a741-fe345ebd6e1b/element/00000000-0000-0b1e-ffff-ffff000002ed/clear [39m[32m200[39m [90m37 ms - 14[39m
[35m[HTTP][39m [90m[39m
[35m[HTTP][39m [37m-->[39m [37mPOST[39m [37m/wd/hub/session/a08b5545-63d9-4050-a741-fe345ebd6e1b/element/00000000-0000-0b1e-ffff-ffff000002ed/value[39m
[35m[HTTP][39m [90m{"id":"00000000-0000-0b1e-ffff-ffff000002ed","text":"coba","value":["c","o","b","a"]}[39m
[35m[HTTP][39m [37m<-- POST /wd/hub/session/a08b5545-63d9-4050-a741-fe345ebd6e1b/element/00000000-0000-0b1e-ffff-ffff000002ed/value [39m[32m200[39m [90m1077 ms - 14[39m
[35m[HTTP][39m [90m[39m
[35m[HTTP][39m [37m-->[39m [37mPOST[39m [37m/wd/hub/session/a08b5545-63d9-4050-a741-fe345ebd6e1b/timeouts[39m
[35m[HTTP][39m [90m{"implicit":50}[39m
[35m[HTTP][39m [37m<-- POST /wd/hub/session/a08b5545-63d9-4050-a741-fe345ebd6e1b/timeouts [39m[32m200[39m [90m1 ms - 14[39m
[35m[HTTP][39m [90m[39m
[35m[HTTP][39m [37m-->[39m [37mGET[39m [37m/wd/hub/session/a08b5545-63d9-4050-a741-fe345ebd6e1b/window/rect[39m
[35m[HTTP][39m [90m{}[39m
[35m[HTTP][39m [37m<-- GET /wd/hub/session/a08b5545-63d9-4050-a741-fe345ebd6e1b/window/rect [39m[32m200[39m [90m34 ms - 50[39m
[35m[HTTP][39m [90m[39m
[35m[HTTP][39m [37m-->[39m [37mPOST[39m [37m/wd/hub/session/a08b5545-63d9-4050-a741-fe345ebd6e1b/elements[39m
[35m[HTTP][39m [90m{"using":"xpath","value":"//*[@class = 'android.widget.EditText' and (@text = 'Email' or . = 'Email') and @resource-id = 'com.she.sehatq:id/et_input']"}[39m
[35m[HTTP][39m [37m<-- POST /wd/hub/session/a08b5545-63d9-4050-a741-fe345ebd6e1b/elements [39m[32m200[39m [90m564 ms - 139[39m
[35m[HTTP][39m [90m[39m
[35m[HTTP][39m [37m-->[39m [37mGET[39m [37m/wd/hub/session/a08b5545-63d9-4050-a741-fe345ebd6e1b/element/00000000-0000-0b1e-ffff-ffff0000030d/location[39m
[35m[HTTP][39m [90m{}[39m
[35m[W3C (a08b5545)][39m Driver proxy active, passing request on via HTTP proxy
[35m[WD Proxy][39m Replacing sessionId 49f6765e-7802-49ef-a3c4-48f6545d5872 with a08b5545-63d9-4050-a741-fe345ebd6e1b
[35m[HTTP][39m [37m<-- GET /wd/hub/session/a08b5545-63d9-4050-a741-fe345ebd6e1b/element/00000000-0000-0b1e-ffff-ffff0000030d/location [39m[32m200[39m [90m28 ms - 77[39m
[35m[HTTP][39m [90m[39m
[35m[HTTP][39m [37m-->[39m [37mPOST[39m [37m/wd/hub/session/a08b5545-63d9-4050-a741-fe345ebd6e1b/timeouts[39m
[35m[HTTP][39m [90m{"implicit":30000}[39m
[35m[HTTP][39m [37m<-- POST /wd/hub/session/a08b5545-63d9-4050-a741-fe345ebd6e1b/timeouts [39m[32m200[39m [90m2 ms - 14[39m
[35m[HTTP][39m [90m[39m
[35m[HTTP][39m [37m-->[39m [37mPOST[39m [37m/wd/hub/session/a08b5545-63d9-4050-a741-fe345ebd6e1b/element/00000000-0000-0b1e-ffff-ffff0000030d/clear[39m
[35m[HTTP][39m [90m{"id":"00000000-0000-0b1e-ffff-ffff0000030d"}[39m
[35m[HTTP][39m [37m<-- POST /wd/hub/session/a08b5545-63d9-4050-a741-fe345ebd6e1b/element/00000000-0000-0b1e-ffff-ffff0000030d/clear [39m[32m200[39m [90m43 ms - 14[39m
[35m[HTTP][39m [90m[39m
[35m[HTTP][39m [37m-->[39m [37mPOST[39m [37m/wd/hub/session/a08b5545-63d9-4050-a741-fe345ebd6e1b/element/00000000-0000-0b1e-ffff-ffff0000030d/value[39m
[35m[HTTP][39m [90m{"id":"00000000-0000-0b1e-ffff-ffff0000030d","text":"a2@mail.com","value":["a","2","@","m","a","i","l",".","c","o","m"]}[39m
[35m[HTTP][39m [37m<-- POST /wd/hub/session/a08b5545-63d9-4050-a741-fe345ebd6e1b/element/00000000-0000-0b1e-ffff-ffff0000030d/value [39m[32m200[39m [90m1088 ms - 14[39m
[35m[HTTP][39m [90m[39m
[35m[HTTP][39m [37m-->[39m [37mPOST[39m [37m/wd/hub/session/a08b5545-63d9-4050-a741-fe345ebd6e1b/timeouts[39m
[35m[HTTP][39m [90m{"implicit":50}[39m
[35m[HTTP][39m [37m<-- POST /wd/hub/session/a08b5545-63d9-4050-a741-fe345ebd6e1b/timeouts [39m[32m200[39m [90m1 ms - 14[39m
[35m[HTTP][39m [90m[39m
[35m[HTTP][39m [37m-->[39m [37mGET[39m [37m/wd/hub/session/a08b5545-63d9-4050-a741-fe345ebd6e1b/window/rect[39m
[35m[HTTP][39m [90m{}[39m
[35m[HTTP][39m [37m<-- GET /wd/hub/session/a08b5545-63d9-4050-a741-fe345ebd6e1b/window/rect [39m[32m200[39m [90m30 ms - 50[39m
[35m[HTTP][39m [90m[39m
[35m[HTTP][39m [37m-->[39m [37mPOST[39m [37m/wd/hub/session/a08b5545-63d9-4050-a741-fe345ebd6e1b/elements[39m
[35m[HTTP][39m [90m{"using":"xpath","value":"//*[@class = 'android.widget.EditText' and (@text = 'Password' or . = 'Password') and @resource-id = 'com.she.sehatq:id/et_input']"}[39m
[35m[HTTP][39m [37m<-- POST /wd/hub/session/a08b5545-63d9-4050-a741-fe345ebd6e1b/elements [39m[32m200[39m [90m521 ms - 139[39m
[35m[HTTP][39m [90m[39m
[35m[HTTP][39m [37m-->[39m [37mGET[39m [37m/wd/hub/session/a08b5545-63d9-4050-a741-fe345ebd6e1b/element/00000000-0000-0b1e-ffff-ffff0000032d/location[39m
[35m[HTTP][39m [90m{}[39m
[35m[W3C (a08b5545)][39m Driver proxy active, passing request on via HTTP proxy
[35m[WD Proxy][39m Replacing sessionId 49f6765e-7802-49ef-a3c4-48f6545d5872 with a08b5545-63d9-4050-a741-fe345ebd6e1b
[35m[HTTP][39m [37m<-- GET /wd/hub/session/a08b5545-63d9-4050-a741-fe345ebd6e1b/element/00000000-0000-0b1e-ffff-ffff0000032d/location [39m[32m200[39m [90m43 ms - 77[39m
[35m[HTTP][39m [90m[39m
[35m[HTTP][39m [37m-->[39m [37mPOST[39m [37m/wd/hub/session/a08b5545-63d9-4050-a741-fe345ebd6e1b/timeouts[39m
[35m[HTTP][39m [90m{"implicit":30000}[39m
[35m[HTTP][39m [37m<-- POST /wd/hub/session/a08b5545-63d9-4050-a741-fe345ebd6e1b/timeouts [39m[32m200[39m [90m2 ms - 14[39m
[35m[HTTP][39m [90m[39m
[35m[HTTP][39m [37m-->[39m [37mPOST[39m [37m/wd/hub/session/a08b5545-63d9-4050-a741-fe345ebd6e1b/element/00000000-0000-0b1e-ffff-ffff0000032d/clear[39m
[35m[HTTP][39m [90m{"id":"00000000-0000-0b1e-ffff-ffff0000032d"}[39m
[35m[HTTP][39m [37m<-- POST /wd/hub/session/a08b5545-63d9-4050-a741-fe345ebd6e1b/element/00000000-0000-0b1e-ffff-ffff0000032d/clear [39m[32m200[39m [90m50 ms - 14[39m
[35m[HTTP][39m [90m[39m
[35m[HTTP][39m [37m-->[39m [37mPOST[39m [37m/wd/hub/session/a08b5545-63d9-4050-a741-fe345ebd6e1b/element/00000000-0000-0b1e-ffff-ffff0000032d/value[39m
[35m[HTTP][39m [90m{"id":"00000000-0000-0b1e-ffff-ffff0000032d","text":"123456","value":["1","2","3","4","5","6"]}[39m
[35m[HTTP][39m [37m<-- POST /wd/hub/session/a08b5545-63d9-4050-a741-fe345ebd6e1b/element/00000000-0000-0b1e-ffff-ffff0000032d/value [39m[32m200[39m [90m1106 ms - 14[39m
[35m[HTTP][39m [90m[39m
[35m[HTTP][39m [37m-->[39m [37mPOST[39m [37m/wd/hub/session/a08b5545-63d9-4050-a741-fe345ebd6e1b/timeouts[39m
[35m[HTTP][39m [90m{"implicit":50}[39m
[35m[HTTP][39m [37m<-- POST /wd/hub/session/a08b5545-63d9-4050-a741-fe345ebd6e1b/timeouts [39m[32m200[39m [90m1 ms - 14[39m
[35m[HTTP][39m [90m[39m
[35m[HTTP][39m [37m-->[39m [37mGET[39m [37m/wd/hub/session/a08b5545-63d9-4050-a741-fe345ebd6e1b/window/rect[39m
[35m[HTTP][39m [90m{}[39m
[35m[HTTP][39m [37m<-- GET /wd/hub/session/a08b5545-63d9-4050-a741-fe345ebd6e1b/window/rect [39m[32m200[39m [90m22 ms - 50[39m
[35m[HTTP][39m [90m[39m
[35m[HTTP][39m [37m-->[39m [37mPOST[39m [37m/wd/hub/session/a08b5545-63d9-4050-a741-fe345ebd6e1b/elements[39m
[35m[HTTP][39m [90m{"using":"xpath","value":"//*[@class = 'android.widget.CheckBox' and @resource-id = 'com.she.sehatq:id/cb_terms' and (@text = '' or . = '')]"}[39m
[35m[HTTP][39m [37m<-- POST /wd/hub/session/a08b5545-63d9-4050-a741-fe345ebd6e1b/elements [39m[32m200[39m [90m542 ms - 139[39m
[35m[HTTP][39m [90m[39m
[35m[HTTP][39m [37m-->[39m [37mGET[39m [37m/wd/hub/session/a08b5545-63d9-4050-a741-fe345ebd6e1b/element/00000000-0000-0b1e-ffff-ffff00000348/location[39m
[35m[HTTP][39m [90m{}[39m
[35m[W3C (a08b5545)][39m Driver proxy active, passing request on via HTTP proxy
[35m[WD Proxy][39m Replacing sessionId 49f6765e-7802-49ef-a3c4-48f6545d5872 with a08b5545-63d9-4050-a741-fe345ebd6e1b
[35m[HTTP][39m [37m<-- GET /wd/hub/session/a08b5545-63d9-4050-a741-fe345ebd6e1b/element/00000000-0000-0b1e-ffff-ffff00000348/location [39m[32m200[39m [90m34 ms - 78[39m
[35m[HTTP][39m [90m[39m
[35m[HTTP][39m [37m-->[39m [37mPOST[39m [37m/wd/hub/session/a08b5545-63d9-4050-a741-fe345ebd6e1b/timeouts[39m
[35m[HTTP][39m [90m{"implicit":30000}[39m
[35m[HTTP][39m [37m<-- POST /wd/hub/session/a08b5545-63d9-4050-a741-fe345ebd6e1b/timeouts [39m[32m200[39m [90m1 ms - 14[39m
[35m[HTTP][39m [90m[39m
[35m[HTTP][39m [37m-->[39m [37mPOST[39m [37m/wd/hub/session/a08b5545-63d9-4050-a741-fe345ebd6e1b/touch/perform[39m
[35m[HTTP][39m [90m{"actions":[{"action":"tap","options":{"x":1,"y":1,"element":"00000000-0000-0b1e-ffff-ffff00000348"}},{"action":"release","options":{}}]}[39m
[35m[UiAutomator2][39m calling get location: 00000000-0000-0b1e-ffff-ffff00000348
[35m[HTTP][39m [37m<-- POST /wd/hub/session/a08b5545-63d9-4050-a741-fe345ebd6e1b/touch/perform [39m[32m200[39m [90m249 ms - 14[39m
[35m[HTTP][39m [90m[39m
[35m[HTTP][39m [37m-->[39m [37mPOST[39m [37m/wd/hub/session/a08b5545-63d9-4050-a741-fe345ebd6e1b/timeouts[39m
[35m[HTTP][39m [90m{"implicit":50}[39m
[35m[HTTP][39m [37m<-- POST /wd/hub/session/a08b5545-63d9-4050-a741-fe345ebd6e1b/timeouts [39m[32m200[39m [90m1 ms - 14[39m
[35m[HTTP][39m [90m[39m
[35m[HTTP][39m [37m-->[39m [37mGET[39m [37m/wd/hub/session/a08b5545-63d9-4050-a741-fe345ebd6e1b/window/rect[39m
[35m[HTTP][39m [90m{}[39m
[35m[HTTP][39m [37m<-- GET /wd/hub/session/a08b5545-63d9-4050-a741-fe345ebd6e1b/window/rect [39m[32m200[39m [90m25 ms - 50[39m
[35m[HTTP][39m [90m[39m
[35m[HTTP][39m [37m-->[39m [37mPOST[39m [37m/wd/hub/session/a08b5545-63d9-4050-a741-fe345ebd6e1b/elements[39m
[35m[HTTP][39m [90m{"using":"xpath","value":"//*[@class = 'android.widget.Button' and (@text = 'Daftar' or . = 'Daftar') and @resource-id = 'com.she.sehatq:id/btn_signup']"}[39m
[35m[HTTP][39m [37m<-- POST /wd/hub/session/a08b5545-63d9-4050-a741-fe345ebd6e1b/elements [39m[32m200[39m [90m562 ms - 139[39m
[35m[HTTP][39m [90m[39m
[35m[HTTP][39m [37m-->[39m [37mGET[39m [37m/wd/hub/session/a08b5545-63d9-4050-a741-fe345ebd6e1b/element/00000000-0000-0b1e-ffff-ffff0000034f/location[39m
[35m[HTTP][39m [90m{}[39m
[35m[W3C (a08b5545)][39m Driver proxy active, passing request on via HTTP proxy
[35m[WD Proxy][39m Replacing sessionId 49f6765e-7802-49ef-a3c4-48f6545d5872 with a08b5545-63d9-4050-a741-fe345ebd6e1b
[35m[HTTP][39m [37m<-- GET /wd/hub/session/a08b5545-63d9-4050-a741-fe345ebd6e1b/element/00000000-0000-0b1e-ffff-ffff0000034f/location [39m[32m200[39m [90m25 ms - 78[39m
[35m[HTTP][39m [90m[39m
[35m[HTTP][39m [37m-->[39m [37mPOST[39m [37m/wd/hub/session/a08b5545-63d9-4050-a741-fe345ebd6e1b/timeouts[39m
[35m[HTTP][39m [90m{"implicit":30000}[39m
[35m[HTTP][39m [37m<-- POST /wd/hub/session/a08b5545-63d9-4050-a741-fe345ebd6e1b/timeouts [39m[32m200[39m [90m1 ms - 14[39m
[35m[HTTP][39m [90m[39m
[35m[HTTP][39m [37m-->[39m [37mPOST[39m [37m/wd/hub/session/a08b5545-63d9-4050-a741-fe345ebd6e1b/touch/perform[39m
[35m[HTTP][39m [90m{"actions":[{"action":"tap","options":{"x":1,"y":1,"element":"00000000-0000-0b1e-ffff-ffff0000034f"}},{"action":"release","options":{}}]}[39m
[35m[UiAutomator2][39m calling get location: 00000000-0000-0b1e-ffff-ffff0000034f
[35m[HTTP][39m [37m<-- POST /wd/hub/session/a08b5545-63d9-4050-a741-fe345ebd6e1b/touch/perform [39m[32m200[39m [90m224 ms - 14[39m
[35m[HTTP][39m [90m[39m
[35m[HTTP][39m [37m-->[39m [37mPOST[39m [37m/wd/hub/session/a08b5545-63d9-4050-a741-fe345ebd6e1b/timeouts[39m
[35m[HTTP][39m [90m{"implicit":50}[39m
[35m[HTTP][39m [37m<-- POST /wd/hub/session/a08b5545-63d9-4050-a741-fe345ebd6e1b/timeouts [39m[32m200[39m [90m1 ms - 14[39m
[35m[HTTP][39m [90m[39m
[35m[HTTP][39m [37m-->[39m [37mGET[39m [37m/wd/hub/session/a08b5545-63d9-4050-a741-fe345ebd6e1b/window/rect[39m
[35m[HTTP][39m [90m{}[39m
[35m[HTTP][39m [37m<-- GET /wd/hub/session/a08b5545-63d9-4050-a741-fe345ebd6e1b/window/rect [39m[32m200[39m [90m45 ms - 50[39m
[35m[HTTP][39m [90m[39m
[35m[HTTP][39m [37m-->[39m [37mPOST[39m [37m/wd/hub/session/a08b5545-63d9-4050-a741-fe345ebd6e1b/elements[39m
[35m[HTTP][39m [90m{"using":"xpath","value":"//*[@class = 'android.widget.TextView' and (@text = 'Email sudah ada, mohon gunakan email lain' or . = 'Email sudah ada, mohon gunakan email lain') and @resource-id = 'com.she.sehatq:id/tv_detail']"}[39m
[35m[HTTP][39m [37m<-- POST /wd/hub/session/a08b5545-63d9-4050-a741-fe345ebd6e1b/elements [39m[32m200[39m [90m776 ms - 139[39m
[35m[HTTP][39m [90m[39m
[35m[HTTP][39m [37m-->[39m [37mGET[39m [37m/wd/hub/session/a08b5545-63d9-4050-a741-fe345ebd6e1b/element/00000000-0000-0b1f-ffff-ffff00000379/location[39m
[35m[HTTP][39m [90m{}[39m
[35m[W3C (a08b5545)][39m Driver proxy active, passing request on via HTTP proxy
[35m[WD Proxy][39m Replacing sessionId 49f6765e-7802-49ef-a3c4-48f6545d5872 with a08b5545-63d9-4050-a741-fe345ebd6e1b
[35m[HTTP][39m [37m<-- GET /wd/hub/session/a08b5545-63d9-4050-a741-fe345ebd6e1b/element/00000000-0000-0b1f-ffff-ffff00000379/location [39m[32m200[39m [90m26 ms - 79[39m
[35m[HTTP][39m [90m[39m
[35m[HTTP][39m [37m-->[39m [37mPOST[39m [37m/wd/hub/session/a08b5545-63d9-4050-a741-fe345ebd6e1b/timeouts[39m
[35m[HTTP][39m [90m{"implicit":30000}[39m
[35m[HTTP][39m [37m<-- POST /wd/hub/session/a08b5545-63d9-4050-a741-fe345ebd6e1b/timeouts [39m[32m200[39m [90m1 ms - 14[39m
[35m[HTTP][39m [90m[39m
[35m[HTTP][39m [37m-->[39m [37mPOST[39m [37m/wd/hub/session/a08b5545-63d9-4050-a741-fe345ebd6e1b/timeouts[39m
[35m[HTTP][39m [90m{"implicit":50}[39m
[35m[HTTP][39m [37m<-- POST /wd/hub/session/a08b5545-63d9-4050-a741-fe345ebd6e1b/timeouts [39m[32m200[39m [90m1 ms - 14[39m
[35m[HTTP][39m [90m[39m
[35m[HTTP][39m [37m-->[39m [37mGET[39m [37m/wd/hub/session/a08b5545-63d9-4050-a741-fe345ebd6e1b/window/rect[39m
[35m[HTTP][39m [90m{}[39m
[35m[HTTP][39m [37m<-- GET /wd/hub/session/a08b5545-63d9-4050-a741-fe345ebd6e1b/window/rect [39m[32m200[39m [90m48 ms - 50[39m
[35m[HTTP][39m [90m[39m
[35m[HTTP][39m [37m-->[39m [37mPOST[39m [37m/wd/hub/session/a08b5545-63d9-4050-a741-fe345ebd6e1b/elements[39m
[35m[HTTP][39m [90m{"using":"xpath","value":"//*[@class = 'android.widget.Button' and (@text = 'OK' or . = 'OK') and @resource-id = 'com.she.sehatq:id/btn_ok']"}[39m
[35m[HTTP][39m [37m<-- POST /wd/hub/session/a08b5545-63d9-4050-a741-fe345ebd6e1b/elements [39m[32m200[39m [90m79 ms - 139[39m
[35m[HTTP][39m [90m[39m
[35m[HTTP][39m [37m-->[39m [37mGET[39m [37m/wd/hub/session/a08b5545-63d9-4050-a741-fe345ebd6e1b/element/00000000-0000-0b1f-ffff-ffff0000037a/location[39m
[35m[HTTP][39m [90m{}[39m
[35m[W3C (a08b5545)][39m Driver proxy active, passing request on via HTTP proxy
[35m[WD Proxy][39m Replacing sessionId 49f6765e-7802-49ef-a3c4-48f6545d5872 with a08b5545-63d9-4050-a741-fe345ebd6e1b
[35m[HTTP][39m [37m<-- GET /wd/hub/session/a08b5545-63d9-4050-a741-fe345ebd6e1b/element/00000000-0000-0b1f-ffff-ffff0000037a/location [39m[32m200[39m [90m39 ms - 78[39m
[35m[HTTP][39m [90m[39m
[35m[HTTP][39m [37m-->[39m [37mPOST[39m [37m/wd/hub/session/a08b5545-63d9-4050-a741-fe345ebd6e1b/timeouts[39m
[35m[HTTP][39m [90m{"implicit":30000}[39m
[35m[HTTP][39m [37m<-- POST /wd/hub/session/a08b5545-63d9-4050-a741-fe345ebd6e1b/timeouts [39m[32m200[39m [90m1 ms - 14[39m
[35m[HTTP][39m [90m[39m
[35m[HTTP][39m [37m-->[39m [37mPOST[39m [37m/wd/hub/session/a08b5545-63d9-4050-a741-fe345ebd6e1b/touch/perform[39m
[35m[HTTP][39m [90m{"actions":[{"action":"tap","options":{"x":1,"y":1,"element":"00000000-0000-0b1f-ffff-ffff0000037a"}},{"action":"release","options":{}}]}[39m
[35m[UiAutomator2][39m calling get location: 00000000-0000-0b1f-ffff-ffff0000037a
[35m[HTTP][39m [37m<-- POST /wd/hub/session/a08b5545-63d9-4050-a741-fe345ebd6e1b/touch/perform [39m[32m200[39m [90m225 ms - 14[39m
[35m[HTTP][39m [90m[39m
[35m[HTTP][39m [37m-->[39m [37mGET[39m [37m/wd/hub/status[39m
[35m[HTTP][39m [90m{}[39m
[35m[HTTP][39m [37m<-- GET /wd/hub/status [39m[32m200[39m [90m1 ms - 68[39m
[35m[HTTP][39m [90m[39m
[35m[HTTP][39m [37m-->[39m [37mPOST[39m [37m/wd/hub/session[39m
[35m[HTTP][39m [90m{"desiredCapabilities":{"appActivity":".Settings","appPackage":"com.android.settings","newCommandTimeout":1800,"platformVersion":"11","automationName":"uiautomator2","autoGrantPermissions":true,"platformName":"Android","udid":"db3027ce","deviceName":"vivo V2022 (Android 11)","platform":"ANDROID","systemPort":8239},"capabilities":{"firstMatch":[{"appium:appActivity":".Settings","appium:appPackage":"com.android.settings","appium:autoGrantPermissions":true,"appium:automationName":"uiautomator2","appium:deviceName":"vivo V2022 (Android 11)","appium:newCommandTimeout":1800,"platform":"ANDROID","platformName":"android","appium:platformVersion":"11","appium:systemPort":8239,"appium:udid":"db3027ce"}]}}[39m
[35m[BaseDriver][39m The following capabilities are not standard capabilities and should have an extension prefix:
[35m[BaseDriver][39m   platform
[35m[BaseDriver][39m   chromedriverPort
[35m[Appium][39m Appium v1.22.0 creating new AndroidUiautomator2Driver (v1.69.0) session
[35m[BaseDriver][39m The following capabilities were provided, but are not recognized by Appium:
[35m[BaseDriver][39m   platform
[35m[BaseDriver][39m Session created with session id: 601cb7d1-b333-4f5f-8811-67820cedb3cf
[35m[UiAutomator2][39m Starting 'com.android.settings' directly on the device
[35m[ADB][39m Using 'adb' from '/Users/muhammadyaasin/.katalon/tools/android_sdk/platform-tools/adb'
[35m[AndroidDriver][39m Retrieving device list
[35m[AndroidDriver][39m Using device: db3027ce
[35m[ADB][39m Using 'adb' from '/Users/muhammadyaasin/.katalon/tools/android_sdk/platform-tools/adb'
[35m[ADB][39m Getting device platform version
[35m[UiAutomator2][39m Relaxing hidden api policy
[35m[AndroidDriver][39m No app sent in, not parsing package/activity
[35m[UiAutomator2][39m Restoring hidden api policy to the device default configuration
[35m[HTTP][39m [37m<-- POST /wd/hub/session [39m[31m500[39m [90m1774 ms - 1135[39m
[35m[HTTP][39m [90m[39m
[35m[HTTP][39m [37m-->[39m [37mDELETE[39m [37m/wd/hub/session/a08b5545-63d9-4050-a741-fe345ebd6e1b[39m
[35m[HTTP][39m [90m{}[39m
[35m[Appium][39m Removing session a08b5545-63d9-4050-a741-fe345ebd6e1b from our master session list
[35m[UiAutomator2][39m Unable to remove system port forward: Error executing adbExec. Original error: 'Command '/Users/muhammadyaasin/.katalon/tools/android_sdk/platform-tools/adb -P 5037 -s db3027ce forward --remove tcp\:8239' exited with code 1'; Stderr: 'adb: error: listener 'tcp:8239' not found'; Code: '1'
[35m[UiAutomator2][39m Restoring hidden api policy to the device default configuration
[35m[HTTP][39m [37m<-- DELETE /wd/hub/session/a08b5545-63d9-4050-a741-fe345ebd6e1b [39m[32m200[39m [90m448 ms - 14[39m
[35m[HTTP][39m [90m[39m
