[35m[Appium][39m Welcome to Appium v1.22.0
[35m[Appium][39m Non-default server args:
[35m[Appium][39m   port: 58179
[35m[Appium][39m   loglevel: info
[35m[Appium][39m   tmpDir: /var/folders/wv/rdwfrh89255gqff9kdgxs_t40000gp/T//Katalon/Appium/Temp1636167179694
[35m[Appium][39m   chromedriverPort: 58180
[35m[Appium][39m Deprecated server args:
[35m[Appium][39m   [31m--chromedriver-port[39m => --default-capabilities
[35m[Appium][39m Default capabilities, which will be added to each request unless overridden by desired capabilities:
[35m[Appium][39m   chromedriverPort: 58180
[35m[Appium][39m Appium REST http interface listener started on 0.0.0.0:58179
[35m[HTTP][39m [37m-->[39m [37mGET[39m [37m/wd/hub/status[39m
[35m[HTTP][39m [90m{}[39m
[35m[HTTP][39m [37m<-- GET /wd/hub/status [39m[32m200[39m [90m5 ms - 68[39m
[35m[HTTP][39m [90m[39m
[35m[HTTP][39m [37m-->[39m [37mPOST[39m [37m/wd/hub/session[39m
[35m[HTTP][39m [90m{"desiredCapabilities":{"appActivity":".Settings","appPackage":"com.android.settings","newCommandTimeout":1800,"platformVersion":"11","automationName":"uiautomator2","autoGrantPermissions":true,"platformName":"Android","udid":"db3027ce","deviceName":"vivo V2022 (Android 11)","platform":"ANDROID","systemPort":8206},"capabilities":{"firstMatch":[{"appium:appActivity":".Settings","appium:appPackage":"com.android.settings","appium:autoGrantPermissions":true,"appium:automationName":"uiautomator2","appium:deviceName":"vivo V2022 (Android 11)","appium:newCommandTimeout":1800,"platform":"ANDROID","platformName":"android","appium:platformVersion":"11","appium:systemPort":8206,"appium:udid":"db3027ce"}]}}[39m
[35m[BaseDriver][39m The following capabilities are not standard capabilities and should have an extension prefix:
[35m[BaseDriver][39m   platform
[35m[BaseDriver][39m   chromedriverPort
[35m[Appium][39m Appium v1.22.0 creating new AndroidUiautomator2Driver (v1.69.0) session
[35m[BaseDriver][39m The following capabilities were provided, but are not recognized by Appium:
[35m[BaseDriver][39m   platform
[35m[BaseDriver][39m Session created with session id: 6d480850-85af-4c97-91cd-635ab6634bfc
[35m[UiAutomator2][39m Starting 'com.android.settings' directly on the device
[35m[ADB][39m Found 1 'build-tools' folders under '/Users/muhammadyaasin/.katalon/tools/android_sdk' (newest first):
[35m[ADB][39m     /Users/muhammadyaasin/.katalon/tools/android_sdk/build-tools/29.0.3
[35m[ADB][39m Using 'adb' from '/Users/muhammadyaasin/.katalon/tools/android_sdk/platform-tools/adb'
[35m[AndroidDriver][39m Retrieving device list
[35m[AndroidDriver][39m Using device: db3027ce
[35m[ADB][39m Using 'adb' from '/Users/muhammadyaasin/.katalon/tools/android_sdk/platform-tools/adb'
[35m[ADB][39m Getting device platform version
[35m[UiAutomator2][39m Relaxing hidden api policy
[35m[AndroidDriver][39m No app sent in, not parsing package/activity
[35m[ADB][39m Using 'apksigner.jar' from '/Users/muhammadyaasin/.katalon/tools/android_sdk/build-tools/29.0.3/lib/apksigner.jar'
[35m[ADB][39m '/usr/local/lib/node_modules/appium/node_modules/appium-uiautomator2-server/apks/appium-uiautomator2-server-v4.24.0.apk' is signed with the default certificate
[35m[ADB][39m '/usr/local/lib/node_modules/appium/node_modules/appium-uiautomator2-server/apks/appium-uiautomator2-server-debug-androidTest.apk' is signed with the default certificate
[35m[UiAutomator2][39m Server packages are not going to be (re)installed
[35m[ADB][39m Adding packages ["io.appium.settings","io.appium.uiautomator2.server","io.appium.uiautomator2.server.test"] to Doze whitelist
[35m[UiAutomator2][39m Starting UIAutomator2 server 4.24.0
[35m[UiAutomator2][39m Using UIAutomator2 server from '/usr/local/lib/node_modules/appium/node_modules/appium-uiautomator2-server/apks/appium-uiautomator2-server-v4.24.0.apk' and test from '/usr/local/lib/node_modules/appium/node_modules/appium-uiautomator2-server/apks/appium-uiautomator2-server-debug-androidTest.apk'
[35m[UiAutomator2][39m Waiting up to 30000ms for UiAutomator2 to be online...
[35m[WD Proxy][39m socket hang up
[35m[WD Proxy][39m socket hang up
[35m[WD Proxy][39m socket hang up
[35m[WD Proxy][39m Determined the downstream protocol as 'W3C'
[35m[AndroidDriver][39m Screen already unlocked, doing nothing
[35m[UiAutomator2][39m Starting 'com.android.settings/.Settings and waiting for 'com.android.settings/.Settings'
[35m[Appium][39m New AndroidUiautomator2Driver session created successfully, session 6d480850-85af-4c97-91cd-635ab6634bfc added to master session list
[35m[HTTP][39m [37m<-- POST /wd/hub/session [39m[32m200[39m [90m9382 ms - 1133[39m
[35m[HTTP][39m [90m[39m
[35m[HTTP][39m [37m-->[39m [37mGET[39m [37m/wd/hub/session/6d480850-85af-4c97-91cd-635ab6634bfc[39m
[35m[HTTP][39m [90m{}[39m
[35m[HTTP][39m [37m<-- GET /wd/hub/session/6d480850-85af-4c97-91cd-635ab6634bfc [39m[32m200[39m [90m15 ms - 1087[39m
[35m[HTTP][39m [90m[39m
[35m[HTTP][39m [37m-->[39m [37mGET[39m [37m/wd/hub/session/6d480850-85af-4c97-91cd-635ab6634bfc[39m
[35m[HTTP][39m [90m{}[39m
[35m[HTTP][39m [37m<-- GET /wd/hub/session/6d480850-85af-4c97-91cd-635ab6634bfc [39m[32m200[39m [90m19 ms - 1087[39m
[35m[HTTP][39m [90m[39m
[35m[HTTP][39m [37m-->[39m [37mGET[39m [37m/wd/hub/status[39m
[35m[HTTP][39m [90m{}[39m
[35m[HTTP][39m [37m<-- GET /wd/hub/status [39m[32m200[39m [90m1 ms - 68[39m
[35m[HTTP][39m [90m[39m
[35m[HTTP][39m [37m-->[39m [37mPOST[39m [37m/wd/hub/session/6d480850-85af-4c97-91cd-635ab6634bfc/timeouts[39m
[35m[HTTP][39m [90m{"implicit":30000}[39m
[35m[HTTP][39m [37m<-- POST /wd/hub/session/6d480850-85af-4c97-91cd-635ab6634bfc/timeouts [39m[32m200[39m [90m2 ms - 14[39m
[35m[HTTP][39m [90m[39m
[35m[HTTP][39m [37m-->[39m [37mGET[39m [37m/wd/hub/session/6d480850-85af-4c97-91cd-635ab6634bfc/screenshot[39m
[35m[HTTP][39m [90m{}[39m
[35m[HTTP][39m [37m<-- GET /wd/hub/session/6d480850-85af-4c97-91cd-635ab6634bfc/screenshot [39m[32m200[39m [90m763 ms - 253348[39m
[35m[HTTP][39m [90m[39m
[35m[HTTP][39m [37m-->[39m [37mGET[39m [37m/wd/hub/session/6d480850-85af-4c97-91cd-635ab6634bfc/window/rect[39m
[35m[HTTP][39m [90m{}[39m
[35m[HTTP][39m [37m<-- GET /wd/hub/session/6d480850-85af-4c97-91cd-635ab6634bfc/window/rect [39m[32m200[39m [90m51 ms - 50[39m
[35m[HTTP][39m [90m[39m
[35m[HTTP][39m [37m-->[39m [37mGET[39m [37m/wd/hub/session/6d480850-85af-4c97-91cd-635ab6634bfc/appium/device/system_bars[39m
[35m[HTTP][39m [90m{}[39m
[35m[HTTP][39m [37m<-- GET /wd/hub/session/6d480850-85af-4c97-91cd-635ab6634bfc/appium/device/system_bars [39m[32m200[39m [90m195 ms - 148[39m
[35m[HTTP][39m [90m[39m
[35m[HTTP][39m [37m-->[39m [37mPOST[39m [37m/wd/hub/session/6d480850-85af-4c97-91cd-635ab6634bfc/appium/device/activate_app[39m
[35m[HTTP][39m [90m{"bundleId":"com.she.sehatq"}[39m
[35m[HTTP][39m [37m<-- POST /wd/hub/session/6d480850-85af-4c97-91cd-635ab6634bfc/appium/device/activate_app [39m[32m200[39m [90m589 ms - 14[39m
[35m[HTTP][39m [90m[39m
[35m[HTTP][39m [37m-->[39m [37mPOST[39m [37m/wd/hub/session/6d480850-85af-4c97-91cd-635ab6634bfc/timeouts[39m
[35m[HTTP][39m [90m{"implicit":50}[39m
[35m[HTTP][39m [37m<-- POST /wd/hub/session/6d480850-85af-4c97-91cd-635ab6634bfc/timeouts [39m[32m200[39m [90m2 ms - 14[39m
[35m[HTTP][39m [90m[39m
[35m[HTTP][39m [37m-->[39m [37mGET[39m [37m/wd/hub/session/6d480850-85af-4c97-91cd-635ab6634bfc/window/rect[39m
[35m[HTTP][39m [90m{}[39m
[35m[HTTP][39m [37m<-- GET /wd/hub/session/6d480850-85af-4c97-91cd-635ab6634bfc/window/rect [39m[32m200[39m [90m22 ms - 50[39m
[35m[HTTP][39m [90m[39m
[35m[HTTP][39m [37m-->[39m [37mPOST[39m [37m/wd/hub/session/6d480850-85af-4c97-91cd-635ab6634bfc/elements[39m
[35m[HTTP][39m [90m{"using":"xpath","value":"//*[@class = 'android.widget.TextView' and (@text = 'Tidak' or . = 'Tidak') and @resource-id = 'com.she.sehatq:id/tv_dismiss']"}[39m
[35m[HTTP][39m [37m<-- POST /wd/hub/session/6d480850-85af-4c97-91cd-635ab6634bfc/elements [39m[32m200[39m [90m757 ms - 12[39m
[35m[HTTP][39m [90m[39m
[35m[HTTP][39m [37m-->[39m [37mPOST[39m [37m/wd/hub/session/6d480850-85af-4c97-91cd-635ab6634bfc/elements[39m
[35m[HTTP][39m [90m{"using":"xpath","value":"//*[@class = 'android.widget.TextView' and (@text = 'Tidak' or . = 'Tidak') and @resource-id = 'com.she.sehatq:id/tv_dismiss']"}[39m
[35m[HTTP][39m [37m<-- POST /wd/hub/session/6d480850-85af-4c97-91cd-635ab6634bfc/elements [39m[32m200[39m [90m824 ms - 12[39m
[35m[HTTP][39m [90m[39m
[35m[HTTP][39m [37m-->[39m [37mPOST[39m [37m/wd/hub/session/6d480850-85af-4c97-91cd-635ab6634bfc/elements[39m
[35m[HTTP][39m [90m{"using":"xpath","value":"//*[@class = 'android.widget.TextView' and (@text = 'Tidak' or . = 'Tidak') and @resource-id = 'com.she.sehatq:id/tv_dismiss']"}[39m
[35m[HTTP][39m [37m<-- POST /wd/hub/session/6d480850-85af-4c97-91cd-635ab6634bfc/elements [39m[32m200[39m [90m62 ms - 12[39m
[35m[HTTP][39m [90m[39m
[35m[HTTP][39m [37m-->[39m [37mPOST[39m [37m/wd/hub/session/6d480850-85af-4c97-91cd-635ab6634bfc/elements[39m
[35m[HTTP][39m [90m{"using":"xpath","value":"//*[@class = 'android.widget.TextView' and (@text = 'Tidak' or . = 'Tidak') and @resource-id = 'com.she.sehatq:id/tv_dismiss']"}[39m
[35m[HTTP][39m [37m<-- POST /wd/hub/session/6d480850-85af-4c97-91cd-635ab6634bfc/elements [39m[32m200[39m [90m51 ms - 12[39m
[35m[HTTP][39m [90m[39m
[35m[HTTP][39m [37m-->[39m [37mPOST[39m [37m/wd/hub/session/6d480850-85af-4c97-91cd-635ab6634bfc/elements[39m
[35m[HTTP][39m [90m{"using":"xpath","value":"//*[@class = 'android.widget.TextView' and (@text = 'Tidak' or . = 'Tidak') and @resource-id = 'com.she.sehatq:id/tv_dismiss']"}[39m
[35m[HTTP][39m [37m<-- POST /wd/hub/session/6d480850-85af-4c97-91cd-635ab6634bfc/elements [39m[32m200[39m [90m89 ms - 12[39m
[35m[HTTP][39m [90m[39m
[35m[HTTP][39m [37m-->[39m [37mPOST[39m [37m/wd/hub/session/6d480850-85af-4c97-91cd-635ab6634bfc/elements[39m
[35m[HTTP][39m [90m{"using":"xpath","value":"//*[@class = 'android.widget.TextView' and (@text = 'Tidak' or . = 'Tidak') and @resource-id = 'com.she.sehatq:id/tv_dismiss']"}[39m
[35m[HTTP][39m [37m<-- POST /wd/hub/session/6d480850-85af-4c97-91cd-635ab6634bfc/elements [39m[32m200[39m [90m82 ms - 12[39m
[35m[HTTP][39m [90m[39m
[35m[HTTP][39m [37m-->[39m [37mPOST[39m [37m/wd/hub/session/6d480850-85af-4c97-91cd-635ab6634bfc/elements[39m
[35m[HTTP][39m [90m{"using":"xpath","value":"//*[@class = 'android.widget.TextView' and (@text = 'Tidak' or . = 'Tidak') and @resource-id = 'com.she.sehatq:id/tv_dismiss']"}[39m
[35m[HTTP][39m [37m<-- POST /wd/hub/session/6d480850-85af-4c97-91cd-635ab6634bfc/elements [39m[32m200[39m [90m104 ms - 12[39m
[35m[HTTP][39m [90m[39m
[35m[HTTP][39m [37m-->[39m [37mPOST[39m [37m/wd/hub/session/6d480850-85af-4c97-91cd-635ab6634bfc/elements[39m
[35m[HTTP][39m [90m{"using":"xpath","value":"//*[@class = 'android.widget.TextView' and (@text = 'Tidak' or . = 'Tidak') and @resource-id = 'com.she.sehatq:id/tv_dismiss']"}[39m
[35m[HTTP][39m [37m<-- POST /wd/hub/session/6d480850-85af-4c97-91cd-635ab6634bfc/elements [39m[32m200[39m [90m97 ms - 12[39m
[35m[HTTP][39m [90m[39m
[35m[HTTP][39m [37m-->[39m [37mPOST[39m [37m/wd/hub/session/6d480850-85af-4c97-91cd-635ab6634bfc/elements[39m
[35m[HTTP][39m [90m{"using":"xpath","value":"//*[@class = 'android.widget.TextView' and (@text = 'Tidak' or . = 'Tidak') and @resource-id = 'com.she.sehatq:id/tv_dismiss']"}[39m
[35m[HTTP][39m [37m<-- POST /wd/hub/session/6d480850-85af-4c97-91cd-635ab6634bfc/elements [39m[32m200[39m [90m54 ms - 12[39m
[35m[HTTP][39m [90m[39m
[35m[HTTP][39m [37m-->[39m [37mPOST[39m [37m/wd/hub/session/6d480850-85af-4c97-91cd-635ab6634bfc/elements[39m
[35m[HTTP][39m [90m{"using":"xpath","value":"//*[@class = 'android.widget.TextView' and (@text = 'Tidak' or . = 'Tidak') and @resource-id = 'com.she.sehatq:id/tv_dismiss']"}[39m
[35m[HTTP][39m [37m<-- POST /wd/hub/session/6d480850-85af-4c97-91cd-635ab6634bfc/elements [39m[32m200[39m [90m445 ms - 12[39m
[35m[HTTP][39m [90m[39m
[35m[HTTP][39m [37m-->[39m [37mPOST[39m [37m/wd/hub/session/6d480850-85af-4c97-91cd-635ab6634bfc/elements[39m
[35m[HTTP][39m [90m{"using":"xpath","value":"//*[@class = 'android.widget.TextView' and (@text = 'Tidak' or . = 'Tidak') and @resource-id = 'com.she.sehatq:id/tv_dismiss']"}[39m
[35m[HTTP][39m [37m<-- POST /wd/hub/session/6d480850-85af-4c97-91cd-635ab6634bfc/elements [39m[32m200[39m [90m1123 ms - 139[39m
[35m[HTTP][39m [90m[39m
[35m[HTTP][39m [37m-->[39m [37mGET[39m [37m/wd/hub/session/6d480850-85af-4c97-91cd-635ab6634bfc/element/00000000-0000-0957-ffff-ffff0000001b/location[39m
[35m[HTTP][39m [90m{}[39m
[35m[W3C (6d480850)][39m Driver proxy active, passing request on via HTTP proxy
[35m[WD Proxy][39m Replacing sessionId bcd39e9f-9dd4-4ac6-814f-4424c578c931 with 6d480850-85af-4c97-91cd-635ab6634bfc
[35m[HTTP][39m [37m<-- GET /wd/hub/session/6d480850-85af-4c97-91cd-635ab6634bfc/element/00000000-0000-0957-ffff-ffff0000001b/location [39m[32m200[39m [90m246 ms - 78[39m
[35m[HTTP][39m [90m[39m
[35m[HTTP][39m [37m-->[39m [37mPOST[39m [37m/wd/hub/session/6d480850-85af-4c97-91cd-635ab6634bfc/timeouts[39m
[35m[HTTP][39m [90m{"implicit":30000}[39m
[35m[HTTP][39m [37m<-- POST /wd/hub/session/6d480850-85af-4c97-91cd-635ab6634bfc/timeouts [39m[32m200[39m [90m1 ms - 14[39m
[35m[HTTP][39m [90m[39m
[35m[HTTP][39m [37m-->[39m [37mPOST[39m [37m/wd/hub/session/6d480850-85af-4c97-91cd-635ab6634bfc/touch/perform[39m
[35m[HTTP][39m [90m{"actions":[{"action":"tap","options":{"x":1,"y":1,"element":"00000000-0000-0957-ffff-ffff0000001b"}},{"action":"release","options":{}}]}[39m
[35m[UiAutomator2][39m calling get location: 00000000-0000-0957-ffff-ffff0000001b
[35m[HTTP][39m [37m<-- POST /wd/hub/session/6d480850-85af-4c97-91cd-635ab6634bfc/touch/perform [39m[32m200[39m [90m221 ms - 14[39m
[35m[HTTP][39m [90m[39m
[35m[HTTP][39m [37m-->[39m [37mPOST[39m [37m/wd/hub/session/6d480850-85af-4c97-91cd-635ab6634bfc/timeouts[39m
[35m[HTTP][39m [90m{"implicit":50}[39m
[35m[HTTP][39m [37m<-- POST /wd/hub/session/6d480850-85af-4c97-91cd-635ab6634bfc/timeouts [39m[32m200[39m [90m1 ms - 14[39m
[35m[HTTP][39m [90m[39m
[35m[HTTP][39m [37m-->[39m [37mGET[39m [37m/wd/hub/session/6d480850-85af-4c97-91cd-635ab6634bfc/window/rect[39m
[35m[HTTP][39m [90m{}[39m
[35m[HTTP][39m [37m<-- GET /wd/hub/session/6d480850-85af-4c97-91cd-635ab6634bfc/window/rect [39m[32m200[39m [90m15 ms - 50[39m
[35m[HTTP][39m [90m[39m
[35m[HTTP][39m [37m-->[39m [37mPOST[39m [37m/wd/hub/session/6d480850-85af-4c97-91cd-635ab6634bfc/elements[39m
[35m[HTTP][39m [90m{"using":"xpath","value":"//*[@class = 'android.widget.ImageView' and @resource-id = 'com.she.sehatq:id/iv_profile_nav' and (@text = '' or . = '')]"}[39m
[35m[HTTP][39m [37m<-- POST /wd/hub/session/6d480850-85af-4c97-91cd-635ab6634bfc/elements [39m[32m200[39m [90m816 ms - 139[39m
[35m[HTTP][39m [90m[39m
[35m[HTTP][39m [37m-->[39m [37mGET[39m [37m/wd/hub/session/6d480850-85af-4c97-91cd-635ab6634bfc/element/00000000-0000-0958-ffff-ffff0000002b/location[39m
[35m[HTTP][39m [90m{}[39m
[35m[W3C (6d480850)][39m Driver proxy active, passing request on via HTTP proxy
[35m[WD Proxy][39m Replacing sessionId bcd39e9f-9dd4-4ac6-814f-4424c578c931 with 6d480850-85af-4c97-91cd-635ab6634bfc
[35m[HTTP][39m [37m<-- GET /wd/hub/session/6d480850-85af-4c97-91cd-635ab6634bfc/element/00000000-0000-0958-ffff-ffff0000002b/location [39m[32m200[39m [90m20 ms - 78[39m
[35m[HTTP][39m [90m[39m
[35m[HTTP][39m [37m-->[39m [37mPOST[39m [37m/wd/hub/session/6d480850-85af-4c97-91cd-635ab6634bfc/timeouts[39m
[35m[HTTP][39m [90m{"implicit":30000}[39m
[35m[HTTP][39m [37m<-- POST /wd/hub/session/6d480850-85af-4c97-91cd-635ab6634bfc/timeouts [39m[32m200[39m [90m2 ms - 14[39m
[35m[HTTP][39m [90m[39m
[35m[HTTP][39m [37m-->[39m [37mPOST[39m [37m/wd/hub/session/6d480850-85af-4c97-91cd-635ab6634bfc/touch/perform[39m
[35m[HTTP][39m [90m{"actions":[{"action":"tap","options":{"x":1,"y":1,"element":"00000000-0000-0958-ffff-ffff0000002b"}},{"action":"release","options":{}}]}[39m
[35m[UiAutomator2][39m calling get location: 00000000-0000-0958-ffff-ffff0000002b
[35m[HTTP][39m [37m<-- POST /wd/hub/session/6d480850-85af-4c97-91cd-635ab6634bfc/touch/perform [39m[32m200[39m [90m211 ms - 14[39m
[35m[HTTP][39m [90m[39m
[35m[HTTP][39m [37m-->[39m [37mPOST[39m [37m/wd/hub/session/6d480850-85af-4c97-91cd-635ab6634bfc/timeouts[39m
[35m[HTTP][39m [90m{"implicit":50}[39m
[35m[HTTP][39m [37m<-- POST /wd/hub/session/6d480850-85af-4c97-91cd-635ab6634bfc/timeouts [39m[32m200[39m [90m1 ms - 14[39m
[35m[HTTP][39m [90m[39m
[35m[HTTP][39m [37m-->[39m [37mGET[39m [37m/wd/hub/session/6d480850-85af-4c97-91cd-635ab6634bfc/window/rect[39m
[35m[HTTP][39m [90m{}[39m
[35m[HTTP][39m [37m<-- GET /wd/hub/session/6d480850-85af-4c97-91cd-635ab6634bfc/window/rect [39m[32m200[39m [90m11 ms - 50[39m
[35m[HTTP][39m [90m[39m
[35m[HTTP][39m [37m-->[39m [37mPOST[39m [37m/wd/hub/session/6d480850-85af-4c97-91cd-635ab6634bfc/elements[39m
[35m[HTTP][39m [90m{"using":"xpath","value":"//*[@class = 'android.widget.EditText' and (@text = 'Email' or . = 'Email') and @resource-id = 'com.she.sehatq:id/et_input']"}[39m
[35m[HTTP][39m [37m<-- POST /wd/hub/session/6d480850-85af-4c97-91cd-635ab6634bfc/elements [39m[32m200[39m [90m1411 ms - 139[39m
[35m[HTTP][39m [90m[39m
[35m[HTTP][39m [37m-->[39m [37mGET[39m [37m/wd/hub/session/6d480850-85af-4c97-91cd-635ab6634bfc/element/00000000-0000-0959-ffff-ffff00000299/location[39m
[35m[HTTP][39m [90m{}[39m
[35m[W3C (6d480850)][39m Driver proxy active, passing request on via HTTP proxy
[35m[WD Proxy][39m Replacing sessionId bcd39e9f-9dd4-4ac6-814f-4424c578c931 with 6d480850-85af-4c97-91cd-635ab6634bfc
[35m[HTTP][39m [37m<-- GET /wd/hub/session/6d480850-85af-4c97-91cd-635ab6634bfc/element/00000000-0000-0959-ffff-ffff00000299/location [39m[32m200[39m [90m521 ms - 77[39m
[35m[HTTP][39m [90m[39m
[35m[HTTP][39m [37m-->[39m [37mPOST[39m [37m/wd/hub/session/6d480850-85af-4c97-91cd-635ab6634bfc/timeouts[39m
[35m[HTTP][39m [90m{"implicit":30000}[39m
[35m[HTTP][39m [37m<-- POST /wd/hub/session/6d480850-85af-4c97-91cd-635ab6634bfc/timeouts [39m[32m200[39m [90m1 ms - 14[39m
[35m[HTTP][39m [90m[39m
[35m[HTTP][39m [37m-->[39m [37mPOST[39m [37m/wd/hub/session/6d480850-85af-4c97-91cd-635ab6634bfc/element/00000000-0000-0959-ffff-ffff00000299/clear[39m
[35m[HTTP][39m [90m{"id":"00000000-0000-0959-ffff-ffff00000299"}[39m
[35m[HTTP][39m [37m<-- POST /wd/hub/session/6d480850-85af-4c97-91cd-635ab6634bfc/element/00000000-0000-0959-ffff-ffff00000299/clear [39m[32m200[39m [90m65 ms - 14[39m
[35m[HTTP][39m [90m[39m
[35m[HTTP][39m [37m-->[39m [37mPOST[39m [37m/wd/hub/session/6d480850-85af-4c97-91cd-635ab6634bfc/element/00000000-0000-0959-ffff-ffff00000299/value[39m
[35m[HTTP][39m [90m{"id":"00000000-0000-0959-ffff-ffff00000299","text":"a2@mail.com","value":["a","2","@","m","a","i","l",".","c","o","m"]}[39m
[35m[HTTP][39m [37m<-- POST /wd/hub/session/6d480850-85af-4c97-91cd-635ab6634bfc/element/00000000-0000-0959-ffff-ffff00000299/value [39m[32m200[39m [90m1065 ms - 14[39m
[35m[HTTP][39m [90m[39m
[35m[HTTP][39m [37m-->[39m [37mPOST[39m [37m/wd/hub/session/6d480850-85af-4c97-91cd-635ab6634bfc/timeouts[39m
[35m[HTTP][39m [90m{"implicit":50}[39m
[35m[HTTP][39m [37m<-- POST /wd/hub/session/6d480850-85af-4c97-91cd-635ab6634bfc/timeouts [39m[32m200[39m [90m1 ms - 14[39m
[35m[HTTP][39m [90m[39m
[35m[HTTP][39m [37m-->[39m [37mGET[39m [37m/wd/hub/session/6d480850-85af-4c97-91cd-635ab6634bfc/window/rect[39m
[35m[HTTP][39m [90m{}[39m
[35m[HTTP][39m [37m<-- GET /wd/hub/session/6d480850-85af-4c97-91cd-635ab6634bfc/window/rect [39m[32m200[39m [90m19 ms - 50[39m
[35m[HTTP][39m [90m[39m
[35m[HTTP][39m [37m-->[39m [37mPOST[39m [37m/wd/hub/session/6d480850-85af-4c97-91cd-635ab6634bfc/elements[39m
[35m[HTTP][39m [90m{"using":"xpath","value":"//*[@class = 'android.widget.EditText' and (@text = 'Password' or . = 'Password') and @resource-id = 'com.she.sehatq:id/et_input']"}[39m
[35m[HTTP][39m [37m<-- POST /wd/hub/session/6d480850-85af-4c97-91cd-635ab6634bfc/elements [39m[32m200[39m [90m544 ms - 139[39m
[35m[HTTP][39m [90m[39m
[35m[HTTP][39m [37m-->[39m [37mGET[39m [37m/wd/hub/session/6d480850-85af-4c97-91cd-635ab6634bfc/element/00000000-0000-0959-ffff-ffff000002b9/location[39m
[35m[HTTP][39m [90m{}[39m
[35m[W3C (6d480850)][39m Driver proxy active, passing request on via HTTP proxy
[35m[WD Proxy][39m Replacing sessionId bcd39e9f-9dd4-4ac6-814f-4424c578c931 with 6d480850-85af-4c97-91cd-635ab6634bfc
[35m[HTTP][39m [37m<-- GET /wd/hub/session/6d480850-85af-4c97-91cd-635ab6634bfc/element/00000000-0000-0959-ffff-ffff000002b9/location [39m[32m200[39m [90m33 ms - 78[39m
[35m[HTTP][39m [90m[39m
[35m[HTTP][39m [37m-->[39m [37mPOST[39m [37m/wd/hub/session/6d480850-85af-4c97-91cd-635ab6634bfc/timeouts[39m
[35m[HTTP][39m [90m{"implicit":30000}[39m
[35m[HTTP][39m [37m<-- POST /wd/hub/session/6d480850-85af-4c97-91cd-635ab6634bfc/timeouts [39m[32m200[39m [90m1 ms - 14[39m
[35m[HTTP][39m [90m[39m
[35m[HTTP][39m [37m-->[39m [37mPOST[39m [37m/wd/hub/session/6d480850-85af-4c97-91cd-635ab6634bfc/element/00000000-0000-0959-ffff-ffff000002b9/clear[39m
[35m[HTTP][39m [90m{"id":"00000000-0000-0959-ffff-ffff000002b9"}[39m
[35m[HTTP][39m [37m<-- POST /wd/hub/session/6d480850-85af-4c97-91cd-635ab6634bfc/element/00000000-0000-0959-ffff-ffff000002b9/clear [39m[32m200[39m [90m39 ms - 14[39m
[35m[HTTP][39m [90m[39m
[35m[HTTP][39m [37m-->[39m [37mPOST[39m [37m/wd/hub/session/6d480850-85af-4c97-91cd-635ab6634bfc/element/00000000-0000-0959-ffff-ffff000002b9/value[39m
[35m[HTTP][39m [90m{"id":"00000000-0000-0959-ffff-ffff000002b9","text":"123456","value":["1","2","3","4","5","6"]}[39m
[35m[HTTP][39m [37m<-- POST /wd/hub/session/6d480850-85af-4c97-91cd-635ab6634bfc/element/00000000-0000-0959-ffff-ffff000002b9/value [39m[32m200[39m [90m551 ms - 14[39m
[35m[HTTP][39m [90m[39m
[35m[HTTP][39m [37m-->[39m [37mPOST[39m [37m/wd/hub/session/6d480850-85af-4c97-91cd-635ab6634bfc/timeouts[39m
[35m[HTTP][39m [90m{"implicit":50}[39m
[35m[HTTP][39m [37m<-- POST /wd/hub/session/6d480850-85af-4c97-91cd-635ab6634bfc/timeouts [39m[32m200[39m [90m1 ms - 14[39m
[35m[HTTP][39m [90m[39m
[35m[HTTP][39m [37m-->[39m [37mGET[39m [37m/wd/hub/session/6d480850-85af-4c97-91cd-635ab6634bfc/window/rect[39m
[35m[HTTP][39m [90m{}[39m
[35m[HTTP][39m [37m<-- GET /wd/hub/session/6d480850-85af-4c97-91cd-635ab6634bfc/window/rect [39m[32m200[39m [90m28 ms - 50[39m
[35m[HTTP][39m [90m[39m
[35m[HTTP][39m [37m-->[39m [37mPOST[39m [37m/wd/hub/session/6d480850-85af-4c97-91cd-635ab6634bfc/elements[39m
[35m[HTTP][39m [90m{"using":"xpath","value":"//*[@class = 'android.widget.Button' and (@text = 'Log in' or . = 'Log in') and @resource-id = 'com.she.sehatq:id/btn_login']"}[39m
[35m[HTTP][39m [37m<-- POST /wd/hub/session/6d480850-85af-4c97-91cd-635ab6634bfc/elements [39m[32m200[39m [90m549 ms - 139[39m
[35m[HTTP][39m [90m[39m
[35m[HTTP][39m [37m-->[39m [37mGET[39m [37m/wd/hub/session/6d480850-85af-4c97-91cd-635ab6634bfc/element/00000000-0000-0959-ffff-ffff000002d2/location[39m
[35m[HTTP][39m [90m{}[39m
[35m[W3C (6d480850)][39m Driver proxy active, passing request on via HTTP proxy
[35m[WD Proxy][39m Replacing sessionId bcd39e9f-9dd4-4ac6-814f-4424c578c931 with 6d480850-85af-4c97-91cd-635ab6634bfc
[35m[HTTP][39m [37m<-- GET /wd/hub/session/6d480850-85af-4c97-91cd-635ab6634bfc/element/00000000-0000-0959-ffff-ffff000002d2/location [39m[32m200[39m [90m34 ms - 78[39m
[35m[HTTP][39m [90m[39m
[35m[HTTP][39m [37m-->[39m [37mPOST[39m [37m/wd/hub/session/6d480850-85af-4c97-91cd-635ab6634bfc/timeouts[39m
[35m[HTTP][39m [90m{"implicit":30000}[39m
[35m[HTTP][39m [37m<-- POST /wd/hub/session/6d480850-85af-4c97-91cd-635ab6634bfc/timeouts [39m[32m200[39m [90m1 ms - 14[39m
[35m[HTTP][39m [90m[39m
[35m[HTTP][39m [37m-->[39m [37mPOST[39m [37m/wd/hub/session/6d480850-85af-4c97-91cd-635ab6634bfc/touch/perform[39m
[35m[HTTP][39m [90m{"actions":[{"action":"tap","options":{"x":1,"y":1,"element":"00000000-0000-0959-ffff-ffff000002d2"}},{"action":"release","options":{}}]}[39m
[35m[UiAutomator2][39m calling get location: 00000000-0000-0959-ffff-ffff000002d2
[35m[HTTP][39m [37m<-- POST /wd/hub/session/6d480850-85af-4c97-91cd-635ab6634bfc/touch/perform [39m[32m200[39m [90m229 ms - 14[39m
[35m[HTTP][39m [90m[39m
[35m[HTTP][39m [37m-->[39m [37mPOST[39m [37m/wd/hub/session/6d480850-85af-4c97-91cd-635ab6634bfc/timeouts[39m
[35m[HTTP][39m [90m{"implicit":50}[39m
[35m[HTTP][39m [37m<-- POST /wd/hub/session/6d480850-85af-4c97-91cd-635ab6634bfc/timeouts [39m[32m200[39m [90m1 ms - 14[39m
[35m[HTTP][39m [90m[39m
[35m[HTTP][39m [37m-->[39m [37mGET[39m [37m/wd/hub/session/6d480850-85af-4c97-91cd-635ab6634bfc/window/rect[39m
[35m[HTTP][39m [90m{}[39m
[35m[HTTP][39m [37m<-- GET /wd/hub/session/6d480850-85af-4c97-91cd-635ab6634bfc/window/rect [39m[32m200[39m [90m35 ms - 50[39m
[35m[HTTP][39m [90m[39m
[35m[HTTP][39m [37m-->[39m [37mPOST[39m [37m/wd/hub/session/6d480850-85af-4c97-91cd-635ab6634bfc/elements[39m
[35m[HTTP][39m [90m{"using":"xpath","value":"//*[@class = 'android.widget.TextView' and (@text = 'Lewati' or . = 'Lewati') and @resource-id = 'com.she.sehatq:id/tvSkip']"}[39m
[35m[HTTP][39m [37m<-- POST /wd/hub/session/6d480850-85af-4c97-91cd-635ab6634bfc/elements [39m[32m200[39m [90m521 ms - 12[39m
[35m[HTTP][39m [90m[39m
[35m[HTTP][39m [37m-->[39m [37mPOST[39m [37m/wd/hub/session/6d480850-85af-4c97-91cd-635ab6634bfc/elements[39m
[35m[HTTP][39m [90m{"using":"xpath","value":"//*[@class = 'android.widget.TextView' and (@text = 'Lewati' or . = 'Lewati') and @resource-id = 'com.she.sehatq:id/tvSkip']"}[39m
[35m[HTTP][39m [37m<-- POST /wd/hub/session/6d480850-85af-4c97-91cd-635ab6634bfc/elements [39m[32m200[39m [90m117 ms - 12[39m
[35m[HTTP][39m [90m[39m
[35m[HTTP][39m [37m-->[39m [37mPOST[39m [37m/wd/hub/session/6d480850-85af-4c97-91cd-635ab6634bfc/elements[39m
[35m[HTTP][39m [90m{"using":"xpath","value":"//*[@class = 'android.widget.TextView' and (@text = 'Lewati' or . = 'Lewati') and @resource-id = 'com.she.sehatq:id/tvSkip']"}[39m
[35m[HTTP][39m [37m<-- POST /wd/hub/session/6d480850-85af-4c97-91cd-635ab6634bfc/elements [39m[32m200[39m [90m134 ms - 12[39m
[35m[HTTP][39m [90m[39m
[35m[HTTP][39m [37m-->[39m [37mPOST[39m [37m/wd/hub/session/6d480850-85af-4c97-91cd-635ab6634bfc/elements[39m
[35m[HTTP][39m [90m{"using":"xpath","value":"//*[@class = 'android.widget.TextView' and (@text = 'Lewati' or . = 'Lewati') and @resource-id = 'com.she.sehatq:id/tvSkip']"}[39m
[35m[HTTP][39m [37m<-- POST /wd/hub/session/6d480850-85af-4c97-91cd-635ab6634bfc/elements [39m[32m200[39m [90m133 ms - 12[39m
[35m[HTTP][39m [90m[39m
[35m[HTTP][39m [37m-->[39m [37mPOST[39m [37m/wd/hub/session/6d480850-85af-4c97-91cd-635ab6634bfc/elements[39m
[35m[HTTP][39m [90m{"using":"xpath","value":"//*[@class = 'android.widget.TextView' and (@text = 'Lewati' or . = 'Lewati') and @resource-id = 'com.she.sehatq:id/tvSkip']"}[39m
[35m[HTTP][39m [37m<-- POST /wd/hub/session/6d480850-85af-4c97-91cd-635ab6634bfc/elements [39m[32m200[39m [90m132 ms - 12[39m
[35m[HTTP][39m [90m[39m
[35m[HTTP][39m [37m-->[39m [37mPOST[39m [37m/wd/hub/session/6d480850-85af-4c97-91cd-635ab6634bfc/elements[39m
[35m[HTTP][39m [90m{"using":"xpath","value":"//*[@class = 'android.widget.TextView' and (@text = 'Lewati' or . = 'Lewati') and @resource-id = 'com.she.sehatq:id/tvSkip']"}[39m
[35m[HTTP][39m [37m<-- POST /wd/hub/session/6d480850-85af-4c97-91cd-635ab6634bfc/elements [39m[32m200[39m [90m68 ms - 12[39m
[35m[HTTP][39m [90m[39m
[35m[HTTP][39m [37m-->[39m [37mPOST[39m [37m/wd/hub/session/6d480850-85af-4c97-91cd-635ab6634bfc/elements[39m
[35m[HTTP][39m [90m{"using":"xpath","value":"//*[@class = 'android.widget.TextView' and (@text = 'Lewati' or . = 'Lewati') and @resource-id = 'com.she.sehatq:id/tvSkip']"}[39m
[35m[HTTP][39m [37m<-- POST /wd/hub/session/6d480850-85af-4c97-91cd-635ab6634bfc/elements [39m[32m200[39m [90m60 ms - 12[39m
[35m[HTTP][39m [90m[39m
[35m[HTTP][39m [37m-->[39m [37mPOST[39m [37m/wd/hub/session/6d480850-85af-4c97-91cd-635ab6634bfc/elements[39m
[35m[HTTP][39m [90m{"using":"xpath","value":"//*[@class = 'android.widget.TextView' and (@text = 'Lewati' or . = 'Lewati') and @resource-id = 'com.she.sehatq:id/tvSkip']"}[39m
[35m[HTTP][39m [37m<-- POST /wd/hub/session/6d480850-85af-4c97-91cd-635ab6634bfc/elements [39m[32m200[39m [90m70 ms - 12[39m
[35m[HTTP][39m [90m[39m
[35m[HTTP][39m [37m-->[39m [37mPOST[39m [37m/wd/hub/session/6d480850-85af-4c97-91cd-635ab6634bfc/elements[39m
[35m[HTTP][39m [90m{"using":"xpath","value":"//*[@class = 'android.widget.TextView' and (@text = 'Lewati' or . = 'Lewati') and @resource-id = 'com.she.sehatq:id/tvSkip']"}[39m
[35m[HTTP][39m [37m<-- POST /wd/hub/session/6d480850-85af-4c97-91cd-635ab6634bfc/elements [39m[32m200[39m [90m59 ms - 12[39m
[35m[HTTP][39m [90m[39m
[35m[HTTP][39m [37m-->[39m [37mPOST[39m [37m/wd/hub/session/6d480850-85af-4c97-91cd-635ab6634bfc/elements[39m
[35m[HTTP][39m [90m{"using":"xpath","value":"//*[@class = 'android.widget.TextView' and (@text = 'Lewati' or . = 'Lewati') and @resource-id = 'com.she.sehatq:id/tvSkip']"}[39m
[35m[HTTP][39m [37m<-- POST /wd/hub/session/6d480850-85af-4c97-91cd-635ab6634bfc/elements [39m[32m200[39m [90m61 ms - 12[39m
[35m[HTTP][39m [90m[39m
[35m[HTTP][39m [37m-->[39m [37mPOST[39m [37m/wd/hub/session/6d480850-85af-4c97-91cd-635ab6634bfc/elements[39m
[35m[HTTP][39m [90m{"using":"xpath","value":"//*[@class = 'android.widget.TextView' and (@text = 'Lewati' or . = 'Lewati') and @resource-id = 'com.she.sehatq:id/tvSkip']"}[39m
[35m[HTTP][39m [37m<-- POST /wd/hub/session/6d480850-85af-4c97-91cd-635ab6634bfc/elements [39m[32m200[39m [90m229 ms - 12[39m
[35m[HTTP][39m [90m[39m
[35m[HTTP][39m [37m-->[39m [37mPOST[39m [37m/wd/hub/session/6d480850-85af-4c97-91cd-635ab6634bfc/elements[39m
[35m[HTTP][39m [90m{"using":"xpath","value":"//*[@class = 'android.widget.TextView' and (@text = 'Lewati' or . = 'Lewati') and @resource-id = 'com.she.sehatq:id/tvSkip']"}[39m
[35m[HTTP][39m [37m<-- POST /wd/hub/session/6d480850-85af-4c97-91cd-635ab6634bfc/elements [39m[32m200[39m [90m984 ms - 139[39m
[35m[HTTP][39m [90m[39m
[35m[HTTP][39m [37m-->[39m [37mGET[39m [37m/wd/hub/session/6d480850-85af-4c97-91cd-635ab6634bfc/element/00000000-0000-0959-ffff-ffff00000395/location[39m
[35m[HTTP][39m [90m{}[39m
[35m[W3C (6d480850)][39m Driver proxy active, passing request on via HTTP proxy
[35m[WD Proxy][39m Replacing sessionId bcd39e9f-9dd4-4ac6-814f-4424c578c931 with 6d480850-85af-4c97-91cd-635ab6634bfc
[35m[HTTP][39m [37m<-- GET /wd/hub/session/6d480850-85af-4c97-91cd-635ab6634bfc/element/00000000-0000-0959-ffff-ffff00000395/location [39m[32m200[39m [90m571 ms - 79[39m
[35m[HTTP][39m [90m[39m
[35m[HTTP][39m [37m-->[39m [37mPOST[39m [37m/wd/hub/session/6d480850-85af-4c97-91cd-635ab6634bfc/timeouts[39m
[35m[HTTP][39m [90m{"implicit":30000}[39m
[35m[HTTP][39m [37m<-- POST /wd/hub/session/6d480850-85af-4c97-91cd-635ab6634bfc/timeouts [39m[32m200[39m [90m1 ms - 14[39m
[35m[HTTP][39m [90m[39m
[35m[HTTP][39m [37m-->[39m [37mPOST[39m [37m/wd/hub/session/6d480850-85af-4c97-91cd-635ab6634bfc/touch/perform[39m
[35m[HTTP][39m [90m{"actions":[{"action":"tap","options":{"x":1,"y":1,"element":"00000000-0000-0959-ffff-ffff00000395"}},{"action":"release","options":{}}]}[39m
[35m[UiAutomator2][39m calling get location: 00000000-0000-0959-ffff-ffff00000395
[35m[HTTP][39m [37m<-- POST /wd/hub/session/6d480850-85af-4c97-91cd-635ab6634bfc/touch/perform [39m[32m200[39m [90m232 ms - 14[39m
[35m[HTTP][39m [90m[39m
[35m[HTTP][39m [37m-->[39m [37mPOST[39m [37m/wd/hub/session/6d480850-85af-4c97-91cd-635ab6634bfc/timeouts[39m
[35m[HTTP][39m [90m{"implicit":50}[39m
[35m[HTTP][39m [37m<-- POST /wd/hub/session/6d480850-85af-4c97-91cd-635ab6634bfc/timeouts [39m[32m200[39m [90m1 ms - 14[39m
[35m[HTTP][39m [90m[39m
[35m[HTTP][39m [37m-->[39m [37mGET[39m [37m/wd/hub/session/6d480850-85af-4c97-91cd-635ab6634bfc/window/rect[39m
[35m[HTTP][39m [90m{}[39m
[35m[HTTP][39m [37m<-- GET /wd/hub/session/6d480850-85af-4c97-91cd-635ab6634bfc/window/rect [39m[32m200[39m [90m21 ms - 50[39m
[35m[HTTP][39m [90m[39m
[35m[HTTP][39m [37m-->[39m [37mPOST[39m [37m/wd/hub/session/6d480850-85af-4c97-91cd-635ab6634bfc/elements[39m
[35m[HTTP][39m [90m{"using":"xpath","value":"//*[@class = 'android.widget.TextView' and (@text = 'Ya' or . = 'Ya') and @resource-id = 'com.she.sehatq:id/btn_yes']"}[39m
[35m[HTTP][39m [37m<-- POST /wd/hub/session/6d480850-85af-4c97-91cd-635ab6634bfc/elements [39m[32m200[39m [90m543 ms - 139[39m
[35m[HTTP][39m [90m[39m
[35m[HTTP][39m [37m-->[39m [37mGET[39m [37m/wd/hub/session/6d480850-85af-4c97-91cd-635ab6634bfc/element/00000000-0000-095a-ffff-ffff000003b0/location[39m
[35m[HTTP][39m [90m{}[39m
[35m[W3C (6d480850)][39m Driver proxy active, passing request on via HTTP proxy
[35m[WD Proxy][39m Replacing sessionId bcd39e9f-9dd4-4ac6-814f-4424c578c931 with 6d480850-85af-4c97-91cd-635ab6634bfc
[35m[HTTP][39m [37m<-- GET /wd/hub/session/6d480850-85af-4c97-91cd-635ab6634bfc/element/00000000-0000-095a-ffff-ffff000003b0/location [39m[32m200[39m [90m27 ms - 78[39m
[35m[HTTP][39m [90m[39m
[35m[HTTP][39m [37m-->[39m [37mPOST[39m [37m/wd/hub/session/6d480850-85af-4c97-91cd-635ab6634bfc/timeouts[39m
[35m[HTTP][39m [90m{"implicit":30000}[39m
[35m[HTTP][39m [37m<-- POST /wd/hub/session/6d480850-85af-4c97-91cd-635ab6634bfc/timeouts [39m[32m200[39m [90m1 ms - 14[39m
[35m[HTTP][39m [90m[39m
[35m[HTTP][39m [37m-->[39m [37mPOST[39m [37m/wd/hub/session/6d480850-85af-4c97-91cd-635ab6634bfc/touch/perform[39m
[35m[HTTP][39m [90m{"actions":[{"action":"tap","options":{"x":1,"y":1,"element":"00000000-0000-095a-ffff-ffff000003b0"}},{"action":"release","options":{}}]}[39m
[35m[UiAutomator2][39m calling get location: 00000000-0000-095a-ffff-ffff000003b0
[35m[HTTP][39m [37m<-- POST /wd/hub/session/6d480850-85af-4c97-91cd-635ab6634bfc/touch/perform [39m[32m200[39m [90m223 ms - 14[39m
[35m[HTTP][39m [90m[39m
[35m[HTTP][39m [37m-->[39m [37mPOST[39m [37m/wd/hub/session/6d480850-85af-4c97-91cd-635ab6634bfc/timeouts[39m
[35m[HTTP][39m [90m{"implicit":50}[39m
[35m[HTTP][39m [37m<-- POST /wd/hub/session/6d480850-85af-4c97-91cd-635ab6634bfc/timeouts [39m[32m200[39m [90m2 ms - 14[39m
[35m[HTTP][39m [90m[39m
[35m[HTTP][39m [37m-->[39m [37mGET[39m [37m/wd/hub/session/6d480850-85af-4c97-91cd-635ab6634bfc/window/rect[39m
[35m[HTTP][39m [90m{}[39m
[35m[HTTP][39m [37m<-- GET /wd/hub/session/6d480850-85af-4c97-91cd-635ab6634bfc/window/rect [39m[32m200[39m [90m22 ms - 50[39m
[35m[HTTP][39m [90m[39m
[35m[HTTP][39m [37m-->[39m [37mPOST[39m [37m/wd/hub/session/6d480850-85af-4c97-91cd-635ab6634bfc/elements[39m
[35m[HTTP][39m [90m{"using":"xpath","value":"//*[@class = 'android.widget.ImageView' and @resource-id = 'com.she.sehatq:id/ivBack' and (@text = '' or . = '')]"}[39m
[35m[HTTP][39m [37m<-- POST /wd/hub/session/6d480850-85af-4c97-91cd-635ab6634bfc/elements [39m[32m200[39m [90m1583 ms - 139[39m
[35m[HTTP][39m [90m[39m
[35m[HTTP][39m [37m-->[39m [37mGET[39m [37m/wd/hub/session/6d480850-85af-4c97-91cd-635ab6634bfc/element/00000000-0000-095b-ffff-ffff000003be/location[39m
[35m[HTTP][39m [90m{}[39m
[35m[W3C (6d480850)][39m Driver proxy active, passing request on via HTTP proxy
[35m[WD Proxy][39m Replacing sessionId bcd39e9f-9dd4-4ac6-814f-4424c578c931 with 6d480850-85af-4c97-91cd-635ab6634bfc
[35m[HTTP][39m [37m<-- GET /wd/hub/session/6d480850-85af-4c97-91cd-635ab6634bfc/element/00000000-0000-095b-ffff-ffff000003be/location [39m[32m200[39m [90m36 ms - 77[39m
[35m[HTTP][39m [90m[39m
[35m[HTTP][39m [37m-->[39m [37mPOST[39m [37m/wd/hub/session/6d480850-85af-4c97-91cd-635ab6634bfc/timeouts[39m
[35m[HTTP][39m [90m{"implicit":30000}[39m
[35m[HTTP][39m [37m<-- POST /wd/hub/session/6d480850-85af-4c97-91cd-635ab6634bfc/timeouts [39m[32m200[39m [90m1 ms - 14[39m
[35m[HTTP][39m [90m[39m
[35m[HTTP][39m [37m-->[39m [37mPOST[39m [37m/wd/hub/session/6d480850-85af-4c97-91cd-635ab6634bfc/touch/perform[39m
[35m[HTTP][39m [90m{"actions":[{"action":"tap","options":{"x":1,"y":1,"element":"00000000-0000-095b-ffff-ffff000003be"}},{"action":"release","options":{}}]}[39m
[35m[UiAutomator2][39m calling get location: 00000000-0000-095b-ffff-ffff000003be
[35m[HTTP][39m [37m<-- POST /wd/hub/session/6d480850-85af-4c97-91cd-635ab6634bfc/touch/perform [39m[32m200[39m [90m258 ms - 14[39m
[35m[HTTP][39m [90m[39m
[35m[HTTP][39m [37m-->[39m [37mPOST[39m [37m/wd/hub/session/6d480850-85af-4c97-91cd-635ab6634bfc/timeouts[39m
[35m[HTTP][39m [90m{"implicit":50}[39m
[35m[HTTP][39m [37m<-- POST /wd/hub/session/6d480850-85af-4c97-91cd-635ab6634bfc/timeouts [39m[32m200[39m [90m1 ms - 14[39m
[35m[HTTP][39m [90m[39m
[35m[HTTP][39m [37m-->[39m [37mGET[39m [37m/wd/hub/session/6d480850-85af-4c97-91cd-635ab6634bfc/window/rect[39m
[35m[HTTP][39m [90m{}[39m
[35m[HTTP][39m [37m<-- GET /wd/hub/session/6d480850-85af-4c97-91cd-635ab6634bfc/window/rect [39m[32m200[39m [90m12 ms - 50[39m
[35m[HTTP][39m [90m[39m
[35m[HTTP][39m [37m-->[39m [37mPOST[39m [37m/wd/hub/session/6d480850-85af-4c97-91cd-635ab6634bfc/elements[39m
[35m[HTTP][39m [90m{"using":"xpath","value":"//*[@class = 'android.widget.ImageView' and @resource-id = 'com.she.sehatq:id/iv_cart_top_nav' and (@text = '' or . = '')]"}[39m
[35m[HTTP][39m [37m<-- POST /wd/hub/session/6d480850-85af-4c97-91cd-635ab6634bfc/elements [39m[32m200[39m [90m388 ms - 139[39m
[35m[HTTP][39m [90m[39m
[35m[HTTP][39m [37m-->[39m [37mGET[39m [37m/wd/hub/session/6d480850-85af-4c97-91cd-635ab6634bfc/element/00000000-0000-0958-ffff-ffff0000002e/location[39m
[35m[HTTP][39m [90m{}[39m
[35m[W3C (6d480850)][39m Driver proxy active, passing request on via HTTP proxy
[35m[WD Proxy][39m Replacing sessionId bcd39e9f-9dd4-4ac6-814f-4424c578c931 with 6d480850-85af-4c97-91cd-635ab6634bfc
[35m[HTTP][39m [37m<-- GET /wd/hub/session/6d480850-85af-4c97-91cd-635ab6634bfc/element/00000000-0000-0958-ffff-ffff0000002e/location [39m[32m200[39m [90m705 ms - 78[39m
[35m[HTTP][39m [90m[39m
[35m[HTTP][39m [37m-->[39m [37mPOST[39m [37m/wd/hub/session/6d480850-85af-4c97-91cd-635ab6634bfc/timeouts[39m
[35m[HTTP][39m [90m{"implicit":30000}[39m
[35m[HTTP][39m [37m<-- POST /wd/hub/session/6d480850-85af-4c97-91cd-635ab6634bfc/timeouts [39m[32m200[39m [90m1 ms - 14[39m
[35m[HTTP][39m [90m[39m
[35m[HTTP][39m [37m-->[39m [37mPOST[39m [37m/wd/hub/session/6d480850-85af-4c97-91cd-635ab6634bfc/touch/perform[39m
[35m[HTTP][39m [90m{"actions":[{"action":"tap","options":{"x":1,"y":1,"element":"00000000-0000-0958-ffff-ffff0000002e"}},{"action":"release","options":{}}]}[39m
[35m[UiAutomator2][39m calling get location: 00000000-0000-0958-ffff-ffff0000002e
[35m[HTTP][39m [37m<-- POST /wd/hub/session/6d480850-85af-4c97-91cd-635ab6634bfc/touch/perform [39m[32m200[39m [90m211 ms - 14[39m
[35m[HTTP][39m [90m[39m
[35m[HTTP][39m [37m-->[39m [37mPOST[39m [37m/wd/hub/session/6d480850-85af-4c97-91cd-635ab6634bfc/timeouts[39m
[35m[HTTP][39m [90m{"implicit":50}[39m
[35m[HTTP][39m [37m<-- POST /wd/hub/session/6d480850-85af-4c97-91cd-635ab6634bfc/timeouts [39m[32m200[39m [90m1 ms - 14[39m
[35m[HTTP][39m [90m[39m
[35m[HTTP][39m [37m-->[39m [37mGET[39m [37m/wd/hub/session/6d480850-85af-4c97-91cd-635ab6634bfc/window/rect[39m
[35m[HTTP][39m [90m{}[39m
[35m[HTTP][39m [37m<-- GET /wd/hub/session/6d480850-85af-4c97-91cd-635ab6634bfc/window/rect [39m[32m200[39m [90m20 ms - 50[39m
[35m[HTTP][39m [90m[39m
[35m[HTTP][39m [37m-->[39m [37mPOST[39m [37m/wd/hub/session/6d480850-85af-4c97-91cd-635ab6634bfc/elements[39m
[35m[HTTP][39m [90m{"using":"xpath","value":"//*[@class = 'android.widget.Button' and (@text = 'Belanja Sekarang' or . = 'Belanja Sekarang') and @resource-id = 'com.she.sehatq:id/btnShopping']"}[39m
[35m[HTTP][39m [37m<-- POST /wd/hub/session/6d480850-85af-4c97-91cd-635ab6634bfc/elements [39m[32m200[39m [90m268 ms - 12[39m
[35m[HTTP][39m [90m[39m
[35m[HTTP][39m [37m-->[39m [37mPOST[39m [37m/wd/hub/session/6d480850-85af-4c97-91cd-635ab6634bfc/elements[39m
[35m[HTTP][39m [90m{"using":"xpath","value":"//*[@class = 'android.widget.Button' and (@text = 'Belanja Sekarang' or . = 'Belanja Sekarang') and @resource-id = 'com.she.sehatq:id/btnShopping']"}[39m
[35m[HTTP][39m [37m<-- POST /wd/hub/session/6d480850-85af-4c97-91cd-635ab6634bfc/elements [39m[32m200[39m [90m873 ms - 12[39m
[35m[HTTP][39m [90m[39m
[35m[HTTP][39m [37m-->[39m [37mPOST[39m [37m/wd/hub/session/6d480850-85af-4c97-91cd-635ab6634bfc/elements[39m
[35m[HTTP][39m [90m{"using":"xpath","value":"//*[@class = 'android.widget.Button' and (@text = 'Belanja Sekarang' or . = 'Belanja Sekarang') and @resource-id = 'com.she.sehatq:id/btnShopping']"}[39m
[35m[HTTP][39m [37m<-- POST /wd/hub/session/6d480850-85af-4c97-91cd-635ab6634bfc/elements [39m[32m200[39m [90m60 ms - 12[39m
[35m[HTTP][39m [90m[39m
[35m[HTTP][39m [37m-->[39m [37mPOST[39m [37m/wd/hub/session/6d480850-85af-4c97-91cd-635ab6634bfc/elements[39m
[35m[HTTP][39m [90m{"using":"xpath","value":"//*[@class = 'android.widget.Button' and (@text = 'Belanja Sekarang' or . = 'Belanja Sekarang') and @resource-id = 'com.she.sehatq:id/btnShopping']"}[39m
[35m[HTTP][39m [37m<-- POST /wd/hub/session/6d480850-85af-4c97-91cd-635ab6634bfc/elements [39m[32m200[39m [90m665 ms - 139[39m
[35m[HTTP][39m [90m[39m
[35m[HTTP][39m [37m-->[39m [37mGET[39m [37m/wd/hub/session/6d480850-85af-4c97-91cd-635ab6634bfc/element/00000000-0000-095c-ffff-ffff0000043a/location[39m
[35m[HTTP][39m [90m{}[39m
[35m[W3C (6d480850)][39m Driver proxy active, passing request on via HTTP proxy
[35m[WD Proxy][39m Replacing sessionId bcd39e9f-9dd4-4ac6-814f-4424c578c931 with 6d480850-85af-4c97-91cd-635ab6634bfc
[35m[HTTP][39m [37m<-- GET /wd/hub/session/6d480850-85af-4c97-91cd-635ab6634bfc/element/00000000-0000-095c-ffff-ffff0000043a/location [39m[32m200[39m [90m24 ms - 79[39m
[35m[HTTP][39m [90m[39m
[35m[HTTP][39m [37m-->[39m [37mPOST[39m [37m/wd/hub/session/6d480850-85af-4c97-91cd-635ab6634bfc/timeouts[39m
[35m[HTTP][39m [90m{"implicit":30000}[39m
[35m[HTTP][39m [37m<-- POST /wd/hub/session/6d480850-85af-4c97-91cd-635ab6634bfc/timeouts [39m[32m200[39m [90m1 ms - 14[39m
[35m[HTTP][39m [90m[39m
[35m[HTTP][39m [37m-->[39m [37mPOST[39m [37m/wd/hub/session/6d480850-85af-4c97-91cd-635ab6634bfc/touch/perform[39m
[35m[HTTP][39m [90m{"actions":[{"action":"tap","options":{"x":1,"y":1,"element":"00000000-0000-095c-ffff-ffff0000043a"}},{"action":"release","options":{}}]}[39m
[35m[UiAutomator2][39m calling get location: 00000000-0000-095c-ffff-ffff0000043a
[35m[HTTP][39m [37m<-- POST /wd/hub/session/6d480850-85af-4c97-91cd-635ab6634bfc/touch/perform [39m[32m200[39m [90m259 ms - 14[39m
[35m[HTTP][39m [90m[39m
[35m[HTTP][39m [37m-->[39m [37mPOST[39m [37m/wd/hub/session/6d480850-85af-4c97-91cd-635ab6634bfc/timeouts[39m
[35m[HTTP][39m [90m{"implicit":50}[39m
[35m[HTTP][39m [37m<-- POST /wd/hub/session/6d480850-85af-4c97-91cd-635ab6634bfc/timeouts [39m[32m200[39m [90m1 ms - 14[39m
[35m[HTTP][39m [90m[39m
[35m[HTTP][39m [37m-->[39m [37mGET[39m [37m/wd/hub/session/6d480850-85af-4c97-91cd-635ab6634bfc/window/rect[39m
[35m[HTTP][39m [90m{}[39m
[35m[HTTP][39m [37m<-- GET /wd/hub/session/6d480850-85af-4c97-91cd-635ab6634bfc/window/rect [39m[32m200[39m [90m23 ms - 50[39m
[35m[HTTP][39m [90m[39m
[35m[HTTP][39m [37m-->[39m [37mPOST[39m [37m/wd/hub/session/6d480850-85af-4c97-91cd-635ab6634bfc/elements[39m
[35m[HTTP][39m [90m{"using":"xpath","value":"//*[@class = 'android.widget.ImageView' and @resource-id = 'com.she.sehatq:id/navFeaure2' and (@text = '' or . = '')]"}[39m
[35m[HTTP][39m [37m<-- POST /wd/hub/session/6d480850-85af-4c97-91cd-635ab6634bfc/elements [39m[32m200[39m [90m207 ms - 12[39m
[35m[HTTP][39m [90m[39m
[35m[HTTP][39m [37m-->[39m [37mPOST[39m [37m/wd/hub/session/6d480850-85af-4c97-91cd-635ab6634bfc/elements[39m
[35m[HTTP][39m [90m{"using":"xpath","value":"//*[@class = 'android.widget.ImageView' and @resource-id = 'com.she.sehatq:id/navFeaure2' and (@text = '' or . = '')]"}[39m
[35m[HTTP][39m [37m<-- POST /wd/hub/session/6d480850-85af-4c97-91cd-635ab6634bfc/elements [39m[32m200[39m [90m1233 ms - 139[39m
[35m[HTTP][39m [90m[39m
[35m[HTTP][39m [37m-->[39m [37mGET[39m [37m/wd/hub/session/6d480850-85af-4c97-91cd-635ab6634bfc/element/00000000-0000-0958-ffff-ffff00000043/location[39m
[35m[HTTP][39m [90m{}[39m
[35m[W3C (6d480850)][39m Driver proxy active, passing request on via HTTP proxy
[35m[WD Proxy][39m Replacing sessionId bcd39e9f-9dd4-4ac6-814f-4424c578c931 with 6d480850-85af-4c97-91cd-635ab6634bfc
[35m[HTTP][39m [37m<-- GET /wd/hub/session/6d480850-85af-4c97-91cd-635ab6634bfc/element/00000000-0000-0958-ffff-ffff00000043/location [39m[32m200[39m [90m31 ms - 78[39m
[35m[HTTP][39m [90m[39m
[35m[HTTP][39m [37m-->[39m [37mPOST[39m [37m/wd/hub/session/6d480850-85af-4c97-91cd-635ab6634bfc/timeouts[39m
[35m[HTTP][39m [90m{"implicit":30000}[39m
[35m[HTTP][39m [37m<-- POST /wd/hub/session/6d480850-85af-4c97-91cd-635ab6634bfc/timeouts [39m[32m200[39m [90m1 ms - 14[39m
[35m[HTTP][39m [90m[39m
[35m[HTTP][39m [37m-->[39m [37mPOST[39m [37m/wd/hub/session/6d480850-85af-4c97-91cd-635ab6634bfc/touch/perform[39m
[35m[HTTP][39m [90m{"actions":[{"action":"tap","options":{"x":1,"y":1,"element":"00000000-0000-0958-ffff-ffff00000043"}},{"action":"release","options":{}}]}[39m
[35m[UiAutomator2][39m calling get location: 00000000-0000-0958-ffff-ffff00000043
[35m[HTTP][39m [37m<-- POST /wd/hub/session/6d480850-85af-4c97-91cd-635ab6634bfc/touch/perform [39m[32m200[39m [90m1634 ms - 14[39m
[35m[HTTP][39m [90m[39m
[35m[HTTP][39m [37m-->[39m [37mPOST[39m [37m/wd/hub/session/6d480850-85af-4c97-91cd-635ab6634bfc/timeouts[39m
[35m[HTTP][39m [90m{"implicit":50}[39m
[35m[HTTP][39m [37m<-- POST /wd/hub/session/6d480850-85af-4c97-91cd-635ab6634bfc/timeouts [39m[32m200[39m [90m3 ms - 14[39m
[35m[HTTP][39m [90m[39m
[35m[HTTP][39m [37m-->[39m [37mGET[39m [37m/wd/hub/session/6d480850-85af-4c97-91cd-635ab6634bfc/window/rect[39m
[35m[HTTP][39m [90m{}[39m
[35m[HTTP][39m [37m<-- GET /wd/hub/session/6d480850-85af-4c97-91cd-635ab6634bfc/window/rect [39m[32m200[39m [90m30 ms - 50[39m
[35m[HTTP][39m [90m[39m
[35m[HTTP][39m [37m-->[39m [37mPOST[39m [37m/wd/hub/session/6d480850-85af-4c97-91cd-635ab6634bfc/elements[39m
[35m[HTTP][39m [90m{"using":"xpath","value":"//*[@class = 'android.widget.TextView' and (@text = 'Semua Kategori' or . = 'Semua Kategori') and @resource-id = 'com.she.sehatq:id/tvCategoryName']"}[39m
[35m[HTTP][39m [37m<-- POST /wd/hub/session/6d480850-85af-4c97-91cd-635ab6634bfc/elements [39m[32m200[39m [90m658 ms - 139[39m
[35m[HTTP][39m [90m[39m
[35m[HTTP][39m [37m-->[39m [37mGET[39m [37m/wd/hub/session/6d480850-85af-4c97-91cd-635ab6634bfc/element/00000000-0000-095d-ffff-ffff0000052d/location[39m
[35m[HTTP][39m [90m{}[39m
[35m[W3C (6d480850)][39m Driver proxy active, passing request on via HTTP proxy
[35m[WD Proxy][39m Replacing sessionId bcd39e9f-9dd4-4ac6-814f-4424c578c931 with 6d480850-85af-4c97-91cd-635ab6634bfc
[35m[HTTP][39m [37m<-- GET /wd/hub/session/6d480850-85af-4c97-91cd-635ab6634bfc/element/00000000-0000-095d-ffff-ffff0000052d/location [39m[32m200[39m [90m32 ms - 77[39m
[35m[HTTP][39m [90m[39m
[35m[HTTP][39m [37m-->[39m [37mPOST[39m [37m/wd/hub/session/6d480850-85af-4c97-91cd-635ab6634bfc/timeouts[39m
[35m[HTTP][39m [90m{"implicit":30000}[39m
[35m[HTTP][39m [37m<-- POST /wd/hub/session/6d480850-85af-4c97-91cd-635ab6634bfc/timeouts [39m[32m200[39m [90m1 ms - 14[39m
[35m[HTTP][39m [90m[39m
[35m[HTTP][39m [37m-->[39m [37mPOST[39m [37m/wd/hub/session/6d480850-85af-4c97-91cd-635ab6634bfc/touch/perform[39m
[35m[HTTP][39m [90m{"actions":[{"action":"tap","options":{"x":1,"y":1,"element":"00000000-0000-095d-ffff-ffff0000052d"}},{"action":"release","options":{}}]}[39m
[35m[UiAutomator2][39m calling get location: 00000000-0000-095d-ffff-ffff0000052d
[35m[HTTP][39m [37m<-- POST /wd/hub/session/6d480850-85af-4c97-91cd-635ab6634bfc/touch/perform [39m[32m200[39m [90m229 ms - 14[39m
[35m[HTTP][39m [90m[39m
[35m[HTTP][39m [37m-->[39m [37mPOST[39m [37m/wd/hub/session/6d480850-85af-4c97-91cd-635ab6634bfc/timeouts[39m
[35m[HTTP][39m [90m{"implicit":50}[39m
[35m[HTTP][39m [37m<-- POST /wd/hub/session/6d480850-85af-4c97-91cd-635ab6634bfc/timeouts [39m[32m200[39m [90m1 ms - 14[39m
[35m[HTTP][39m [90m[39m
[35m[HTTP][39m [37m-->[39m [37mGET[39m [37m/wd/hub/session/6d480850-85af-4c97-91cd-635ab6634bfc/window/rect[39m
[35m[HTTP][39m [90m{}[39m
[35m[HTTP][39m [37m<-- GET /wd/hub/session/6d480850-85af-4c97-91cd-635ab6634bfc/window/rect [39m[32m200[39m [90m27 ms - 50[39m
[35m[HTTP][39m [90m[39m
[35m[HTTP][39m [37m-->[39m [37mPOST[39m [37m/wd/hub/session/6d480850-85af-4c97-91cd-635ab6634bfc/elements[39m
[35m[HTTP][39m [90m{"using":"xpath","value":"//*[@class = 'android.widget.TextView' and (@text = 'Obat' or . = 'Obat') and @resource-id = 'com.she.sehatq:id/tokoq_ch_text_name_item']"}[39m
[35m[HTTP][39m [37m<-- POST /wd/hub/session/6d480850-85af-4c97-91cd-635ab6634bfc/elements [39m[32m200[39m [90m171 ms - 139[39m
[35m[HTTP][39m [90m[39m
[35m[HTTP][39m [37m-->[39m [37mGET[39m [37m/wd/hub/session/6d480850-85af-4c97-91cd-635ab6634bfc/element/00000000-0000-095e-ffff-ffff00000615/location[39m
[35m[HTTP][39m [90m{}[39m
[35m[W3C (6d480850)][39m Driver proxy active, passing request on via HTTP proxy
[35m[WD Proxy][39m Replacing sessionId bcd39e9f-9dd4-4ac6-814f-4424c578c931 with 6d480850-85af-4c97-91cd-635ab6634bfc
[35m[HTTP][39m [37m<-- GET /wd/hub/session/6d480850-85af-4c97-91cd-635ab6634bfc/element/00000000-0000-095e-ffff-ffff00000615/location [39m[32m200[39m [90m21 ms - 78[39m
[35m[HTTP][39m [90m[39m
[35m[HTTP][39m [37m-->[39m [37mPOST[39m [37m/wd/hub/session/6d480850-85af-4c97-91cd-635ab6634bfc/timeouts[39m
[35m[HTTP][39m [90m{"implicit":30000}[39m
[35m[HTTP][39m [37m<-- POST /wd/hub/session/6d480850-85af-4c97-91cd-635ab6634bfc/timeouts [39m[32m200[39m [90m1 ms - 14[39m
[35m[HTTP][39m [90m[39m
[35m[HTTP][39m [37m-->[39m [37mPOST[39m [37m/wd/hub/session/6d480850-85af-4c97-91cd-635ab6634bfc/touch/perform[39m
[35m[HTTP][39m [90m{"actions":[{"action":"tap","options":{"x":1,"y":1,"element":"00000000-0000-095e-ffff-ffff00000615"}},{"action":"release","options":{}}]}[39m
[35m[UiAutomator2][39m calling get location: 00000000-0000-095e-ffff-ffff00000615
[35m[HTTP][39m [37m<-- POST /wd/hub/session/6d480850-85af-4c97-91cd-635ab6634bfc/touch/perform [39m[32m200[39m [90m207 ms - 14[39m
[35m[HTTP][39m [90m[39m
[35m[HTTP][39m [37m-->[39m [37mPOST[39m [37m/wd/hub/session/6d480850-85af-4c97-91cd-635ab6634bfc/timeouts[39m
[35m[HTTP][39m [90m{"implicit":50}[39m
[35m[HTTP][39m [37m<-- POST /wd/hub/session/6d480850-85af-4c97-91cd-635ab6634bfc/timeouts [39m[32m200[39m [90m2 ms - 14[39m
[35m[HTTP][39m [90m[39m
[35m[HTTP][39m [37m-->[39m [37mGET[39m [37m/wd/hub/session/6d480850-85af-4c97-91cd-635ab6634bfc/window/rect[39m
[35m[HTTP][39m [90m{}[39m
[35m[HTTP][39m [37m<-- GET /wd/hub/session/6d480850-85af-4c97-91cd-635ab6634bfc/window/rect [39m[32m200[39m [90m8 ms - 50[39m
[35m[HTTP][39m [90m[39m
[35m[HTTP][39m [37m-->[39m [37mPOST[39m [37m/wd/hub/session/6d480850-85af-4c97-91cd-635ab6634bfc/elements[39m
[35m[HTTP][39m [90m{"using":"xpath","value":"//*[@class = 'android.widget.TextView' and (@text = 'Promag Double Action Tablet (1 Strip @ 6 Tablet)' or . = 'Promag Double Action Tablet (1 Strip @ 6 Tablet)') and @resource-id = 'com.she.sehatq:id/tvProductName']"}[39m
[35m[HTTP][39m [37m<-- POST /wd/hub/session/6d480850-85af-4c97-91cd-635ab6634bfc/elements [39m[32m200[39m [90m1756 ms - 139[39m
[35m[HTTP][39m [90m[39m
[35m[HTTP][39m [37m-->[39m [37mGET[39m [37m/wd/hub/session/6d480850-85af-4c97-91cd-635ab6634bfc/element/00000000-0000-095d-ffff-ffff00000718/location[39m
[35m[HTTP][39m [90m{}[39m
[35m[W3C (6d480850)][39m Driver proxy active, passing request on via HTTP proxy
[35m[WD Proxy][39m Replacing sessionId bcd39e9f-9dd4-4ac6-814f-4424c578c931 with 6d480850-85af-4c97-91cd-635ab6634bfc
[35m[HTTP][39m [37m<-- GET /wd/hub/session/6d480850-85af-4c97-91cd-635ab6634bfc/element/00000000-0000-095d-ffff-ffff00000718/location [39m[32m200[39m [90m28 ms - 78[39m
[35m[HTTP][39m [90m[39m
[35m[HTTP][39m [37m-->[39m [37mPOST[39m [37m/wd/hub/session/6d480850-85af-4c97-91cd-635ab6634bfc/timeouts[39m
[35m[HTTP][39m [90m{"implicit":30000}[39m
[35m[HTTP][39m [37m<-- POST /wd/hub/session/6d480850-85af-4c97-91cd-635ab6634bfc/timeouts [39m[32m200[39m [90m1 ms - 14[39m
[35m[HTTP][39m [90m[39m
[35m[HTTP][39m [37m-->[39m [37mPOST[39m [37m/wd/hub/session/6d480850-85af-4c97-91cd-635ab6634bfc/touch/perform[39m
[35m[HTTP][39m [90m{"actions":[{"action":"tap","options":{"x":1,"y":1,"element":"00000000-0000-095d-ffff-ffff00000718"}},{"action":"release","options":{}}]}[39m
[35m[UiAutomator2][39m calling get location: 00000000-0000-095d-ffff-ffff00000718
[35m[HTTP][39m [37m<-- POST /wd/hub/session/6d480850-85af-4c97-91cd-635ab6634bfc/touch/perform [39m[32m200[39m [90m239 ms - 14[39m
[35m[HTTP][39m [90m[39m
[35m[HTTP][39m [37m-->[39m [37mPOST[39m [37m/wd/hub/session/6d480850-85af-4c97-91cd-635ab6634bfc/timeouts[39m
[35m[HTTP][39m [90m{"implicit":50}[39m
[35m[HTTP][39m [37m<-- POST /wd/hub/session/6d480850-85af-4c97-91cd-635ab6634bfc/timeouts [39m[32m200[39m [90m1 ms - 14[39m
[35m[HTTP][39m [90m[39m
[35m[HTTP][39m [37m-->[39m [37mGET[39m [37m/wd/hub/session/6d480850-85af-4c97-91cd-635ab6634bfc/window/rect[39m
[35m[HTTP][39m [90m{}[39m
[35m[HTTP][39m [37m<-- GET /wd/hub/session/6d480850-85af-4c97-91cd-635ab6634bfc/window/rect [39m[32m200[39m [90m23 ms - 50[39m
[35m[HTTP][39m [90m[39m
[35m[HTTP][39m [37m-->[39m [37mPOST[39m [37m/wd/hub/session/6d480850-85af-4c97-91cd-635ab6634bfc/elements[39m
[35m[HTTP][39m [90m{"using":"xpath","value":"//*[@class = 'android.widget.Button' and (@text = '+ Keranjang' or . = '+ Keranjang') and @resource-id = 'com.she.sehatq:id/btn_add_to_cart']"}[39m
[35m[HTTP][39m [37m<-- POST /wd/hub/session/6d480850-85af-4c97-91cd-635ab6634bfc/elements [39m[32m200[39m [90m2138 ms - 139[39m
[35m[HTTP][39m [90m[39m
[35m[HTTP][39m [37m-->[39m [37mGET[39m [37m/wd/hub/session/6d480850-85af-4c97-91cd-635ab6634bfc/element/00000000-0000-095d-ffff-ffff00000750/location[39m
[35m[HTTP][39m [90m{}[39m
[35m[W3C (6d480850)][39m Driver proxy active, passing request on via HTTP proxy
[35m[WD Proxy][39m Replacing sessionId bcd39e9f-9dd4-4ac6-814f-4424c578c931 with 6d480850-85af-4c97-91cd-635ab6634bfc
[35m[HTTP][39m [37m<-- GET /wd/hub/session/6d480850-85af-4c97-91cd-635ab6634bfc/element/00000000-0000-095d-ffff-ffff00000750/location [39m[32m200[39m [90m478 ms - 79[39m
[35m[HTTP][39m [90m[39m
[35m[HTTP][39m [37m-->[39m [37mPOST[39m [37m/wd/hub/session/6d480850-85af-4c97-91cd-635ab6634bfc/timeouts[39m
[35m[HTTP][39m [90m{"implicit":30000}[39m
[35m[HTTP][39m [37m<-- POST /wd/hub/session/6d480850-85af-4c97-91cd-635ab6634bfc/timeouts [39m[32m200[39m [90m2 ms - 14[39m
[35m[HTTP][39m [90m[39m
[35m[HTTP][39m [37m-->[39m [37mPOST[39m [37m/wd/hub/session/6d480850-85af-4c97-91cd-635ab6634bfc/touch/perform[39m
[35m[HTTP][39m [90m{"actions":[{"action":"tap","options":{"x":1,"y":1,"element":"00000000-0000-095d-ffff-ffff00000750"}},{"action":"release","options":{}}]}[39m
[35m[UiAutomator2][39m calling get location: 00000000-0000-095d-ffff-ffff00000750
[35m[HTTP][39m [37m<-- POST /wd/hub/session/6d480850-85af-4c97-91cd-635ab6634bfc/touch/perform [39m[32m200[39m [90m253 ms - 14[39m
[35m[HTTP][39m [90m[39m
[35m[HTTP][39m [37m-->[39m [37mPOST[39m [37m/wd/hub/session/6d480850-85af-4c97-91cd-635ab6634bfc/timeouts[39m
[35m[HTTP][39m [90m{"implicit":50}[39m
[35m[HTTP][39m [37m<-- POST /wd/hub/session/6d480850-85af-4c97-91cd-635ab6634bfc/timeouts [39m[32m200[39m [90m1 ms - 14[39m
[35m[HTTP][39m [90m[39m
[35m[HTTP][39m [37m-->[39m [37mGET[39m [37m/wd/hub/session/6d480850-85af-4c97-91cd-635ab6634bfc/window/rect[39m
[35m[HTTP][39m [90m{}[39m
[35m[HTTP][39m [37m<-- GET /wd/hub/session/6d480850-85af-4c97-91cd-635ab6634bfc/window/rect [39m[32m200[39m [90m21 ms - 50[39m
[35m[HTTP][39m [90m[39m
[35m[HTTP][39m [37m-->[39m [37mPOST[39m [37m/wd/hub/session/6d480850-85af-4c97-91cd-635ab6634bfc/elements[39m
[35m[HTTP][39m [90m{"using":"xpath","value":"//hierarchy/android.widget.FrameLayout[1]/android.widget.LinearLayout[1]/android.widget.FrameLayout[1]/android.widget.FrameLayout[1]/android.widget.FrameLayout[1]/android.widget.FrameLayout[1]/android.view.ViewGroup[1]/android.widget.FrameLayout[1]/android.view.ViewGroup[1]/android.widget.FrameLayout[1]/android.widget.RelativeLayout[1]/androidx.recyclerview.widget.RecyclerView[1]/android.view.ViewGroup[3]/android.view.ViewGroup[1]/android.view.ViewGroup[1]/android.widget.ImageView[1]"}[39m
[35m[HTTP][39m [37m<-- POST /wd/hub/session/6d480850-85af-4c97-91cd-635ab6634bfc/elements [39m[32m200[39m [90m277 ms - 139[39m
[35m[HTTP][39m [90m[39m
[35m[HTTP][39m [37m-->[39m [37mGET[39m [37m/wd/hub/session/6d480850-85af-4c97-91cd-635ab6634bfc/element/00000000-0000-095f-ffff-ffff00000878/location[39m
[35m[HTTP][39m [90m{}[39m
[35m[W3C (6d480850)][39m Driver proxy active, passing request on via HTTP proxy
[35m[WD Proxy][39m Replacing sessionId bcd39e9f-9dd4-4ac6-814f-4424c578c931 with 6d480850-85af-4c97-91cd-635ab6634bfc
[35m[HTTP][39m [37m<-- GET /wd/hub/session/6d480850-85af-4c97-91cd-635ab6634bfc/element/00000000-0000-095f-ffff-ffff00000878/location [39m[32m200[39m [90m418 ms - 79[39m
[35m[HTTP][39m [90m[39m
[35m[HTTP][39m [37m-->[39m [37mPOST[39m [37m/wd/hub/session/6d480850-85af-4c97-91cd-635ab6634bfc/timeouts[39m
[35m[HTTP][39m [90m{"implicit":30000}[39m
[35m[HTTP][39m [37m<-- POST /wd/hub/session/6d480850-85af-4c97-91cd-635ab6634bfc/timeouts [39m[32m200[39m [90m2 ms - 14[39m
[35m[HTTP][39m [90m[39m
[35m[HTTP][39m [37m-->[39m [37mPOST[39m [37m/wd/hub/session/6d480850-85af-4c97-91cd-635ab6634bfc/touch/perform[39m
[35m[HTTP][39m [90m{"actions":[{"action":"tap","options":{"x":1,"y":1,"element":"00000000-0000-095f-ffff-ffff00000878"}},{"action":"release","options":{}}]}[39m
[35m[UiAutomator2][39m calling get location: 00000000-0000-095f-ffff-ffff00000878
[35m[HTTP][39m [37m<-- POST /wd/hub/session/6d480850-85af-4c97-91cd-635ab6634bfc/touch/perform [39m[32m200[39m [90m160 ms - 14[39m
[35m[HTTP][39m [90m[39m
[35m[HTTP][39m [37m-->[39m [37mPOST[39m [37m/wd/hub/session/6d480850-85af-4c97-91cd-635ab6634bfc/timeouts[39m
[35m[HTTP][39m [90m{"implicit":50}[39m
[35m[HTTP][39m [37m<-- POST /wd/hub/session/6d480850-85af-4c97-91cd-635ab6634bfc/timeouts [39m[32m200[39m [90m1 ms - 14[39m
[35m[HTTP][39m [90m[39m
[35m[HTTP][39m [37m-->[39m [37mGET[39m [37m/wd/hub/session/6d480850-85af-4c97-91cd-635ab6634bfc/window/rect[39m
[35m[HTTP][39m [90m{}[39m
[35m[HTTP][39m [37m<-- GET /wd/hub/session/6d480850-85af-4c97-91cd-635ab6634bfc/window/rect [39m[32m200[39m [90m9 ms - 50[39m
[35m[HTTP][39m [90m[39m
[35m[HTTP][39m [37m-->[39m [37mPOST[39m [37m/wd/hub/session/6d480850-85af-4c97-91cd-635ab6634bfc/elements[39m
[35m[HTTP][39m [90m{"using":"xpath","value":"//*[@class = 'android.widget.Button' and (@text = 'Tambah ke Keranjang' or . = 'Tambah ke Keranjang') and @resource-id = 'com.she.sehatq:id/btn_add_cart']"}[39m
[35m[HTTP][39m [37m<-- POST /wd/hub/session/6d480850-85af-4c97-91cd-635ab6634bfc/elements [39m[32m200[39m [90m410 ms - 139[39m
[35m[HTTP][39m [90m[39m
[35m[HTTP][39m [37m-->[39m [37mGET[39m [37m/wd/hub/session/6d480850-85af-4c97-91cd-635ab6634bfc/element/00000000-0000-095f-ffff-ffff00000856/location[39m
[35m[HTTP][39m [90m{}[39m
[35m[W3C (6d480850)][39m Driver proxy active, passing request on via HTTP proxy
[35m[WD Proxy][39m Replacing sessionId bcd39e9f-9dd4-4ac6-814f-4424c578c931 with 6d480850-85af-4c97-91cd-635ab6634bfc
[35m[HTTP][39m [37m<-- GET /wd/hub/session/6d480850-85af-4c97-91cd-635ab6634bfc/element/00000000-0000-095f-ffff-ffff00000856/location [39m[32m200[39m [90m608 ms - 78[39m
[35m[HTTP][39m [90m[39m
[35m[HTTP][39m [37m-->[39m [37mPOST[39m [37m/wd/hub/session/6d480850-85af-4c97-91cd-635ab6634bfc/timeouts[39m
[35m[HTTP][39m [90m{"implicit":30000}[39m
[35m[HTTP][39m [37m<-- POST /wd/hub/session/6d480850-85af-4c97-91cd-635ab6634bfc/timeouts [39m[32m200[39m [90m1 ms - 14[39m
[35m[HTTP][39m [90m[39m
[35m[HTTP][39m [37m-->[39m [37mPOST[39m [37m/wd/hub/session/6d480850-85af-4c97-91cd-635ab6634bfc/touch/perform[39m
[35m[HTTP][39m [90m{"actions":[{"action":"tap","options":{"x":1,"y":1,"element":"00000000-0000-095f-ffff-ffff00000856"}},{"action":"release","options":{}}]}[39m
[35m[UiAutomator2][39m calling get location: 00000000-0000-095f-ffff-ffff00000856
[35m[HTTP][39m [37m<-- POST /wd/hub/session/6d480850-85af-4c97-91cd-635ab6634bfc/touch/perform [39m[32m200[39m [90m237 ms - 14[39m
[35m[HTTP][39m [90m[39m
[35m[HTTP][39m [37m-->[39m [37mPOST[39m [37m/wd/hub/session/6d480850-85af-4c97-91cd-635ab6634bfc/timeouts[39m
[35m[HTTP][39m [90m{"implicit":50}[39m
[35m[HTTP][39m [37m<-- POST /wd/hub/session/6d480850-85af-4c97-91cd-635ab6634bfc/timeouts [39m[32m200[39m [90m1 ms - 14[39m
[35m[HTTP][39m [90m[39m
[35m[HTTP][39m [37m-->[39m [37mGET[39m [37m/wd/hub/session/6d480850-85af-4c97-91cd-635ab6634bfc/window/rect[39m
[35m[HTTP][39m [90m{}[39m
[35m[HTTP][39m [37m<-- GET /wd/hub/session/6d480850-85af-4c97-91cd-635ab6634bfc/window/rect [39m[32m200[39m [90m8 ms - 50[39m
[35m[HTTP][39m [90m[39m
[35m[HTTP][39m [37m-->[39m [37mPOST[39m [37m/wd/hub/session/6d480850-85af-4c97-91cd-635ab6634bfc/elements[39m
[35m[HTTP][39m [90m{"using":"xpath","value":"//*[@class = 'android.widget.Button' and (@text = 'Lihat Keranjang' or . = 'Lihat Keranjang') and @resource-id = 'com.she.sehatq:id/btn_to_cart']"}[39m
[35m[HTTP][39m [37m<-- POST /wd/hub/session/6d480850-85af-4c97-91cd-635ab6634bfc/elements [39m[32m200[39m [90m574 ms - 12[39m
[35m[HTTP][39m [90m[39m
[35m[HTTP][39m [37m-->[39m [37mPOST[39m [37m/wd/hub/session/6d480850-85af-4c97-91cd-635ab6634bfc/elements[39m
[35m[HTTP][39m [90m{"using":"xpath","value":"//*[@class = 'android.widget.Button' and (@text = 'Lihat Keranjang' or . = 'Lihat Keranjang') and @resource-id = 'com.she.sehatq:id/btn_to_cart']"}[39m
[35m[HTTP][39m [37m<-- POST /wd/hub/session/6d480850-85af-4c97-91cd-635ab6634bfc/elements [39m[32m200[39m [90m59 ms - 12[39m
[35m[HTTP][39m [90m[39m
[35m[HTTP][39m [37m-->[39m [37mPOST[39m [37m/wd/hub/session/6d480850-85af-4c97-91cd-635ab6634bfc/elements[39m
[35m[HTTP][39m [90m{"using":"xpath","value":"//*[@class = 'android.widget.Button' and (@text = 'Lihat Keranjang' or . = 'Lihat Keranjang') and @resource-id = 'com.she.sehatq:id/btn_to_cart']"}[39m
[35m[HTTP][39m [37m<-- POST /wd/hub/session/6d480850-85af-4c97-91cd-635ab6634bfc/elements [39m[32m200[39m [90m56 ms - 12[39m
[35m[HTTP][39m [90m[39m
[35m[HTTP][39m [37m-->[39m [37mPOST[39m [37m/wd/hub/session/6d480850-85af-4c97-91cd-635ab6634bfc/elements[39m
[35m[HTTP][39m [90m{"using":"xpath","value":"//*[@class = 'android.widget.Button' and (@text = 'Lihat Keranjang' or . = 'Lihat Keranjang') and @resource-id = 'com.she.sehatq:id/btn_to_cart']"}[39m
[35m[HTTP][39m [37m<-- POST /wd/hub/session/6d480850-85af-4c97-91cd-635ab6634bfc/elements [39m[32m200[39m [90m56 ms - 12[39m
[35m[HTTP][39m [90m[39m
[35m[HTTP][39m [37m-->[39m [37mPOST[39m [37m/wd/hub/session/6d480850-85af-4c97-91cd-635ab6634bfc/elements[39m
[35m[HTTP][39m [90m{"using":"xpath","value":"//*[@class = 'android.widget.Button' and (@text = 'Lihat Keranjang' or . = 'Lihat Keranjang') and @resource-id = 'com.she.sehatq:id/btn_to_cart']"}[39m
[35m[HTTP][39m [37m<-- POST /wd/hub/session/6d480850-85af-4c97-91cd-635ab6634bfc/elements [39m[32m200[39m [90m60 ms - 12[39m
[35m[HTTP][39m [90m[39m
[35m[HTTP][39m [37m-->[39m [37mPOST[39m [37m/wd/hub/session/6d480850-85af-4c97-91cd-635ab6634bfc/elements[39m
[35m[HTTP][39m [90m{"using":"xpath","value":"//*[@class = 'android.widget.Button' and (@text = 'Lihat Keranjang' or . = 'Lihat Keranjang') and @resource-id = 'com.she.sehatq:id/btn_to_cart']"}[39m
[35m[HTTP][39m [37m<-- POST /wd/hub/session/6d480850-85af-4c97-91cd-635ab6634bfc/elements [39m[32m200[39m [90m58 ms - 12[39m
[35m[HTTP][39m [90m[39m
[35m[HTTP][39m [37m-->[39m [37mPOST[39m [37m/wd/hub/session/6d480850-85af-4c97-91cd-635ab6634bfc/elements[39m
[35m[HTTP][39m [90m{"using":"xpath","value":"//*[@class = 'android.widget.Button' and (@text = 'Lihat Keranjang' or . = 'Lihat Keranjang') and @resource-id = 'com.she.sehatq:id/btn_to_cart']"}[39m
[35m[HTTP][39m [37m<-- POST /wd/hub/session/6d480850-85af-4c97-91cd-635ab6634bfc/elements [39m[32m200[39m [90m58 ms - 12[39m
[35m[HTTP][39m [90m[39m
[35m[HTTP][39m [37m-->[39m [37mPOST[39m [37m/wd/hub/session/6d480850-85af-4c97-91cd-635ab6634bfc/elements[39m
[35m[HTTP][39m [90m{"using":"xpath","value":"//*[@class = 'android.widget.Button' and (@text = 'Lihat Keranjang' or . = 'Lihat Keranjang') and @resource-id = 'com.she.sehatq:id/btn_to_cart']"}[39m
[35m[HTTP][39m [37m<-- POST /wd/hub/session/6d480850-85af-4c97-91cd-635ab6634bfc/elements [39m[32m200[39m [90m91 ms - 12[39m
[35m[HTTP][39m [90m[39m
[35m[HTTP][39m [37m-->[39m [37mPOST[39m [37m/wd/hub/session/6d480850-85af-4c97-91cd-635ab6634bfc/elements[39m
[35m[HTTP][39m [90m{"using":"xpath","value":"//*[@class = 'android.widget.Button' and (@text = 'Lihat Keranjang' or . = 'Lihat Keranjang') and @resource-id = 'com.she.sehatq:id/btn_to_cart']"}[39m
[35m[HTTP][39m [37m<-- POST /wd/hub/session/6d480850-85af-4c97-91cd-635ab6634bfc/elements [39m[32m200[39m [90m75 ms - 12[39m
[35m[HTTP][39m [90m[39m
[35m[HTTP][39m [37m-->[39m [37mPOST[39m [37m/wd/hub/session/6d480850-85af-4c97-91cd-635ab6634bfc/elements[39m
[35m[HTTP][39m [90m{"using":"xpath","value":"//*[@class = 'android.widget.Button' and (@text = 'Lihat Keranjang' or . = 'Lihat Keranjang') and @resource-id = 'com.she.sehatq:id/btn_to_cart']"}[39m
[35m[HTTP][39m [37m<-- POST /wd/hub/session/6d480850-85af-4c97-91cd-635ab6634bfc/elements [39m[32m200[39m [90m63 ms - 12[39m
[35m[HTTP][39m [90m[39m
[35m[HTTP][39m [37m-->[39m [37mPOST[39m [37m/wd/hub/session/6d480850-85af-4c97-91cd-635ab6634bfc/elements[39m
[35m[HTTP][39m [90m{"using":"xpath","value":"//*[@class = 'android.widget.Button' and (@text = 'Lihat Keranjang' or . = 'Lihat Keranjang') and @resource-id = 'com.she.sehatq:id/btn_to_cart']"}[39m
[35m[HTTP][39m [37m<-- POST /wd/hub/session/6d480850-85af-4c97-91cd-635ab6634bfc/elements [39m[32m200[39m [90m70 ms - 12[39m
[35m[HTTP][39m [90m[39m
[35m[HTTP][39m [37m-->[39m [37mPOST[39m [37m/wd/hub/session/6d480850-85af-4c97-91cd-635ab6634bfc/elements[39m
[35m[HTTP][39m [90m{"using":"xpath","value":"//*[@class = 'android.widget.Button' and (@text = 'Lihat Keranjang' or . = 'Lihat Keranjang') and @resource-id = 'com.she.sehatq:id/btn_to_cart']"}[39m
[35m[HTTP][39m [37m<-- POST /wd/hub/session/6d480850-85af-4c97-91cd-635ab6634bfc/elements [39m[32m200[39m [90m84 ms - 12[39m
[35m[HTTP][39m [90m[39m
[35m[HTTP][39m [37m-->[39m [37mPOST[39m [37m/wd/hub/session/6d480850-85af-4c97-91cd-635ab6634bfc/elements[39m
[35m[HTTP][39m [90m{"using":"xpath","value":"//*[@class = 'android.widget.Button' and (@text = 'Lihat Keranjang' or . = 'Lihat Keranjang') and @resource-id = 'com.she.sehatq:id/btn_to_cart']"}[39m
[35m[HTTP][39m [37m<-- POST /wd/hub/session/6d480850-85af-4c97-91cd-635ab6634bfc/elements [39m[32m200[39m [90m68 ms - 12[39m
[35m[HTTP][39m [90m[39m
[35m[HTTP][39m [37m-->[39m [37mPOST[39m [37m/wd/hub/session/6d480850-85af-4c97-91cd-635ab6634bfc/elements[39m
[35m[HTTP][39m [90m{"using":"xpath","value":"//*[@class = 'android.widget.Button' and (@text = 'Lihat Keranjang' or . = 'Lihat Keranjang') and @resource-id = 'com.she.sehatq:id/btn_to_cart']"}[39m
[35m[HTTP][39m [37m<-- POST /wd/hub/session/6d480850-85af-4c97-91cd-635ab6634bfc/elements [39m[32m200[39m [90m73 ms - 12[39m
[35m[HTTP][39m [90m[39m
[35m[HTTP][39m [37m-->[39m [37mPOST[39m [37m/wd/hub/session/6d480850-85af-4c97-91cd-635ab6634bfc/elements[39m
[35m[HTTP][39m [90m{"using":"xpath","value":"//*[@class = 'android.widget.Button' and (@text = 'Lihat Keranjang' or . = 'Lihat Keranjang') and @resource-id = 'com.she.sehatq:id/btn_to_cart']"}[39m
[35m[HTTP][39m [37m<-- POST /wd/hub/session/6d480850-85af-4c97-91cd-635ab6634bfc/elements [39m[32m200[39m [90m60 ms - 12[39m
[35m[HTTP][39m [90m[39m
[35m[HTTP][39m [37m-->[39m [37mPOST[39m [37m/wd/hub/session/6d480850-85af-4c97-91cd-635ab6634bfc/elements[39m
[35m[HTTP][39m [90m{"using":"xpath","value":"//*[@class = 'android.widget.Button' and (@text = 'Lihat Keranjang' or . = 'Lihat Keranjang') and @resource-id = 'com.she.sehatq:id/btn_to_cart']"}[39m
[35m[HTTP][39m [37m<-- POST /wd/hub/session/6d480850-85af-4c97-91cd-635ab6634bfc/elements [39m[32m200[39m [90m85 ms - 12[39m
[35m[HTTP][39m [90m[39m
[35m[HTTP][39m [37m-->[39m [37mPOST[39m [37m/wd/hub/session/6d480850-85af-4c97-91cd-635ab6634bfc/elements[39m
[35m[HTTP][39m [90m{"using":"xpath","value":"//*[@class = 'android.widget.Button' and (@text = 'Lihat Keranjang' or . = 'Lihat Keranjang') and @resource-id = 'com.she.sehatq:id/btn_to_cart']"}[39m
[35m[HTTP][39m [37m<-- POST /wd/hub/session/6d480850-85af-4c97-91cd-635ab6634bfc/elements [39m[32m200[39m [90m66 ms - 12[39m
[35m[HTTP][39m [90m[39m
[35m[HTTP][39m [37m-->[39m [37mPOST[39m [37m/wd/hub/session/6d480850-85af-4c97-91cd-635ab6634bfc/elements[39m
[35m[HTTP][39m [90m{"using":"xpath","value":"//*[@class = 'android.widget.Button' and (@text = 'Lihat Keranjang' or . = 'Lihat Keranjang') and @resource-id = 'com.she.sehatq:id/btn_to_cart']"}[39m
[35m[HTTP][39m [37m<-- POST /wd/hub/session/6d480850-85af-4c97-91cd-635ab6634bfc/elements [39m[32m200[39m [90m74 ms - 12[39m
[35m[HTTP][39m [90m[39m
[35m[HTTP][39m [37m-->[39m [37mPOST[39m [37m/wd/hub/session/6d480850-85af-4c97-91cd-635ab6634bfc/elements[39m
[35m[HTTP][39m [90m{"using":"xpath","value":"//*[@class = 'android.widget.Button' and (@text = 'Lihat Keranjang' or . = 'Lihat Keranjang') and @resource-id = 'com.she.sehatq:id/btn_to_cart']"}[39m
[35m[HTTP][39m [37m<-- POST /wd/hub/session/6d480850-85af-4c97-91cd-635ab6634bfc/elements [39m[32m200[39m [90m71 ms - 12[39m
[35m[HTTP][39m [90m[39m
[35m[HTTP][39m [37m-->[39m [37mPOST[39m [37m/wd/hub/session/6d480850-85af-4c97-91cd-635ab6634bfc/elements[39m
[35m[HTTP][39m [90m{"using":"xpath","value":"//*[@class = 'android.widget.Button' and (@text = 'Lihat Keranjang' or . = 'Lihat Keranjang') and @resource-id = 'com.she.sehatq:id/btn_to_cart']"}[39m
[35m[HTTP][39m [37m<-- POST /wd/hub/session/6d480850-85af-4c97-91cd-635ab6634bfc/elements [39m[32m200[39m [90m96 ms - 12[39m
[35m[HTTP][39m [90m[39m
[35m[HTTP][39m [37m-->[39m [37mPOST[39m [37m/wd/hub/session/6d480850-85af-4c97-91cd-635ab6634bfc/elements[39m
[35m[HTTP][39m [90m{"using":"xpath","value":"//*[@class = 'android.widget.Button' and (@text = 'Lihat Keranjang' or . = 'Lihat Keranjang') and @resource-id = 'com.she.sehatq:id/btn_to_cart']"}[39m
[35m[HTTP][39m [37m<-- POST /wd/hub/session/6d480850-85af-4c97-91cd-635ab6634bfc/elements [39m[32m200[39m [90m985 ms - 139[39m
[35m[HTTP][39m [90m[39m
[35m[HTTP][39m [37m-->[39m [37mGET[39m [37m/wd/hub/session/6d480850-85af-4c97-91cd-635ab6634bfc/element/00000000-0000-095f-ffff-ffff00000951/location[39m
[35m[HTTP][39m [90m{}[39m
[35m[W3C (6d480850)][39m Driver proxy active, passing request on via HTTP proxy
[35m[WD Proxy][39m Replacing sessionId bcd39e9f-9dd4-4ac6-814f-4424c578c931 with 6d480850-85af-4c97-91cd-635ab6634bfc
[35m[HTTP][39m [37m<-- GET /wd/hub/session/6d480850-85af-4c97-91cd-635ab6634bfc/element/00000000-0000-095f-ffff-ffff00000951/location [39m[32m200[39m [90m209 ms - 77[39m
[35m[HTTP][39m [90m[39m
[35m[HTTP][39m [37m-->[39m [37mPOST[39m [37m/wd/hub/session/6d480850-85af-4c97-91cd-635ab6634bfc/timeouts[39m
[35m[HTTP][39m [90m{"implicit":30000}[39m
[35m[HTTP][39m [37m<-- POST /wd/hub/session/6d480850-85af-4c97-91cd-635ab6634bfc/timeouts [39m[32m200[39m [90m1 ms - 14[39m
[35m[HTTP][39m [90m[39m
[35m[HTTP][39m [37m-->[39m [37mPOST[39m [37m/wd/hub/session/6d480850-85af-4c97-91cd-635ab6634bfc/touch/perform[39m
[35m[HTTP][39m [90m{"actions":[{"action":"tap","options":{"x":1,"y":1,"element":"00000000-0000-095f-ffff-ffff00000951"}},{"action":"release","options":{}}]}[39m
[35m[UiAutomator2][39m calling get location: 00000000-0000-095f-ffff-ffff00000951
[35m[HTTP][39m [37m<-- POST /wd/hub/session/6d480850-85af-4c97-91cd-635ab6634bfc/touch/perform [39m[32m200[39m [90m231 ms - 14[39m
[35m[HTTP][39m [90m[39m
[35m[HTTP][39m [37m-->[39m [37mPOST[39m [37m/wd/hub/session/6d480850-85af-4c97-91cd-635ab6634bfc/timeouts[39m
[35m[HTTP][39m [90m{"implicit":50}[39m
[35m[HTTP][39m [37m<-- POST /wd/hub/session/6d480850-85af-4c97-91cd-635ab6634bfc/timeouts [39m[32m200[39m [90m1 ms - 14[39m
[35m[HTTP][39m [90m[39m
[35m[HTTP][39m [37m-->[39m [37mGET[39m [37m/wd/hub/session/6d480850-85af-4c97-91cd-635ab6634bfc/window/rect[39m
[35m[HTTP][39m [90m{}[39m
[35m[HTTP][39m [37m<-- GET /wd/hub/session/6d480850-85af-4c97-91cd-635ab6634bfc/window/rect [39m[32m200[39m [90m11 ms - 50[39m
[35m[HTTP][39m [90m[39m
[35m[HTTP][39m [37m-->[39m [37mPOST[39m [37m/wd/hub/session/6d480850-85af-4c97-91cd-635ab6634bfc/elements[39m
[35m[HTTP][39m [90m{"using":"xpath","value":"//*[@class = 'android.view.ViewGroup' and @resource-id = 'com.she.sehatq:id/constraintLayout' and (@text = '' or . = '')]"}[39m
[35m[HTTP][39m [37m<-- POST /wd/hub/session/6d480850-85af-4c97-91cd-635ab6634bfc/elements [39m[32m200[39m [90m1308 ms - 12[39m
[35m[HTTP][39m [90m[39m
[35m[HTTP][39m [37m-->[39m [37mPOST[39m [37m/wd/hub/session/6d480850-85af-4c97-91cd-635ab6634bfc/elements[39m
[35m[HTTP][39m [90m{"using":"xpath","value":"//*[@class = 'android.view.ViewGroup' and @resource-id = 'com.she.sehatq:id/constraintLayout' and (@text = '' or . = '')]"}[39m
[35m[HTTP][39m [37m<-- POST /wd/hub/session/6d480850-85af-4c97-91cd-635ab6634bfc/elements [39m[32m200[39m [90m64 ms - 12[39m
[35m[HTTP][39m [90m[39m
[35m[HTTP][39m [37m-->[39m [37mPOST[39m [37m/wd/hub/session/6d480850-85af-4c97-91cd-635ab6634bfc/elements[39m
[35m[HTTP][39m [90m{"using":"xpath","value":"//*[@class = 'android.view.ViewGroup' and @resource-id = 'com.she.sehatq:id/constraintLayout' and (@text = '' or . = '')]"}[39m
[35m[HTTP][39m [37m<-- POST /wd/hub/session/6d480850-85af-4c97-91cd-635ab6634bfc/elements [39m[32m200[39m [90m62 ms - 12[39m
[35m[HTTP][39m [90m[39m
[35m[HTTP][39m [37m-->[39m [37mPOST[39m [37m/wd/hub/session/6d480850-85af-4c97-91cd-635ab6634bfc/elements[39m
[35m[HTTP][39m [90m{"using":"xpath","value":"//*[@class = 'android.view.ViewGroup' and @resource-id = 'com.she.sehatq:id/constraintLayout' and (@text = '' or . = '')]"}[39m
[35m[HTTP][39m [37m<-- POST /wd/hub/session/6d480850-85af-4c97-91cd-635ab6634bfc/elements [39m[32m200[39m [90m53 ms - 12[39m
[35m[HTTP][39m [90m[39m
[35m[HTTP][39m [37m-->[39m [37mPOST[39m [37m/wd/hub/session/6d480850-85af-4c97-91cd-635ab6634bfc/elements[39m
[35m[HTTP][39m [90m{"using":"xpath","value":"//*[@class = 'android.view.ViewGroup' and @resource-id = 'com.she.sehatq:id/constraintLayout' and (@text = '' or . = '')]"}[39m
[35m[HTTP][39m [37m<-- POST /wd/hub/session/6d480850-85af-4c97-91cd-635ab6634bfc/elements [39m[32m200[39m [90m113 ms - 12[39m
[35m[HTTP][39m [90m[39m
[35m[HTTP][39m [37m-->[39m [37mPOST[39m [37m/wd/hub/session/6d480850-85af-4c97-91cd-635ab6634bfc/elements[39m
[35m[HTTP][39m [90m{"using":"xpath","value":"//*[@class = 'android.view.ViewGroup' and @resource-id = 'com.she.sehatq:id/constraintLayout' and (@text = '' or . = '')]"}[39m
[35m[HTTP][39m [37m<-- POST /wd/hub/session/6d480850-85af-4c97-91cd-635ab6634bfc/elements [39m[32m200[39m [90m133 ms - 12[39m
[35m[HTTP][39m [90m[39m
[35m[HTTP][39m [37m-->[39m [37mPOST[39m [37m/wd/hub/session/6d480850-85af-4c97-91cd-635ab6634bfc/elements[39m
[35m[HTTP][39m [90m{"using":"xpath","value":"//*[@class = 'android.view.ViewGroup' and @resource-id = 'com.she.sehatq:id/constraintLayout' and (@text = '' or . = '')]"}[39m
[35m[HTTP][39m [37m<-- POST /wd/hub/session/6d480850-85af-4c97-91cd-635ab6634bfc/elements [39m[32m200[39m [90m1032 ms - 139[39m
[35m[HTTP][39m [90m[39m
[35m[HTTP][39m [37m-->[39m [37mGET[39m [37m/wd/hub/session/6d480850-85af-4c97-91cd-635ab6634bfc/element/00000000-0000-0960-ffff-ffff000009f9/location[39m
[35m[HTTP][39m [90m{}[39m
[35m[W3C (6d480850)][39m Driver proxy active, passing request on via HTTP proxy
[35m[WD Proxy][39m Replacing sessionId bcd39e9f-9dd4-4ac6-814f-4424c578c931 with 6d480850-85af-4c97-91cd-635ab6634bfc
[35m[HTTP][39m [37m<-- GET /wd/hub/session/6d480850-85af-4c97-91cd-635ab6634bfc/element/00000000-0000-0960-ffff-ffff000009f9/location [39m[32m200[39m [90m34 ms - 77[39m
[35m[HTTP][39m [90m[39m
[35m[HTTP][39m [37m-->[39m [37mPOST[39m [37m/wd/hub/session/6d480850-85af-4c97-91cd-635ab6634bfc/timeouts[39m
[35m[HTTP][39m [90m{"implicit":30000}[39m
[35m[HTTP][39m [37m<-- POST /wd/hub/session/6d480850-85af-4c97-91cd-635ab6634bfc/timeouts [39m[32m200[39m [90m1 ms - 14[39m
[35m[HTTP][39m [90m[39m
[35m[HTTP][39m [37m-->[39m [37mDELETE[39m [37m/wd/hub/session/6d480850-85af-4c97-91cd-635ab6634bfc[39m
[35m[HTTP][39m [90m{}[39m
[35m[Appium][39m Removing session 6d480850-85af-4c97-91cd-635ab6634bfc from our master session list
[35m[UiAutomator2][39m Restoring hidden api policy to the device default configuration
[35m[HTTP][39m [37m<-- DELETE /wd/hub/session/6d480850-85af-4c97-91cd-635ab6634bfc [39m[32m200[39m [90m554 ms - 14[39m
[35m[HTTP][39m [90m[39m
